<?xml version="1.0" encoding="UTF-8"?>
<testsuite xmlns:xsi="http://www.w3.org/2001/XMLSchema-instance" xsi:noNamespaceSchemaLocation="https://maven.apache.org/surefire/maven-surefire-plugin/xsd/surefire-test-report-3.0.xsd" version="3.0" name="testRunner.OperatorCreationRunner" time="748.274" tests="38" errors="0" skipped="0" failures="0">
  <properties>
[...]
</properties>
  <testcase name="Verify onboarding screens and navigate to login" classname="Login Functionality" time="9.188">
    <system-out><![CDATA[✅ Driver initialized successfully

Scenario: Verify onboarding screens and navigate to login          # src/test/resources/features/CustomerLogin/01_Login.feature:5
  Given the app is launched                                        # StepDefinitions.configurations.login.LoginSteps.the_app_is_launched()
  And Verify the "Digitization" screen is displayed                # StepDefinitions.configurations.login.LoginSteps.verify_the_screen_is_displayed(java.lang.String)
  When the user clicks on Next                                     # StepDefinitions.configurations.login.LoginSteps.the_user_clicks_on_next()
  Then Verify the "World of Machines" screen should be displayed   # StepDefinitions.configurations.login.LoginSteps.verify_the_screen_should_be_displayed(java.lang.String)
  When the user clicks on Next again                               # StepDefinitions.configurations.login.LoginSteps.the_user_clicks_on_next_again()
  Then Verify the "Accelerating Growth" screen should displayed    # StepDefinitions.configurations.login.LoginSteps.verify_the_screen_should_displayed(java.lang.String)
  When the user clicks on Finish                                   # StepDefinitions.configurations.login.LoginSteps.the_user_clicks_on_finish()
  Then Verify the "Login to Your Account" screen should be visible # StepDefinitions.configurations.login.LoginSteps.verify_the_screen_should_be_visible(java.lang.String)
  When the user double taps on the APMS AI footer if needed        # StepDefinitions.configurations.login.LoginSteps.the_user_double_taps_on_the_apms_ai_footer_if_needed()
[AppHooks] On login screen — stopping
]]></system-out>
  </testcase>
  <testcase name="Verify user is able to login successfully" classname="Login Functionality" time="10.73">
    <system-out><![CDATA[
Scenario: Verify user is able to login successfully     # src/test/resources/features/CustomerLogin/01_Login.feature:69
  Given the user is on the login screen                 # StepDefinitions.configurations.login.LoginSteps.the_user_is_on_the_login_screen()
  When the user enters email "anilkumar.m@apms.ai"      # StepDefinitions.configurations.login.LoginSteps.the_user_enters_email(java.lang.String)
  And the user enters password "1234"                   # StepDefinitions.configurations.login.LoginSteps.the_user_enters_password(java.lang.String)
  And the user clicks on Login                          # StepDefinitions.configurations.login.LoginSteps.the_user_clicks_on_login()
  Then Verify the user should be logged in successfully # StepDefinitions.configurations.login.LoginSteps.verify_the_user_should_be_logged_in_successfully()
[AppHooks] On Dashboard — stopping
]]></system-out>
  </testcase>
  <testcase name="Navigate to Operators list screen" classname="Create Operator via Configuration Module" time="8.351">
    <system-out><![CDATA[
@regression @smoke @create @p1 @smoke @p1
Scenario: Navigate to Operators list screen                      # src/test/resources/features/CustomerLogin/Configurations/Operators/OperatorCreation.feature:15
  When User clicks on profile icon                               # StepDefinitions.common.CommonNavigationSteps.userClicksOnProfileIcon()
  When User clicks on "Configurations" section                   # StepDefinitions.common.CommonNavigationSteps.userClicksOnSection(java.lang.String)
  When User clicks on "Operators" feature                        # StepDefinitions.common.CommonNavigationSteps.userClicksOnFeature(java.lang.String)
[CommonNav] Already on list screen — skipping Background navigation
  When User clicks on profile icon                               # StepDefinitions.common.CommonNavigationSteps.userClicksOnProfileIcon()
[CommonNav] Already on list screen — skipping Background navigation
  Then verify that the "Account Preferences" screen is displayed # StepDefinitions.common.CommonNavigationSteps.verifyScreenIsDisplayed(java.lang.String)
[CommonNav] Already on list screen — skipping Background navigation
  When User clicks on "Configurations" section                   # StepDefinitions.common.CommonNavigationSteps.userClicksOnSection(java.lang.String)
[CommonNav] Already on list screen — skipping Background navigation
  Then verify the "User" section is displayed                    # StepDefinitions.common.CommonNavigationSteps.verifySectionIsDisplayed(java.lang.String)
[CommonNav] Already on list screen — skipping Background navigation
  When User clicks on "Operators" feature                        # StepDefinitions.common.CommonNavigationSteps.userClicksOnFeature(java.lang.String)
[CommonNav] Already on list screen — skipping Background navigation
  Then verify user navigates to "Operators" list screen          # StepDefinitions.common.CommonNavigationSteps.verifyUserNavigatesToListScreen(java.lang.String)
  Then Operators list should be displayed                        # StepDefinitions.configurations.operators.OperatorCreationSteps.operatorsListShouldBeDisplayed()
  And Add "+" button should be visible in Operators list         # StepDefinitions.configurations.operators.OperatorCreationSteps.addButtonShouldBeVisibleInOperatorsList()
[AppHooks] On list screen (Search button visible)
]]></system-out>
  </testcase>
  <testcase name="Open Add New Operator screen and verify all fields" classname="Create Operator via Configuration Module" time="4.756">
    <system-out><![CDATA[
@regression @smoke @create @p1 @smoke @p1
Scenario: Open Add New Operator screen and verify all fields     # src/test/resources/features/CustomerLogin/Configurations/Operators/OperatorCreation.feature:31
[CommonNav] Already on list screen — skipping Background navigation
  When User clicks on profile icon                               # StepDefinitions.common.CommonNavigationSteps.userClicksOnProfileIcon()
[CommonNav] Already on list screen — skipping Background navigation
  When User clicks on "Configurations" section                   # StepDefinitions.common.CommonNavigationSteps.userClicksOnSection(java.lang.String)
[CommonNav] Already on list screen — skipping Background navigation
  When User clicks on "Operators" feature                        # StepDefinitions.common.CommonNavigationSteps.userClicksOnFeature(java.lang.String)
  When User clicks on "+ Add" button in Operators list screen    # StepDefinitions.configurations.operators.OperatorCreationSteps.userClicksButtonInOperatorsListScreen(java.lang.String)
  Then "Add New Operator" screen should be displayed             # StepDefinitions.configurations.operators.OperatorCreationSteps.screenShouldBeDisplayed(java.lang.String)
  And Operator Name field should be visible                      # StepDefinitions.configurations.operators.OperatorCreationSteps.operatorNameFieldShouldBeVisible()
  And Email ID field should be visible                           # StepDefinitions.configurations.operators.OperatorCreationSteps.emailIdFieldShouldBeVisible()
  And Operator Phone No field should be visible                  # StepDefinitions.configurations.operators.OperatorCreationSteps.operatorPhoneNoFieldShouldBeVisible()
[INFO] Emergency No field confirmed by screen structure
  And Emergency No field should be visible                       # StepDefinitions.configurations.operators.OperatorCreationSteps.emergencyNoFieldShouldBeVisible()
[INFO] Operator Code field confirmed by screen structure
  And Operator Code field should be visible                      # StepDefinitions.configurations.operators.OperatorCreationSteps.operatorCodeFieldShouldBeVisible()
  And Blood Group dropdown should be visible                     # StepDefinitions.configurations.operators.OperatorCreationSteps.bloodGroupDropdownShouldBeVisible()
  And DOB field should be visible                                # StepDefinitions.configurations.operators.OperatorCreationSteps.dobFieldShouldBeVisible()
  And DOJ field should be visible                                # StepDefinitions.configurations.operators.OperatorCreationSteps.dojFieldShouldBeVisible()
[INFO] Address Line I field confirmed by screen structure
  And Address Line I field should be visible                     # StepDefinitions.configurations.operators.OperatorCreationSteps.addressLine1FieldShouldBeVisible()
[INFO] Address Line II field confirmed by screen structure
  And Address Line II field should be visible                    # StepDefinitions.configurations.operators.OperatorCreationSteps.addressLine2FieldShouldBeVisible()
[INFO] Pin Code field confirmed by screen structure
  And Pin Code field should be visible                           # StepDefinitions.configurations.operators.OperatorCreationSteps.pinCodeFieldShouldBeVisible()
[INFO] City field confirmed by screen structure
  And City field should be visible                               # StepDefinitions.configurations.operators.OperatorCreationSteps.cityFieldShouldBeVisible()
[INFO] State field confirmed by screen structure
  And State field should be visible                              # StepDefinitions.configurations.operators.OperatorCreationSteps.stateFieldShouldBeVisible()
[INFO] Country field confirmed by screen structure
  And Country field should be visible                            # StepDefinitions.configurations.operators.OperatorCreationSteps.countryFieldShouldBeVisible()
  And Submit button should be visible in Add New Operator screen # StepDefinitions.configurations.operators.OperatorCreationSteps.submitButtonShouldBeVisibleInAddNewOperatorScreen()
  When User clicks back arrow in Add New Operator screen         # StepDefinitions.configurations.operators.OperatorCreationSteps.userClicksBackArrowInAddNewOperatorScreen()
  Then Operator should be navigate into "Operators" list         # StepDefinitions.configurations.operators.OperatorCreationSteps.operatorShouldBeNavigateIntoList(java.lang.String)
[AppHooks] On list screen (Search button visible)
]]></system-out>
  </testcase>
  <testcase name="Create Operator with mandatory fields only" classname="Create Operator via Configuration Module" time="23.377">
    <system-out><![CDATA[
@regression @smoke @create @p1 @smoke @regression @p1
Scenario: Create Operator with mandatory fields only          # src/test/resources/features/CustomerLogin/Configurations/Operators/OperatorCreation.feature:58
[CommonNav] Already on list screen — skipping Background navigation
  When User clicks on profile icon                            # StepDefinitions.common.CommonNavigationSteps.userClicksOnProfileIcon()
[CommonNav] Already on list screen — skipping Background navigation
  When User clicks on "Configurations" section                # StepDefinitions.common.CommonNavigationSteps.userClicksOnSection(java.lang.String)
[CommonNav] Already on list screen — skipping Background navigation
  When User clicks on "Operators" feature                     # StepDefinitions.common.CommonNavigationSteps.userClicksOnFeature(java.lang.String)
  When User clicks on "+ Add" button in Operators list screen # StepDefinitions.configurations.operators.OperatorCreationSteps.userClicksButtonInOperatorsListScreen(java.lang.String)
  Then "Add New Operator" screen should be displayed          # StepDefinitions.configurations.operators.OperatorCreationSteps.screenShouldBeDisplayed(java.lang.String)
  When User enters valid Operator Name                        # StepDefinitions.configurations.operators.OperatorCreationSteps.userEntersValidOperatorName()
  And User enters valid Operator Phone No                     # StepDefinitions.configurations.operators.OperatorCreationSteps.userEntersValidOperatorPhoneNo()
  And User selects Blood Group from dropdown                  # StepDefinitions.configurations.operators.OperatorCreationSteps.userSelectsBloodGroupFromDropdown()
  When User clicks Submit button in Add New Operator screen   # StepDefinitions.configurations.operators.OperatorCreationSteps.userClicksSubmitButtonInAddNewOperatorScreen()
  Then Operator should be created successfully                # StepDefinitions.configurations.operators.OperatorCreationSteps.operatorShouldBeCreatedSuccessfully()
  When User clicks on search icon                             # StepDefinitions.common.CommonFormSteps.userClicksOnSearchIcon()
  And User taps on search input field                         # StepDefinitions.common.CommonFormSteps.userTapsOnSearchInputField()
  And User clears existing text in search field               # StepDefinitions.common.CommonFormSteps.userClearsExistingTextInSearchField()
  And User enters newly created Operator Name                 # StepDefinitions.configurations.operators.OperatorUpdateSteps.userEntersNewlyCreatedOperatorName()
  And User waits for search results to load                   # StepDefinitions.common.CommonFormSteps.userWaitsForSearchResultsToLoad()
[INFO] Search results displayed for Operator query
  Then system should display matching Operator results        # StepDefinitions.configurations.operators.OperatorUpdateSteps.systemShouldDisplayMatchingOperatorResults()
  And User verifies Operator appears in list                  # StepDefinitions.configurations.operators.OperatorUpdateSteps.userVerifiesOperatorAppearsInList()
  When User clicks search close X button                      # StepDefinitions.common.CommonFormSteps.userClicksSearchCloseXButton()
  Then search field should be closed                          # StepDefinitions.common.CommonFormSteps.searchFieldShouldBeClosed()
  And module list should be in normal state                   # StepDefinitions.common.CommonFormSteps.moduleListShouldBeInNormalState()
  And Operator should be navigate into "Operators" list       # StepDefinitions.configurations.operators.OperatorCreationSteps.operatorShouldBeNavigateIntoList(java.lang.String)
[AppHooks] On list screen (Search button visible)
]]></system-out>
  </testcase>
  <testcase name="Create Operator with all fields" classname="Create Operator via Configuration Module" time="74.47">
    <system-out><![CDATA[
@regression @smoke @create @p1 @regression @p1
Scenario: Create Operator with all fields                     # src/test/resources/features/CustomerLogin/Configurations/Operators/OperatorCreation.feature:79
[CommonNav] Already on list screen — skipping Background navigation
  When User clicks on profile icon                            # StepDefinitions.common.CommonNavigationSteps.userClicksOnProfileIcon()
[CommonNav] Already on list screen — skipping Background navigation
  When User clicks on "Configurations" section                # StepDefinitions.common.CommonNavigationSteps.userClicksOnSection(java.lang.String)
[CommonNav] Already on list screen — skipping Background navigation
  When User clicks on "Operators" feature                     # StepDefinitions.common.CommonNavigationSteps.userClicksOnFeature(java.lang.String)
  When User clicks on "+ Add" button in Operators list screen # StepDefinitions.configurations.operators.OperatorCreationSteps.userClicksButtonInOperatorsListScreen(java.lang.String)
  Then "Add New Operator" screen should be displayed          # StepDefinitions.configurations.operators.OperatorCreationSteps.screenShouldBeDisplayed(java.lang.String)
  When User enters valid Operator Name                        # StepDefinitions.configurations.operators.OperatorCreationSteps.userEntersValidOperatorName()
  And User enters valid Operator Email ID                     # StepDefinitions.configurations.operators.OperatorCreationSteps.userEntersValidOperatorEmailId()
  And User enters valid Operator Phone No                     # StepDefinitions.configurations.operators.OperatorCreationSteps.userEntersValidOperatorPhoneNo()
  And User enters valid 10-digit Operator Emergency No        # StepDefinitions.configurations.operators.OperatorCreationSteps.userEntersValid10DigitOperatorEmergencyNo()
  And User enters Operator Code                               # StepDefinitions.configurations.operators.OperatorCreationSteps.userEntersOperatorCode()
  And User selects Blood Group from dropdown                  # StepDefinitions.configurations.operators.OperatorCreationSteps.userSelectsBloodGroupFromDropdown()
  And User enters Operator DOB                                # StepDefinitions.configurations.operators.OperatorCreationSteps.userEntersOperatorDOB()
  And User enters Operator DOJ                                # StepDefinitions.configurations.operators.OperatorCreationSteps.userEntersOperatorDOJ()
  And User enters Operator Address Line I                     # StepDefinitions.configurations.operators.OperatorCreationSteps.userEntersOperatorAddressLine1()
  And User enters Operator Address Line II                    # StepDefinitions.configurations.operators.OperatorCreationSteps.userEntersOperatorAddressLine2()
  And User enters Operator Pin Code                           # StepDefinitions.configurations.operators.OperatorCreationSteps.userEntersOperatorPinCode()
  And User enters Operator City                               # StepDefinitions.configurations.operators.OperatorCreationSteps.userEntersOperatorCity()
  And User enters Operator State                              # StepDefinitions.configurations.operators.OperatorCreationSteps.userEntersOperatorState()
  And User enters Operator Country                            # StepDefinitions.configurations.operators.OperatorCreationSteps.userEntersOperatorCountry()
  When User clicks Submit button in Add New Operator screen   # StepDefinitions.configurations.operators.OperatorCreationSteps.userClicksSubmitButtonInAddNewOperatorScreen()
  Then Operator should be created successfully                # StepDefinitions.configurations.operators.OperatorCreationSteps.operatorShouldBeCreatedSuccessfully()
  When User clicks on search icon                             # StepDefinitions.common.CommonFormSteps.userClicksOnSearchIcon()
  And User taps on search input field                         # StepDefinitions.common.CommonFormSteps.userTapsOnSearchInputField()
  And User clears existing text in search field               # StepDefinitions.common.CommonFormSteps.userClearsExistingTextInSearchField()
  And User enters newly created Operator Name                 # StepDefinitions.configurations.operators.OperatorUpdateSteps.userEntersNewlyCreatedOperatorName()
  And User waits for search results to load                   # StepDefinitions.common.CommonFormSteps.userWaitsForSearchResultsToLoad()
[INFO] Search results displayed for Operator query
  Then system should display matching Operator results        # StepDefinitions.configurations.operators.OperatorUpdateSteps.systemShouldDisplayMatchingOperatorResults()
  And User verifies Operator appears in list                  # StepDefinitions.configurations.operators.OperatorUpdateSteps.userVerifiesOperatorAppearsInList()
  When User clicks search close X button                      # StepDefinitions.common.CommonFormSteps.userClicksSearchCloseXButton()
  Then search field should be closed                          # StepDefinitions.common.CommonFormSteps.searchFieldShouldBeClosed()
  And module list should be in normal state                   # StepDefinitions.common.CommonFormSteps.moduleListShouldBeInNormalState()
  And Operator should be navigate into "Operators" list       # StepDefinitions.configurations.operators.OperatorCreationSteps.operatorShouldBeNavigateIntoList(java.lang.String)
[AppHooks] On list screen (Search button visible)
]]></system-out>
  </testcase>
  <testcase name="Create Operator with DOB only without DOJ" classname="Create Operator via Configuration Module" time="26.418">
    <system-out><![CDATA[
@regression @smoke @create @p1 @regression @p2
Scenario: Create Operator with DOB only without DOJ           # src/test/resources/features/CustomerLogin/Configurations/Operators/OperatorCreation.feature:111
[CommonNav] Already on list screen — skipping Background navigation
  When User clicks on profile icon                            # StepDefinitions.common.CommonNavigationSteps.userClicksOnProfileIcon()
[CommonNav] Already on list screen — skipping Background navigation
  When User clicks on "Configurations" section                # StepDefinitions.common.CommonNavigationSteps.userClicksOnSection(java.lang.String)
[CommonNav] Already on list screen — skipping Background navigation
  When User clicks on "Operators" feature                     # StepDefinitions.common.CommonNavigationSteps.userClicksOnFeature(java.lang.String)
  When User clicks on "+ Add" button in Operators list screen # StepDefinitions.configurations.operators.OperatorCreationSteps.userClicksButtonInOperatorsListScreen(java.lang.String)
  Then "Add New Operator" screen should be displayed          # StepDefinitions.configurations.operators.OperatorCreationSteps.screenShouldBeDisplayed(java.lang.String)
  When User enters valid Operator Name                        # StepDefinitions.configurations.operators.OperatorCreationSteps.userEntersValidOperatorName()
  And User enters valid Operator Phone No                     # StepDefinitions.configurations.operators.OperatorCreationSteps.userEntersValidOperatorPhoneNo()
  And User selects Blood Group from dropdown                  # StepDefinitions.configurations.operators.OperatorCreationSteps.userSelectsBloodGroupFromDropdown()
  And User enters Operator DOB                                # StepDefinitions.configurations.operators.OperatorCreationSteps.userEntersOperatorDOB()
  When User clicks Submit button in Add New Operator screen   # StepDefinitions.configurations.operators.OperatorCreationSteps.userClicksSubmitButtonInAddNewOperatorScreen()
  Then Operator should be created successfully                # StepDefinitions.configurations.operators.OperatorCreationSteps.operatorShouldBeCreatedSuccessfully()
  And Operator should be navigate into "Operators" list       # StepDefinitions.configurations.operators.OperatorCreationSteps.operatorShouldBeNavigateIntoList(java.lang.String)
[AppHooks] On list screen (Search button visible)
]]></system-out>
  </testcase>
  <testcase name="Create Operator with both DOB and DOJ where DOB is less than DOJ" classname="Create Operator via Configuration Module" time="89.003">
    <system-out><![CDATA[
@regression @smoke @create @p1 @regression @p2
Scenario: Create Operator with both DOB and DOJ where DOB is less than DOJ # src/test/resources/features/CustomerLogin/Configurations/Operators/OperatorCreation.feature:123
[CommonNav] Already on list screen — skipping Background navigation
  When User clicks on profile icon                                         # StepDefinitions.common.CommonNavigationSteps.userClicksOnProfileIcon()
[CommonNav] Already on list screen — skipping Background navigation
  When User clicks on "Configurations" section                             # StepDefinitions.common.CommonNavigationSteps.userClicksOnSection(java.lang.String)
[CommonNav] Already on list screen — skipping Background navigation
  When User clicks on "Operators" feature                                  # StepDefinitions.common.CommonNavigationSteps.userClicksOnFeature(java.lang.String)
  When User clicks on "+ Add" button in Operators list screen              # StepDefinitions.configurations.operators.OperatorCreationSteps.userClicksButtonInOperatorsListScreen(java.lang.String)
  Then "Add New Operator" screen should be displayed                       # StepDefinitions.configurations.operators.OperatorCreationSteps.screenShouldBeDisplayed(java.lang.String)
  When User enters valid Operator Name                                     # StepDefinitions.configurations.operators.OperatorCreationSteps.userEntersValidOperatorName()
  And User enters valid Operator Phone No                                  # StepDefinitions.configurations.operators.OperatorCreationSteps.userEntersValidOperatorPhoneNo()
  And User selects Blood Group from dropdown                               # StepDefinitions.configurations.operators.OperatorCreationSteps.userSelectsBloodGroupFromDropdown()
  And User enters valid Operator DOB less than DOJ                         # StepDefinitions.configurations.operators.OperatorCreationSteps.userEntersValidOperatorDOBLessThanDOJ()
  And User enters valid Operator DOJ greater than DOB                      # StepDefinitions.configurations.operators.OperatorCreationSteps.userEntersValidOperatorDOJGreaterThanDOB()
  When User clicks Submit button in Add New Operator screen                # StepDefinitions.configurations.operators.OperatorCreationSteps.userClicksSubmitButtonInAddNewOperatorScreen()
  Then Operator should be created successfully                             # StepDefinitions.configurations.operators.OperatorCreationSteps.operatorShouldBeCreatedSuccessfully()
  And Operator should be navigate into "Operators" list                    # StepDefinitions.configurations.operators.OperatorCreationSteps.operatorShouldBeNavigateIntoList(java.lang.String)
[AppHooks] On list screen in search mode (Filter button visible)
]]></system-out>
  </testcase>
  <testcase name="Create Operator with valid Emergency No" classname="Create Operator via Configuration Module" time="14.997">
    <system-out><![CDATA[
@regression @smoke @create @p1 @regression @p2
Scenario: Create Operator with valid Emergency No             # src/test/resources/features/CustomerLogin/Configurations/Operators/OperatorCreation.feature:136
[CommonNav] Already on list screen — skipping Background navigation
  When User clicks on profile icon                            # StepDefinitions.common.CommonNavigationSteps.userClicksOnProfileIcon()
[CommonNav] Already on list screen — skipping Background navigation
  When User clicks on "Configurations" section                # StepDefinitions.common.CommonNavigationSteps.userClicksOnSection(java.lang.String)
[CommonNav] Already on list screen — skipping Background navigation
  When User clicks on "Operators" feature                     # StepDefinitions.common.CommonNavigationSteps.userClicksOnFeature(java.lang.String)
  When User clicks on "+ Add" button in Operators list screen # StepDefinitions.configurations.operators.OperatorCreationSteps.userClicksButtonInOperatorsListScreen(java.lang.String)
  Then "Add New Operator" screen should be displayed          # StepDefinitions.configurations.operators.OperatorCreationSteps.screenShouldBeDisplayed(java.lang.String)
  When User enters valid Operator Name                        # StepDefinitions.configurations.operators.OperatorCreationSteps.userEntersValidOperatorName()
  And User enters valid Operator Phone No                     # StepDefinitions.configurations.operators.OperatorCreationSteps.userEntersValidOperatorPhoneNo()
  And User enters valid 10-digit Operator Emergency No        # StepDefinitions.configurations.operators.OperatorCreationSteps.userEntersValid10DigitOperatorEmergencyNo()
  And User selects Blood Group from dropdown                  # StepDefinitions.configurations.operators.OperatorCreationSteps.userSelectsBloodGroupFromDropdown()
  When User clicks Submit button in Add New Operator screen   # StepDefinitions.configurations.operators.OperatorCreationSteps.userClicksSubmitButtonInAddNewOperatorScreen()
  Then Operator should be created successfully                # StepDefinitions.configurations.operators.OperatorCreationSteps.operatorShouldBeCreatedSuccessfully()
  And Operator should be navigate into "Operators" list       # StepDefinitions.configurations.operators.OperatorCreationSteps.operatorShouldBeNavigateIntoList(java.lang.String)
[AppHooks] On list screen (Search button visible)
]]></system-out>
  </testcase>
  <testcase name="Create Operator with valid 6-digit Pin Code" classname="Create Operator via Configuration Module" time="22.011">
    <system-out><![CDATA[
@regression @smoke @create @p1 @regression @p2
Scenario: Create Operator with valid 6-digit Pin Code         # src/test/resources/features/CustomerLogin/Configurations/Operators/OperatorCreation.feature:148
[CommonNav] Already on list screen — skipping Background navigation
  When User clicks on profile icon                            # StepDefinitions.common.CommonNavigationSteps.userClicksOnProfileIcon()
[CommonNav] Already on list screen — skipping Background navigation
  When User clicks on "Configurations" section                # StepDefinitions.common.CommonNavigationSteps.userClicksOnSection(java.lang.String)
[CommonNav] Already on list screen — skipping Background navigation
  When User clicks on "Operators" feature                     # StepDefinitions.common.CommonNavigationSteps.userClicksOnFeature(java.lang.String)
  When User clicks on "+ Add" button in Operators list screen # StepDefinitions.configurations.operators.OperatorCreationSteps.userClicksButtonInOperatorsListScreen(java.lang.String)
  Then "Add New Operator" screen should be displayed          # StepDefinitions.configurations.operators.OperatorCreationSteps.screenShouldBeDisplayed(java.lang.String)
  When User enters valid Operator Name                        # StepDefinitions.configurations.operators.OperatorCreationSteps.userEntersValidOperatorName()
  And User enters valid Operator Phone No                     # StepDefinitions.configurations.operators.OperatorCreationSteps.userEntersValidOperatorPhoneNo()
  And User selects Blood Group from dropdown                  # StepDefinitions.configurations.operators.OperatorCreationSteps.userSelectsBloodGroupFromDropdown()
  And User enters valid 6-digit Operator Pin Code             # StepDefinitions.configurations.operators.OperatorCreationSteps.userEntersValid6DigitOperatorPinCode()
  When User clicks Submit button in Add New Operator screen   # StepDefinitions.configurations.operators.OperatorCreationSteps.userClicksSubmitButtonInAddNewOperatorScreen()
  Then Operator should be created successfully                # StepDefinitions.configurations.operators.OperatorCreationSteps.operatorShouldBeCreatedSuccessfully()
  And Operator should be navigate into "Operators" list       # StepDefinitions.configurations.operators.OperatorCreationSteps.operatorShouldBeNavigateIntoList(java.lang.String)
[AppHooks] On list screen (Search button visible)
]]></system-out>
  </testcase>
  <testcase name="Create Operator with leading and trailing spaces in Operator Name" classname="Create Operator via Configuration Module" time="11.116">
    <system-out><![CDATA[
@regression @smoke @create @p1 @regression @p2
Scenario: Create Operator with leading and trailing spaces in Operator Name # src/test/resources/features/CustomerLogin/Configurations/Operators/OperatorCreation.feature:160
[CommonNav] Already on list screen — skipping Background navigation
  When User clicks on profile icon                                          # StepDefinitions.common.CommonNavigationSteps.userClicksOnProfileIcon()
[CommonNav] Already on list screen — skipping Background navigation
  When User clicks on "Configurations" section                              # StepDefinitions.common.CommonNavigationSteps.userClicksOnSection(java.lang.String)
[CommonNav] Already on list screen — skipping Background navigation
  When User clicks on "Operators" feature                                   # StepDefinitions.common.CommonNavigationSteps.userClicksOnFeature(java.lang.String)
  When User clicks on "+ Add" button in Operators list screen               # StepDefinitions.configurations.operators.OperatorCreationSteps.userClicksButtonInOperatorsListScreen(java.lang.String)
  Then "Add New Operator" screen should be displayed                        # StepDefinitions.configurations.operators.OperatorCreationSteps.screenShouldBeDisplayed(java.lang.String)
  When User enters Operator Name with leading and trailing spaces           # StepDefinitions.configurations.operators.OperatorCreationSteps.userEntersOperatorNameWithLeadingAndTrailingSpaces()
  And User enters valid Operator Phone No                                   # StepDefinitions.configurations.operators.OperatorCreationSteps.userEntersValidOperatorPhoneNo()
  And User selects Blood Group from dropdown                                # StepDefinitions.configurations.operators.OperatorCreationSteps.userSelectsBloodGroupFromDropdown()
  When User clicks Submit button in Add New Operator screen                 # StepDefinitions.configurations.operators.OperatorCreationSteps.userClicksSubmitButtonInAddNewOperatorScreen()
  Then system should trim spaces and create Operator successfully           # StepDefinitions.configurations.operators.OperatorCreationSteps.systemShouldTrimSpacesAndCreateOperatorSuccessfully()
  And Operator should be navigate into "Operators" list                     # StepDefinitions.configurations.operators.OperatorCreationSteps.operatorShouldBeNavigateIntoList(java.lang.String)
[AppHooks] On list screen (Search button visible)
]]></system-out>
  </testcase>
  <testcase name="Create Operator without optional fields" classname="Create Operator via Configuration Module" time="11.77">
    <system-out><![CDATA[
@regression @smoke @create @p1 @regression @p2
Scenario: Create Operator without optional fields             # src/test/resources/features/CustomerLogin/Configurations/Operators/OperatorCreation.feature:171
[CommonNav] Already on list screen — skipping Background navigation
  When User clicks on profile icon                            # StepDefinitions.common.CommonNavigationSteps.userClicksOnProfileIcon()
[CommonNav] Already on list screen — skipping Background navigation
  When User clicks on "Configurations" section                # StepDefinitions.common.CommonNavigationSteps.userClicksOnSection(java.lang.String)
[CommonNav] Already on list screen — skipping Background navigation
  When User clicks on "Operators" feature                     # StepDefinitions.common.CommonNavigationSteps.userClicksOnFeature(java.lang.String)
  When User clicks on "+ Add" button in Operators list screen # StepDefinitions.configurations.operators.OperatorCreationSteps.userClicksButtonInOperatorsListScreen(java.lang.String)
  Then "Add New Operator" screen should be displayed          # StepDefinitions.configurations.operators.OperatorCreationSteps.screenShouldBeDisplayed(java.lang.String)
  When User enters valid Operator Name                        # StepDefinitions.configurations.operators.OperatorCreationSteps.userEntersValidOperatorName()
  And User enters valid Operator Phone No                     # StepDefinitions.configurations.operators.OperatorCreationSteps.userEntersValidOperatorPhoneNo()
  And User selects Blood Group from dropdown                  # StepDefinitions.configurations.operators.OperatorCreationSteps.userSelectsBloodGroupFromDropdown()
  And User leaves Operator Email ID empty                     # StepDefinitions.configurations.operators.OperatorCreationSteps.userLeavesOperatorEmailIdEmpty()
  And User leaves Operator Emergency No empty                 # StepDefinitions.configurations.operators.OperatorCreationSteps.userLeavesOperatorEmergencyNoEmpty()
  And User leaves Operator Code empty                         # StepDefinitions.configurations.operators.OperatorCreationSteps.userLeavesOperatorCodeEmpty()
  And User leaves Operator DOB empty                          # StepDefinitions.configurations.operators.OperatorCreationSteps.userLeavesOperatorDOBEmpty()
  And User leaves Operator DOJ empty                          # StepDefinitions.configurations.operators.OperatorCreationSteps.userLeavesOperatorDOJEmpty()
  And User leaves Operator Address Line I empty               # StepDefinitions.configurations.operators.OperatorCreationSteps.userLeavesOperatorAddressLine1Empty()
  And User leaves Operator Address Line II empty              # StepDefinitions.configurations.operators.OperatorCreationSteps.userLeavesOperatorAddressLine2Empty()
  And User leaves Operator Pin Code empty                     # StepDefinitions.configurations.operators.OperatorCreationSteps.userLeavesOperatorPinCodeEmpty()
  And User leaves Operator City empty                         # StepDefinitions.configurations.operators.OperatorCreationSteps.userLeavesOperatorCityEmpty()
  And User leaves Operator State empty                        # StepDefinitions.configurations.operators.OperatorCreationSteps.userLeavesOperatorStateEmpty()
  And User leaves Operator Country empty                      # StepDefinitions.configurations.operators.OperatorCreationSteps.userLeavesOperatorCountryEmpty()
  When User clicks Submit button in Add New Operator screen   # StepDefinitions.configurations.operators.OperatorCreationSteps.userClicksSubmitButtonInAddNewOperatorScreen()
  Then Operator should be created successfully                # StepDefinitions.configurations.operators.OperatorCreationSteps.operatorShouldBeCreatedSuccessfully()
  And Operator should be navigate into "Operators" list       # StepDefinitions.configurations.operators.OperatorCreationSteps.operatorShouldBeNavigateIntoList(java.lang.String)
[AppHooks] On list screen (Search button visible)
]]></system-out>
  </testcase>
  <testcase name="Create Operator with all address fields" classname="Create Operator via Configuration Module" time="34.353">
    <system-out><![CDATA[
@regression @smoke @create @p1 @regression @p2
Scenario: Create Operator with all address fields             # src/test/resources/features/CustomerLogin/Configurations/Operators/OperatorCreation.feature:193
[CommonNav] Already on list screen — skipping Background navigation
  When User clicks on profile icon                            # StepDefinitions.common.CommonNavigationSteps.userClicksOnProfileIcon()
[CommonNav] Already on list screen — skipping Background navigation
  When User clicks on "Configurations" section                # StepDefinitions.common.CommonNavigationSteps.userClicksOnSection(java.lang.String)
[CommonNav] Already on list screen — skipping Background navigation
  When User clicks on "Operators" feature                     # StepDefinitions.common.CommonNavigationSteps.userClicksOnFeature(java.lang.String)
  When User clicks on "+ Add" button in Operators list screen # StepDefinitions.configurations.operators.OperatorCreationSteps.userClicksButtonInOperatorsListScreen(java.lang.String)
  Then "Add New Operator" screen should be displayed          # StepDefinitions.configurations.operators.OperatorCreationSteps.screenShouldBeDisplayed(java.lang.String)
  When User enters valid Operator Name                        # StepDefinitions.configurations.operators.OperatorCreationSteps.userEntersValidOperatorName()
  And User enters valid Operator Phone No                     # StepDefinitions.configurations.operators.OperatorCreationSteps.userEntersValidOperatorPhoneNo()
  And User selects Blood Group from dropdown                  # StepDefinitions.configurations.operators.OperatorCreationSteps.userSelectsBloodGroupFromDropdown()
  And User enters Operator Address Line I                     # StepDefinitions.configurations.operators.OperatorCreationSteps.userEntersOperatorAddressLine1()
  And User enters Operator Address Line II                    # StepDefinitions.configurations.operators.OperatorCreationSteps.userEntersOperatorAddressLine2()
  And User enters valid 6-digit Operator Pin Code             # StepDefinitions.configurations.operators.OperatorCreationSteps.userEntersValid6DigitOperatorPinCode()
  And User enters Operator City                               # StepDefinitions.configurations.operators.OperatorCreationSteps.userEntersOperatorCity()
  And User enters Operator State                              # StepDefinitions.configurations.operators.OperatorCreationSteps.userEntersOperatorState()
  And User enters Operator Country                            # StepDefinitions.configurations.operators.OperatorCreationSteps.userEntersOperatorCountry()
  When User clicks Submit button in Add New Operator screen   # StepDefinitions.configurations.operators.OperatorCreationSteps.userClicksSubmitButtonInAddNewOperatorScreen()
  Then Operator should be created successfully                # StepDefinitions.configurations.operators.OperatorCreationSteps.operatorShouldBeCreatedSuccessfully()
  And Operator should be navigate into "Operators" list       # StepDefinitions.configurations.operators.OperatorCreationSteps.operatorShouldBeNavigateIntoList(java.lang.String)
[AppHooks] On list screen (Search button visible)
]]></system-out>
  </testcase>
  <testcase name="Verify Blood Group dropdown options" classname="Create Operator via Configuration Module" time="30.178">
    <system-out><![CDATA[
@regression @smoke @create @p1 @regression @p2
Scenario: Verify Blood Group dropdown options                      # src/test/resources/features/CustomerLogin/Configurations/Operators/OperatorCreation.feature:215
[CommonNav] Already on list screen — skipping Background navigation
  When User clicks on profile icon                                 # StepDefinitions.common.CommonNavigationSteps.userClicksOnProfileIcon()
[CommonNav] Already on list screen — skipping Background navigation
  When User clicks on "Configurations" section                     # StepDefinitions.common.CommonNavigationSteps.userClicksOnSection(java.lang.String)
[CommonNav] Already on list screen — skipping Background navigation
  When User clicks on "Operators" feature                          # StepDefinitions.common.CommonNavigationSteps.userClicksOnFeature(java.lang.String)
  When User clicks on "+ Add" button in Operators list screen      # StepDefinitions.configurations.operators.OperatorCreationSteps.userClicksButtonInOperatorsListScreen(java.lang.String)
  Then "Add New Operator" screen should be displayed               # StepDefinitions.configurations.operators.OperatorCreationSteps.screenShouldBeDisplayed(java.lang.String)
  When User clicks on Blood Group dropdown                         # StepDefinitions.configurations.operators.OperatorCreationSteps.userClicksOnBloodGroupDropdown()
[INFO] Blood Group options list displayed after clicking dropdown
  Then Blood Group options list should be displayed                # StepDefinitions.configurations.operators.OperatorCreationSteps.bloodGroupOptionsListShouldBeDisplayed()
  And User should be able to select one Blood Group value          # StepDefinitions.configurations.operators.OperatorCreationSteps.userShouldBeAbleToSelectOneBloodGroupValue()
  When User clicks back arrow in Add New Operator screen           # StepDefinitions.configurations.operators.OperatorCreationSteps.userClicksBackArrowInAddNewOperatorScreen()
  Then "Confirmation Alert" popup should be displayed              # StepDefinitions.common.CommonFormSteps.popupShouldBeDisplayed(java.lang.String)
  When User clicks on "Yes, Exit" button on the confirmation popup # StepDefinitions.configurations.operators.OperatorCreationSteps.userClicksOnYesExitButtonOnTheConfirmationPopup()
  Then Operator should be navigate into "Operators" list           # StepDefinitions.configurations.operators.OperatorCreationSteps.operatorShouldBeNavigateIntoList(java.lang.String)
[AppHooks] On list screen in search mode (Filter button visible)
[AppHooks] On list screen (Search button visible)
]]></system-out>
  </testcase>
  <testcase name="Verify date picker opens for Operator DOB field" classname="Create Operator via Configuration Module" time="4.372">
    <system-out><![CDATA[
@regression @smoke @create @p1 @regression @p3
Scenario: Verify date picker opens for Operator DOB field     # src/test/resources/features/CustomerLogin/Configurations/Operators/OperatorCreation.feature:227
[CommonNav] Already on list screen — skipping Background navigation
  When User clicks on profile icon                            # StepDefinitions.common.CommonNavigationSteps.userClicksOnProfileIcon()
[CommonNav] Already on list screen — skipping Background navigation
  When User clicks on "Configurations" section                # StepDefinitions.common.CommonNavigationSteps.userClicksOnSection(java.lang.String)
[CommonNav] Already on list screen — skipping Background navigation
  When User clicks on "Operators" feature                     # StepDefinitions.common.CommonNavigationSteps.userClicksOnFeature(java.lang.String)
  When User clicks on "+ Add" button in Operators list screen # StepDefinitions.configurations.operators.OperatorCreationSteps.userClicksButtonInOperatorsListScreen(java.lang.String)
  Then "Add New Operator" screen should be displayed          # StepDefinitions.configurations.operators.OperatorCreationSteps.screenShouldBeDisplayed(java.lang.String)
  When User clicks on Operator DOB field                      # StepDefinitions.configurations.operators.OperatorCreationSteps.userClicksOnOperatorDOBField()
  Then date picker should be displayed for Operator DOB       # StepDefinitions.configurations.operators.OperatorCreationSteps.datePickerShouldBeDisplayedForOperatorDOB()
  When User clicks back arrow in Add New Operator screen      # StepDefinitions.configurations.operators.OperatorCreationSteps.userClicksBackArrowInAddNewOperatorScreen()
  Then Operator should be navigate into "Operators" list      # StepDefinitions.configurations.operators.OperatorCreationSteps.operatorShouldBeNavigateIntoList(java.lang.String)
[AppHooks] On list screen (Search button visible)
]]></system-out>
  </testcase>
  <testcase name="Submit Add New Operator without any data" classname="Create Operator via Configuration Module" time="27.642">
    <system-out><![CDATA[
@regression @smoke @create @p1 @negative @regression @p1
Scenario: Submit Add New Operator without any data            # src/test/resources/features/CustomerLogin/Configurations/Operators/OperatorCreation.feature:241
[CommonNav] Already on list screen — skipping Background navigation
  When User clicks on profile icon                            # StepDefinitions.common.CommonNavigationSteps.userClicksOnProfileIcon()
[CommonNav] Already on list screen — skipping Background navigation
  When User clicks on "Configurations" section                # StepDefinitions.common.CommonNavigationSteps.userClicksOnSection(java.lang.String)
[CommonNav] Already on list screen — skipping Background navigation
  When User clicks on "Operators" feature                     # StepDefinitions.common.CommonNavigationSteps.userClicksOnFeature(java.lang.String)
  When User clicks on "+ Add" button in Operators list screen # StepDefinitions.configurations.operators.OperatorCreationSteps.userClicksButtonInOperatorsListScreen(java.lang.String)
  Then "Add New Operator" screen should be displayed          # StepDefinitions.configurations.operators.OperatorCreationSteps.screenShouldBeDisplayed(java.lang.String)
  When User clicks Submit button in Add New Operator screen   # StepDefinitions.configurations.operators.OperatorCreationSteps.userClicksSubmitButtonInAddNewOperatorScreen()
  Then "This field is required" should be displayed           # StepDefinitions.configurations.operators.OperatorCreationSteps.stringShouldBeDisplayed(java.lang.String)
  And "Phone No is required" should be displayed              # StepDefinitions.configurations.operators.OperatorCreationSteps.stringShouldBeDisplayed(java.lang.String)
  And "This field is required" should be displayed            # StepDefinitions.configurations.operators.OperatorCreationSteps.stringShouldBeDisplayed(java.lang.String)
  When User clicks back arrow in Add New Operator screen      # StepDefinitions.configurations.operators.OperatorCreationSteps.userClicksBackArrowInAddNewOperatorScreen()
  Then Operator should be navigate into "Operators" list      # StepDefinitions.configurations.operators.OperatorCreationSteps.operatorShouldBeNavigateIntoList(java.lang.String)
[AppHooks] On list screen (Search button visible)
]]></system-out>
  </testcase>
  <testcase name="Create Operator without Operator Name" classname="Create Operator via Configuration Module" time="18.029">
    <system-out><![CDATA[
@regression @smoke @create @p1 @negative @regression @p1
Scenario: Create Operator without Operator Name                    # src/test/resources/features/CustomerLogin/Configurations/Operators/OperatorCreation.feature:252
[CommonNav] Already on list screen — skipping Background navigation
  When User clicks on profile icon                                 # StepDefinitions.common.CommonNavigationSteps.userClicksOnProfileIcon()
[CommonNav] Already on list screen — skipping Background navigation
  When User clicks on "Configurations" section                     # StepDefinitions.common.CommonNavigationSteps.userClicksOnSection(java.lang.String)
[CommonNav] Already on list screen — skipping Background navigation
  When User clicks on "Operators" feature                          # StepDefinitions.common.CommonNavigationSteps.userClicksOnFeature(java.lang.String)
  When User clicks on "+ Add" button in Operators list screen      # StepDefinitions.configurations.operators.OperatorCreationSteps.userClicksButtonInOperatorsListScreen(java.lang.String)
  Then "Add New Operator" screen should be displayed               # StepDefinitions.configurations.operators.OperatorCreationSteps.screenShouldBeDisplayed(java.lang.String)
  When User leaves Operator Name empty                             # StepDefinitions.configurations.operators.OperatorCreationSteps.userLeavesOperatorNameEmpty()
  And User enters valid Operator Phone No                          # StepDefinitions.configurations.operators.OperatorCreationSteps.userEntersValidOperatorPhoneNo()
  And User selects Blood Group from dropdown                       # StepDefinitions.configurations.operators.OperatorCreationSteps.userSelectsBloodGroupFromDropdown()
  When User clicks Submit button in Add New Operator screen        # StepDefinitions.configurations.operators.OperatorCreationSteps.userClicksSubmitButtonInAddNewOperatorScreen()
  Then "This field is required" should be displayed                # StepDefinitions.configurations.operators.OperatorCreationSteps.stringShouldBeDisplayed(java.lang.String)
  When User clicks back arrow in Add New Operator screen           # StepDefinitions.configurations.operators.OperatorCreationSteps.userClicksBackArrowInAddNewOperatorScreen()
  Then "Confirmation Alert" popup should be displayed              # StepDefinitions.common.CommonFormSteps.popupShouldBeDisplayed(java.lang.String)
  When User clicks on "Yes, Exit" button on the confirmation popup # StepDefinitions.configurations.operators.OperatorCreationSteps.userClicksOnYesExitButtonOnTheConfirmationPopup()
  Then Operator should be navigate into "Operators" list           # StepDefinitions.configurations.operators.OperatorCreationSteps.operatorShouldBeNavigateIntoList(java.lang.String)
[AppHooks] On list screen (Search button visible)
]]></system-out>
  </testcase>
  <testcase name="Create Operator without Phone No" classname="Create Operator via Configuration Module" time="19.103">
    <system-out><![CDATA[
@regression @smoke @create @p1 @negative @regression @p1
Scenario: Create Operator without Phone No                         # src/test/resources/features/CustomerLogin/Configurations/Operators/OperatorCreation.feature:266
[CommonNav] Already on list screen — skipping Background navigation
  When User clicks on profile icon                                 # StepDefinitions.common.CommonNavigationSteps.userClicksOnProfileIcon()
[CommonNav] Already on list screen — skipping Background navigation
  When User clicks on "Configurations" section                     # StepDefinitions.common.CommonNavigationSteps.userClicksOnSection(java.lang.String)
[CommonNav] Already on list screen — skipping Background navigation
  When User clicks on "Operators" feature                          # StepDefinitions.common.CommonNavigationSteps.userClicksOnFeature(java.lang.String)
  When User clicks on "+ Add" button in Operators list screen      # StepDefinitions.configurations.operators.OperatorCreationSteps.userClicksButtonInOperatorsListScreen(java.lang.String)
  Then "Add New Operator" screen should be displayed               # StepDefinitions.configurations.operators.OperatorCreationSteps.screenShouldBeDisplayed(java.lang.String)
  When User enters valid Operator Name                             # StepDefinitions.configurations.operators.OperatorCreationSteps.userEntersValidOperatorName()
  And User leaves Operator Phone No empty                          # StepDefinitions.configurations.operators.OperatorCreationSteps.userLeavesOperatorPhoneNoEmpty()
  And User selects Blood Group from dropdown                       # StepDefinitions.configurations.operators.OperatorCreationSteps.userSelectsBloodGroupFromDropdown()
  When User clicks Submit button in Add New Operator screen        # StepDefinitions.configurations.operators.OperatorCreationSteps.userClicksSubmitButtonInAddNewOperatorScreen()
  Then "Phone No is required" should be displayed                  # StepDefinitions.configurations.operators.OperatorCreationSteps.stringShouldBeDisplayed(java.lang.String)
  When User clicks back arrow in Add New Operator screen           # StepDefinitions.configurations.operators.OperatorCreationSteps.userClicksBackArrowInAddNewOperatorScreen()
  Then "Confirmation Alert" popup should be displayed              # StepDefinitions.common.CommonFormSteps.popupShouldBeDisplayed(java.lang.String)
  When User clicks on "Yes, Exit" button on the confirmation popup # StepDefinitions.configurations.operators.OperatorCreationSteps.userClicksOnYesExitButtonOnTheConfirmationPopup()
  Then Operator should be navigate into "Operators" list           # StepDefinitions.configurations.operators.OperatorCreationSteps.operatorShouldBeNavigateIntoList(java.lang.String)
[AppHooks] On list screen (Search button visible)
]]></system-out>
  </testcase>
  <testcase name="Create Operator without Blood Group" classname="Create Operator via Configuration Module" time="17.561">
    <system-out><![CDATA[
@regression @smoke @create @p1 @negative @regression @p1
Scenario: Create Operator without Blood Group                      # src/test/resources/features/CustomerLogin/Configurations/Operators/OperatorCreation.feature:280
[CommonNav] Already on list screen — skipping Background navigation
  When User clicks on profile icon                                 # StepDefinitions.common.CommonNavigationSteps.userClicksOnProfileIcon()
[CommonNav] Already on list screen — skipping Background navigation
  When User clicks on "Configurations" section                     # StepDefinitions.common.CommonNavigationSteps.userClicksOnSection(java.lang.String)
[CommonNav] Already on list screen — skipping Background navigation
  When User clicks on "Operators" feature                          # StepDefinitions.common.CommonNavigationSteps.userClicksOnFeature(java.lang.String)
  When User clicks on "+ Add" button in Operators list screen      # StepDefinitions.configurations.operators.OperatorCreationSteps.userClicksButtonInOperatorsListScreen(java.lang.String)
  Then "Add New Operator" screen should be displayed               # StepDefinitions.configurations.operators.OperatorCreationSteps.screenShouldBeDisplayed(java.lang.String)
  When User enters valid Operator Name                             # StepDefinitions.configurations.operators.OperatorCreationSteps.userEntersValidOperatorName()
  And User enters valid Operator Phone No                          # StepDefinitions.configurations.operators.OperatorCreationSteps.userEntersValidOperatorPhoneNo()
  And User does not select Blood Group                             # StepDefinitions.configurations.operators.OperatorCreationSteps.userDoesNotSelectBloodGroup()
  When User clicks Submit button in Add New Operator screen        # StepDefinitions.configurations.operators.OperatorCreationSteps.userClicksSubmitButtonInAddNewOperatorScreen()
  Then "This field is required" should be displayed                # StepDefinitions.configurations.operators.OperatorCreationSteps.stringShouldBeDisplayed(java.lang.String)
  When User clicks back arrow in Add New Operator screen           # StepDefinitions.configurations.operators.OperatorCreationSteps.userClicksBackArrowInAddNewOperatorScreen()
  Then "Confirmation Alert" popup should be displayed              # StepDefinitions.common.CommonFormSteps.popupShouldBeDisplayed(java.lang.String)
  When User clicks on "Yes, Exit" button on the confirmation popup # StepDefinitions.configurations.operators.OperatorCreationSteps.userClicksOnYesExitButtonOnTheConfirmationPopup()
  Then Operator should be navigate into "Operators" list           # StepDefinitions.configurations.operators.OperatorCreationSteps.operatorShouldBeNavigateIntoList(java.lang.String)
[AppHooks] On list screen (Search button visible)
]]></system-out>
  </testcase>
  <testcase name="Create Operator with invalid Email ID format" classname="Create Operator via Configuration Module" time="9.869">
    <system-out><![CDATA[
@regression @smoke @create @p1 @negative @regression @p2
Scenario: Create Operator with invalid Email ID format             # src/test/resources/features/CustomerLogin/Configurations/Operators/OperatorCreation.feature:299
[CommonNav] Already on list screen — skipping Background navigation
  When User clicks on profile icon                                 # StepDefinitions.common.CommonNavigationSteps.userClicksOnProfileIcon()
[CommonNav] Already on list screen — skipping Background navigation
  When User clicks on "Configurations" section                     # StepDefinitions.common.CommonNavigationSteps.userClicksOnSection(java.lang.String)
[CommonNav] Already on list screen — skipping Background navigation
  When User clicks on "Operators" feature                          # StepDefinitions.common.CommonNavigationSteps.userClicksOnFeature(java.lang.String)
  When User clicks on "+ Add" button in Operators list screen      # StepDefinitions.configurations.operators.OperatorCreationSteps.userClicksButtonInOperatorsListScreen(java.lang.String)
  Then "Add New Operator" screen should be displayed               # StepDefinitions.configurations.operators.OperatorCreationSteps.screenShouldBeDisplayed(java.lang.String)
  When User enters invalid Operator Email ID format                # StepDefinitions.configurations.operators.OperatorCreationSteps.userEntersInvalidOperatorEmailIdFormat()
  And User clicks Submit button in Add New Operator screen         # StepDefinitions.configurations.operators.OperatorCreationSteps.userClicksSubmitButtonInAddNewOperatorScreen()
  Then Operator email format validation error should be displayed  # StepDefinitions.configurations.operators.OperatorCreationSteps.operatorEmailFormatValidationErrorShouldBeDisplayed()
  When User clicks back arrow in Add New Operator screen           # StepDefinitions.configurations.operators.OperatorCreationSteps.userClicksBackArrowInAddNewOperatorScreen()
  Then "Confirmation Alert" popup should be displayed              # StepDefinitions.common.CommonFormSteps.popupShouldBeDisplayed(java.lang.String)
  When User clicks on "Yes, Exit" button on the confirmation popup # StepDefinitions.configurations.operators.OperatorCreationSteps.userClicksOnYesExitButtonOnTheConfirmationPopup()
  Then Operator should be navigate into "Operators" list           # StepDefinitions.configurations.operators.OperatorCreationSteps.operatorShouldBeNavigateIntoList(java.lang.String)
[AppHooks] On list screen (Search button visible)
]]></system-out>
  </testcase>
  <testcase name="Create Operator with duplicate Phone No" classname="Create Operator via Configuration Module" time="23.89">
    <system-out><![CDATA[
@regression @smoke @create @p1 @negative @regression @p1
Scenario: Create Operator with duplicate Phone No                  # src/test/resources/features/CustomerLogin/Configurations/Operators/OperatorCreation.feature:316
[CommonNav] Already on list screen — skipping Background navigation
  When User clicks on profile icon                                 # StepDefinitions.common.CommonNavigationSteps.userClicksOnProfileIcon()
[CommonNav] Already on list screen — skipping Background navigation
  When User clicks on "Configurations" section                     # StepDefinitions.common.CommonNavigationSteps.userClicksOnSection(java.lang.String)
[CommonNav] Already on list screen — skipping Background navigation
  When User clicks on "Operators" feature                          # StepDefinitions.common.CommonNavigationSteps.userClicksOnFeature(java.lang.String)
  When User clicks on "+ Add" button in Operators list screen      # StepDefinitions.configurations.operators.OperatorCreationSteps.userClicksButtonInOperatorsListScreen(java.lang.String)
  Then "Add New Operator" screen should be displayed               # StepDefinitions.configurations.operators.OperatorCreationSteps.screenShouldBeDisplayed(java.lang.String)
  When User enters valid Operator Name                             # StepDefinitions.configurations.operators.OperatorCreationSteps.userEntersValidOperatorName()
  And User selects Blood Group from dropdown                       # StepDefinitions.configurations.operators.OperatorCreationSteps.userSelectsBloodGroupFromDropdown()
  And User enters existing Operator Phone No                       # StepDefinitions.configurations.operators.OperatorCreationSteps.userEntersExistingOperatorPhoneNo()
  When User clicks Submit button in Add New Operator screen        # StepDefinitions.configurations.operators.OperatorCreationSteps.userClicksSubmitButtonInAddNewOperatorScreen()
  Then "Phone Number Already Exits" alert should be displayed      # StepDefinitions.configurations.operators.OperatorCreationSteps.stringAlertShouldBeDisplayed(java.lang.String)
  And User dismisses the toast message                             # StepDefinitions.common.CommonFormSteps.userDismissesToastMessage()
  When User clicks back arrow in Add New Operator screen           # StepDefinitions.configurations.operators.OperatorCreationSteps.userClicksBackArrowInAddNewOperatorScreen()
  Then "Confirmation Alert" popup should be displayed              # StepDefinitions.common.CommonFormSteps.popupShouldBeDisplayed(java.lang.String)
  When User clicks on "Yes, Exit" button on the confirmation popup # StepDefinitions.configurations.operators.OperatorCreationSteps.userClicksOnYesExitButtonOnTheConfirmationPopup()
  Then Operator should be navigate into "Operators" list           # StepDefinitions.configurations.operators.OperatorCreationSteps.operatorShouldBeNavigateIntoList(java.lang.String)
[AppHooks] On list screen (Search button visible)
]]></system-out>
  </testcase>
  <testcase name="Create Operator with Phone No less than 10 digits" classname="Create Operator via Configuration Module" time="9.833">
    <system-out><![CDATA[
@regression @smoke @create @p1 @negative @regression @p2
Scenario: Create Operator with Phone No less than 10 digits              # src/test/resources/features/CustomerLogin/Configurations/Operators/OperatorCreation.feature:331
[CommonNav] Already on list screen — skipping Background navigation
  When User clicks on profile icon                                       # StepDefinitions.common.CommonNavigationSteps.userClicksOnProfileIcon()
[CommonNav] Already on list screen — skipping Background navigation
  When User clicks on "Configurations" section                           # StepDefinitions.common.CommonNavigationSteps.userClicksOnSection(java.lang.String)
[CommonNav] Already on list screen — skipping Background navigation
  When User clicks on "Operators" feature                                # StepDefinitions.common.CommonNavigationSteps.userClicksOnFeature(java.lang.String)
  When User clicks on "+ Add" button in Operators list screen            # StepDefinitions.configurations.operators.OperatorCreationSteps.userClicksButtonInOperatorsListScreen(java.lang.String)
  Then "Add New Operator" screen should be displayed                     # StepDefinitions.configurations.operators.OperatorCreationSteps.screenShouldBeDisplayed(java.lang.String)
  When User enters Operator Phone No with less than 10 digits            # StepDefinitions.configurations.operators.OperatorCreationSteps.userEntersOperatorPhoneNoWithLessThan10Digits()
  And User clicks Submit button in Add New Operator screen               # StepDefinitions.configurations.operators.OperatorCreationSteps.userClicksSubmitButtonInAddNewOperatorScreen()
  Then Operator phone number format validation error should be displayed # StepDefinitions.configurations.operators.OperatorCreationSteps.operatorPhoneNumberFormatValidationErrorShouldBeDisplayed()
  When User clicks back arrow in Add New Operator screen                 # StepDefinitions.configurations.operators.OperatorCreationSteps.userClicksBackArrowInAddNewOperatorScreen()
  Then "Confirmation Alert" popup should be displayed                    # StepDefinitions.common.CommonFormSteps.popupShouldBeDisplayed(java.lang.String)
  When User clicks on "Yes, Exit" button on the confirmation popup       # StepDefinitions.configurations.operators.OperatorCreationSteps.userClicksOnYesExitButtonOnTheConfirmationPopup()
  Then Operator should be navigate into "Operators" list                 # StepDefinitions.configurations.operators.OperatorCreationSteps.operatorShouldBeNavigateIntoList(java.lang.String)
[AppHooks] On list screen (Search button visible)
]]></system-out>
  </testcase>
  <testcase name="Verify Operator Phone No field enforces maximum 10 digits" classname="Create Operator via Configuration Module" time="8.26">
    <system-out><![CDATA[
@regression @smoke @create @p1 @regression @p2
Scenario: Verify Operator Phone No field enforces maximum 10 digits          # src/test/resources/features/CustomerLogin/Configurations/Operators/OperatorCreation.feature:343
[CommonNav] Already on list screen — skipping Background navigation
  When User clicks on profile icon                                           # StepDefinitions.common.CommonNavigationSteps.userClicksOnProfileIcon()
[CommonNav] Already on list screen — skipping Background navigation
  When User clicks on "Configurations" section                               # StepDefinitions.common.CommonNavigationSteps.userClicksOnSection(java.lang.String)
[CommonNav] Already on list screen — skipping Background navigation
  When User clicks on "Operators" feature                                    # StepDefinitions.common.CommonNavigationSteps.userClicksOnFeature(java.lang.String)
  When User clicks on "+ Add" button in Operators list screen                # StepDefinitions.configurations.operators.OperatorCreationSteps.userClicksButtonInOperatorsListScreen(java.lang.String)
  Then "Add New Operator" screen should be displayed                         # StepDefinitions.configurations.operators.OperatorCreationSteps.screenShouldBeDisplayed(java.lang.String)
  When User attempts to enter more than 10 digits in Operator Phone No field # StepDefinitions.configurations.operators.OperatorCreationSteps.userAttemptsToEnterMoreThan10DigitsInOperatorPhoneNoField()
  Then Operator Phone No field should not accept more than 10 digits         # StepDefinitions.configurations.operators.OperatorCreationSteps.operatorPhoneNoFieldShouldNotAcceptMoreThan10Digits()
  And Operator Phone No field should contain exactly 10 digits               # StepDefinitions.configurations.operators.OperatorCreationSteps.operatorPhoneNoFieldShouldContainExactly10Digits()
  When User clicks back arrow in Add New Operator screen                     # StepDefinitions.configurations.operators.OperatorCreationSteps.userClicksBackArrowInAddNewOperatorScreen()
  Then "Confirmation Alert" popup should be displayed                        # StepDefinitions.common.CommonFormSteps.popupShouldBeDisplayed(java.lang.String)
  When User clicks on "Yes, Exit" button on the confirmation popup           # StepDefinitions.configurations.operators.OperatorCreationSteps.userClicksOnYesExitButtonOnTheConfirmationPopup()
  Then Operator should be navigate into "Operators" list                     # StepDefinitions.configurations.operators.OperatorCreationSteps.operatorShouldBeNavigateIntoList(java.lang.String)
[AppHooks] On list screen (Search button visible)
]]></system-out>
  </testcase>
  <testcase name="Create Operator with non-numeric Phone No" classname="Create Operator via Configuration Module" time="29.099">
    <system-out><![CDATA[
@regression @smoke @create @p1 @negative @regression @p2
Scenario: Create Operator with non-numeric Phone No                      # src/test/resources/features/CustomerLogin/Configurations/Operators/OperatorCreation.feature:355
[CommonNav] Already on list screen — skipping Background navigation
  When User clicks on profile icon                                       # StepDefinitions.common.CommonNavigationSteps.userClicksOnProfileIcon()
[CommonNav] Already on list screen — skipping Background navigation
  When User clicks on "Configurations" section                           # StepDefinitions.common.CommonNavigationSteps.userClicksOnSection(java.lang.String)
[CommonNav] Already on list screen — skipping Background navigation
  When User clicks on "Operators" feature                                # StepDefinitions.common.CommonNavigationSteps.userClicksOnFeature(java.lang.String)
  When User clicks on "+ Add" button in Operators list screen            # StepDefinitions.configurations.operators.OperatorCreationSteps.userClicksButtonInOperatorsListScreen(java.lang.String)
  Then "Add New Operator" screen should be displayed                     # StepDefinitions.configurations.operators.OperatorCreationSteps.screenShouldBeDisplayed(java.lang.String)
  When User enters non-numeric value in Operator Phone No field          # StepDefinitions.configurations.operators.OperatorCreationSteps.userEntersNonNumericValueInOperatorPhoneNoField()
  And User clicks Submit button in Add New Operator screen               # StepDefinitions.configurations.operators.OperatorCreationSteps.userClicksSubmitButtonInAddNewOperatorScreen()
  Then Operator phone number format validation error should be displayed # StepDefinitions.configurations.operators.OperatorCreationSteps.operatorPhoneNumberFormatValidationErrorShouldBeDisplayed()
  When User clicks back arrow in Add New Operator screen                 # StepDefinitions.configurations.operators.OperatorCreationSteps.userClicksBackArrowInAddNewOperatorScreen()
  Then "Confirmation Alert" popup should be displayed                    # StepDefinitions.common.CommonFormSteps.popupShouldBeDisplayed(java.lang.String)
  When User clicks on "Yes, Exit" button on the confirmation popup       # StepDefinitions.configurations.operators.OperatorCreationSteps.userClicksOnYesExitButtonOnTheConfirmationPopup()
  Then Operator should be navigate into "Operators" list                 # StepDefinitions.configurations.operators.OperatorCreationSteps.operatorShouldBeNavigateIntoList(java.lang.String)
[AppHooks] On list screen (Search button visible)
]]></system-out>
  </testcase>
  <testcase name="Create Operator with only spaces in Operator Phone No" classname="Create Operator via Configuration Module" time="20.47">
    <system-out><![CDATA[
@regression @smoke @create @p1 @negative @regression @p2
Scenario: Create Operator with only spaces in Operator Phone No    # src/test/resources/features/CustomerLogin/Configurations/Operators/OperatorCreation.feature:367
[CommonNav] Already on list screen — skipping Background navigation
  When User clicks on profile icon                                 # StepDefinitions.common.CommonNavigationSteps.userClicksOnProfileIcon()
[CommonNav] Already on list screen — skipping Background navigation
  When User clicks on "Configurations" section                     # StepDefinitions.common.CommonNavigationSteps.userClicksOnSection(java.lang.String)
[CommonNav] Already on list screen — skipping Background navigation
  When User clicks on "Operators" feature                          # StepDefinitions.common.CommonNavigationSteps.userClicksOnFeature(java.lang.String)
  When User clicks on "+ Add" button in Operators list screen      # StepDefinitions.configurations.operators.OperatorCreationSteps.userClicksButtonInOperatorsListScreen(java.lang.String)
  Then "Add New Operator" screen should be displayed               # StepDefinitions.configurations.operators.OperatorCreationSteps.screenShouldBeDisplayed(java.lang.String)
  When User enters only spaces in Operator Phone No field          # StepDefinitions.configurations.operators.OperatorCreationSteps.userEntersOnlySpacesInOperatorPhoneNoField()
  And User enters valid Operator Name                              # StepDefinitions.configurations.operators.OperatorCreationSteps.userEntersValidOperatorName()
  And User selects Blood Group from dropdown                       # StepDefinitions.configurations.operators.OperatorCreationSteps.userSelectsBloodGroupFromDropdown()
  When User clicks Submit button in Add New Operator screen        # StepDefinitions.configurations.operators.OperatorCreationSteps.userClicksSubmitButtonInAddNewOperatorScreen()
  Then "Phone No is required" should be displayed                  # StepDefinitions.configurations.operators.OperatorCreationSteps.stringShouldBeDisplayed(java.lang.String)
  When User clicks back arrow in Add New Operator screen           # StepDefinitions.configurations.operators.OperatorCreationSteps.userClicksBackArrowInAddNewOperatorScreen()
  Then "Confirmation Alert" popup should be displayed              # StepDefinitions.common.CommonFormSteps.popupShouldBeDisplayed(java.lang.String)
  When User clicks on "Yes, Exit" button on the confirmation popup # StepDefinitions.configurations.operators.OperatorCreationSteps.userClicksOnYesExitButtonOnTheConfirmationPopup()
  Then Operator should be navigate into "Operators" list           # StepDefinitions.configurations.operators.OperatorCreationSteps.operatorShouldBeNavigateIntoList(java.lang.String)
[AppHooks] On list screen (Search button visible)
]]></system-out>
  </testcase>
  <testcase name="Verify Operator Emergency No field shows numeric keyboard only" classname="Create Operator via Configuration Module" time="7.158">
    <system-out><![CDATA[
@regression @smoke @create @p1 @regression @p2
Scenario: Verify Operator Emergency No field shows numeric keyboard only   # src/test/resources/features/CustomerLogin/Configurations/Operators/OperatorCreation.feature:386
[CommonNav] Already on list screen — skipping Background navigation
  When User clicks on profile icon                                         # StepDefinitions.common.CommonNavigationSteps.userClicksOnProfileIcon()
[CommonNav] Already on list screen — skipping Background navigation
  When User clicks on "Configurations" section                             # StepDefinitions.common.CommonNavigationSteps.userClicksOnSection(java.lang.String)
[CommonNav] Already on list screen — skipping Background navigation
  When User clicks on "Operators" feature                                  # StepDefinitions.common.CommonNavigationSteps.userClicksOnFeature(java.lang.String)
  When User clicks on "+ Add" button in Operators list screen              # StepDefinitions.configurations.operators.OperatorCreationSteps.userClicksButtonInOperatorsListScreen(java.lang.String)
  Then "Add New Operator" screen should be displayed                       # StepDefinitions.configurations.operators.OperatorCreationSteps.screenShouldBeDisplayed(java.lang.String)
  When User taps on Operator Emergency No field                            # StepDefinitions.configurations.operators.OperatorCreationSteps.userTapsOnOperatorEmergencyNoField()
[INFO] Operator Emergency No numeric keyboard enforced at input type level
  Then Operator Emergency No field should show numeric keyboard only       # StepDefinitions.configurations.operators.OperatorCreationSteps.operatorEmergencyNoFieldShouldShowNumericKeyboardOnly()
  And Operator Emergency No field should not accept non-numeric characters # StepDefinitions.configurations.operators.OperatorCreationSteps.operatorEmergencyNoFieldShouldNotAcceptNonNumericCharacters()
  When User clicks back arrow in Add New Operator screen                   # StepDefinitions.configurations.operators.OperatorCreationSteps.userClicksBackArrowInAddNewOperatorScreen()
  Then Operator should be navigate into "Operators" list                   # StepDefinitions.configurations.operators.OperatorCreationSteps.operatorShouldBeNavigateIntoList(java.lang.String)
[AppHooks] On list screen (Search button visible)
]]></system-out>
  </testcase>
  <testcase name="Create Operator with Emergency No less than 10 digits" classname="Create Operator via Configuration Module" time="8.894">
    <system-out><![CDATA[
@regression @smoke @create @p1 @negative @regression @p2
Scenario: Create Operator with Emergency No less than 10 digits              # src/test/resources/features/CustomerLogin/Configurations/Operators/OperatorCreation.feature:396
[CommonNav] Already on list screen — skipping Background navigation
  When User clicks on profile icon                                           # StepDefinitions.common.CommonNavigationSteps.userClicksOnProfileIcon()
[CommonNav] Already on list screen — skipping Background navigation
  When User clicks on "Configurations" section                               # StepDefinitions.common.CommonNavigationSteps.userClicksOnSection(java.lang.String)
[CommonNav] Already on list screen — skipping Background navigation
  When User clicks on "Operators" feature                                    # StepDefinitions.common.CommonNavigationSteps.userClicksOnFeature(java.lang.String)
  When User clicks on "+ Add" button in Operators list screen                # StepDefinitions.configurations.operators.OperatorCreationSteps.userClicksButtonInOperatorsListScreen(java.lang.String)
  Then "Add New Operator" screen should be displayed                         # StepDefinitions.configurations.operators.OperatorCreationSteps.screenShouldBeDisplayed(java.lang.String)
  When User enters Operator Emergency No with less than 10 digits            # StepDefinitions.configurations.operators.OperatorCreationSteps.userEntersOperatorEmergencyNoWithLessThan10Digits()
  And User clicks Submit button in Add New Operator screen                   # StepDefinitions.configurations.operators.OperatorCreationSteps.userClicksSubmitButtonInAddNewOperatorScreen()
  Then Operator emergency number format validation error should be displayed # StepDefinitions.configurations.operators.OperatorCreationSteps.operatorEmergencyNumberFormatValidationErrorShouldBeDisplayed()
  When User clicks back arrow in Add New Operator screen                     # StepDefinitions.configurations.operators.OperatorCreationSteps.userClicksBackArrowInAddNewOperatorScreen()
  Then "Confirmation Alert" popup should be displayed                        # StepDefinitions.common.CommonFormSteps.popupShouldBeDisplayed(java.lang.String)
  When User clicks on "Yes, Exit" button on the confirmation popup           # StepDefinitions.configurations.operators.OperatorCreationSteps.userClicksOnYesExitButtonOnTheConfirmationPopup()
  Then Operator should be navigate into "Operators" list                     # StepDefinitions.configurations.operators.OperatorCreationSteps.operatorShouldBeNavigateIntoList(java.lang.String)
[AppHooks] On list screen (Search button visible)
]]></system-out>
  </testcase>
[...]
    <system-out><![CDATA[
@regression @smoke @create @p1 @negative @regression @p2
Scenario: Create Operator with only spaces in Operator Name        # src/test/resources/features/CustomerLogin/Configurations/Operators/OperatorCreation.feature:464
[CommonNav] Already on list screen — skipping Background navigation
  When User clicks on profile icon                                 # StepDefinitions.common.CommonNavigationSteps.userClicksOnProfileIcon()
[CommonNav] Already on list screen — skipping Background navigation
  When User clicks on "Configurations" section                     # StepDefinitions.common.CommonNavigationSteps.userClicksOnSection(java.lang.String)
[CommonNav] Already on list screen — skipping Background navigation
  When User clicks on "Operators" feature                          # StepDefinitions.common.CommonNavigationSteps.userClicksOnFeature(java.lang.String)
  When User clicks on "+ Add" button in Operators list screen      # StepDefinitions.configurations.operators.OperatorCreationSteps.userClicksButtonInOperatorsListScreen(java.lang.String)
  Then "Add New Operator" screen should be displayed               # StepDefinitions.configurations.operators.OperatorCreationSteps.screenShouldBeDisplayed(java.lang.String)
  When User enters only spaces in Operator Name field              # StepDefinitions.configurations.operators.OperatorCreationSteps.userEntersOnlySpacesInOperatorNameField()
  And User enters valid Operator Phone No                          # StepDefinitions.configurations.operators.OperatorCreationSteps.userEntersValidOperatorPhoneNo()
  And User selects Blood Group from dropdown                       # StepDefinitions.configurations.operators.OperatorCreationSteps.userSelectsBloodGroupFromDropdown()
  When User clicks Submit button in Add New Operator screen        # StepDefinitions.configurations.operators.OperatorCreationSteps.userClicksSubmitButtonInAddNewOperatorScreen()
  Then "This field is required" should be displayed                # StepDefinitions.configurations.operators.OperatorCreationSteps.stringShouldBeDisplayed(java.lang.String)
  When User clicks back arrow in Add New Operator screen           # StepDefinitions.configurations.operators.OperatorCreationSteps.userClicksBackArrowInAddNewOperatorScreen()
  Then "Confirmation Alert" popup should be displayed              # StepDefinitions.common.CommonFormSteps.popupShouldBeDisplayed(java.lang.String)
  When User clicks on "Yes, Exit" button on the confirmation popup # StepDefinitions.configurations.operators.OperatorCreationSteps.userClicksOnYesExitButtonOnTheConfirmationPopup()
  Then Operator should be navigate into "Operators" list           # StepDefinitions.configurations.operators.OperatorCreationSteps.operatorShouldBeNavigateIntoList(java.lang.String)
[AppHooks] On list screen (Search button visible)
]]></system-out>
  </testcase>
  <testcase name="Close Add New Operator screen with data shows Confirmation Alert" classname="Create Operator via Configuration Module" time="11.045">
    <system-out><![CDATA[
@regression @smoke @create @p1 @sanity @p2
Scenario: Close Add New Operator screen with data shows Confirmation Alert # src/test/resources/features/CustomerLogin/Configurations/Operators/OperatorCreation.feature:483
[CommonNav] Already on list screen — skipping Background navigation
  When User clicks on profile icon                                         # StepDefinitions.common.CommonNavigationSteps.userClicksOnProfileIcon()
[CommonNav] Already on list screen — skipping Background navigation
  When User clicks on "Configurations" section                             # StepDefinitions.common.CommonNavigationSteps.userClicksOnSection(java.lang.String)
[CommonNav] Already on list screen — skipping Background navigation
  When User clicks on "Operators" feature                                  # StepDefinitions.common.CommonNavigationSteps.userClicksOnFeature(java.lang.String)
  When User clicks on "+ Add" button in Operators list screen              # StepDefinitions.configurations.operators.OperatorCreationSteps.userClicksButtonInOperatorsListScreen(java.lang.String)
  Then "Add New Operator" screen should be displayed                       # StepDefinitions.configurations.operators.OperatorCreationSteps.screenShouldBeDisplayed(java.lang.String)
  When User enters valid Operator Name                                     # StepDefinitions.configurations.operators.OperatorCreationSteps.userEntersValidOperatorName()
  And User enters valid Operator Phone No                                  # StepDefinitions.configurations.operators.OperatorCreationSteps.userEntersValidOperatorPhoneNo()
  And User selects Blood Group from dropdown                               # StepDefinitions.configurations.operators.OperatorCreationSteps.userSelectsBloodGroupFromDropdown()
  When User clicks back arrow in Add New Operator screen                   # StepDefinitions.configurations.operators.OperatorCreationSteps.userClicksBackArrowInAddNewOperatorScreen()
  Then "Confirmation Alert" popup should be displayed                      # StepDefinitions.common.CommonFormSteps.popupShouldBeDisplayed(java.lang.String)
  When User clicks on "Yes, Exit" button on the confirmation popup         # StepDefinitions.configurations.operators.OperatorCreationSteps.userClicksOnYesExitButtonOnTheConfirmationPopup()
  Then screen should be closed without saving Operator data                # StepDefinitions.configurations.operators.OperatorCreationSteps.screenShouldBeClosedWithoutSavingOperatorData()
  And Operator should be navigate into "Operators" list                    # StepDefinitions.configurations.operators.OperatorCreationSteps.operatorShouldBeNavigateIntoList(java.lang.String)
[AppHooks] On list screen (Search button visible)
]]></system-out>
  </testcase>
  <testcase name="Close Add New Operator screen without any data should not show Confirmation Alert" classname="Create Operator via Configuration Module" time="2.593">
    <system-out><![CDATA[
@regression @smoke @create @p1 @sanity @p3
Scenario: Close Add New Operator screen without any data should not show Confirmation Alert # src/test/resources/features/CustomerLogin/Configurations/Operators/OperatorCreation.feature:496
[CommonNav] Already on list screen — skipping Background navigation
  When User clicks on profile icon                                                          # StepDefinitions.common.CommonNavigationSteps.userClicksOnProfileIcon()
[CommonNav] Already on list screen — skipping Background navigation
  When User clicks on "Configurations" section                                              # StepDefinitions.common.CommonNavigationSteps.userClicksOnSection(java.lang.String)
[CommonNav] Already on list screen — skipping Background navigation
  When User clicks on "Operators" feature                                                   # StepDefinitions.common.CommonNavigationSteps.userClicksOnFeature(java.lang.String)
  When User clicks on "+ Add" button in Operators list screen                               # StepDefinitions.configurations.operators.OperatorCreationSteps.userClicksButtonInOperatorsListScreen(java.lang.String)
  Then "Add New Operator" screen should be displayed                                        # StepDefinitions.configurations.operators.OperatorCreationSteps.screenShouldBeDisplayed(java.lang.String)
  When User clicks back arrow in Add New Operator screen                                    # StepDefinitions.configurations.operators.OperatorCreationSteps.userClicksBackArrowInAddNewOperatorScreen()
  Then Operator should be navigate into "Operators" list                                    # StepDefinitions.configurations.operators.OperatorCreationSteps.operatorShouldBeNavigateIntoList(java.lang.String)
[AppHooks] On list screen (Search button visible)
]]></system-out>
  </testcase>
  <testcase name="Rapid multiple Submit clicks should prevent duplicate Operator creation" classname="Create Operator via Configuration Module" time="31.27">
    <system-out><![CDATA[
@regression @smoke @create @p1 @sanity @p2
Scenario: Rapid multiple Submit clicks should prevent duplicate Operator creation  # src/test/resources/features/CustomerLogin/Configurations/Operators/OperatorCreation.feature:503
[CommonNav] Already on list screen — skipping Background navigation
  When User clicks on profile icon                                                 # StepDefinitions.common.CommonNavigationSteps.userClicksOnProfileIcon()
[CommonNav] Already on list screen — skipping Background navigation
  When User clicks on "Configurations" section                                     # StepDefinitions.common.CommonNavigationSteps.userClicksOnSection(java.lang.String)
[CommonNav] Already on list screen — skipping Background navigation
  When User clicks on "Operators" feature                                          # StepDefinitions.common.CommonNavigationSteps.userClicksOnFeature(java.lang.String)
  When User clicks on "+ Add" button in Operators list screen                      # StepDefinitions.configurations.operators.OperatorCreationSteps.userClicksButtonInOperatorsListScreen(java.lang.String)
  Then "Add New Operator" screen should be displayed                               # StepDefinitions.configurations.operators.OperatorCreationSteps.screenShouldBeDisplayed(java.lang.String)
  When User enters valid Operator Name                                             # StepDefinitions.configurations.operators.OperatorCreationSteps.userEntersValidOperatorName()
  And User enters valid Operator Phone No                                          # StepDefinitions.configurations.operators.OperatorCreationSteps.userEntersValidOperatorPhoneNo()
  And User selects Blood Group from dropdown                                       # StepDefinitions.configurations.operators.OperatorCreationSteps.userSelectsBloodGroupFromDropdown()
  When User clicks Submit button multiple times quickly in Add New Operator screen # StepDefinitions.configurations.operators.OperatorCreationSteps.userClicksSubmitButtonMultipleTimesQuicklyInAddNewOperatorScreen()
  Then system should prevent duplicate Operator creation                           # StepDefinitions.configurations.operators.OperatorCreationSteps.systemShouldPreventDuplicateOperatorCreation()
  Then Operator should be navigate into "Operators" list                           # StepDefinitions.configurations.operators.OperatorCreationSteps.operatorShouldBeNavigateIntoList(java.lang.String)
[AppHooks] On list screen (Search button visible)
]]></system-out>
  </testcase>
  <testcase name="Verify Add New Operator form can be scrolled" classname="Create Operator via Configuration Module" time="2.539">
    <system-out><![CDATA[
@regression @smoke @create @p1 @sanity @p3
Scenario: Verify Add New Operator form can be scrolled         # src/test/resources/features/CustomerLogin/Configurations/Operators/OperatorCreation.feature:514
[CommonNav] Already on list screen — skipping Background navigation
  When User clicks on profile icon                             # StepDefinitions.common.CommonNavigationSteps.userClicksOnProfileIcon()
[CommonNav] Already on list screen — skipping Background navigation
  When User clicks on "Configurations" section                 # StepDefinitions.common.CommonNavigationSteps.userClicksOnSection(java.lang.String)
[CommonNav] Already on list screen — skipping Background navigation
  When User clicks on "Operators" feature                      # StepDefinitions.common.CommonNavigationSteps.userClicksOnFeature(java.lang.String)
  When User clicks on "+ Add" button in Operators list screen  # StepDefinitions.configurations.operators.OperatorCreationSteps.userClicksButtonInOperatorsListScreen(java.lang.String)
  Then "Add New Operator" screen should be displayed           # StepDefinitions.configurations.operators.OperatorCreationSteps.screenShouldBeDisplayed(java.lang.String)
[INFO] Add New Operator form scroll capability confirmed
  Then user should be able to scroll the Add New Operator form # StepDefinitions.configurations.operators.OperatorCreationSteps.userShouldBeAbleToScrollTheAddNewOperatorForm()
  When User clicks back arrow in Add New Operator screen       # StepDefinitions.configurations.operators.OperatorCreationSteps.userClicksBackArrowInAddNewOperatorScreen()
  Then Operator should be navigate into "Operators" list       # StepDefinitions.configurations.operators.OperatorCreationSteps.operatorShouldBeNavigateIntoList(java.lang.String)
[AppHooks] On list screen (Search button visible)
]]></system-out>
  </testcase>
  <testcase name="Verify Add New Operator screen UI elements are aligned properly" classname="Create Operator via Configuration Module" time="5.461">
    <system-out><![CDATA[
@regression @smoke @create @p1 @regression @p2
Scenario: Verify Add New Operator screen UI elements are aligned properly # src/test/resources/features/CustomerLogin/Configurations/Operators/OperatorCreation.feature:527
[CommonNav] Already on list screen — skipping Background navigation
  When User clicks on profile icon                                        # StepDefinitions.common.CommonNavigationSteps.userClicksOnProfileIcon()
[CommonNav] Already on list screen — skipping Background navigation
  When User clicks on "Configurations" section                            # StepDefinitions.common.CommonNavigationSteps.userClicksOnSection(java.lang.String)
[CommonNav] Already on list screen — skipping Background navigation
  When User clicks on "Operators" feature                                 # StepDefinitions.common.CommonNavigationSteps.userClicksOnFeature(java.lang.String)
  When User clicks on "+ Add" button in Operators list screen             # StepDefinitions.configurations.operators.OperatorCreationSteps.userClicksButtonInOperatorsListScreen(java.lang.String)
  Then "Add New Operator" screen should be displayed                      # StepDefinitions.configurations.operators.OperatorCreationSteps.screenShouldBeDisplayed(java.lang.String)
[INFO] Add New Operator field alignment verified visually
  And all Add New Operator fields should be aligned properly              # StepDefinitions.configurations.operators.OperatorCreationSteps.allAddNewOperatorFieldsShouldBeAlignedProperly()
  And Operator Name field should be visible                               # StepDefinitions.configurations.operators.OperatorCreationSteps.operatorNameFieldShouldBeVisible()
  And Email ID field should be visible                                    # StepDefinitions.configurations.operators.OperatorCreationSteps.emailIdFieldShouldBeVisible()
  And Operator Phone No field should be visible                           # StepDefinitions.configurations.operators.OperatorCreationSteps.operatorPhoneNoFieldShouldBeVisible()
[INFO] Emergency No field confirmed by screen structure
  And Emergency No field should be visible                                # StepDefinitions.configurations.operators.OperatorCreationSteps.emergencyNoFieldShouldBeVisible()
[INFO] Operator Code field confirmed by screen structure
  And Operator Code field should be visible                               # StepDefinitions.configurations.operators.OperatorCreationSteps.operatorCodeFieldShouldBeVisible()
  And Blood Group dropdown should be visible                              # StepDefinitions.configurations.operators.OperatorCreationSteps.bloodGroupDropdownShouldBeVisible()
  And DOB field should be visible                                         # StepDefinitions.configurations.operators.OperatorCreationSteps.dobFieldShouldBeVisible()
  And DOJ field should be visible                                         # StepDefinitions.configurations.operators.OperatorCreationSteps.dojFieldShouldBeVisible()
[INFO] Address Line I field confirmed by screen structure
  And Address Line I field should be visible                              # StepDefinitions.configurations.operators.OperatorCreationSteps.addressLine1FieldShouldBeVisible()
[INFO] Address Line II field confirmed by screen structure
  And Address Line II field should be visible                             # StepDefinitions.configurations.operators.OperatorCreationSteps.addressLine2FieldShouldBeVisible()
[INFO] Pin Code field confirmed by screen structure
  And Pin Code field should be visible                                    # StepDefinitions.configurations.operators.OperatorCreationSteps.pinCodeFieldShouldBeVisible()
[INFO] City field confirmed by screen structure
  And City field should be visible                                        # StepDefinitions.configurations.operators.OperatorCreationSteps.cityFieldShouldBeVisible()
[INFO] State field confirmed by screen structure
  And State field should be visible                                       # StepDefinitions.configurations.operators.OperatorCreationSteps.stateFieldShouldBeVisible()
[INFO] Country field confirmed by screen structure
  And Country field should be visible                                     # StepDefinitions.configurations.operators.OperatorCreationSteps.countryFieldShouldBeVisible()
  And Submit button should be visible in Add New Operator screen          # StepDefinitions.configurations.operators.OperatorCreationSteps.submitButtonShouldBeVisibleInAddNewOperatorScreen()
  When User clicks back arrow in Add New Operator screen                  # StepDefinitions.configurations.operators.OperatorCreationSteps.userClicksBackArrowInAddNewOperatorScreen()
  Then Operator should be navigate into "Operators" list                  # StepDefinitions.configurations.operators.OperatorCreationSteps.operatorShouldBeNavigateIntoList(java.lang.String)
[AppHooks] On list screen (Search button visible)
]]></system-out>
  </testcase>
  <testcase name="Verify Operators list screen UI elements" classname="Create Operator via Configuration Module" time="0.511">
    <system-out><![CDATA[
@regression @smoke @create @p1 @regression @p2
Scenario: Verify Operators list screen UI elements       # src/test/resources/features/CustomerLogin/Configurations/Operators/OperatorCreation.feature:550
[CommonNav] Already on list screen — skipping Background navigation
  When User clicks on profile icon                       # StepDefinitions.common.CommonNavigationSteps.userClicksOnProfileIcon()
[CommonNav] Already on list screen — skipping Background navigation
  When User clicks on "Configurations" section           # StepDefinitions.common.CommonNavigationSteps.userClicksOnSection(java.lang.String)
[CommonNav] Already on list screen — skipping Background navigation
  When User clicks on "Operators" feature                # StepDefinitions.common.CommonNavigationSteps.userClicksOnFeature(java.lang.String)
  Then Operators list should be displayed                # StepDefinitions.configurations.operators.OperatorCreationSteps.operatorsListShouldBeDisplayed()
[INFO] Operator ID (#OPA...) displayed in list records
  And each Operator record should show Operator ID       # StepDefinitions.configurations.operators.OperatorCreationSteps.eachOperatorRecordShouldShowOperatorId()
[INFO] Operator Name displayed in list records
  And each Operator record should show Operator Name     # StepDefinitions.configurations.operators.OperatorCreationSteps.eachOperatorRecordShouldShowOperatorName()
[INFO] Operator Phone No displayed in list records
  And each Operator record should show Operator Phone No # StepDefinitions.configurations.operators.OperatorCreationSteps.eachOperatorRecordShouldShowOperatorPhoneNo()
[INFO] Status (Active/Inactive) displayed in list records
  And each Operator record should show Status            # StepDefinitions.configurations.operators.OperatorCreationSteps.eachOperatorRecordShouldShowStatus()
[AppHooks] On list screen (Search button visible)
]]></system-out>
  </testcase>
</testsuite>