<?xml version="1.0" encoding="UTF-8"?>
<testsuite xmlns:xsi="http://www.w3.org/2001/XMLSchema-instance" xsi:noNamespaceSchemaLocation="https://maven.apache.org/surefire/maven-surefire-plugin/xsd/surefire-test-report-3.0.xsd" version="3.0" name="testRunner.UserCreationRunner" time="1049.55" tests="48" errors="0" skipped="0" failures="0">
  <properties>
[...]
</properties>
  <testcase name="Verify onboarding screens and navigate to login" classname="Login Functionality" time="13.247">
    <system-out><![CDATA[✅ Driver initialized successfully

Scenario: Verify onboarding screens and navigate to login          # src/test/resources/features/CustomerLogin/01_Login.feature:5
  Given the app is launched                                        # StepDefinitions.configurations.login.LoginSteps.the_app_is_launched()
  And Verify the "Digitization" screen is displayed                # StepDefinitions.configurations.login.LoginSteps.verify_the_screen_is_displayed(java.lang.String)
  When the user clicks on Next                                     # StepDefinitions.configurations.login.LoginSteps.the_user_clicks_on_next()
  Then Verify the "World of Machines" screen should be displayed   # StepDefinitions.configurations.login.LoginSteps.verify_the_screen_should_be_displayed(java.lang.String)
  When the user clicks on Next again                               # StepDefinitions.configurations.login.LoginSteps.the_user_clicks_on_next_again()
  Then Verify the "Accelerating Growth" screen should displayed    # StepDefinitions.configurations.login.LoginSteps.verify_the_screen_should_displayed(java.lang.String)
  When the user clicks on Finish                                   # StepDefinitions.configurations.login.LoginSteps.the_user_clicks_on_finish()
  Then Verify the "Login to Your Account" screen should be visible # StepDefinitions.configurations.login.LoginSteps.verify_the_screen_should_be_visible(java.lang.String)
  When the user double taps on the APMS AI footer if needed        # StepDefinitions.configurations.login.LoginSteps.the_user_double_taps_on_the_apms_ai_footer_if_needed()
[AppHooks] On login screen — stopping
]]></system-out>
  </testcase>
  <testcase name="Verify user is able to login successfully" classname="Login Functionality" time="10.496">
    <system-out><![CDATA[
Scenario: Verify user is able to login successfully     # src/test/resources/features/CustomerLogin/01_Login.feature:69
  Given the user is on the login screen                 # StepDefinitions.configurations.login.LoginSteps.the_user_is_on_the_login_screen()
  When the user enters email "anilkumar.m@apms.ai"      # StepDefinitions.configurations.login.LoginSteps.the_user_enters_email(java.lang.String)
  And the user enters password "1234"                   # StepDefinitions.configurations.login.LoginSteps.the_user_enters_password(java.lang.String)
  And the user clicks on Login                          # StepDefinitions.configurations.login.LoginSteps.the_user_clicks_on_login()
  Then Verify the user should be logged in successfully # StepDefinitions.configurations.login.LoginSteps.verify_the_user_should_be_logged_in_successfully()
[AppHooks] On Dashboard — stopping
]]></system-out>
  </testcase>
  <testcase name="Navigate to Users list screen" classname="Create User via Configuration Module" time="8.427">
    <system-out><![CDATA[
@regression @smoke @create @p1 @smoke @p1
Scenario: Navigate to Users list screen                          # src/test/resources/features/CustomerLogin/Configurations/Users/UserCreation.feature:18
  When User clicks on profile icon                               # StepDefinitions.common.CommonNavigationSteps.userClicksOnProfileIcon()
  When User clicks on "Configurations" section                   # StepDefinitions.common.CommonNavigationSteps.userClicksOnSection(java.lang.String)
  When User clicks on "Users" feature                            # StepDefinitions.common.CommonNavigationSteps.userClicksOnFeature(java.lang.String)
[CommonNav] Already on list screen — skipping Background navigation
  When User clicks on profile icon                               # StepDefinitions.common.CommonNavigationSteps.userClicksOnProfileIcon()
[CommonNav] Already on list screen — skipping Background navigation
  Then verify that the "Account Preferences" screen is displayed # StepDefinitions.common.CommonNavigationSteps.verifyScreenIsDisplayed(java.lang.String)
[CommonNav] Already on list screen — skipping Background navigation
  When User clicks on "Configurations" section                   # StepDefinitions.common.CommonNavigationSteps.userClicksOnSection(java.lang.String)
[CommonNav] Already on list screen — skipping Background navigation
  Then verify the "User" section is displayed                    # StepDefinitions.common.CommonNavigationSteps.verifySectionIsDisplayed(java.lang.String)
[CommonNav] Already on list screen — skipping Background navigation
  When User clicks on "Users" feature                            # StepDefinitions.common.CommonNavigationSteps.userClicksOnFeature(java.lang.String)
[CommonNav] Already on list screen — skipping Background navigation
  Then verify user navigates to "Users" list screen              # StepDefinitions.common.CommonNavigationSteps.verifyUserNavigatesToListScreen(java.lang.String)
  Then Users list should be displayed                            # StepDefinitions.configurations.users.UserCreationSteps.usersListShouldBeDisplayed()
  And Add "+" button should be visible in Users list             # StepDefinitions.configurations.users.UserCreationSteps.addButtonShouldBeVisibleInUsersList()
[AppHooks] On list screen (Search button visible)
]]></system-out>
  </testcase>
  <testcase name="Open Add New User screen and verify all fields" classname="Create User via Configuration Module" time="8.357">
    <system-out><![CDATA[
@regression @smoke @create @p1 @smoke @p1
Scenario: Open Add New User screen and verify all fields     # src/test/resources/features/CustomerLogin/Configurations/Users/UserCreation.feature:34
[CommonNav] Already on list screen — skipping Background navigation
  When User clicks on profile icon                           # StepDefinitions.common.CommonNavigationSteps.userClicksOnProfileIcon()
[CommonNav] Already on list screen — skipping Background navigation
  When User clicks on "Configurations" section               # StepDefinitions.common.CommonNavigationSteps.userClicksOnSection(java.lang.String)
[CommonNav] Already on list screen — skipping Background navigation
  When User clicks on "Users" feature                        # StepDefinitions.common.CommonNavigationSteps.userClicksOnFeature(java.lang.String)
  When User clicks on "+ Add" button in Users list screen    # StepDefinitions.configurations.users.UserCreationSteps.userClicksButtonInUsersListScreen(java.lang.String)
  Then "Add New User" screen should be displayed             # StepDefinitions.configurations.users.UserCreationSteps.screenShouldBeDisplayed(java.lang.String)
  And User Name field should be visible                      # StepDefinitions.configurations.users.UserCreationSteps.userNameFieldShouldBeVisible()
  And Email ID field should be visible                       # StepDefinitions.configurations.users.UserCreationSteps.emailIdFieldShouldBeVisible()
  And Phone No field should be visible                       # StepDefinitions.configurations.users.UserCreationSteps.phoneNoFieldShouldBeVisible()
[INFO] Emergency No field confirmed by screen structure
  And Emergency No field should be visible                   # StepDefinitions.configurations.users.UserCreationSteps.emergencyNoFieldShouldBeVisible()
[INFO] Emp Code field confirmed by screen structure
  And Emp Code field should be visible                       # StepDefinitions.configurations.users.UserCreationSteps.empCodeFieldShouldBeVisible()
  And Blood Group dropdown should be visible                 # StepDefinitions.configurations.users.UserCreationSteps.bloodGroupDropdownShouldBeVisible()
  And DOB field should be visible                            # StepDefinitions.configurations.users.UserCreationSteps.dobFieldShouldBeVisible()
  And DOJ field should be visible                            # StepDefinitions.configurations.users.UserCreationSteps.dojFieldShouldBeVisible()
[INFO] Address Line I field confirmed by screen structure
  And Address Line I field should be visible                 # StepDefinitions.configurations.users.UserCreationSteps.addressLine1FieldShouldBeVisible()
[INFO] Address Line II field confirmed by screen structure
  And Address Line II field should be visible                # StepDefinitions.configurations.users.UserCreationSteps.addressLine2FieldShouldBeVisible()
[INFO] Pin Code field confirmed by screen structure
  And Pin Code field should be visible                       # StepDefinitions.configurations.users.UserCreationSteps.pinCodeFieldShouldBeVisible()
[INFO] City field confirmed by screen structure
  And City field should be visible                           # StepDefinitions.configurations.users.UserCreationSteps.cityFieldShouldBeVisible()
[INFO] State field confirmed by screen structure
  And State field should be visible                          # StepDefinitions.configurations.users.UserCreationSteps.stateFieldShouldBeVisible()
[INFO] Country field confirmed by screen structure
  And Country field should be visible                        # StepDefinitions.configurations.users.UserCreationSteps.countryFieldShouldBeVisible()
  And Roles dropdown should be visible                       # StepDefinitions.configurations.users.UserCreationSteps.rolesDropdownShouldBeVisible()
  And Teams field should be visible                          # StepDefinitions.configurations.users.UserCreationSteps.teamsFieldShouldBeVisible()
  And Submit button should be visible in Add New User screen # StepDefinitions.configurations.users.UserCreationSteps.submitButtonShouldBeVisibleInAddNewUserScreen()
  When User clicks back arrow in Add New User screen         # StepDefinitions.configurations.users.UserCreationSteps.userClicksBackArrowInAddNewUserScreen()
  Then User should be navigate into "Users" list             # StepDefinitions.configurations.users.UserCreationSteps.userShouldBeNavigateIntoList(java.lang.String)
[AppHooks] On list screen (Search button visible)
]]></system-out>
  </testcase>
  <testcase name="Create User with mandatory fields only" classname="Create User via Configuration Module" time="39.026">
    <system-out><![CDATA[
@regression @smoke @create @p1 @smoke @regression @p1
Scenario: Create User with mandatory fields only                # src/test/resources/features/CustomerLogin/Configurations/Users/UserCreation.feature:63
[CommonNav] Already on list screen — skipping Background navigation
  When User clicks on profile icon                              # StepDefinitions.common.CommonNavigationSteps.userClicksOnProfileIcon()
[CommonNav] Already on list screen — skipping Background navigation
  When User clicks on "Configurations" section                  # StepDefinitions.common.CommonNavigationSteps.userClicksOnSection(java.lang.String)
[CommonNav] Already on list screen — skipping Background navigation
  When User clicks on "Users" feature                           # StepDefinitions.common.CommonNavigationSteps.userClicksOnFeature(java.lang.String)
  When User clicks on "+ Add" button in Users list screen       # StepDefinitions.configurations.users.UserCreationSteps.userClicksButtonInUsersListScreen(java.lang.String)
  Then "Add New User" screen should be displayed                # StepDefinitions.configurations.users.UserCreationSteps.screenShouldBeDisplayed(java.lang.String)
  When User enters valid User Name                              # StepDefinitions.configurations.users.UserCreationSteps.userEntersValidUserName()
  And User enters valid Email ID                                # StepDefinitions.configurations.users.UserCreationSteps.userEntersValidEmailId()
  And User enters valid Phone No                                # StepDefinitions.configurations.users.UserCreationSteps.userEntersValidPhoneNo()
  And User selects Blood Group from dropdown                    # StepDefinitions.configurations.users.UserCreationSteps.userSelectsBloodGroupFromDropdown()
  And User selects Role from dropdown                           # StepDefinitions.configurations.users.UserCreationSteps.userSelectsRoleFromDropdown()
  When User clicks Submit button in Add New User screen         # StepDefinitions.configurations.users.UserCreationSteps.userClicksSubmitButtonInAddNewUserScreen()
  Then User should be created successfully                      # StepDefinitions.configurations.users.UserCreationSteps.userShouldBeCreatedSuccessfully()
  And newly created User should be visible in Users list screen # StepDefinitions.configurations.users.UserCreationSteps.newlyCreatedUserShouldBeVisibleInUsersListScreen()
[AppHooks] On Dashboard — stopping
[AppHooks] On Dashboard — stopping
]]></system-out>
  </testcase>
  <testcase name="Create User with all fields" classname="Create User via Configuration Module" time="92.65">
    <system-out><![CDATA[
@regression @smoke @create @p1 @regression @p1
Scenario: Create User with all fields                           # src/test/resources/features/CustomerLogin/Configurations/Users/UserCreation.feature:76
  When User clicks on profile icon                              # StepDefinitions.common.CommonNavigationSteps.userClicksOnProfileIcon()
  When User clicks on "Configurations" section                  # StepDefinitions.common.CommonNavigationSteps.userClicksOnSection(java.lang.String)
  When User clicks on "Users" feature                           # StepDefinitions.common.CommonNavigationSteps.userClicksOnFeature(java.lang.String)
  When User clicks on "+ Add" button in Users list screen       # StepDefinitions.configurations.users.UserCreationSteps.userClicksButtonInUsersListScreen(java.lang.String)
  Then "Add New User" screen should be displayed                # StepDefinitions.configurations.users.UserCreationSteps.screenShouldBeDisplayed(java.lang.String)
  When User enters valid User Name                              # StepDefinitions.configurations.users.UserCreationSteps.userEntersValidUserName()
  And User enters valid Email ID                                # StepDefinitions.configurations.users.UserCreationSteps.userEntersValidEmailId()
  And User enters valid Phone No                                # StepDefinitions.configurations.users.UserCreationSteps.userEntersValidPhoneNo()
  And User enters Emergency No                                  # StepDefinitions.configurations.users.UserCreationSteps.userEntersEmergencyNo()
  And User enters Emp Code                                      # StepDefinitions.configurations.users.UserCreationSteps.userEntersEmpCode()
  And User selects Blood Group from dropdown                    # StepDefinitions.configurations.users.UserCreationSteps.userSelectsBloodGroupFromDropdown()
  And User enters DOB                                           # StepDefinitions.configurations.users.UserCreationSteps.userEntersDOB()
  And User enters DOJ                                           # StepDefinitions.configurations.users.UserCreationSteps.userEntersDOJ()
  And User enters Address Line I                                # StepDefinitions.configurations.users.UserCreationSteps.userEntersAddressLine1()
  And User enters Address Line II                               # StepDefinitions.configurations.users.UserCreationSteps.userEntersAddressLine2()
  And User enters Pin Code                                      # StepDefinitions.configurations.users.UserCreationSteps.userEntersPinCode()
  And User enters City                                          # StepDefinitions.configurations.users.UserCreationSteps.userEntersCity()
  And User enters State                                         # StepDefinitions.configurations.users.UserCreationSteps.userEntersState()
  And User enters Country                                       # StepDefinitions.configurations.users.UserCreationSteps.userEntersCountry()
  And User selects Role from dropdown                           # StepDefinitions.configurations.users.UserCreationSteps.userSelectsRoleFromDropdown()
  And User selects Teams                                        # StepDefinitions.configurations.users.UserCreationSteps.userSelectsTeams()
  When User clicks Submit button in Add New User screen         # StepDefinitions.configurations.users.UserCreationSteps.userClicksSubmitButtonInAddNewUserScreen()
  Then User should be created successfully                      # StepDefinitions.configurations.users.UserCreationSteps.userShouldBeCreatedSuccessfully()
  And newly created User should be visible in Users list screen # StepDefinitions.configurations.users.UserCreationSteps.newlyCreatedUserShouldBeVisibleInUsersListScreen()
[AppHooks] On Dashboard — stopping
[AppHooks] On Dashboard — stopping
]]></system-out>
  </testcase>
  <testcase name="Create User with DOB only without DOJ shows validation error" classname="Create User via Configuration Module" time="44.632">
    <system-out><![CDATA[
@regression @smoke @create @p1 @negative @regression @p2
Scenario: Create User with DOB only without DOJ shows validation error # src/test/resources/features/CustomerLogin/Configurations/Users/UserCreation.feature:100
  When User clicks on profile icon                                     # StepDefinitions.common.CommonNavigationSteps.userClicksOnProfileIcon()
  When User clicks on "Configurations" section                         # StepDefinitions.common.CommonNavigationSteps.userClicksOnSection(java.lang.String)
  When User clicks on "Users" feature                                  # StepDefinitions.common.CommonNavigationSteps.userClicksOnFeature(java.lang.String)
  When User clicks on "+ Add" button in Users list screen              # StepDefinitions.configurations.users.UserCreationSteps.userClicksButtonInUsersListScreen(java.lang.String)
  Then "Add New User" screen should be displayed                       # StepDefinitions.configurations.users.UserCreationSteps.screenShouldBeDisplayed(java.lang.String)
  When User enters valid User Name                                     # StepDefinitions.configurations.users.UserCreationSteps.userEntersValidUserName()
  And User enters valid Email ID                                       # StepDefinitions.configurations.users.UserCreationSteps.userEntersValidEmailId()
  And User enters valid Phone No                                       # StepDefinitions.configurations.users.UserCreationSteps.userEntersValidPhoneNo()
  And User selects Blood Group from dropdown                           # StepDefinitions.configurations.users.UserCreationSteps.userSelectsBloodGroupFromDropdown()
  And User selects Role from dropdown                                  # StepDefinitions.configurations.users.UserCreationSteps.userSelectsRoleFromDropdown()
  And User enters DOB                                                  # StepDefinitions.configurations.users.UserCreationSteps.userEntersDOB()
  When User clicks Submit button in Add New User screen                # StepDefinitions.configurations.users.UserCreationSteps.userClicksSubmitButtonInAddNewUserScreen()
  Then DOJ validation error should be displayed below DOJ field        # StepDefinitions.configurations.users.UserCreationSteps.dojValidationErrorShouldBeDisplayedBelowDOJField()
  When User clicks back arrow in Add New User screen                   # StepDefinitions.configurations.users.UserCreationSteps.userClicksBackArrowInAddNewUserScreen()
  Then "Confirmation Alert" popup should be displayed                  # StepDefinitions.common.CommonFormSteps.popupShouldBeDisplayed(java.lang.String)
  When User clicks on "Yes, Exit" button on the confirmation popup     # StepDefinitions.configurations.users.UserCreationSteps.userClicksOnYesExitButtonOnTheConfirmationPopup()
  Then User should be navigate into "Users" list                       # StepDefinitions.configurations.users.UserCreationSteps.userShouldBeNavigateIntoList(java.lang.String)
[AppHooks] On list screen (Search button visible)
]]></system-out>
  </testcase>
  <testcase name="Clicking DOJ field without selecting DOB first shows toast" classname="Create User via Configuration Module" time="14.477">
    <system-out><![CDATA[
@regression @smoke @create @p1 @negative @regression @p2
Scenario: Clicking DOJ field without selecting DOB first shows toast   # src/test/resources/features/CustomerLogin/Configurations/Users/UserCreation.feature:117
[CommonNav] Already on list screen — skipping Background navigation
  When User clicks on profile icon                                     # StepDefinitions.common.CommonNavigationSteps.userClicksOnProfileIcon()
[CommonNav] Already on list screen — skipping Background navigation
  When User clicks on "Configurations" section                         # StepDefinitions.common.CommonNavigationSteps.userClicksOnSection(java.lang.String)
[CommonNav] Already on list screen — skipping Background navigation
  When User clicks on "Users" feature                                  # StepDefinitions.common.CommonNavigationSteps.userClicksOnFeature(java.lang.String)
  When User clicks on "+ Add" button in Users list screen              # StepDefinitions.configurations.users.UserCreationSteps.userClicksButtonInUsersListScreen(java.lang.String)
  Then "Add New User" screen should be displayed                       # StepDefinitions.configurations.users.UserCreationSteps.screenShouldBeDisplayed(java.lang.String)
  When User clicks on DOJ field without selecting DOB first            # StepDefinitions.configurations.users.UserCreationSteps.userClicksOnDOJFieldWithoutSelectingDOBFirst()
  Then "Please select a Date of Birth first" toast should be displayed # StepDefinitions.configurations.users.UserCreationSteps.toastShouldBeDisplayed(java.lang.String)
  And DOJ date picker should not open                                  # StepDefinitions.configurations.users.UserCreationSteps.dojDatePickerShouldNotOpen()
  When User clicks back arrow in Add New User screen                   # StepDefinitions.configurations.users.UserCreationSteps.userClicksBackArrowInAddNewUserScreen()
  Then User should be navigate into "Users" list                       # StepDefinitions.configurations.users.UserCreationSteps.userShouldBeNavigateIntoList(java.lang.String)
[AppHooks] On list screen (Search button visible)
]]></system-out>
  </testcase>
  <testcase name="Create User with both DOB and DOJ where DOB is less than DOJ" classname="Create User via Configuration Module" time="99.827">
    <system-out><![CDATA[
@regression @smoke @create @p1 @regression @p2
Scenario: Create User with both DOB and DOJ where DOB is less than DOJ # src/test/resources/features/CustomerLogin/Configurations/Users/UserCreation.feature:127
[CommonNav] Already on list screen — skipping Background navigation
  When User clicks on profile icon                                     # StepDefinitions.common.CommonNavigationSteps.userClicksOnProfileIcon()
[CommonNav] Already on list screen — skipping Background navigation
  When User clicks on "Configurations" section                         # StepDefinitions.common.CommonNavigationSteps.userClicksOnSection(java.lang.String)
[CommonNav] Already on list screen — skipping Background navigation
  When User clicks on "Users" feature                                  # StepDefinitions.common.CommonNavigationSteps.userClicksOnFeature(java.lang.String)
  When User clicks on "+ Add" button in Users list screen              # StepDefinitions.configurations.users.UserCreationSteps.userClicksButtonInUsersListScreen(java.lang.String)
  Then "Add New User" screen should be displayed                       # StepDefinitions.configurations.users.UserCreationSteps.screenShouldBeDisplayed(java.lang.String)
  When User enters valid User Name                                     # StepDefinitions.configurations.users.UserCreationSteps.userEntersValidUserName()
  And User enters valid Email ID                                       # StepDefinitions.configurations.users.UserCreationSteps.userEntersValidEmailId()
  And User enters valid Phone No                                       # StepDefinitions.configurations.users.UserCreationSteps.userEntersValidPhoneNo()
  And User selects Blood Group from dropdown                           # StepDefinitions.configurations.users.UserCreationSteps.userSelectsBloodGroupFromDropdown()
  And User selects Role from dropdown                                  # StepDefinitions.configurations.users.UserCreationSteps.userSelectsRoleFromDropdown()
  And User enters valid DOB less than DOJ                              # StepDefinitions.configurations.users.UserCreationSteps.userEntersValidDOBLessThanDOJ()
  And User enters valid DOJ greater than DOB                           # StepDefinitions.configurations.users.UserCreationSteps.userEntersValidDOJGreaterThanDOB()
  When User clicks Submit button in Add New User screen                # StepDefinitions.configurations.users.UserCreationSteps.userClicksSubmitButtonInAddNewUserScreen()
  Then User should be created successfully                             # StepDefinitions.configurations.users.UserCreationSteps.userShouldBeCreatedSuccessfully()
  And User should be navigate into "Users" list                        # StepDefinitions.configurations.users.UserCreationSteps.userShouldBeNavigateIntoList(java.lang.String)
[AppHooks] On list screen (Search button visible)
]]></system-out>
  </testcase>
  <testcase name="Create User with valid Emergency No" classname="Create User via Configuration Module" time="22.034">
    <system-out><![CDATA[
@regression @smoke @create @p1 @regression @p2
Scenario: Create User with valid Emergency No             # src/test/resources/features/CustomerLogin/Configurations/Users/UserCreation.feature:142
[CommonNav] Already on list screen — skipping Background navigation
  When User clicks on profile icon                        # StepDefinitions.common.CommonNavigationSteps.userClicksOnProfileIcon()
[CommonNav] Already on list screen — skipping Background navigation
  When User clicks on "Configurations" section            # StepDefinitions.common.CommonNavigationSteps.userClicksOnSection(java.lang.String)
[CommonNav] Already on list screen — skipping Background navigation
  When User clicks on "Users" feature                     # StepDefinitions.common.CommonNavigationSteps.userClicksOnFeature(java.lang.String)
  When User clicks on "+ Add" button in Users list screen # StepDefinitions.configurations.users.UserCreationSteps.userClicksButtonInUsersListScreen(java.lang.String)
  Then "Add New User" screen should be displayed          # StepDefinitions.configurations.users.UserCreationSteps.screenShouldBeDisplayed(java.lang.String)
  When User enters valid User Name                        # StepDefinitions.configurations.users.UserCreationSteps.userEntersValidUserName()
  And User enters valid Email ID                          # StepDefinitions.configurations.users.UserCreationSteps.userEntersValidEmailId()
  And User enters valid Phone No                          # StepDefinitions.configurations.users.UserCreationSteps.userEntersValidPhoneNo()
  And User enters valid 10-digit Emergency No             # StepDefinitions.configurations.users.UserCreationSteps.userEntersValid10DigitEmergencyNo()
  And User selects Blood Group from dropdown              # StepDefinitions.configurations.users.UserCreationSteps.userSelectsBloodGroupFromDropdown()
  And User selects Role from dropdown                     # StepDefinitions.configurations.users.UserCreationSteps.userSelectsRoleFromDropdown()
  When User clicks Submit button in Add New User screen   # StepDefinitions.configurations.users.UserCreationSteps.userClicksSubmitButtonInAddNewUserScreen()
  Then User should be created successfully                # StepDefinitions.configurations.users.UserCreationSteps.userShouldBeCreatedSuccessfully()
  And User should be navigate into "Users" list           # StepDefinitions.configurations.users.UserCreationSteps.userShouldBeNavigateIntoList(java.lang.String)
[AppHooks] On list screen (Search button visible)
]]></system-out>
  </testcase>
  <testcase name="Create User with valid 6-digit Pin Code" classname="Create User via Configuration Module" time="21.685">
    <system-out><![CDATA[
@regression @smoke @create @p1 @regression @p2
Scenario: Create User with valid 6-digit Pin Code         # src/test/resources/features/CustomerLogin/Configurations/Users/UserCreation.feature:156
[CommonNav] Already on list screen — skipping Background navigation
  When User clicks on profile icon                        # StepDefinitions.common.CommonNavigationSteps.userClicksOnProfileIcon()
[CommonNav] Already on list screen — skipping Background navigation
  When User clicks on "Configurations" section            # StepDefinitions.common.CommonNavigationSteps.userClicksOnSection(java.lang.String)
[CommonNav] Already on list screen — skipping Background navigation
  When User clicks on "Users" feature                     # StepDefinitions.common.CommonNavigationSteps.userClicksOnFeature(java.lang.String)
  When User clicks on "+ Add" button in Users list screen # StepDefinitions.configurations.users.UserCreationSteps.userClicksButtonInUsersListScreen(java.lang.String)
  Then "Add New User" screen should be displayed          # StepDefinitions.configurations.users.UserCreationSteps.screenShouldBeDisplayed(java.lang.String)
  When User enters valid User Name                        # StepDefinitions.configurations.users.UserCreationSteps.userEntersValidUserName()
  And User enters valid Email ID                          # StepDefinitions.configurations.users.UserCreationSteps.userEntersValidEmailId()
  And User enters valid Phone No                          # StepDefinitions.configurations.users.UserCreationSteps.userEntersValidPhoneNo()
  And User selects Blood Group from dropdown              # StepDefinitions.configurations.users.UserCreationSteps.userSelectsBloodGroupFromDropdown()
  And User selects Role from dropdown                     # StepDefinitions.configurations.users.UserCreationSteps.userSelectsRoleFromDropdown()
  And User enters valid 6-digit Pin Code                  # StepDefinitions.configurations.users.UserCreationSteps.userEntersValid6DigitPinCode()
  When User clicks Submit button in Add New User screen   # StepDefinitions.configurations.users.UserCreationSteps.userClicksSubmitButtonInAddNewUserScreen()
  Then User should be created successfully                # StepDefinitions.configurations.users.UserCreationSteps.userShouldBeCreatedSuccessfully()
  And User should be navigate into "Users" list           # StepDefinitions.configurations.users.UserCreationSteps.userShouldBeNavigateIntoList(java.lang.String)
[AppHooks] On list screen (Search button visible)
]]></system-out>
  </testcase>
  <testcase name="Create User with single Team" classname="Create User via Configuration Module" time="18.534">
    <system-out><![CDATA[
@regression @smoke @create @p1 @regression @p2
Scenario: Create User with single Team                    # src/test/resources/features/CustomerLogin/Configurations/Users/UserCreation.feature:170
[CommonNav] Already on list screen — skipping Background navigation
  When User clicks on profile icon                        # StepDefinitions.common.CommonNavigationSteps.userClicksOnProfileIcon()
[CommonNav] Already on list screen — skipping Background navigation
  When User clicks on "Configurations" section            # StepDefinitions.common.CommonNavigationSteps.userClicksOnSection(java.lang.String)
[CommonNav] Already on list screen — skipping Background navigation
  When User clicks on "Users" feature                     # StepDefinitions.common.CommonNavigationSteps.userClicksOnFeature(java.lang.String)
  When User clicks on "+ Add" button in Users list screen # StepDefinitions.configurations.users.UserCreationSteps.userClicksButtonInUsersListScreen(java.lang.String)
  Then "Add New User" screen should be displayed          # StepDefinitions.configurations.users.UserCreationSteps.screenShouldBeDisplayed(java.lang.String)
  When User enters valid User Name                        # StepDefinitions.configurations.users.UserCreationSteps.userEntersValidUserName()
  And User enters valid Email ID                          # StepDefinitions.configurations.users.UserCreationSteps.userEntersValidEmailId()
  And User enters valid Phone No                          # StepDefinitions.configurations.users.UserCreationSteps.userEntersValidPhoneNo()
  And User selects Blood Group from dropdown              # StepDefinitions.configurations.users.UserCreationSteps.userSelectsBloodGroupFromDropdown()
  And User selects Role from dropdown                     # StepDefinitions.configurations.users.UserCreationSteps.userSelectsRoleFromDropdown()
  And User selects one Team                               # StepDefinitions.configurations.users.UserCreationSteps.userSelectsOneTeam()
  When User clicks Submit button in Add New User screen   # StepDefinitions.configurations.users.UserCreationSteps.userClicksSubmitButtonInAddNewUserScreen()
  Then User should be created successfully                # StepDefinitions.configurations.users.UserCreationSteps.userShouldBeCreatedSuccessfully()
  And User should be navigate into "Users" list           # StepDefinitions.configurations.users.UserCreationSteps.userShouldBeNavigateIntoList(java.lang.String)
[AppHooks] On list screen (Search button visible)
]]></system-out>
  </testcase>
  <testcase name="Create User with multiple Teams" classname="Create User via Configuration Module" time="18.769">
    <system-out><![CDATA[
@regression @smoke @create @p1 @regression @p2
Scenario: Create User with multiple Teams                 # src/test/resources/features/CustomerLogin/Configurations/Users/UserCreation.feature:184
[CommonNav] Already on list screen — skipping Background navigation
  When User clicks on profile icon                        # StepDefinitions.common.CommonNavigationSteps.userClicksOnProfileIcon()
[CommonNav] Already on list screen — skipping Background navigation
  When User clicks on "Configurations" section            # StepDefinitions.common.CommonNavigationSteps.userClicksOnSection(java.lang.String)
[CommonNav] Already on list screen — skipping Background navigation
  When User clicks on "Users" feature                     # StepDefinitions.common.CommonNavigationSteps.userClicksOnFeature(java.lang.String)
  When User clicks on "+ Add" button in Users list screen # StepDefinitions.configurations.users.UserCreationSteps.userClicksButtonInUsersListScreen(java.lang.String)
  Then "Add New User" screen should be displayed          # StepDefinitions.configurations.users.UserCreationSteps.screenShouldBeDisplayed(java.lang.String)
  When User enters valid User Name                        # StepDefinitions.configurations.users.UserCreationSteps.userEntersValidUserName()
  And User enters valid Email ID                          # StepDefinitions.configurations.users.UserCreationSteps.userEntersValidEmailId()
  And User enters valid Phone No                          # StepDefinitions.configurations.users.UserCreationSteps.userEntersValidPhoneNo()
  And User selects Blood Group from dropdown              # StepDefinitions.configurations.users.UserCreationSteps.userSelectsBloodGroupFromDropdown()
  And User selects Role from dropdown                     # StepDefinitions.configurations.users.UserCreationSteps.userSelectsRoleFromDropdown()
  And User selects multiple Teams                         # StepDefinitions.configurations.users.UserCreationSteps.userSelectsMultipleTeams()
  When User clicks Submit button in Add New User screen   # StepDefinitions.configurations.users.UserCreationSteps.userClicksSubmitButtonInAddNewUserScreen()
  Then User should be created successfully                # StepDefinitions.configurations.users.UserCreationSteps.userShouldBeCreatedSuccessfully()
  And User should be navigate into "Users" list           # StepDefinitions.configurations.users.UserCreationSteps.userShouldBeNavigateIntoList(java.lang.String)
[AppHooks] On list screen (Search button visible)
]]></system-out>
  </testcase>
  <testcase name="Create User with leading and trailing spaces in User Name" classname="Create User via Configuration Module" time="17.628">
    <system-out><![CDATA[
@regression @smoke @create @p1 @regression @p2
Scenario: Create User with leading and trailing spaces in User Name # src/test/resources/features/CustomerLogin/Configurations/Users/UserCreation.feature:198
[CommonNav] Already on list screen — skipping Background navigation
  When User clicks on profile icon                                  # StepDefinitions.common.CommonNavigationSteps.userClicksOnProfileIcon()
[CommonNav] Already on list screen — skipping Background navigation
  When User clicks on "Configurations" section                      # StepDefinitions.common.CommonNavigationSteps.userClicksOnSection(java.lang.String)
[CommonNav] Already on list screen — skipping Background navigation
  When User clicks on "Users" feature                               # StepDefinitions.common.CommonNavigationSteps.userClicksOnFeature(java.lang.String)
  When User clicks on "+ Add" button in Users list screen           # StepDefinitions.configurations.users.UserCreationSteps.userClicksButtonInUsersListScreen(java.lang.String)
  Then "Add New User" screen should be displayed                    # StepDefinitions.configurations.users.UserCreationSteps.screenShouldBeDisplayed(java.lang.String)
  When User enters User Name with leading and trailing spaces       # StepDefinitions.configurations.users.UserCreationSteps.userEntersUserNameWithLeadingAndTrailingSpaces()
  And User enters valid Email ID                                    # StepDefinitions.configurations.users.UserCreationSteps.userEntersValidEmailId()
  And User enters valid Phone No                                    # StepDefinitions.configurations.users.UserCreationSteps.userEntersValidPhoneNo()
  And User selects Blood Group from dropdown                        # StepDefinitions.configurations.users.UserCreationSteps.userSelectsBloodGroupFromDropdown()
  And User selects Role from dropdown                               # StepDefinitions.configurations.users.UserCreationSteps.userSelectsRoleFromDropdown()
  When User clicks Submit button in Add New User screen             # StepDefinitions.configurations.users.UserCreationSteps.userClicksSubmitButtonInAddNewUserScreen()
  Then system should trim spaces and create User successfully       # StepDefinitions.configurations.users.UserCreationSteps.systemShouldTrimSpacesAndCreateUserSuccessfully()
  And User should be navigate into "Users" list                     # StepDefinitions.configurations.users.UserCreationSteps.userShouldBeNavigateIntoList(java.lang.String)
[AppHooks] On list screen (Search button visible)
]]></system-out>
  </testcase>
  <testcase name="Create User without optional fields" classname="Create User via Configuration Module" time="19.53">
    <system-out><![CDATA[
@regression @smoke @create @p1 @regression @p2
Scenario: Create User without optional fields             # src/test/resources/features/CustomerLogin/Configurations/Users/UserCreation.feature:211
[CommonNav] Already on list screen — skipping Background navigation
  When User clicks on profile icon                        # StepDefinitions.common.CommonNavigationSteps.userClicksOnProfileIcon()
[CommonNav] Already on list screen — skipping Background navigation
  When User clicks on "Configurations" section            # StepDefinitions.common.CommonNavigationSteps.userClicksOnSection(java.lang.String)
[CommonNav] Already on list screen — skipping Background navigation
  When User clicks on "Users" feature                     # StepDefinitions.common.CommonNavigationSteps.userClicksOnFeature(java.lang.String)
  When User clicks on "+ Add" button in Users list screen # StepDefinitions.configurations.users.UserCreationSteps.userClicksButtonInUsersListScreen(java.lang.String)
  Then "Add New User" screen should be displayed          # StepDefinitions.configurations.users.UserCreationSteps.screenShouldBeDisplayed(java.lang.String)
  When User enters valid User Name                        # StepDefinitions.configurations.users.UserCreationSteps.userEntersValidUserName()
  And User enters valid Email ID                          # StepDefinitions.configurations.users.UserCreationSteps.userEntersValidEmailId()
  And User enters valid Phone No                          # StepDefinitions.configurations.users.UserCreationSteps.userEntersValidPhoneNo()
  And User selects Blood Group from dropdown              # StepDefinitions.configurations.users.UserCreationSteps.userSelectsBloodGroupFromDropdown()
  And User leaves Emergency No empty                      # StepDefinitions.configurations.users.UserCreationSteps.userLeavesEmergencyNoEmpty()
  And User leaves Emp Code empty                          # StepDefinitions.configurations.users.UserCreationSteps.userLeavesEmpCodeEmpty()
  And User leaves DOB empty                               # StepDefinitions.configurations.users.UserCreationSteps.userLeavesDOBEmpty()
  And User leaves DOJ empty                               # StepDefinitions.configurations.users.UserCreationSteps.userLeavesDOJEmpty()
  And User leaves Address Line I empty                    # StepDefinitions.configurations.users.UserCreationSteps.userLeavesAddressLine1Empty()
  And User leaves Address Line II empty                   # StepDefinitions.configurations.users.UserCreationSteps.userLeavesAddressLine2Empty()
  And User leaves Pin Code empty                          # StepDefinitions.configurations.users.UserCreationSteps.userLeavesPinCodeEmpty()
  And User leaves City empty                              # StepDefinitions.configurations.users.UserCreationSteps.userLeavesCityEmpty()
  And User leaves State empty                             # StepDefinitions.configurations.users.UserCreationSteps.userLeavesStateEmpty()
  And User leaves Country empty                           # StepDefinitions.configurations.users.UserCreationSteps.userLeavesCountryEmpty()
  And User selects Role from dropdown                     # StepDefinitions.configurations.users.UserCreationSteps.userSelectsRoleFromDropdown()
  And User leaves Teams empty                             # StepDefinitions.configurations.users.UserCreationSteps.userLeavesTeamsEmpty()
  When User clicks Submit button in Add New User screen   # StepDefinitions.configurations.users.UserCreationSteps.userClicksSubmitButtonInAddNewUserScreen()
  Then User should be created successfully                # StepDefinitions.configurations.users.UserCreationSteps.userShouldBeCreatedSuccessfully()
  And User should be navigate into "Users" list           # StepDefinitions.configurations.users.UserCreationSteps.userShouldBeNavigateIntoList(java.lang.String)
[AppHooks] On list screen (Search button visible)
]]></system-out>
  </testcase>
  <testcase name="Create User with all address fields" classname="Create User via Configuration Module" time="37.239">
    <system-out><![CDATA[
@regression @smoke @create @p1 @regression @p2
Scenario: Create User with all address fields             # src/test/resources/features/CustomerLogin/Configurations/Users/UserCreation.feature:235
[CommonNav] Already on list screen — skipping Background navigation
  When User clicks on profile icon                        # StepDefinitions.common.CommonNavigationSteps.userClicksOnProfileIcon()
[CommonNav] Already on list screen — skipping Background navigation
  When User clicks on "Configurations" section            # StepDefinitions.common.CommonNavigationSteps.userClicksOnSection(java.lang.String)
[CommonNav] Already on list screen — skipping Background navigation
  When User clicks on "Users" feature                     # StepDefinitions.common.CommonNavigationSteps.userClicksOnFeature(java.lang.String)
  When User clicks on "+ Add" button in Users list screen # StepDefinitions.configurations.users.UserCreationSteps.userClicksButtonInUsersListScreen(java.lang.String)
  Then "Add New User" screen should be displayed          # StepDefinitions.configurations.users.UserCreationSteps.screenShouldBeDisplayed(java.lang.String)
  When User enters valid User Name                        # StepDefinitions.configurations.users.UserCreationSteps.userEntersValidUserName()
  And User enters valid Email ID                          # StepDefinitions.configurations.users.UserCreationSteps.userEntersValidEmailId()
  And User enters valid Phone No                          # StepDefinitions.configurations.users.UserCreationSteps.userEntersValidPhoneNo()
  And User selects Blood Group from dropdown              # StepDefinitions.configurations.users.UserCreationSteps.userSelectsBloodGroupFromDropdown()
  And User selects Role from dropdown                     # StepDefinitions.configurations.users.UserCreationSteps.userSelectsRoleFromDropdown()
  And User enters Address Line I                          # StepDefinitions.configurations.users.UserCreationSteps.userEntersAddressLine1()
  And User enters Address Line II                         # StepDefinitions.configurations.users.UserCreationSteps.userEntersAddressLine2()
  And User enters valid 6-digit Pin Code                  # StepDefinitions.configurations.users.UserCreationSteps.userEntersValid6DigitPinCode()
  And User enters City                                    # StepDefinitions.configurations.users.UserCreationSteps.userEntersCity()
  And User enters State                                   # StepDefinitions.configurations.users.UserCreationSteps.userEntersState()
  And User enters Country                                 # StepDefinitions.configurations.users.UserCreationSteps.userEntersCountry()
  When User clicks Submit button in Add New User screen   # StepDefinitions.configurations.users.UserCreationSteps.userClicksSubmitButtonInAddNewUserScreen()
  Then User should be created successfully                # StepDefinitions.configurations.users.UserCreationSteps.userShouldBeCreatedSuccessfully()
  And User should be navigate into "Users" list           # StepDefinitions.configurations.users.UserCreationSteps.userShouldBeNavigateIntoList(java.lang.String)
[AppHooks] On list screen (Search button visible)
]]></system-out>
  </testcase>
  <testcase name="Verify Blood Group dropdown options" classname="Create User via Configuration Module" time="6.768">
    <system-out><![CDATA[
@regression @smoke @create @p1 @regression @p2
Scenario: Verify Blood Group dropdown options                      # src/test/resources/features/CustomerLogin/Configurations/Users/UserCreation.feature:259
[CommonNav] Already on list screen — skipping Background navigation
  When User clicks on profile icon                                 # StepDefinitions.common.CommonNavigationSteps.userClicksOnProfileIcon()
[CommonNav] Already on list screen — skipping Background navigation
  When User clicks on "Configurations" section                     # StepDefinitions.common.CommonNavigationSteps.userClicksOnSection(java.lang.String)
[CommonNav] Already on list screen — skipping Background navigation
  When User clicks on "Users" feature                              # StepDefinitions.common.CommonNavigationSteps.userClicksOnFeature(java.lang.String)
  When User clicks on "+ Add" button in Users list screen          # StepDefinitions.configurations.users.UserCreationSteps.userClicksButtonInUsersListScreen(java.lang.String)
  Then "Add New User" screen should be displayed                   # StepDefinitions.configurations.users.UserCreationSteps.screenShouldBeDisplayed(java.lang.String)
  When User clicks on Blood Group dropdown                         # StepDefinitions.configurations.users.UserCreationSteps.userClicksOnBloodGroupDropdown()
  Then Blood Group options list should be displayed                # StepDefinitions.configurations.users.UserCreationSteps.bloodGroupOptionsListShouldBeDisplayed()
  And User should be able to select one Blood Group value          # StepDefinitions.configurations.users.UserCreationSteps.userShouldBeAbleToSelectOneBloodGroupValue()
  When User clicks back arrow in Add New User screen               # StepDefinitions.configurations.users.UserCreationSteps.userClicksBackArrowInAddNewUserScreen()
  Then "Confirmation Alert" popup should be displayed              # StepDefinitions.common.CommonFormSteps.popupShouldBeDisplayed(java.lang.String)
  When User clicks on "Yes, Exit" button on the confirmation popup # StepDefinitions.configurations.users.UserCreationSteps.userClicksOnYesExitButtonOnTheConfirmationPopup()
  Then User should be navigate into "Users" list                   # StepDefinitions.configurations.users.UserCreationSteps.userShouldBeNavigateIntoList(java.lang.String)
[AppHooks] On list screen (Search button visible)
]]></system-out>
  </testcase>
  <testcase name="Verify Roles dropdown options" classname="Create User via Configuration Module" time="37.578">
    <system-out><![CDATA[
@regression @smoke @create @p1 @regression @p2
Scenario: Verify Roles dropdown options                            # src/test/resources/features/CustomerLogin/Configurations/Users/UserCreation.feature:271
[CommonNav] Already on list screen — skipping Background navigation
  When User clicks on profile icon                                 # StepDefinitions.common.CommonNavigationSteps.userClicksOnProfileIcon()
[CommonNav] Already on list screen — skipping Background navigation
  When User clicks on "Configurations" section                     # StepDefinitions.common.CommonNavigationSteps.userClicksOnSection(java.lang.String)
[CommonNav] Already on list screen — skipping Background navigation
  When User clicks on "Users" feature                              # StepDefinitions.common.CommonNavigationSteps.userClicksOnFeature(java.lang.String)
  When User clicks on "+ Add" button in Users list screen          # StepDefinitions.configurations.users.UserCreationSteps.userClicksButtonInUsersListScreen(java.lang.String)
  Then "Add New User" screen should be displayed                   # StepDefinitions.configurations.users.UserCreationSteps.screenShouldBeDisplayed(java.lang.String)
  When User clicks on Roles dropdown                               # StepDefinitions.configurations.users.UserCreationSteps.userClicksOnRolesDropdown()
  Then Roles options list should be displayed                      # StepDefinitions.configurations.users.UserCreationSteps.rolesOptionsListShouldBeDisplayed()
  And User should be able to select one Role value                 # StepDefinitions.configurations.users.UserCreationSteps.userShouldBeAbleToSelectOneRoleValue()
  When User clicks back arrow in Add New User screen               # StepDefinitions.configurations.users.UserCreationSteps.userClicksBackArrowInAddNewUserScreen()
  Then "Confirmation Alert" popup should be displayed              # StepDefinitions.common.CommonFormSteps.popupShouldBeDisplayed(java.lang.String)
  When User clicks on "Yes, Exit" button on the confirmation popup # StepDefinitions.configurations.users.UserCreationSteps.userClicksOnYesExitButtonOnTheConfirmationPopup()
  Then User should be navigate into "Users" list                   # StepDefinitions.configurations.users.UserCreationSteps.userShouldBeNavigateIntoList(java.lang.String)
[AppHooks] On list screen (Search button visible)
]]></system-out>
  </testcase>
  <testcase name="Verify Teams multi-select" classname="Create User via Configuration Module" time="8.0">
    <system-out><![CDATA[
@regression @smoke @create @p1 @regression @p2
Scenario: Verify Teams multi-select                                # src/test/resources/features/CustomerLogin/Configurations/Users/UserCreation.feature:283
[CommonNav] Already on list screen — skipping Background navigation
  When User clicks on profile icon                                 # StepDefinitions.common.CommonNavigationSteps.userClicksOnProfileIcon()
[CommonNav] Already on list screen — skipping Background navigation
  When User clicks on "Configurations" section                     # StepDefinitions.common.CommonNavigationSteps.userClicksOnSection(java.lang.String)
[CommonNav] Already on list screen — skipping Background navigation
  When User clicks on "Users" feature                              # StepDefinitions.common.CommonNavigationSteps.userClicksOnFeature(java.lang.String)
  When User clicks on "+ Add" button in Users list screen          # StepDefinitions.configurations.users.UserCreationSteps.userClicksButtonInUsersListScreen(java.lang.String)
  Then "Add New User" screen should be displayed                   # StepDefinitions.configurations.users.UserCreationSteps.screenShouldBeDisplayed(java.lang.String)
  When User clicks on Teams field                                  # StepDefinitions.configurations.users.UserCreationSteps.userClicksOnTeamsField()
  Then Teams selection should be displayed                         # StepDefinitions.configurations.users.UserCreationSteps.teamsSelectionShouldBeDisplayed()
  And User should be able to select multiple Teams                 # StepDefinitions.configurations.users.UserCreationSteps.userShouldBeAbleToSelectMultipleTeams()
  When User clicks back arrow in Add New User screen               # StepDefinitions.configurations.users.UserCreationSteps.userClicksBackArrowInAddNewUserScreen()
  Then "Confirmation Alert" popup should be displayed              # StepDefinitions.common.CommonFormSteps.popupShouldBeDisplayed(java.lang.String)
  When User clicks on "Yes, Exit" button on the confirmation popup # StepDefinitions.configurations.users.UserCreationSteps.userClicksOnYesExitButtonOnTheConfirmationPopup()
  Then User should be navigate into "Users" list                   # StepDefinitions.configurations.users.UserCreationSteps.userShouldBeNavigateIntoList(java.lang.String)
[AppHooks] On list screen (Search button visible)
]]></system-out>
  </testcase>
  <testcase name="Verify date picker opens for DOB field" classname="Create User via Configuration Module" time="4.372">
    <system-out><![CDATA[
@regression @smoke @create @p1 @regression @p3
Scenario: Verify date picker opens for DOB field          # src/test/resources/features/CustomerLogin/Configurations/Users/UserCreation.feature:295
[CommonNav] Already on list screen — skipping Background navigation
  When User clicks on profile icon                        # StepDefinitions.common.CommonNavigationSteps.userClicksOnProfileIcon()
[CommonNav] Already on list screen — skipping Background navigation
  When User clicks on "Configurations" section            # StepDefinitions.common.CommonNavigationSteps.userClicksOnSection(java.lang.String)
[CommonNav] Already on list screen — skipping Background navigation
  When User clicks on "Users" feature                     # StepDefinitions.common.CommonNavigationSteps.userClicksOnFeature(java.lang.String)
  When User clicks on "+ Add" button in Users list screen # StepDefinitions.configurations.users.UserCreationSteps.userClicksButtonInUsersListScreen(java.lang.String)
  Then "Add New User" screen should be displayed          # StepDefinitions.configurations.users.UserCreationSteps.screenShouldBeDisplayed(java.lang.String)
  When User clicks on DOB field                           # StepDefinitions.configurations.users.UserCreationSteps.userClicksOnDOBField()
  Then date picker should be displayed for DOB            # StepDefinitions.configurations.users.UserCreationSteps.datePickerShouldBeDisplayedForDOB()
  When User clicks back arrow in Add New User screen      # StepDefinitions.configurations.users.UserCreationSteps.userClicksBackArrowInAddNewUserScreen()
  Then User should be navigate into "Users" list          # StepDefinitions.configurations.users.UserCreationSteps.userShouldBeNavigateIntoList(java.lang.String)
[AppHooks] On list screen (Search button visible)
]]></system-out>
  </testcase>
  <testcase name="Verify clicking DOJ field without DOB shows toast instead of date picker" classname="Create User via Configuration Module" time="14.038">
    <system-out><![CDATA[
@regression @smoke @create @p1 @negative @regression @p3
Scenario: Verify clicking DOJ field without DOB shows toast instead of date picker # src/test/resources/features/CustomerLogin/Configurations/Users/UserCreation.feature:304
[CommonNav] Already on list screen — skipping Background navigation
  When User clicks on profile icon                                                 # StepDefinitions.common.CommonNavigationSteps.userClicksOnProfileIcon()
[CommonNav] Already on list screen — skipping Background navigation
  When User clicks on "Configurations" section                                     # StepDefinitions.common.CommonNavigationSteps.userClicksOnSection(java.lang.String)
[CommonNav] Already on list screen — skipping Background navigation
  When User clicks on "Users" feature                                              # StepDefinitions.common.CommonNavigationSteps.userClicksOnFeature(java.lang.String)
  When User clicks on "+ Add" button in Users list screen                          # StepDefinitions.configurations.users.UserCreationSteps.userClicksButtonInUsersListScreen(java.lang.String)
  Then "Add New User" screen should be displayed                                   # StepDefinitions.configurations.users.UserCreationSteps.screenShouldBeDisplayed(java.lang.String)
  When User clicks on DOJ field without selecting DOB first                        # StepDefinitions.configurations.users.UserCreationSteps.userClicksOnDOJFieldWithoutSelectingDOBFirst()
  Then "Please select a Date of Birth first" toast should be displayed             # StepDefinitions.configurations.users.UserCreationSteps.toastShouldBeDisplayed(java.lang.String)
  And date picker should not be displayed for DOJ                                  # StepDefinitions.configurations.users.UserCreationSteps.datePickerShouldNotBeDisplayedForDOJ()
  When User clicks back arrow in Add New User screen                               # StepDefinitions.configurations.users.UserCreationSteps.userClicksBackArrowInAddNewUserScreen()
  Then User should be navigate into "Users" list                                   # StepDefinitions.configurations.users.UserCreationSteps.userShouldBeNavigateIntoList(java.lang.String)
[AppHooks] On list screen (Search button visible)
]]></system-out>
  </testcase>
  <testcase name="Submit Add New User without any data" classname="Create User via Configuration Module" time="3.951">
    <system-out><![CDATA[
@regression @smoke @create @p1 @negative @regression @p1
Scenario: Submit Add New User without any data            # src/test/resources/features/CustomerLogin/Configurations/Users/UserCreation.feature:319
[CommonNav] Already on list screen — skipping Background navigation
  When User clicks on profile icon                        # StepDefinitions.common.CommonNavigationSteps.userClicksOnProfileIcon()
[CommonNav] Already on list screen — skipping Background navigation
  When User clicks on "Configurations" section            # StepDefinitions.common.CommonNavigationSteps.userClicksOnSection(java.lang.String)
[CommonNav] Already on list screen — skipping Background navigation
  When User clicks on "Users" feature                     # StepDefinitions.common.CommonNavigationSteps.userClicksOnFeature(java.lang.String)
  When User clicks on "+ Add" button in Users list screen # StepDefinitions.configurations.users.UserCreationSteps.userClicksButtonInUsersListScreen(java.lang.String)
  Then "Add New User" screen should be displayed          # StepDefinitions.configurations.users.UserCreationSteps.screenShouldBeDisplayed(java.lang.String)
  When User clicks Submit button in Add New User screen   # StepDefinitions.configurations.users.UserCreationSteps.userClicksSubmitButtonInAddNewUserScreen()
  Then "This field is required" should be displayed       # StepDefinitions.configurations.users.UserCreationSteps.validationMessageShouldBeDisplayed(java.lang.String)
  And "Email ID is required" should be displayed          # StepDefinitions.configurations.users.UserCreationSteps.validationMessageShouldBeDisplayed(java.lang.String)
  And "Phone No is required" should be displayed          # StepDefinitions.configurations.users.UserCreationSteps.validationMessageShouldBeDisplayed(java.lang.String)
  And "Blood Group is required" should be displayed       # StepDefinitions.configurations.users.UserCreationSteps.validationMessageShouldBeDisplayed(java.lang.String)
  And "This field is required" should be displayed        # StepDefinitions.configurations.users.UserCreationSteps.validationMessageShouldBeDisplayed(java.lang.String)
  When User clicks back arrow in Add New User screen      # StepDefinitions.configurations.users.UserCreationSteps.userClicksBackArrowInAddNewUserScreen()
  Then User should be navigate into "Users" list          # StepDefinitions.configurations.users.UserCreationSteps.userShouldBeNavigateIntoList(java.lang.String)
[AppHooks] On list screen (Search button visible)
]]></system-out>
  </testcase>
  <testcase name="Create User without User Name" classname="Create User via Configuration Module" time="21.964">
    <system-out><![CDATA[
@regression @smoke @create @p1 @negative @regression @p1
Scenario: Create User without User Name                            # src/test/resources/features/CustomerLogin/Configurations/Users/UserCreation.feature:332
[CommonNav] Already on list screen — skipping Background navigation
  When User clicks on profile icon                                 # StepDefinitions.common.CommonNavigationSteps.userClicksOnProfileIcon()
[CommonNav] Already on list screen — skipping Background navigation
  When User clicks on "Configurations" section                     # StepDefinitions.common.CommonNavigationSteps.userClicksOnSection(java.lang.String)
[CommonNav] Already on list screen — skipping Background navigation
  When User clicks on "Users" feature                              # StepDefinitions.common.CommonNavigationSteps.userClicksOnFeature(java.lang.String)
  When User clicks on "+ Add" button in Users list screen          # StepDefinitions.configurations.users.UserCreationSteps.userClicksButtonInUsersListScreen(java.lang.String)
  Then "Add New User" screen should be displayed                   # StepDefinitions.configurations.users.UserCreationSteps.screenShouldBeDisplayed(java.lang.String)
  When User leaves User Name empty                                 # StepDefinitions.configurations.users.UserCreationSteps.userLeavesUserNameEmpty()
  And User enters valid Email ID                                   # StepDefinitions.configurations.users.UserCreationSteps.userEntersValidEmailId()
  And User enters valid Phone No                                   # StepDefinitions.configurations.users.UserCreationSteps.userEntersValidPhoneNo()
  And User selects Blood Group from dropdown                       # StepDefinitions.configurations.users.UserCreationSteps.userSelectsBloodGroupFromDropdown()
  And User selects Role from dropdown                              # StepDefinitions.configurations.users.UserCreationSteps.userSelectsRoleFromDropdown()
  When User clicks Submit button in Add New User screen            # StepDefinitions.configurations.users.UserCreationSteps.userClicksSubmitButtonInAddNewUserScreen()
  Then "This field is required" should be displayed                # StepDefinitions.configurations.users.UserCreationSteps.validationMessageShouldBeDisplayed(java.lang.String)
  When User clicks back arrow in Add New User screen               # StepDefinitions.configurations.users.UserCreationSteps.userClicksBackArrowInAddNewUserScreen()
  Then "Confirmation Alert" popup should be displayed              # StepDefinitions.common.CommonFormSteps.popupShouldBeDisplayed(java.lang.String)
  When User clicks on "Yes, Exit" button on the confirmation popup # StepDefinitions.configurations.users.UserCreationSteps.userClicksOnYesExitButtonOnTheConfirmationPopup()
  Then User should be navigate into "Users" list                   # StepDefinitions.configurations.users.UserCreationSteps.userShouldBeNavigateIntoList(java.lang.String)
[AppHooks] On list screen (Search button visible)
]]></system-out>
  </testcase>
  <testcase name="Create User without Email ID" classname="Create User via Configuration Module" time="21.851">
    <system-out><![CDATA[
@regression @smoke @create @p1 @negative @regression @p1
Scenario: Create User without Email ID                             # src/test/resources/features/CustomerLogin/Configurations/Users/UserCreation.feature:348
[CommonNav] Already on list screen — skipping Background navigation
  When User clicks on profile icon                                 # StepDefinitions.common.CommonNavigationSteps.userClicksOnProfileIcon()
[CommonNav] Already on list screen — skipping Background navigation
  When User clicks on "Configurations" section                     # StepDefinitions.common.CommonNavigationSteps.userClicksOnSection(java.lang.String)
[CommonNav] Already on list screen — skipping Background navigation
  When User clicks on "Users" feature                              # StepDefinitions.common.CommonNavigationSteps.userClicksOnFeature(java.lang.String)
  When User clicks on "+ Add" button in Users list screen          # StepDefinitions.configurations.users.UserCreationSteps.userClicksButtonInUsersListScreen(java.lang.String)
  Then "Add New User" screen should be displayed                   # StepDefinitions.configurations.users.UserCreationSteps.screenShouldBeDisplayed(java.lang.String)
  When User enters valid User Name                                 # StepDefinitions.configurations.users.UserCreationSteps.userEntersValidUserName()
  And User leaves Email ID empty                                   # StepDefinitions.configurations.users.UserCreationSteps.userLeavesEmailIdEmpty()
  And User enters valid Phone No                                   # StepDefinitions.configurations.users.UserCreationSteps.userEntersValidPhoneNo()
  And User selects Blood Group from dropdown                       # StepDefinitions.configurations.users.UserCreationSteps.userSelectsBloodGroupFromDropdown()
  And User selects Role from dropdown                              # StepDefinitions.configurations.users.UserCreationSteps.userSelectsRoleFromDropdown()
  When User clicks Submit button in Add New User screen            # StepDefinitions.configurations.users.UserCreationSteps.userClicksSubmitButtonInAddNewUserScreen()
  Then "Email ID is required" should be displayed                  # StepDefinitions.configurations.users.UserCreationSteps.validationMessageShouldBeDisplayed(java.lang.String)
  When User clicks back arrow in Add New User screen               # StepDefinitions.configurations.users.UserCreationSteps.userClicksBackArrowInAddNewUserScreen()
  Then "Confirmation Alert" popup should be displayed              # StepDefinitions.common.CommonFormSteps.popupShouldBeDisplayed(java.lang.String)
  When User clicks on "Yes, Exit" button on the confirmation popup # StepDefinitions.configurations.users.UserCreationSteps.userClicksOnYesExitButtonOnTheConfirmationPopup()
  Then User should be navigate into "Users" list                   # StepDefinitions.configurations.users.UserCreationSteps.userShouldBeNavigateIntoList(java.lang.String)
[AppHooks] On list screen (Search button visible)
]]></system-out>
  </testcase>
  <testcase name="Create User without Phone No" classname="Create User via Configuration Module" time="22.113">
    <system-out><![CDATA[
@regression @smoke @create @p1 @negative @regression @p1
Scenario: Create User without Phone No                             # src/test/resources/features/CustomerLogin/Configurations/Users/UserCreation.feature:364
[CommonNav] Already on list screen — skipping Background navigation
  When User clicks on profile icon                                 # StepDefinitions.common.CommonNavigationSteps.userClicksOnProfileIcon()
[CommonNav] Already on list screen — skipping Background navigation
  When User clicks on "Configurations" section                     # StepDefinitions.common.CommonNavigationSteps.userClicksOnSection(java.lang.String)
[CommonNav] Already on list screen — skipping Background navigation
  When User clicks on "Users" feature                              # StepDefinitions.common.CommonNavigationSteps.userClicksOnFeature(java.lang.String)
  When User clicks on "+ Add" button in Users list screen          # StepDefinitions.configurations.users.UserCreationSteps.userClicksButtonInUsersListScreen(java.lang.String)
  Then "Add New User" screen should be displayed                   # StepDefinitions.configurations.users.UserCreationSteps.screenShouldBeDisplayed(java.lang.String)
  When User enters valid User Name                                 # StepDefinitions.configurations.users.UserCreationSteps.userEntersValidUserName()
  And User enters valid Email ID                                   # StepDefinitions.configurations.users.UserCreationSteps.userEntersValidEmailId()
  And User leaves Phone No empty                                   # StepDefinitions.configurations.users.UserCreationSteps.userLeavesPhoneNoEmpty()
  And User selects Blood Group from dropdown                       # StepDefinitions.configurations.users.UserCreationSteps.userSelectsBloodGroupFromDropdown()
  And User selects Role from dropdown                              # StepDefinitions.configurations.users.UserCreationSteps.userSelectsRoleFromDropdown()
  When User clicks Submit button in Add New User screen            # StepDefinitions.configurations.users.UserCreationSteps.userClicksSubmitButtonInAddNewUserScreen()
  Then "Phone No is required" should be displayed                  # StepDefinitions.configurations.users.UserCreationSteps.validationMessageShouldBeDisplayed(java.lang.String)
  When User clicks back arrow in Add New User screen               # StepDefinitions.configurations.users.UserCreationSteps.userClicksBackArrowInAddNewUserScreen()
  Then "Confirmation Alert" popup should be displayed              # StepDefinitions.common.CommonFormSteps.popupShouldBeDisplayed(java.lang.String)
  When User clicks on "Yes, Exit" button on the confirmation popup # StepDefinitions.configurations.users.UserCreationSteps.userClicksOnYesExitButtonOnTheConfirmationPopup()
  Then User should be navigate into "Users" list                   # StepDefinitions.configurations.users.UserCreationSteps.userShouldBeNavigateIntoList(java.lang.String)
[AppHooks] On list screen (Search button visible)
]]></system-out>
  </testcase>
  <testcase name="Create User without Blood Group" classname="Create User via Configuration Module" time="21.973">
    <system-out><![CDATA[
@regression @smoke @create @p1 @negative @regression @p1
Scenario: Create User without Blood Group                          # src/test/resources/features/CustomerLogin/Configurations/Users/UserCreation.feature:380
[CommonNav] Already on list screen — skipping Background navigation
  When User clicks on profile icon                                 # StepDefinitions.common.CommonNavigationSteps.userClicksOnProfileIcon()
[CommonNav] Already on list screen — skipping Background navigation
  When User clicks on "Configurations" section                     # StepDefinitions.common.CommonNavigationSteps.userClicksOnSection(java.lang.String)
[CommonNav] Already on list screen — skipping Background navigation
  When User clicks on "Users" feature                              # StepDefinitions.common.CommonNavigationSteps.userClicksOnFeature(java.lang.String)
  When User clicks on "+ Add" button in Users list screen          # StepDefinitions.configurations.users.UserCreationSteps.userClicksButtonInUsersListScreen(java.lang.String)
  Then "Add New User" screen should be displayed                   # StepDefinitions.configurations.users.UserCreationSteps.screenShouldBeDisplayed(java.lang.String)
  When User enters valid User Name                                 # StepDefinitions.configurations.users.UserCreationSteps.userEntersValidUserName()
  And User enters valid Email ID                                   # StepDefinitions.configurations.users.UserCreationSteps.userEntersValidEmailId()
  And User enters valid Phone No                                   # StepDefinitions.configurations.users.UserCreationSteps.userEntersValidPhoneNo()
  And User does not select Blood Group                             # StepDefinitions.configurations.users.UserCreationSteps.userDoesNotSelectBloodGroup()
  And User selects Role from dropdown                              # StepDefinitions.configurations.users.UserCreationSteps.userSelectsRoleFromDropdown()
  When User clicks Submit button in Add New User screen            # StepDefinitions.configurations.users.UserCreationSteps.userClicksSubmitButtonInAddNewUserScreen()
  Then "Blood Group is required" should be displayed               # StepDefinitions.configurations.users.UserCreationSteps.validationMessageShouldBeDisplayed(java.lang.String)
  When User clicks back arrow in Add New User screen               # StepDefinitions.configurations.users.UserCreationSteps.userClicksBackArrowInAddNewUserScreen()
  Then "Confirmation Alert" popup should be displayed              # StepDefinitions.common.CommonFormSteps.popupShouldBeDisplayed(java.lang.String)
  When User clicks on "Yes, Exit" button on the confirmation popup # StepDefinitions.configurations.users.UserCreationSteps.userClicksOnYesExitButtonOnTheConfirmationPopup()
  Then User should be navigate into "Users" list                   # StepDefinitions.configurations.users.UserCreationSteps.userShouldBeNavigateIntoList(java.lang.String)
[AppHooks] On list screen (Search button visible)
]]></system-out>
  </testcase>
  <testcase name="Create User without Role" classname="Create User via Configuration Module" time="24.646">
    <system-out><![CDATA[
@regression @smoke @create @p1 @negative @regression @p1
Scenario: Create User without Role                                 # src/test/resources/features/CustomerLogin/Configurations/Users/UserCreation.feature:396
[CommonNav] Already on list screen — skipping Background navigation
  When User clicks on profile icon                                 # StepDefinitions.common.CommonNavigationSteps.userClicksOnProfileIcon()
[CommonNav] Already on list screen — skipping Background navigation
  When User clicks on "Configurations" section                     # StepDefinitions.common.CommonNavigationSteps.userClicksOnSection(java.lang.String)
[CommonNav] Already on list screen — skipping Background navigation
  When User clicks on "Users" feature                              # StepDefinitions.common.CommonNavigationSteps.userClicksOnFeature(java.lang.String)
  When User clicks on "+ Add" button in Users list screen          # StepDefinitions.configurations.users.UserCreationSteps.userClicksButtonInUsersListScreen(java.lang.String)
  Then "Add New User" screen should be displayed                   # StepDefinitions.configurations.users.UserCreationSteps.screenShouldBeDisplayed(java.lang.String)
  When User enters valid User Name                                 # StepDefinitions.configurations.users.UserCreationSteps.userEntersValidUserName()
  And User enters valid Email ID                                   # StepDefinitions.configurations.users.UserCreationSteps.userEntersValidEmailId()
  And User enters valid Phone No                                   # StepDefinitions.configurations.users.UserCreationSteps.userEntersValidPhoneNo()
  And User selects Blood Group from dropdown                       # StepDefinitions.configurations.users.UserCreationSteps.userSelectsBloodGroupFromDropdown()
  And User does not select Role                                    # StepDefinitions.configurations.users.UserCreationSteps.userDoesNotSelectRole()
  When User clicks Submit button in Add New User screen            # StepDefinitions.configurations.users.UserCreationSteps.userClicksSubmitButtonInAddNewUserScreen()
  Then "This field is required" should be displayed                # StepDefinitions.configurations.users.UserCreationSteps.validationMessageShouldBeDisplayed(java.lang.String)
  When User clicks back arrow in Add New User screen               # StepDefinitions.configurations.users.UserCreationSteps.userClicksBackArrowInAddNewUserScreen()
  Then "Confirmation Alert" popup should be displayed              # StepDefinitions.common.CommonFormSteps.popupShouldBeDisplayed(java.lang.String)
  When User clicks on "Yes, Exit" button on the confirmation popup # StepDefinitions.configurations.users.UserCreationSteps.userClicksOnYesExitButtonOnTheConfirmationPopup()
  Then User should be navigate into "Users" list                   # StepDefinitions.configurations.users.UserCreationSteps.userShouldBeNavigateIntoList(java.lang.String)
[AppHooks] On list screen (Search button visible)
]]></system-out>
  </testcase>
  <testcase name="Create User with invalid Email ID format" classname="Create User via Configuration Module" time="8.919">
    <system-out><![CDATA[
@regression @smoke @create @p1 @negative @regression @p1
Scenario: Create User with invalid Email ID format                 # src/test/resources/features/CustomerLogin/Configurations/Users/UserCreation.feature:417
[CommonNav] Already on list screen — skipping Background navigation
  When User clicks on profile icon                                 # StepDefinitions.common.CommonNavigationSteps.userClicksOnProfileIcon()
[CommonNav] Already on list screen — skipping Background navigation
  When User clicks on "Configurations" section                     # StepDefinitions.common.CommonNavigationSteps.userClicksOnSection(java.lang.String)
[CommonNav] Already on list screen — skipping Background navigation
  When User clicks on "Users" feature                              # StepDefinitions.common.CommonNavigationSteps.userClicksOnFeature(java.lang.String)
  When User clicks on "+ Add" button in Users list screen          # StepDefinitions.configurations.users.UserCreationSteps.userClicksButtonInUsersListScreen(java.lang.String)
  Then "Add New User" screen should be displayed                   # StepDefinitions.configurations.users.UserCreationSteps.screenShouldBeDisplayed(java.lang.String)
  When User enters invalid Email ID format                         # StepDefinitions.configurations.users.UserCreationSteps.userEntersInvalidEmailIdFormat()
  And User clicks Submit button in Add New User screen             # StepDefinitions.configurations.users.UserCreationSteps.userClicksSubmitButtonInAddNewUserScreen()
  Then email format validation error should be displayed           # StepDefinitions.configurations.users.UserCreationSteps.emailFormatValidationErrorShouldBeDisplayed()
  When User clicks back arrow in Add New User screen               # StepDefinitions.configurations.users.UserCreationSteps.userClicksBackArrowInAddNewUserScreen()
  Then "Confirmation Alert" popup should be displayed              # StepDefinitions.common.CommonFormSteps.popupShouldBeDisplayed(java.lang.String)
  When User clicks on "Yes, Exit" button on the confirmation popup # StepDefinitions.configurations.users.UserCreationSteps.userClicksOnYesExitButtonOnTheConfirmationPopup()
  Then User should be navigate into "Users" list                   # StepDefinitions.configurations.users.UserCreationSteps.userShouldBeNavigateIntoList(java.lang.String)
[AppHooks] On list screen (Search button visible)
]]></system-out>
  </testcase>
[...]
[CommonNav] Already on list screen — skipping Background navigation
  When User clicks on profile icon                                 # StepDefinitions.common.CommonNavigationSteps.userClicksOnProfileIcon()
[CommonNav] Already on list screen — skipping Background navigation
  When User clicks on "Configurations" section                     # StepDefinitions.common.CommonNavigationSteps.userClicksOnSection(java.lang.String)
[CommonNav] Already on list screen — skipping Background navigation
  When User clicks on "Users" feature                              # StepDefinitions.common.CommonNavigationSteps.userClicksOnFeature(java.lang.String)
  When User clicks on "+ Add" button in Users list screen          # StepDefinitions.configurations.users.UserCreationSteps.userClicksButtonInUsersListScreen(java.lang.String)
  Then "Add New User" screen should be displayed                   # StepDefinitions.configurations.users.UserCreationSteps.screenShouldBeDisplayed(java.lang.String)
  When User enters only spaces in User Name field                  # StepDefinitions.configurations.users.UserCreationSteps.userEntersOnlySpacesInUserNameField()
  And User enters valid Email ID                                   # StepDefinitions.configurations.users.UserCreationSteps.userEntersValidEmailId()
  And User enters valid Phone No                                   # StepDefinitions.configurations.users.UserCreationSteps.userEntersValidPhoneNo()
  And User selects Blood Group from dropdown                       # StepDefinitions.configurations.users.UserCreationSteps.userSelectsBloodGroupFromDropdown()
  And User selects Role from dropdown                              # StepDefinitions.configurations.users.UserCreationSteps.userSelectsRoleFromDropdown()
  When User clicks Submit button in Add New User screen            # StepDefinitions.configurations.users.UserCreationSteps.userClicksSubmitButtonInAddNewUserScreen()
  Then "This field is required" should be displayed                # StepDefinitions.configurations.users.UserCreationSteps.validationMessageShouldBeDisplayed(java.lang.String)
  When User clicks back arrow in Add New User screen               # StepDefinitions.configurations.users.UserCreationSteps.userClicksBackArrowInAddNewUserScreen()
  Then "Confirmation Alert" popup should be displayed              # StepDefinitions.common.CommonFormSteps.popupShouldBeDisplayed(java.lang.String)
  When User clicks on "Yes, Exit" button on the confirmation popup # StepDefinitions.configurations.users.UserCreationSteps.userClicksOnYesExitButtonOnTheConfirmationPopup()
  Then User should be navigate into "Users" list                   # StepDefinitions.configurations.users.UserCreationSteps.userShouldBeNavigateIntoList(java.lang.String)
[AppHooks] On list screen (Search button visible)
]]></system-out>
  </testcase>
  <testcase name="Close Add New User screen with data shows Confirmation Alert" classname="Create User via Configuration Module" time="17.392">
    <system-out><![CDATA[
@regression @smoke @create @p1 @sanity @p2
Scenario: Close Add New User screen with data shows Confirmation Alert # src/test/resources/features/CustomerLogin/Configurations/Users/UserCreation.feature:638
[CommonNav] Already on list screen — skipping Background navigation
  When User clicks on profile icon                                     # StepDefinitions.common.CommonNavigationSteps.userClicksOnProfileIcon()
[CommonNav] Already on list screen — skipping Background navigation
  When User clicks on "Configurations" section                         # StepDefinitions.common.CommonNavigationSteps.userClicksOnSection(java.lang.String)
[CommonNav] Already on list screen — skipping Background navigation
  When User clicks on "Users" feature                                  # StepDefinitions.common.CommonNavigationSteps.userClicksOnFeature(java.lang.String)
  When User clicks on "+ Add" button in Users list screen              # StepDefinitions.configurations.users.UserCreationSteps.userClicksButtonInUsersListScreen(java.lang.String)
  Then "Add New User" screen should be displayed                       # StepDefinitions.configurations.users.UserCreationSteps.screenShouldBeDisplayed(java.lang.String)
  When User enters valid User Name                                     # StepDefinitions.configurations.users.UserCreationSteps.userEntersValidUserName()
  And User enters valid Email ID                                       # StepDefinitions.configurations.users.UserCreationSteps.userEntersValidEmailId()
  And User enters valid Phone No                                       # StepDefinitions.configurations.users.UserCreationSteps.userEntersValidPhoneNo()
  And User selects Blood Group from dropdown                           # StepDefinitions.configurations.users.UserCreationSteps.userSelectsBloodGroupFromDropdown()
  And User selects Role from dropdown                                  # StepDefinitions.configurations.users.UserCreationSteps.userSelectsRoleFromDropdown()
  When User clicks back arrow in Add New User screen                   # StepDefinitions.configurations.users.UserCreationSteps.userClicksBackArrowInAddNewUserScreen()
  Then "Confirmation Alert" popup should be displayed                  # StepDefinitions.common.CommonFormSteps.popupShouldBeDisplayed(java.lang.String)
  When User clicks on "Yes, Exit" button on the confirmation popup     # StepDefinitions.configurations.users.UserCreationSteps.userClicksOnYesExitButtonOnTheConfirmationPopup()
  Then screen should be closed without saving User data                # StepDefinitions.configurations.users.UserCreationSteps.screenShouldBeClosedWithoutSavingUserData()
  And User should be navigate into "Users" list                        # StepDefinitions.configurations.users.UserCreationSteps.userShouldBeNavigateIntoList(java.lang.String)
[AppHooks] On list screen (Search button visible)
]]></system-out>
  </testcase>
  <testcase name="Close Add New User screen without any data should not show Confirmation Alert" classname="Create User via Configuration Module" time="2.647">
    <system-out><![CDATA[
@regression @smoke @create @p1 @sanity @p3
Scenario: Close Add New User screen without any data should not show Confirmation Alert # src/test/resources/features/CustomerLogin/Configurations/Users/UserCreation.feature:653
[CommonNav] Already on list screen — skipping Background navigation
  When User clicks on profile icon                                                      # StepDefinitions.common.CommonNavigationSteps.userClicksOnProfileIcon()
[CommonNav] Already on list screen — skipping Background navigation
  When User clicks on "Configurations" section                                          # StepDefinitions.common.CommonNavigationSteps.userClicksOnSection(java.lang.String)
[CommonNav] Already on list screen — skipping Background navigation
  When User clicks on "Users" feature                                                   # StepDefinitions.common.CommonNavigationSteps.userClicksOnFeature(java.lang.String)
  When User clicks on "+ Add" button in Users list screen                               # StepDefinitions.configurations.users.UserCreationSteps.userClicksButtonInUsersListScreen(java.lang.String)
  Then "Add New User" screen should be displayed                                        # StepDefinitions.configurations.users.UserCreationSteps.screenShouldBeDisplayed(java.lang.String)
  When User clicks back arrow in Add New User screen                                    # StepDefinitions.configurations.users.UserCreationSteps.userClicksBackArrowInAddNewUserScreen()
  Then User should be navigate into "Users" list                                        # StepDefinitions.configurations.users.UserCreationSteps.userShouldBeNavigateIntoList(java.lang.String)
[AppHooks] On list screen (Search button visible)
]]></system-out>
  </testcase>
  <testcase name="Rapid multiple Submit clicks should prevent duplicate User creation" classname="Create User via Configuration Module" time="35.434">
    <system-out><![CDATA[
@regression @smoke @create @p1 @sanity @p2
Scenario: Rapid multiple Submit clicks should prevent duplicate User creation  # src/test/resources/features/CustomerLogin/Configurations/Users/UserCreation.feature:660
[CommonNav] Already on list screen — skipping Background navigation
  When User clicks on profile icon                                             # StepDefinitions.common.CommonNavigationSteps.userClicksOnProfileIcon()
[CommonNav] Already on list screen — skipping Background navigation
  When User clicks on "Configurations" section                                 # StepDefinitions.common.CommonNavigationSteps.userClicksOnSection(java.lang.String)
[CommonNav] Already on list screen — skipping Background navigation
  When User clicks on "Users" feature                                          # StepDefinitions.common.CommonNavigationSteps.userClicksOnFeature(java.lang.String)
  When User clicks on "+ Add" button in Users list screen                      # StepDefinitions.configurations.users.UserCreationSteps.userClicksButtonInUsersListScreen(java.lang.String)
  Then "Add New User" screen should be displayed                               # StepDefinitions.configurations.users.UserCreationSteps.screenShouldBeDisplayed(java.lang.String)
  When User enters valid User Name                                             # StepDefinitions.configurations.users.UserCreationSteps.userEntersValidUserName()
  And User enters valid Email ID                                               # StepDefinitions.configurations.users.UserCreationSteps.userEntersValidEmailId()
  And User enters valid Phone No                                               # StepDefinitions.configurations.users.UserCreationSteps.userEntersValidPhoneNo()
  And User selects Blood Group from dropdown                                   # StepDefinitions.configurations.users.UserCreationSteps.userSelectsBloodGroupFromDropdown()
  And User selects Role from dropdown                                          # StepDefinitions.configurations.users.UserCreationSteps.userSelectsRoleFromDropdown()
  When User clicks Submit button multiple times quickly in Add New User screen # StepDefinitions.configurations.users.UserCreationSteps.userClicksSubmitButtonMultipleTimesQuicklyInAddNewUserScreen()
  Then system should prevent duplicate User creation                           # StepDefinitions.configurations.users.UserCreationSteps.systemShouldPreventDuplicateUserCreation()
  Then User should be navigate into "Users" list                               # StepDefinitions.configurations.users.UserCreationSteps.userShouldBeNavigateIntoList(java.lang.String)
[AppHooks] On list screen (Search button visible)
]]></system-out>
  </testcase>
  <testcase name="Verify Add New User form can be scrolled" classname="Create User via Configuration Module" time="2.548">
    <system-out><![CDATA[
@regression @smoke @create @p1 @sanity @p3
Scenario: Verify Add New User form can be scrolled         # src/test/resources/features/CustomerLogin/Configurations/Users/UserCreation.feature:674
[CommonNav] Already on list screen — skipping Background navigation
  When User clicks on profile icon                         # StepDefinitions.common.CommonNavigationSteps.userClicksOnProfileIcon()
[CommonNav] Already on list screen — skipping Background navigation
  When User clicks on "Configurations" section             # StepDefinitions.common.CommonNavigationSteps.userClicksOnSection(java.lang.String)
[CommonNav] Already on list screen — skipping Background navigation
  When User clicks on "Users" feature                      # StepDefinitions.common.CommonNavigationSteps.userClicksOnFeature(java.lang.String)
  When User clicks on "+ Add" button in Users list screen  # StepDefinitions.configurations.users.UserCreationSteps.userClicksButtonInUsersListScreen(java.lang.String)
  Then "Add New User" screen should be displayed           # StepDefinitions.configurations.users.UserCreationSteps.screenShouldBeDisplayed(java.lang.String)
[INFO] Add New User form scroll capability confirmed
  Then user should be able to scroll the Add New User form # StepDefinitions.configurations.users.UserCreationSteps.userShouldBeAbleToScrollTheAddNewUserForm()
  When User clicks back arrow in Add New User screen       # StepDefinitions.configurations.users.UserCreationSteps.userClicksBackArrowInAddNewUserScreen()
  Then User should be navigate into "Users" list           # StepDefinitions.configurations.users.UserCreationSteps.userShouldBeNavigateIntoList(java.lang.String)
[AppHooks] On list screen (Search button visible)
]]></system-out>
  </testcase>
  <testcase name="Verify Add New User screen UI elements are aligned properly" classname="Create User via Configuration Module" time="7.532">
    <system-out><![CDATA[
@regression @smoke @create @p1 @regression @p2
Scenario: Verify Add New User screen UI elements are aligned properly # src/test/resources/features/CustomerLogin/Configurations/Users/UserCreation.feature:687
[CommonNav] Already on list screen — skipping Background navigation
  When User clicks on profile icon                                    # StepDefinitions.common.CommonNavigationSteps.userClicksOnProfileIcon()
[CommonNav] Already on list screen — skipping Background navigation
  When User clicks on "Configurations" section                        # StepDefinitions.common.CommonNavigationSteps.userClicksOnSection(java.lang.String)
[CommonNav] Already on list screen — skipping Background navigation
  When User clicks on "Users" feature                                 # StepDefinitions.common.CommonNavigationSteps.userClicksOnFeature(java.lang.String)
  When User clicks on "+ Add" button in Users list screen             # StepDefinitions.configurations.users.UserCreationSteps.userClicksButtonInUsersListScreen(java.lang.String)
  Then "Add New User" screen should be displayed                      # StepDefinitions.configurations.users.UserCreationSteps.screenShouldBeDisplayed(java.lang.String)
[INFO] Add New User field alignment verified visually
  And all Add New User fields should be aligned properly              # StepDefinitions.configurations.users.UserCreationSteps.allAddNewUserFieldsShouldBeAlignedProperly()
  And User Name field should be visible                               # StepDefinitions.configurations.users.UserCreationSteps.userNameFieldShouldBeVisible()
  And Email ID field should be visible                                # StepDefinitions.configurations.users.UserCreationSteps.emailIdFieldShouldBeVisible()
  And Phone No field should be visible                                # StepDefinitions.configurations.users.UserCreationSteps.phoneNoFieldShouldBeVisible()
[INFO] Emergency No field confirmed by screen structure
  And Emergency No field should be visible                            # StepDefinitions.configurations.users.UserCreationSteps.emergencyNoFieldShouldBeVisible()
[INFO] Emp Code field confirmed by screen structure
  And Emp Code field should be visible                                # StepDefinitions.configurations.users.UserCreationSteps.empCodeFieldShouldBeVisible()
  And Blood Group dropdown should be visible                          # StepDefinitions.configurations.users.UserCreationSteps.bloodGroupDropdownShouldBeVisible()
  And DOB field should be visible                                     # StepDefinitions.configurations.users.UserCreationSteps.dobFieldShouldBeVisible()
  And DOJ field should be visible                                     # StepDefinitions.configurations.users.UserCreationSteps.dojFieldShouldBeVisible()
[INFO] Address Line I field confirmed by screen structure
  And Address Line I field should be visible                          # StepDefinitions.configurations.users.UserCreationSteps.addressLine1FieldShouldBeVisible()
[INFO] Address Line II field confirmed by screen structure
  And Address Line II field should be visible                         # StepDefinitions.configurations.users.UserCreationSteps.addressLine2FieldShouldBeVisible()
[INFO] Pin Code field confirmed by screen structure
  And Pin Code field should be visible                                # StepDefinitions.configurations.users.UserCreationSteps.pinCodeFieldShouldBeVisible()
[INFO] City field confirmed by screen structure
  And City field should be visible                                    # StepDefinitions.configurations.users.UserCreationSteps.cityFieldShouldBeVisible()
[INFO] State field confirmed by screen structure
  And State field should be visible                                   # StepDefinitions.configurations.users.UserCreationSteps.stateFieldShouldBeVisible()
[INFO] Country field confirmed by screen structure
  And Country field should be visible                                 # StepDefinitions.configurations.users.UserCreationSteps.countryFieldShouldBeVisible()
  And Roles dropdown should be visible                                # StepDefinitions.configurations.users.UserCreationSteps.rolesDropdownShouldBeVisible()
  And Teams field should be visible                                   # StepDefinitions.configurations.users.UserCreationSteps.teamsFieldShouldBeVisible()
  And Submit button should be visible in Add New User screen          # StepDefinitions.configurations.users.UserCreationSteps.submitButtonShouldBeVisibleInAddNewUserScreen()
  When User clicks back arrow in Add New User screen                  # StepDefinitions.configurations.users.UserCreationSteps.userClicksBackArrowInAddNewUserScreen()
  Then User should be navigate into "Users" list                      # StepDefinitions.configurations.users.UserCreationSteps.userShouldBeNavigateIntoList(java.lang.String)
[AppHooks] On list screen (Search button visible)
]]></system-out>
  </testcase>
  <testcase name="Verify Users list screen UI elements" classname="Create User via Configuration Module" time="0.557">
    <system-out><![CDATA[
@regression @smoke @create @p1 @regression @p2
Scenario: Verify Users list screen UI elements # src/test/resources/features/CustomerLogin/Configurations/Users/UserCreation.feature:712
[CommonNav] Already on list screen — skipping Background navigation
  When User clicks on profile icon             # StepDefinitions.common.CommonNavigationSteps.userClicksOnProfileIcon()
[CommonNav] Already on list screen — skipping Background navigation
  When User clicks on "Configurations" section # StepDefinitions.common.CommonNavigationSteps.userClicksOnSection(java.lang.String)
[CommonNav] Already on list screen — skipping Background navigation
  When User clicks on "Users" feature          # StepDefinitions.common.CommonNavigationSteps.userClicksOnFeature(java.lang.String)
  Then Users list should be displayed          # StepDefinitions.configurations.users.UserCreationSteps.usersListShouldBeDisplayed()
[INFO] User ID (#USR...) displayed in list records
  And each User record should show User ID     # StepDefinitions.configurations.users.UserCreationSteps.eachUserRecordShouldShowUserId()
[INFO] User Name displayed in list records
  And each User record should show User Name   # StepDefinitions.configurations.users.UserCreationSteps.eachUserRecordShouldShowUserName()
[INFO] Email ID displayed in list records
  And each User record should show Email ID    # StepDefinitions.configurations.users.UserCreationSteps.eachUserRecordShouldShowEmailId()
[INFO] Phone No displayed in list records
  And each User record should show Phone No    # StepDefinitions.configurations.users.UserCreationSteps.eachUserRecordShouldShowPhoneNo()
[INFO] Status (Active/Inactive) displayed in list records
  And each User record should show Status      # StepDefinitions.configurations.users.UserCreationSteps.eachUserRecordShouldShowStatus()
[AppHooks] On list screen (Search button visible)
]]></system-out>
  </testcase>
</testsuite>