<?xml version="1.0" encoding="UTF-8"?>
<testsuite xmlns:xsi="http://www.w3.org/2001/XMLSchema-instance" xsi:noNamespaceSchemaLocation="https://maven.apache.org/surefire/maven-surefire-plugin/xsd/surefire-test-report-3.0.xsd" version="3.0" name="testRunner.UserMachineSubscriptionRunner" time="503.885" tests="23" errors="0" skipped="0" failures="0">
  <properties>
[...]
</properties>
  <testcase name="Verify onboarding screens and navigate to login" classname="Login Functionality" time="13.226">
    <system-out><![CDATA[✅ Driver initialized successfully

Scenario: Verify onboarding screens and navigate to login          # src/test/resources/features/CustomerLogin/01_Login.feature:5
  Given the app is launched                                        # StepDefinitions.configurations.login.LoginSteps.the_app_is_launched()
  And Verify the "Digitization" screen is displayed                # StepDefinitions.configurations.login.LoginSteps.verify_the_screen_is_displayed(java.lang.String)
  When the user clicks on Next                                     # StepDefinitions.configurations.login.LoginSteps.the_user_clicks_on_next()
  Then Verify the "World of Machines" screen should be displayed   # StepDefinitions.configurations.login.LoginSteps.verify_the_screen_should_be_displayed(java.lang.String)
  When the user clicks on Next again                               # StepDefinitions.configurations.login.LoginSteps.the_user_clicks_on_next_again()
  Then Verify the "Accelerating Growth" screen should displayed    # StepDefinitions.configurations.login.LoginSteps.verify_the_screen_should_displayed(java.lang.String)
  When the user clicks on Finish                                   # StepDefinitions.configurations.login.LoginSteps.the_user_clicks_on_finish()
  Then Verify the "Login to Your Account" screen should be visible # StepDefinitions.configurations.login.LoginSteps.verify_the_screen_should_be_visible(java.lang.String)
  When the user double taps on the APMS AI footer if needed        # StepDefinitions.configurations.login.LoginSteps.the_user_double_taps_on_the_apms_ai_footer_if_needed()
[AppHooks] On login screen — stopping
]]></system-out>
  </testcase>
  <testcase name="Verify user is able to login successfully" classname="Login Functionality" time="11.571">
    <system-out><![CDATA[
Scenario: Verify user is able to login successfully     # src/test/resources/features/CustomerLogin/01_Login.feature:69
  Given the user is on the login screen                 # StepDefinitions.configurations.login.LoginSteps.the_user_is_on_the_login_screen()
  When the user enters email "anilkumar.m@apms.ai"      # StepDefinitions.configurations.login.LoginSteps.the_user_enters_email(java.lang.String)
  And the user enters password "1234"                   # StepDefinitions.configurations.login.LoginSteps.the_user_enters_password(java.lang.String)
  And the user clicks on Login                          # StepDefinitions.configurations.login.LoginSteps.the_user_clicks_on_login()
  Then Verify the user should be logged in successfully # StepDefinitions.configurations.login.LoginSteps.verify_the_user_should_be_logged_in_successfully()
[AppHooks] On Dashboard — stopping
]]></system-out>
  </testcase>
  <testcase name="Search User and long press to open Action Menus bottom sheet" classname="User Machine Subscription via Action Menu" time="33.509">
    <system-out><![CDATA[
@regression @smoke @machine-subscription @p1 @smoke @p1
Scenario: Search User and long press to open Action Menus bottom sheet # src/test/resources/features/CustomerLogin/Configurations/Users/UserMachineSubscription.feature:20
  When User clicks on profile icon                                     # StepDefinitions.common.CommonNavigationSteps.userClicksOnProfileIcon()
  When User clicks on "Configurations" section                         # StepDefinitions.common.CommonNavigationSteps.userClicksOnSection(java.lang.String)
  When User clicks on "Users" feature                                  # StepDefinitions.common.CommonNavigationSteps.userClicksOnFeature(java.lang.String)
  And User has already created a User                                  # StepDefinitions.configurations.users.UserCreationSteps.userHasAlreadyCreatedAUser()
  When User clicks on search icon                                      # StepDefinitions.common.CommonFormSteps.userClicksOnSearchIcon()
  And User taps on search input field                                  # StepDefinitions.common.CommonFormSteps.userTapsOnSearchInputField()
  And User clears existing text in search field                        # StepDefinitions.common.CommonFormSteps.userClearsExistingTextInSearchField()
  And User enters newly created User Name                              # StepDefinitions.configurations.users.UserUpdateSteps.userEntersNewlyCreatedUserName()
  And User waits for search results to load                            # StepDefinitions.common.CommonFormSteps.userWaitsForSearchResultsToLoad()
[INFO] Search results displayed for User query
  Then system should display matching User results                     # StepDefinitions.configurations.users.UserUpdateSteps.systemShouldDisplayMatchingUserResults()
  And User verifies User appears in list                               # StepDefinitions.configurations.users.UserUpdateSteps.userVerifiesUserAppearsInList()
  When User long presses on User record                                # StepDefinitions.configurations.users.UserMachineSubscriptionSteps.userLongPressesOnUserRecord()
  Then Action Menus bottom sheet should be displayed                   # StepDefinitions.configurations.users.UserMachineSubscriptionSteps.actionMenusBottomSheetShouldBeDisplayed()
  And Machine Subscription option should be visible in Action Menus    # StepDefinitions.configurations.users.UserMachineSubscriptionSteps.machineSubscriptionOptionShouldBeVisibleInActionMenus()
  And Unit Subscription option should be visible in Action Menus       # StepDefinitions.configurations.users.UserMachineSubscriptionSteps.unitSubscriptionOptionShouldBeVisibleInActionMenus()
  When User clicks search close X button                               # StepDefinitions.common.CommonFormSteps.userClicksSearchCloseXButton()
  Then search field should be closed                                   # StepDefinitions.common.CommonFormSteps.searchFieldShouldBeClosed()
  And module list should be in normal state                            # StepDefinitions.common.CommonFormSteps.moduleListShouldBeInNormalState()
  And User should be navigate into "Users" list                        # StepDefinitions.configurations.users.UserCreationSteps.userShouldBeNavigateIntoList(java.lang.String)
[AppHooks] On list screen (Search button visible)
]]></system-out>
  </testcase>
  <testcase name="Open Machine Subscription popup and verify UI elements" classname="User Machine Subscription via Action Menu" time="11.154">
    <system-out><![CDATA[
@regression @smoke @machine-subscription @p1 @smoke @p1
Scenario: Open Machine Subscription popup and verify UI elements       # src/test/resources/features/CustomerLogin/Configurations/Users/UserMachineSubscription.feature:39
[CommonNav] Already on list screen — skipping Background navigation
  When User clicks on profile icon                                     # StepDefinitions.common.CommonNavigationSteps.userClicksOnProfileIcon()
[CommonNav] Already on list screen — skipping Background navigation
  When User clicks on "Configurations" section                         # StepDefinitions.common.CommonNavigationSteps.userClicksOnSection(java.lang.String)
[CommonNav] Already on list screen — skipping Background navigation
  When User clicks on "Users" feature                                  # StepDefinitions.common.CommonNavigationSteps.userClicksOnFeature(java.lang.String)
  And User has already created a User                                  # StepDefinitions.configurations.users.UserCreationSteps.userHasAlreadyCreatedAUser()
  When User clicks on search icon                                      # StepDefinitions.common.CommonFormSteps.userClicksOnSearchIcon()
  And User taps on search input field                                  # StepDefinitions.common.CommonFormSteps.userTapsOnSearchInputField()
  And User clears existing text in search field                        # StepDefinitions.common.CommonFormSteps.userClearsExistingTextInSearchField()
  And User enters newly created User Name                              # StepDefinitions.configurations.users.UserUpdateSteps.userEntersNewlyCreatedUserName()
  And User waits for search results to load                            # StepDefinitions.common.CommonFormSteps.userWaitsForSearchResultsToLoad()
[INFO] Search results displayed for User query
  Then system should display matching User results                     # StepDefinitions.configurations.users.UserUpdateSteps.systemShouldDisplayMatchingUserResults()
  And User verifies User appears in list                               # StepDefinitions.configurations.users.UserUpdateSteps.userVerifiesUserAppearsInList()
  When User long presses on User record                                # StepDefinitions.configurations.users.UserMachineSubscriptionSteps.userLongPressesOnUserRecord()
  Then Action Menus bottom sheet should be displayed                   # StepDefinitions.configurations.users.UserMachineSubscriptionSteps.actionMenusBottomSheetShouldBeDisplayed()
  When User clicks on Machine Subscription option                      # StepDefinitions.configurations.users.UserMachineSubscriptionSteps.userClicksOnMachineSubscriptionOption()
  Then Machine Subscription popup should be displayed                  # StepDefinitions.configurations.users.UserMachineSubscriptionSteps.machineSubscriptionPopupShouldBeDisplayed()
  And "+" add machine button should be visible                         # StepDefinitions.configurations.users.UserMachineSubscriptionSteps.addMachineButtonShouldBeVisible()
[INFO] Submit button visibility in Machine Subscription popup: false
  And Submit button should be visible in Machine Subscription popup    # StepDefinitions.configurations.users.UserMachineSubscriptionSteps.submitButtonShouldBeVisibleInMachineSubscriptionPopup()
  And Close "X" button should be visible in Machine Subscription popup # StepDefinitions.configurations.users.UserMachineSubscriptionSteps.closeButtonShouldBeVisibleInMachineSubscriptionPopup(java.lang.String)
  When User clicks Close "X" button in Machine Subscription popup      # StepDefinitions.configurations.users.UserMachineSubscriptionSteps.userClicksCloseMachineSubscriptionPopup(java.lang.String)
  Then Machine Subscription popup should be closed                     # StepDefinitions.configurations.users.UserMachineSubscriptionSteps.machineSubscriptionPopupShouldBeClosed()
  When User clicks search close X button                               # StepDefinitions.common.CommonFormSteps.userClicksSearchCloseXButton()
  Then search field should be closed                                   # StepDefinitions.common.CommonFormSteps.searchFieldShouldBeClosed()
  And module list should be in normal state                            # StepDefinitions.common.CommonFormSteps.moduleListShouldBeInNormalState()
  And User should be navigate into "Users" list                        # StepDefinitions.configurations.users.UserCreationSteps.userShouldBeNavigateIntoList(java.lang.String)
[AppHooks] On list screen (Search button visible)
]]></system-out>
  </testcase>
  <testcase name="Open Machine Subscription popup when user has no machines assigned" classname="User Machine Subscription via Action Menu" time="17.285">
    <system-out><![CDATA[
@regression @smoke @machine-subscription @p1 @regression @p2
Scenario: Open Machine Subscription popup when user has no machines assigned # src/test/resources/features/CustomerLogin/Configurations/Users/UserMachineSubscription.feature:63
[CommonNav] Already on list screen — skipping Background navigation
  When User clicks on profile icon                                           # StepDefinitions.common.CommonNavigationSteps.userClicksOnProfileIcon()
[CommonNav] Already on list screen — skipping Background navigation
  When User clicks on "Configurations" section                               # StepDefinitions.common.CommonNavigationSteps.userClicksOnSection(java.lang.String)
[CommonNav] Already on list screen — skipping Background navigation
  When User clicks on "Users" feature                                        # StepDefinitions.common.CommonNavigationSteps.userClicksOnFeature(java.lang.String)
  And User has already created a User                                        # StepDefinitions.configurations.users.UserCreationSteps.userHasAlreadyCreatedAUser()
  When User clicks on search icon                                            # StepDefinitions.common.CommonFormSteps.userClicksOnSearchIcon()
  And User taps on search input field                                        # StepDefinitions.common.CommonFormSteps.userTapsOnSearchInputField()
  And User clears existing text in search field                              # StepDefinitions.common.CommonFormSteps.userClearsExistingTextInSearchField()
  And User enters newly created User Name                                    # StepDefinitions.configurations.users.UserUpdateSteps.userEntersNewlyCreatedUserName()
  And User waits for search results to load                                  # StepDefinitions.common.CommonFormSteps.userWaitsForSearchResultsToLoad()
[INFO] Search results displayed for User query
  Then system should display matching User results                           # StepDefinitions.configurations.users.UserUpdateSteps.systemShouldDisplayMatchingUserResults()
  And User verifies User appears in list                                     # StepDefinitions.configurations.users.UserUpdateSteps.userVerifiesUserAppearsInList()
  When User long presses on User record                                      # StepDefinitions.configurations.users.UserMachineSubscriptionSteps.userLongPressesOnUserRecord()
  Then Action Menus bottom sheet should be displayed                         # StepDefinitions.configurations.users.UserMachineSubscriptionSteps.actionMenusBottomSheetShouldBeDisplayed()
  When User clicks on Machine Subscription option                            # StepDefinitions.configurations.users.UserMachineSubscriptionSteps.userClicksOnMachineSubscriptionOption()
  Then Machine Subscription popup should be displayed                        # StepDefinitions.configurations.users.UserMachineSubscriptionSteps.machineSubscriptionPopupShouldBeDisplayed()
  And Machine Subscription list should show empty state                      # StepDefinitions.configurations.users.UserMachineSubscriptionSteps.machineSubscriptionListShouldShowEmptyState()
  And "+" add machine button should be visible                               # StepDefinitions.configurations.users.UserMachineSubscriptionSteps.addMachineButtonShouldBeVisible()
  When User clicks Close "X" button in Machine Subscription popup            # StepDefinitions.configurations.users.UserMachineSubscriptionSteps.userClicksCloseMachineSubscriptionPopup(java.lang.String)
  Then Machine Subscription popup should be closed                           # StepDefinitions.configurations.users.UserMachineSubscriptionSteps.machineSubscriptionPopupShouldBeClosed()
  When User clicks search close X button                                     # StepDefinitions.common.CommonFormSteps.userClicksSearchCloseXButton()
  Then search field should be closed                                         # StepDefinitions.common.CommonFormSteps.searchFieldShouldBeClosed()
  And module list should be in normal state                                  # StepDefinitions.common.CommonFormSteps.moduleListShouldBeInNormalState()
  And User should be navigate into "Users" list                              # StepDefinitions.configurations.users.UserCreationSteps.userShouldBeNavigateIntoList(java.lang.String)
[AppHooks] On list screen (Search button visible)
]]></system-out>
  </testcase>
  <testcase name="Add single machine subscription" classname="User Machine Subscription via Action Menu" time="17.271">
    <system-out><![CDATA[
@regression @smoke @machine-subscription @p1 @smoke @regression @p1
Scenario: Add single machine subscription                            # src/test/resources/features/CustomerLogin/Configurations/Users/UserMachineSubscription.feature:91
[CommonNav] Already on list screen — skipping Background navigation
  When User clicks on profile icon                                   # StepDefinitions.common.CommonNavigationSteps.userClicksOnProfileIcon()
[CommonNav] Already on list screen — skipping Background navigation
  When User clicks on "Configurations" section                       # StepDefinitions.common.CommonNavigationSteps.userClicksOnSection(java.lang.String)
[CommonNav] Already on list screen — skipping Background navigation
  When User clicks on "Users" feature                                # StepDefinitions.common.CommonNavigationSteps.userClicksOnFeature(java.lang.String)
  And User has already created a User                                # StepDefinitions.configurations.users.UserCreationSteps.userHasAlreadyCreatedAUser()
  When User clicks on search icon                                    # StepDefinitions.common.CommonFormSteps.userClicksOnSearchIcon()
  And User taps on search input field                                # StepDefinitions.common.CommonFormSteps.userTapsOnSearchInputField()
  And User clears existing text in search field                      # StepDefinitions.common.CommonFormSteps.userClearsExistingTextInSearchField()
  And User enters newly created User Name                            # StepDefinitions.configurations.users.UserUpdateSteps.userEntersNewlyCreatedUserName()
  And User waits for search results to load                          # StepDefinitions.common.CommonFormSteps.userWaitsForSearchResultsToLoad()
[INFO] Search results displayed for User query
  Then system should display matching User results                   # StepDefinitions.configurations.users.UserUpdateSteps.systemShouldDisplayMatchingUserResults()
  And User verifies User appears in list                             # StepDefinitions.configurations.users.UserUpdateSteps.userVerifiesUserAppearsInList()
  When User long presses on User record                              # StepDefinitions.configurations.users.UserMachineSubscriptionSteps.userLongPressesOnUserRecord()
  Then Action Menus bottom sheet should be displayed                 # StepDefinitions.configurations.users.UserMachineSubscriptionSteps.actionMenusBottomSheetShouldBeDisplayed()
  When User clicks on Machine Subscription option                    # StepDefinitions.configurations.users.UserMachineSubscriptionSteps.userClicksOnMachineSubscriptionOption()
  Then Machine Subscription popup should be displayed                # StepDefinitions.configurations.users.UserMachineSubscriptionSteps.machineSubscriptionPopupShouldBeDisplayed()
  When User clicks "+" button in Machine Subscription popup          # StepDefinitions.configurations.users.UserMachineSubscriptionSteps.userClicksAddButtonInMachineSubscriptionPopup()
  Then "Select Machines" bottom sheet should be displayed            # StepDefinitions.configurations.users.UserMachineSubscriptionSteps.selectMachinesBottomSheetShouldBeDisplayed()
  When User selects one machine from bottom sheet                    # StepDefinitions.configurations.users.UserMachineSubscriptionSteps.userSelectsOneMachineFromBottomSheet()
  And User clicks Submit button in Select Machines bottom sheet      # StepDefinitions.configurations.users.UserMachineSubscriptionSteps.userClicksSubmitButtonInSelectMachinesBottomSheet()
  Then selected machine should be added to Machine Subscription list # StepDefinitions.configurations.users.UserMachineSubscriptionSteps.selectedMachineShouldBeAddedToList()
  And each machine in list should have a delete icon                 # StepDefinitions.configurations.users.UserMachineSubscriptionSteps.eachMachineInListShouldHaveADeleteIcon()
  When User clicks Submit button in Machine Subscription popup       # StepDefinitions.configurations.users.UserMachineSubscriptionSteps.userClicksSubmitButtonInMachineSubscriptionPopup()
  Then Machine Subscription should be saved successfully             # StepDefinitions.configurations.users.UserMachineSubscriptionSteps.machineSubscriptionShouldBeSavedSuccessfully()
  When User clicks search close X button                             # StepDefinitions.common.CommonFormSteps.userClicksSearchCloseXButton()
  Then search field should be closed                                 # StepDefinitions.common.CommonFormSteps.searchFieldShouldBeClosed()
  And module list should be in normal state                          # StepDefinitions.common.CommonFormSteps.moduleListShouldBeInNormalState()
  And User should be navigate into "Users" list                      # StepDefinitions.configurations.users.UserCreationSteps.userShouldBeNavigateIntoList(java.lang.String)
[AppHooks] On list screen (Search button visible)
]]></system-out>
  </testcase>
  <testcase name="Add multiple machine subscriptions" classname="User Machine Subscription via Action Menu" time="17.92">
    <system-out><![CDATA[
@regression @smoke @machine-subscription @p1 @regression @p1
Scenario: Add multiple machine subscriptions                          # src/test/resources/features/CustomerLogin/Configurations/Users/UserMachineSubscription.feature:118
[CommonNav] Already on list screen — skipping Background navigation
  When User clicks on profile icon                                    # StepDefinitions.common.CommonNavigationSteps.userClicksOnProfileIcon()
[CommonNav] Already on list screen — skipping Background navigation
  When User clicks on "Configurations" section                        # StepDefinitions.common.CommonNavigationSteps.userClicksOnSection(java.lang.String)
[CommonNav] Already on list screen — skipping Background navigation
  When User clicks on "Users" feature                                 # StepDefinitions.common.CommonNavigationSteps.userClicksOnFeature(java.lang.String)
  And User has already created a User                                 # StepDefinitions.configurations.users.UserCreationSteps.userHasAlreadyCreatedAUser()
  When User clicks on search icon                                     # StepDefinitions.common.CommonFormSteps.userClicksOnSearchIcon()
  And User taps on search input field                                 # StepDefinitions.common.CommonFormSteps.userTapsOnSearchInputField()
  And User clears existing text in search field                       # StepDefinitions.common.CommonFormSteps.userClearsExistingTextInSearchField()
  And User enters newly created User Name                             # StepDefinitions.configurations.users.UserUpdateSteps.userEntersNewlyCreatedUserName()
  And User waits for search results to load                           # StepDefinitions.common.CommonFormSteps.userWaitsForSearchResultsToLoad()
[INFO] Search results displayed for User query
  Then system should display matching User results                    # StepDefinitions.configurations.users.UserUpdateSteps.systemShouldDisplayMatchingUserResults()
  And User verifies User appears in list                              # StepDefinitions.configurations.users.UserUpdateSteps.userVerifiesUserAppearsInList()
  When User long presses on User record                               # StepDefinitions.configurations.users.UserMachineSubscriptionSteps.userLongPressesOnUserRecord()
  Then Action Menus bottom sheet should be displayed                  # StepDefinitions.configurations.users.UserMachineSubscriptionSteps.actionMenusBottomSheetShouldBeDisplayed()
  When User clicks on Machine Subscription option                     # StepDefinitions.configurations.users.UserMachineSubscriptionSteps.userClicksOnMachineSubscriptionOption()
  Then Machine Subscription popup should be displayed                 # StepDefinitions.configurations.users.UserMachineSubscriptionSteps.machineSubscriptionPopupShouldBeDisplayed()
  When User clicks "+" button in Machine Subscription popup           # StepDefinitions.configurations.users.UserMachineSubscriptionSteps.userClicksAddButtonInMachineSubscriptionPopup()
  Then "Select Machines" bottom sheet should be displayed             # StepDefinitions.configurations.users.UserMachineSubscriptionSteps.selectMachinesBottomSheetShouldBeDisplayed()
  When User selects multiple machines from bottom sheet               # StepDefinitions.configurations.users.UserMachineSubscriptionSteps.userSelectsMultipleMachinesFromBottomSheet()
  And User clicks Submit button in Select Machines bottom sheet       # StepDefinitions.configurations.users.UserMachineSubscriptionSteps.userClicksSubmitButtonInSelectMachinesBottomSheet()
  Then selected machines should be added to Machine Subscription list # StepDefinitions.configurations.users.UserMachineSubscriptionSteps.selectedMachinesShouldBeAddedToList()
  And each machine in list should have a delete icon                  # StepDefinitions.configurations.users.UserMachineSubscriptionSteps.eachMachineInListShouldHaveADeleteIcon()
  When User clicks Submit button in Machine Subscription popup        # StepDefinitions.configurations.users.UserMachineSubscriptionSteps.userClicksSubmitButtonInMachineSubscriptionPopup()
  Then Machine Subscription should be saved successfully              # StepDefinitions.configurations.users.UserMachineSubscriptionSteps.machineSubscriptionShouldBeSavedSuccessfully()
  When User clicks search close X button                              # StepDefinitions.common.CommonFormSteps.userClicksSearchCloseXButton()
  Then search field should be closed                                  # StepDefinitions.common.CommonFormSteps.searchFieldShouldBeClosed()
  And module list should be in normal state                           # StepDefinitions.common.CommonFormSteps.moduleListShouldBeInNormalState()
  And User should be navigate into "Users" list                       # StepDefinitions.configurations.users.UserCreationSteps.userShouldBeNavigateIntoList(java.lang.String)
[AppHooks] On list screen (Search button visible)
]]></system-out>
  </testcase>
  <testcase name="Add machine and then add more machines in same session" classname="User Machine Subscription via Action Menu" time="20.747">
    <system-out><![CDATA[
@regression @smoke @machine-subscription @p1 @regression @p2
Scenario: Add machine and then add more machines in same session           # src/test/resources/features/CustomerLogin/Configurations/Users/UserMachineSubscription.feature:145
[CommonNav] Already on list screen — skipping Background navigation
  When User clicks on profile icon                                         # StepDefinitions.common.CommonNavigationSteps.userClicksOnProfileIcon()
[CommonNav] Already on list screen — skipping Background navigation
  When User clicks on "Configurations" section                             # StepDefinitions.common.CommonNavigationSteps.userClicksOnSection(java.lang.String)
[CommonNav] Already on list screen — skipping Background navigation
  When User clicks on "Users" feature                                      # StepDefinitions.common.CommonNavigationSteps.userClicksOnFeature(java.lang.String)
  And User has already created a User                                      # StepDefinitions.configurations.users.UserCreationSteps.userHasAlreadyCreatedAUser()
  When User clicks on search icon                                          # StepDefinitions.common.CommonFormSteps.userClicksOnSearchIcon()
  And User taps on search input field                                      # StepDefinitions.common.CommonFormSteps.userTapsOnSearchInputField()
  And User clears existing text in search field                            # StepDefinitions.common.CommonFormSteps.userClearsExistingTextInSearchField()
  And User enters newly created User Name                                  # StepDefinitions.configurations.users.UserUpdateSteps.userEntersNewlyCreatedUserName()
  And User waits for search results to load                                # StepDefinitions.common.CommonFormSteps.userWaitsForSearchResultsToLoad()
[INFO] Search results displayed for User query
  Then system should display matching User results                         # StepDefinitions.configurations.users.UserUpdateSteps.systemShouldDisplayMatchingUserResults()
  And User verifies User appears in list                                   # StepDefinitions.configurations.users.UserUpdateSteps.userVerifiesUserAppearsInList()
  When User long presses on User record                                    # StepDefinitions.configurations.users.UserMachineSubscriptionSteps.userLongPressesOnUserRecord()
  Then Action Menus bottom sheet should be displayed                       # StepDefinitions.configurations.users.UserMachineSubscriptionSteps.actionMenusBottomSheetShouldBeDisplayed()
  When User clicks on Machine Subscription option                          # StepDefinitions.configurations.users.UserMachineSubscriptionSteps.userClicksOnMachineSubscriptionOption()
  Then Machine Subscription popup should be displayed                      # StepDefinitions.configurations.users.UserMachineSubscriptionSteps.machineSubscriptionPopupShouldBeDisplayed()
  When User clicks "+" button in Machine Subscription popup                # StepDefinitions.configurations.users.UserMachineSubscriptionSteps.userClicksAddButtonInMachineSubscriptionPopup()
  And User selects one machine from bottom sheet                           # StepDefinitions.configurations.users.UserMachineSubscriptionSteps.userSelectsOneMachineFromBottomSheet()
  And User clicks Submit button in Select Machines bottom sheet            # StepDefinitions.configurations.users.UserMachineSubscriptionSteps.userClicksSubmitButtonInSelectMachinesBottomSheet()
  Then selected machine should be added to Machine Subscription list       # StepDefinitions.configurations.users.UserMachineSubscriptionSteps.selectedMachineShouldBeAddedToList()
  When User clicks "+" button in Machine Subscription popup                # StepDefinitions.configurations.users.UserMachineSubscriptionSteps.userClicksAddButtonInMachineSubscriptionPopup()
  And User selects additional machines from bottom sheet                   # StepDefinitions.configurations.users.UserMachineSubscriptionSteps.userSelectsAdditionalMachinesFromBottomSheet()
  And User clicks Submit button in Select Machines bottom sheet            # StepDefinitions.configurations.users.UserMachineSubscriptionSteps.userClicksSubmitButtonInSelectMachinesBottomSheet()
  Then additional machines should be appended to Machine Subscription list # StepDefinitions.configurations.users.UserMachineSubscriptionSteps.additionalMachinesShouldBeAppendedToList()
  When User clicks Submit button in Machine Subscription popup             # StepDefinitions.configurations.users.UserMachineSubscriptionSteps.userClicksSubmitButtonInMachineSubscriptionPopup()
  Then Machine Subscription should be saved successfully                   # StepDefinitions.configurations.users.UserMachineSubscriptionSteps.machineSubscriptionShouldBeSavedSuccessfully()
  When User clicks search close X button                                   # StepDefinitions.common.CommonFormSteps.userClicksSearchCloseXButton()
  Then search field should be closed                                       # StepDefinitions.common.CommonFormSteps.searchFieldShouldBeClosed()
  And module list should be in normal state                                # StepDefinitions.common.CommonFormSteps.moduleListShouldBeInNormalState()
  And User should be navigate into "Users" list                            # StepDefinitions.configurations.users.UserCreationSteps.userShouldBeNavigateIntoList(java.lang.String)
[AppHooks] On list screen (Search button visible)
]]></system-out>
  </testcase>
  <testcase name="Verify Machine Subscription list persists after save" classname="User Machine Subscription via Action Menu" time="29.698">
    <system-out><![CDATA[
@regression @smoke @machine-subscription @p1 @regression @p2
Scenario: Verify Machine Subscription list persists after save                        # src/test/resources/features/CustomerLogin/Configurations/Users/UserMachineSubscription.feature:174
[CommonNav] Already on list screen — skipping Background navigation
  When User clicks on profile icon                                                    # StepDefinitions.common.CommonNavigationSteps.userClicksOnProfileIcon()
[CommonNav] Already on list screen — skipping Background navigation
  When User clicks on "Configurations" section                                        # StepDefinitions.common.CommonNavigationSteps.userClicksOnSection(java.lang.String)
[CommonNav] Already on list screen — skipping Background navigation
  When User clicks on "Users" feature                                                 # StepDefinitions.common.CommonNavigationSteps.userClicksOnFeature(java.lang.String)
  And User has already created a User with machine subscriptions                      # StepDefinitions.configurations.users.UserMachineSubscriptionSteps.userHasAlreadyCreatedAUserWithMachineSubscriptions()
  When User clicks on search icon                                                     # StepDefinitions.common.CommonFormSteps.userClicksOnSearchIcon()
  And User taps on search input field                                                 # StepDefinitions.common.CommonFormSteps.userTapsOnSearchInputField()
  And User clears existing text in search field                                       # StepDefinitions.common.CommonFormSteps.userClearsExistingTextInSearchField()
  And User enters newly created User Name                                             # StepDefinitions.configurations.users.UserUpdateSteps.userEntersNewlyCreatedUserName()
  And User waits for search results to load                                           # StepDefinitions.common.CommonFormSteps.userWaitsForSearchResultsToLoad()
[INFO] Search results displayed for User query
  Then system should display matching User results                                    # StepDefinitions.configurations.users.UserUpdateSteps.systemShouldDisplayMatchingUserResults()
  And User verifies User appears in list                                              # StepDefinitions.configurations.users.UserUpdateSteps.userVerifiesUserAppearsInList()
  When User long presses on User record                                               # StepDefinitions.configurations.users.UserMachineSubscriptionSteps.userLongPressesOnUserRecord()
  Then Action Menus bottom sheet should be displayed                                  # StepDefinitions.configurations.users.UserMachineSubscriptionSteps.actionMenusBottomSheetShouldBeDisplayed()
  When User clicks on Machine Subscription option                                     # StepDefinitions.configurations.users.UserMachineSubscriptionSteps.userClicksOnMachineSubscriptionOption()
  Then Machine Subscription popup should be displayed                                 # StepDefinitions.configurations.users.UserMachineSubscriptionSteps.machineSubscriptionPopupShouldBeDisplayed()
  And previously subscribed machines should be displayed in Machine Subscription list # StepDefinitions.configurations.users.UserMachineSubscriptionSteps.previouslySubscribedMachinesShouldBeDisplayed()
  When User clicks Close "X" button in Machine Subscription popup                     # StepDefinitions.configurations.users.UserMachineSubscriptionSteps.userClicksCloseMachineSubscriptionPopup(java.lang.String)
  Then Machine Subscription popup should be closed                                    # StepDefinitions.configurations.users.UserMachineSubscriptionSteps.machineSubscriptionPopupShouldBeClosed()
  When User clicks search close X button                                              # StepDefinitions.common.CommonFormSteps.userClicksSearchCloseXButton()
  Then search field should be closed                                                  # StepDefinitions.common.CommonFormSteps.searchFieldShouldBeClosed()
  And module list should be in normal state                                           # StepDefinitions.common.CommonFormSteps.moduleListShouldBeInNormalState()
  And User should be navigate into "Users" list                                       # StepDefinitions.configurations.users.UserCreationSteps.userShouldBeNavigateIntoList(java.lang.String)
[AppHooks] On list screen (Search button visible)
]]></system-out>
  </testcase>
  <testcase name="Delete single machine from Machine Subscription" classname="User Machine Subscription via Action Menu" time="13.469">
    <system-out><![CDATA[
@regression @smoke @machine-subscription @p1 @regression @p1
Scenario: Delete single machine from Machine Subscription            # src/test/resources/features/CustomerLogin/Configurations/Users/UserMachineSubscription.feature:201
[CommonNav] Already on list screen — skipping Background navigation
  When User clicks on profile icon                                   # StepDefinitions.common.CommonNavigationSteps.userClicksOnProfileIcon()
[CommonNav] Already on list screen — skipping Background navigation
  When User clicks on "Configurations" section                       # StepDefinitions.common.CommonNavigationSteps.userClicksOnSection(java.lang.String)
[CommonNav] Already on list screen — skipping Background navigation
  When User clicks on "Users" feature                                # StepDefinitions.common.CommonNavigationSteps.userClicksOnFeature(java.lang.String)
  And User has already created a User with machine subscriptions     # StepDefinitions.configurations.users.UserMachineSubscriptionSteps.userHasAlreadyCreatedAUserWithMachineSubscriptions()
  When User clicks on search icon                                    # StepDefinitions.common.CommonFormSteps.userClicksOnSearchIcon()
  And User taps on search input field                                # StepDefinitions.common.CommonFormSteps.userTapsOnSearchInputField()
  And User clears existing text in search field                      # StepDefinitions.common.CommonFormSteps.userClearsExistingTextInSearchField()
  And User enters newly created User Name                            # StepDefinitions.configurations.users.UserUpdateSteps.userEntersNewlyCreatedUserName()
  And User waits for search results to load                          # StepDefinitions.common.CommonFormSteps.userWaitsForSearchResultsToLoad()
[INFO] Search results displayed for User query
  Then system should display matching User results                   # StepDefinitions.configurations.users.UserUpdateSteps.systemShouldDisplayMatchingUserResults()
  And User verifies User appears in list                             # StepDefinitions.configurations.users.UserUpdateSteps.userVerifiesUserAppearsInList()
  When User long presses on User record                              # StepDefinitions.configurations.users.UserMachineSubscriptionSteps.userLongPressesOnUserRecord()
  Then Action Menus bottom sheet should be displayed                 # StepDefinitions.configurations.users.UserMachineSubscriptionSteps.actionMenusBottomSheetShouldBeDisplayed()
  When User clicks on Machine Subscription option                    # StepDefinitions.configurations.users.UserMachineSubscriptionSteps.userClicksOnMachineSubscriptionOption()
  Then Machine Subscription popup should be displayed                # StepDefinitions.configurations.users.UserMachineSubscriptionSteps.machineSubscriptionPopupShouldBeDisplayed()
  When User clicks delete icon on one machine in list                # StepDefinitions.configurations.users.UserMachineSubscriptionSteps.userClicksDeleteIconOnOneMachineInList()
[INFO] Machine removed from list — verified by subsequent submit/re-open steps
  Then that machine should be removed from Machine Subscription list # StepDefinitions.configurations.users.UserMachineSubscriptionSteps.thatMachineShouldBeRemovedFromList()
[INFO] Remaining machines presence verified by subsequent steps
  And remaining machines should still be displayed                   # StepDefinitions.configurations.users.UserMachineSubscriptionSteps.remainingMachinesShouldStillBeDisplayed()
  When User clicks Submit button in Machine Subscription popup       # StepDefinitions.configurations.users.UserMachineSubscriptionSteps.userClicksSubmitButtonInMachineSubscriptionPopup()
  Then Machine Subscription should be saved successfully             # StepDefinitions.configurations.users.UserMachineSubscriptionSteps.machineSubscriptionShouldBeSavedSuccessfully()
  When User clicks search close X button                             # StepDefinitions.common.CommonFormSteps.userClicksSearchCloseXButton()
  Then search field should be closed                                 # StepDefinitions.common.CommonFormSteps.searchFieldShouldBeClosed()
  And module list should be in normal state                          # StepDefinitions.common.CommonFormSteps.moduleListShouldBeInNormalState()
  And User should be navigate into "Users" list                      # StepDefinitions.configurations.users.UserCreationSteps.userShouldBeNavigateIntoList(java.lang.String)
[AppHooks] On list screen (Search button visible)
]]></system-out>
  </testcase>
  <testcase name="Delete multiple machines from Machine Subscription" classname="User Machine Subscription via Action Menu" time="12.966">
    <system-out><![CDATA[
@regression @smoke @machine-subscription @p1 @regression @p2
Scenario: Delete multiple machines from Machine Subscription         # src/test/resources/features/CustomerLogin/Configurations/Users/UserMachineSubscription.feature:225
[CommonNav] Already on list screen — skipping Background navigation
  When User clicks on profile icon                                   # StepDefinitions.common.CommonNavigationSteps.userClicksOnProfileIcon()
[CommonNav] Already on list screen — skipping Background navigation
  When User clicks on "Configurations" section                       # StepDefinitions.common.CommonNavigationSteps.userClicksOnSection(java.lang.String)
[CommonNav] Already on list screen — skipping Background navigation
  When User clicks on "Users" feature                                # StepDefinitions.common.CommonNavigationSteps.userClicksOnFeature(java.lang.String)
  And User has already created a User with machine subscriptions     # StepDefinitions.configurations.users.UserMachineSubscriptionSteps.userHasAlreadyCreatedAUserWithMachineSubscriptions()
  When User clicks on search icon                                    # StepDefinitions.common.CommonFormSteps.userClicksOnSearchIcon()
  And User taps on search input field                                # StepDefinitions.common.CommonFormSteps.userTapsOnSearchInputField()
  And User clears existing text in search field                      # StepDefinitions.common.CommonFormSteps.userClearsExistingTextInSearchField()
  And User enters newly created User Name                            # StepDefinitions.configurations.users.UserUpdateSteps.userEntersNewlyCreatedUserName()
  And User waits for search results to load                          # StepDefinitions.common.CommonFormSteps.userWaitsForSearchResultsToLoad()
[INFO] Search results displayed for User query
  Then system should display matching User results                   # StepDefinitions.configurations.users.UserUpdateSteps.systemShouldDisplayMatchingUserResults()
  And User verifies User appears in list                             # StepDefinitions.configurations.users.UserUpdateSteps.userVerifiesUserAppearsInList()
  When User long presses on User record                              # StepDefinitions.configurations.users.UserMachineSubscriptionSteps.userLongPressesOnUserRecord()
  Then Action Menus bottom sheet should be displayed                 # StepDefinitions.configurations.users.UserMachineSubscriptionSteps.actionMenusBottomSheetShouldBeDisplayed()
  When User clicks on Machine Subscription option                    # StepDefinitions.configurations.users.UserMachineSubscriptionSteps.userClicksOnMachineSubscriptionOption()
  Then Machine Subscription popup should be displayed                # StepDefinitions.configurations.users.UserMachineSubscriptionSteps.machineSubscriptionPopupShouldBeDisplayed()
  When User deletes multiple machines from Machine Subscription list # StepDefinitions.configurations.users.UserMachineSubscriptionSteps.userDeletesMultipleMachinesFromList()
[INFO] Deleted machines removed — verified after save and re-open
  Then all deleted machines should be removed from list              # StepDefinitions.configurations.users.UserMachineSubscriptionSteps.allDeletedMachinesShouldBeRemovedFromList()
  When User clicks Submit button in Machine Subscription popup       # StepDefinitions.configurations.users.UserMachineSubscriptionSteps.userClicksSubmitButtonInMachineSubscriptionPopup()
  Then Machine Subscription should be saved successfully             # StepDefinitions.configurations.users.UserMachineSubscriptionSteps.machineSubscriptionShouldBeSavedSuccessfully()
  When User clicks search close X button                             # StepDefinitions.common.CommonFormSteps.userClicksSearchCloseXButton()
  Then search field should be closed                                 # StepDefinitions.common.CommonFormSteps.searchFieldShouldBeClosed()
  And module list should be in normal state                          # StepDefinitions.common.CommonFormSteps.moduleListShouldBeInNormalState()
  And User should be navigate into "Users" list                      # StepDefinitions.configurations.users.UserCreationSteps.userShouldBeNavigateIntoList(java.lang.String)
[AppHooks] On list screen (Search button visible)
]]></system-out>
  </testcase>
  <testcase name="Delete all machines from Machine Subscription and submit" classname="User Machine Subscription via Action Menu" time="13.218">
    <system-out><![CDATA[
@regression @smoke @machine-subscription @p1 @regression @p2
Scenario: Delete all machines from Machine Subscription and submit # src/test/resources/features/CustomerLogin/Configurations/Users/UserMachineSubscription.feature:248
[CommonNav] Already on list screen — skipping Background navigation
  When User clicks on profile icon                                 # StepDefinitions.common.CommonNavigationSteps.userClicksOnProfileIcon()
[CommonNav] Already on list screen — skipping Background navigation
  When User clicks on "Configurations" section                     # StepDefinitions.common.CommonNavigationSteps.userClicksOnSection(java.lang.String)
[CommonNav] Already on list screen — skipping Background navigation
  When User clicks on "Users" feature                              # StepDefinitions.common.CommonNavigationSteps.userClicksOnFeature(java.lang.String)
  And User has already created a User with machine subscriptions   # StepDefinitions.configurations.users.UserMachineSubscriptionSteps.userHasAlreadyCreatedAUserWithMachineSubscriptions()
  When User clicks on search icon                                  # StepDefinitions.common.CommonFormSteps.userClicksOnSearchIcon()
  And User taps on search input field                              # StepDefinitions.common.CommonFormSteps.userTapsOnSearchInputField()
  And User clears existing text in search field                    # StepDefinitions.common.CommonFormSteps.userClearsExistingTextInSearchField()
  And User enters newly created User Name                          # StepDefinitions.configurations.users.UserUpdateSteps.userEntersNewlyCreatedUserName()
  And User waits for search results to load                        # StepDefinitions.common.CommonFormSteps.userWaitsForSearchResultsToLoad()
[INFO] Search results displayed for User query
  Then system should display matching User results                 # StepDefinitions.configurations.users.UserUpdateSteps.systemShouldDisplayMatchingUserResults()
  And User verifies User appears in list                           # StepDefinitions.configurations.users.UserUpdateSteps.userVerifiesUserAppearsInList()
  When User long presses on User record                            # StepDefinitions.configurations.users.UserMachineSubscriptionSteps.userLongPressesOnUserRecord()
  Then Action Menus bottom sheet should be displayed               # StepDefinitions.configurations.users.UserMachineSubscriptionSteps.actionMenusBottomSheetShouldBeDisplayed()
  When User clicks on Machine Subscription option                  # StepDefinitions.configurations.users.UserMachineSubscriptionSteps.userClicksOnMachineSubscriptionOption()
  Then Machine Subscription popup should be displayed              # StepDefinitions.configurations.users.UserMachineSubscriptionSteps.machineSubscriptionPopupShouldBeDisplayed()
  When User deletes all machines from Machine Subscription list    # StepDefinitions.configurations.users.UserMachineSubscriptionSteps.userDeletesAllMachinesFromList()
  Then Machine Subscription list should be empty                   # StepDefinitions.configurations.users.UserMachineSubscriptionSteps.machineSubscriptionListShouldBeEmpty()
  When User clicks Submit button in Machine Subscription popup     # StepDefinitions.configurations.users.UserMachineSubscriptionSteps.userClicksSubmitButtonInMachineSubscriptionPopup()
  Then Machine Subscription should be saved successfully           # StepDefinitions.configurations.users.UserMachineSubscriptionSteps.machineSubscriptionShouldBeSavedSuccessfully()
  When User clicks search close X button                           # StepDefinitions.common.CommonFormSteps.userClicksSearchCloseXButton()
  Then search field should be closed                               # StepDefinitions.common.CommonFormSteps.searchFieldShouldBeClosed()
  And module list should be in normal state                        # StepDefinitions.common.CommonFormSteps.moduleListShouldBeInNormalState()
  And User should be navigate into "Users" list                    # StepDefinitions.configurations.users.UserCreationSteps.userShouldBeNavigateIntoList(java.lang.String)
[AppHooks] On list screen (Search button visible)
]]></system-out>
  </testcase>
  <testcase name="Delete machine and re-add in same session" classname="User Machine Subscription via Action Menu" time="15.53">
    <system-out><![CDATA[
@regression @smoke @machine-subscription @p1 @regression @p2
Scenario: Delete machine and re-add in same session                  # src/test/resources/features/CustomerLogin/Configurations/Users/UserMachineSubscription.feature:271
[CommonNav] Already on list screen — skipping Background navigation
  When User clicks on profile icon                                   # StepDefinitions.common.CommonNavigationSteps.userClicksOnProfileIcon()
[CommonNav] Already on list screen — skipping Background navigation
  When User clicks on "Configurations" section                       # StepDefinitions.common.CommonNavigationSteps.userClicksOnSection(java.lang.String)
[CommonNav] Already on list screen — skipping Background navigation
  When User clicks on "Users" feature                                # StepDefinitions.common.CommonNavigationSteps.userClicksOnFeature(java.lang.String)
  And User has already created a User with machine subscriptions     # StepDefinitions.configurations.users.UserMachineSubscriptionSteps.userHasAlreadyCreatedAUserWithMachineSubscriptions()
  When User clicks on search icon                                    # StepDefinitions.common.CommonFormSteps.userClicksOnSearchIcon()
  And User taps on search input field                                # StepDefinitions.common.CommonFormSteps.userTapsOnSearchInputField()
  And User clears existing text in search field                      # StepDefinitions.common.CommonFormSteps.userClearsExistingTextInSearchField()
  And User enters newly created User Name                            # StepDefinitions.configurations.users.UserUpdateSteps.userEntersNewlyCreatedUserName()
  And User waits for search results to load                          # StepDefinitions.common.CommonFormSteps.userWaitsForSearchResultsToLoad()
[INFO] Search results displayed for User query
  Then system should display matching User results                   # StepDefinitions.configurations.users.UserUpdateSteps.systemShouldDisplayMatchingUserResults()
  And User verifies User appears in list                             # StepDefinitions.configurations.users.UserUpdateSteps.userVerifiesUserAppearsInList()
  When User long presses on User record                              # StepDefinitions.configurations.users.UserMachineSubscriptionSteps.userLongPressesOnUserRecord()
  Then Action Menus bottom sheet should be displayed                 # StepDefinitions.configurations.users.UserMachineSubscriptionSteps.actionMenusBottomSheetShouldBeDisplayed()
  When User clicks on Machine Subscription option                    # StepDefinitions.configurations.users.UserMachineSubscriptionSteps.userClicksOnMachineSubscriptionOption()
  Then Machine Subscription popup should be displayed                # StepDefinitions.configurations.users.UserMachineSubscriptionSteps.machineSubscriptionPopupShouldBeDisplayed()
  When User clicks delete icon on one machine in list                # StepDefinitions.configurations.users.UserMachineSubscriptionSteps.userClicksDeleteIconOnOneMachineInList()
[INFO] Machine removed from list — verified by subsequent submit/re-open steps
  Then that machine should be removed from Machine Subscription list # StepDefinitions.configurations.users.UserMachineSubscriptionSteps.thatMachineShouldBeRemovedFromList()
  When User clicks "+" button in Machine Subscription popup          # StepDefinitions.configurations.users.UserMachineSubscriptionSteps.userClicksAddButtonInMachineSubscriptionPopup()
  And User selects that machine from bottom sheet                    # StepDefinitions.configurations.users.UserMachineSubscriptionSteps.userSelectsThatMachineFromBottomSheet()
  And User clicks Submit button in Select Machines bottom sheet      # StepDefinitions.configurations.users.UserMachineSubscriptionSteps.userClicksSubmitButtonInSelectMachinesBottomSheet()
  Then machine should be re-added to Machine Subscription list       # StepDefinitions.configurations.users.UserMachineSubscriptionSteps.machineShouldBeReAddedToList()
  When User clicks Submit button in Machine Subscription popup       # StepDefinitions.configurations.users.UserMachineSubscriptionSteps.userClicksSubmitButtonInMachineSubscriptionPopup()
  Then Machine Subscription should be saved successfully             # StepDefinitions.configurations.users.UserMachineSubscriptionSteps.machineSubscriptionShouldBeSavedSuccessfully()
  When User clicks search close X button                             # StepDefinitions.common.CommonFormSteps.userClicksSearchCloseXButton()
  Then search field should be closed                                 # StepDefinitions.common.CommonFormSteps.searchFieldShouldBeClosed()
  And module list should be in normal state                          # StepDefinitions.common.CommonFormSteps.moduleListShouldBeInNormalState()
  And User should be navigate into "Users" list                      # StepDefinitions.configurations.users.UserCreationSteps.userShouldBeNavigateIntoList(java.lang.String)
[AppHooks] On list screen (Search button visible)
]]></system-out>
  </testcase>
  <testcase name="Verify Machine Subscription list updated after deletion save" classname="User Machine Subscription via Action Menu" time="22.918">
    <system-out><![CDATA[
@regression @smoke @machine-subscription @p1 @regression @p2
Scenario: Verify Machine Subscription list updated after deletion save     # src/test/resources/features/CustomerLogin/Configurations/Users/UserMachineSubscription.feature:298
[CommonNav] Already on list screen — skipping Background navigation
  When User clicks on profile icon                                         # StepDefinitions.common.CommonNavigationSteps.userClicksOnProfileIcon()
[CommonNav] Already on list screen — skipping Background navigation
  When User clicks on "Configurations" section                             # StepDefinitions.common.CommonNavigationSteps.userClicksOnSection(java.lang.String)
[CommonNav] Already on list screen — skipping Background navigation
  When User clicks on "Users" feature                                      # StepDefinitions.common.CommonNavigationSteps.userClicksOnFeature(java.lang.String)
  And User has already created a User with machine subscriptions           # StepDefinitions.configurations.users.UserMachineSubscriptionSteps.userHasAlreadyCreatedAUserWithMachineSubscriptions()
  When User clicks on search icon                                          # StepDefinitions.common.CommonFormSteps.userClicksOnSearchIcon()
  And User taps on search input field                                      # StepDefinitions.common.CommonFormSteps.userTapsOnSearchInputField()
  And User clears existing text in search field                            # StepDefinitions.common.CommonFormSteps.userClearsExistingTextInSearchField()
  And User enters newly created User Name                                  # StepDefinitions.configurations.users.UserUpdateSteps.userEntersNewlyCreatedUserName()
  And User waits for search results to load                                # StepDefinitions.common.CommonFormSteps.userWaitsForSearchResultsToLoad()
[INFO] Search results displayed for User query
  Then system should display matching User results                         # StepDefinitions.configurations.users.UserUpdateSteps.systemShouldDisplayMatchingUserResults()
  And User verifies User appears in list                                   # StepDefinitions.configurations.users.UserUpdateSteps.userVerifiesUserAppearsInList()
  When User long presses on User record                                    # StepDefinitions.configurations.users.UserMachineSubscriptionSteps.userLongPressesOnUserRecord()
  Then Action Menus bottom sheet should be displayed                       # StepDefinitions.configurations.users.UserMachineSubscriptionSteps.actionMenusBottomSheetShouldBeDisplayed()
  When User clicks on Machine Subscription option                          # StepDefinitions.configurations.users.UserMachineSubscriptionSteps.userClicksOnMachineSubscriptionOption()
  Then Machine Subscription popup should be displayed                      # StepDefinitions.configurations.users.UserMachineSubscriptionSteps.machineSubscriptionPopupShouldBeDisplayed()
  When User clicks delete icon on one machine in list                      # StepDefinitions.configurations.users.UserMachineSubscriptionSteps.userClicksDeleteIconOnOneMachineInList()
  And User clicks Submit button in Machine Subscription popup              # StepDefinitions.configurations.users.UserMachineSubscriptionSteps.userClicksSubmitButtonInMachineSubscriptionPopup()
  Then Machine Subscription should be saved successfully                   # StepDefinitions.configurations.users.UserMachineSubscriptionSteps.machineSubscriptionShouldBeSavedSuccessfully()
  When User clicks search close X button                                   # StepDefinitions.common.CommonFormSteps.userClicksSearchCloseXButton()
  Then search field should be closed                                       # StepDefinitions.common.CommonFormSteps.searchFieldShouldBeClosed()
  And module list should be in normal state                                # StepDefinitions.common.CommonFormSteps.moduleListShouldBeInNormalState()
  When User clicks on search icon                                          # StepDefinitions.common.CommonFormSteps.userClicksOnSearchIcon()
  And User taps on search input field                                      # StepDefinitions.common.CommonFormSteps.userTapsOnSearchInputField()
  And User clears existing text in search field                            # StepDefinitions.common.CommonFormSteps.userClearsExistingTextInSearchField()
  And User enters newly created User Name                                  # StepDefinitions.configurations.users.UserUpdateSteps.userEntersNewlyCreatedUserName()
  And User waits for search results to load                                # StepDefinitions.common.CommonFormSteps.userWaitsForSearchResultsToLoad()
[INFO] Search results displayed for User query
  Then system should display matching User results                         # StepDefinitions.configurations.users.UserUpdateSteps.systemShouldDisplayMatchingUserResults()
  And User verifies User appears in list                                   # StepDefinitions.configurations.users.UserUpdateSteps.userVerifiesUserAppearsInList()
  When User long presses on User record                                    # StepDefinitions.configurations.users.UserMachineSubscriptionSteps.userLongPressesOnUserRecord()
  Then Action Menus bottom sheet should be displayed                       # StepDefinitions.configurations.users.UserMachineSubscriptionSteps.actionMenusBottomSheetShouldBeDisplayed()
  When User clicks on Machine Subscription option                          # StepDefinitions.configurations.users.UserMachineSubscriptionSteps.userClicksOnMachineSubscriptionOption()
  Then Machine Subscription popup should be displayed                      # StepDefinitions.configurations.users.UserMachineSubscriptionSteps.machineSubscriptionPopupShouldBeDisplayed()
[INFO] Deleted machine absence verified — list updated correctly after save
  And deleted machine should not be displayed in Machine Subscription list # StepDefinitions.configurations.users.UserMachineSubscriptionSteps.deletedMachineShouldNotBeDisplayedInList()
  When User clicks Close "X" button in Machine Subscription popup          # StepDefinitions.configurations.users.UserMachineSubscriptionSteps.userClicksCloseMachineSubscriptionPopup(java.lang.String)
  Then Machine Subscription popup should be closed                         # StepDefinitions.configurations.users.UserMachineSubscriptionSteps.machineSubscriptionPopupShouldBeClosed()
  When User clicks search close X button                                   # StepDefinitions.common.CommonFormSteps.userClicksSearchCloseXButton()
  Then search field should be closed                                       # StepDefinitions.common.CommonFormSteps.searchFieldShouldBeClosed()
  And module list should be in normal state                                # StepDefinitions.common.CommonFormSteps.moduleListShouldBeInNormalState()
  And User should be navigate into "Users" list                            # StepDefinitions.configurations.users.UserCreationSteps.userShouldBeNavigateIntoList(java.lang.String)
[AppHooks] On list screen (Search button visible)
]]></system-out>
  </testcase>
  <testcase name="Submit Select Machines bottom sheet without selecting any machine" classname="User Machine Subscription via Action Menu" time="15.718">
    <system-out><![CDATA[
@regression @smoke @machine-subscription @p1 @negative @regression @p2
Scenario: Submit Select Machines bottom sheet without selecting any machine        # src/test/resources/features/CustomerLogin/Configurations/Users/UserMachineSubscription.feature:342
[CommonNav] Already on list screen — skipping Background navigation
  When User clicks on profile icon                                                 # StepDefinitions.common.CommonNavigationSteps.userClicksOnProfileIcon()
[CommonNav] Already on list screen — skipping Background navigation
  When User clicks on "Configurations" section                                     # StepDefinitions.common.CommonNavigationSteps.userClicksOnSection(java.lang.String)
[CommonNav] Already on list screen — skipping Background navigation
  When User clicks on "Users" feature                                              # StepDefinitions.common.CommonNavigationSteps.userClicksOnFeature(java.lang.String)
  And User has already created a User                                              # StepDefinitions.configurations.users.UserCreationSteps.userHasAlreadyCreatedAUser()
  When User clicks on search icon                                                  # StepDefinitions.common.CommonFormSteps.userClicksOnSearchIcon()
  And User taps on search input field                                              # StepDefinitions.common.CommonFormSteps.userTapsOnSearchInputField()
  And User clears existing text in search field                                    # StepDefinitions.common.CommonFormSteps.userClearsExistingTextInSearchField()
  And User enters newly created User Name                                          # StepDefinitions.configurations.users.UserUpdateSteps.userEntersNewlyCreatedUserName()
  And User waits for search results to load                                        # StepDefinitions.common.CommonFormSteps.userWaitsForSearchResultsToLoad()
[INFO] Search results displayed for User query
  Then system should display matching User results                                 # StepDefinitions.configurations.users.UserUpdateSteps.systemShouldDisplayMatchingUserResults()
  And User verifies User appears in list                                           # StepDefinitions.configurations.users.UserUpdateSteps.userVerifiesUserAppearsInList()
  When User long presses on User record                                            # StepDefinitions.configurations.users.UserMachineSubscriptionSteps.userLongPressesOnUserRecord()
  Then Action Menus bottom sheet should be displayed                               # StepDefinitions.configurations.users.UserMachineSubscriptionSteps.actionMenusBottomSheetShouldBeDisplayed()
  When User clicks on Machine Subscription option                                  # StepDefinitions.configurations.users.UserMachineSubscriptionSteps.userClicksOnMachineSubscriptionOption()
  Then Machine Subscription popup should be displayed                              # StepDefinitions.configurations.users.UserMachineSubscriptionSteps.machineSubscriptionPopupShouldBeDisplayed()
  When User clicks "+" button in Machine Subscription popup                        # StepDefinitions.configurations.users.UserMachineSubscriptionSteps.userClicksAddButtonInMachineSubscriptionPopup()
  Then "Select Machines" bottom sheet should be displayed                          # StepDefinitions.configurations.users.UserMachineSubscriptionSteps.selectMachinesBottomSheetShouldBeDisplayed()
  When User clicks Submit button in Select Machines bottom sheet without selecting # StepDefinitions.configurations.users.UserMachineSubscriptionSteps.userClicksSubmitInSelectMachinesBottomSheetWithoutSelecting()
  Then bottom sheet should close with no machines added                            # StepDefinitions.configurations.users.UserMachineSubscriptionSteps.bottomSheetShouldCloseWithNoMachinesAdded()
  When User clicks Close "X" button in Machine Subscription popup                  # StepDefinitions.configurations.users.UserMachineSubscriptionSteps.userClicksCloseMachineSubscriptionPopup(java.lang.String)
  Then Machine Subscription popup should be closed                                 # StepDefinitions.configurations.users.UserMachineSubscriptionSteps.machineSubscriptionPopupShouldBeClosed()
  When User clicks search close X button                                           # StepDefinitions.common.CommonFormSteps.userClicksSearchCloseXButton()
  Then search field should be closed                                               # StepDefinitions.common.CommonFormSteps.searchFieldShouldBeClosed()
  And module list should be in normal state                                        # StepDefinitions.common.CommonFormSteps.moduleListShouldBeInNormalState()
  And User should be navigate into "Users" list                                    # StepDefinitions.configurations.users.UserCreationSteps.userShouldBeNavigateIntoList(java.lang.String)
[AppHooks] On list screen (Search button visible)
]]></system-out>
  </testcase>
  <testcase name="Close Machine Subscription popup without saving discards changes" classname="User Machine Subscription via Action Menu" time="40.726">
    <system-out><![CDATA[
@regression @smoke @machine-subscription @p1 @sanity @p2
Scenario: Close Machine Subscription popup without saving discards changes # src/test/resources/features/CustomerLogin/Configurations/Users/UserMachineSubscription.feature:372
[CommonNav] Already on list screen — skipping Background navigation
  When User clicks on profile icon                                         # StepDefinitions.common.CommonNavigationSteps.userClicksOnProfileIcon()
[CommonNav] Already on list screen — skipping Background navigation
  When User clicks on "Configurations" section                             # StepDefinitions.common.CommonNavigationSteps.userClicksOnSection(java.lang.String)
[CommonNav] Already on list screen — skipping Background navigation
  When User clicks on "Users" feature                                      # StepDefinitions.common.CommonNavigationSteps.userClicksOnFeature(java.lang.String)
  And User has already created a User                                      # StepDefinitions.configurations.users.UserCreationSteps.userHasAlreadyCreatedAUser()
  When User clicks on search icon                                          # StepDefinitions.common.CommonFormSteps.userClicksOnSearchIcon()
  And User taps on search input field                                      # StepDefinitions.common.CommonFormSteps.userTapsOnSearchInputField()
  And User clears existing text in search field                            # StepDefinitions.common.CommonFormSteps.userClearsExistingTextInSearchField()
  And User enters newly created User Name                                  # StepDefinitions.configurations.users.UserUpdateSteps.userEntersNewlyCreatedUserName()
  And User waits for search results to load                                # StepDefinitions.common.CommonFormSteps.userWaitsForSearchResultsToLoad()
[INFO] Search results displayed for User query
  Then system should display matching User results                         # StepDefinitions.configurations.users.UserUpdateSteps.systemShouldDisplayMatchingUserResults()
  And User verifies User appears in list                                   # StepDefinitions.configurations.users.UserUpdateSteps.userVerifiesUserAppearsInList()
  When User long presses on User record                                    # StepDefinitions.configurations.users.UserMachineSubscriptionSteps.userLongPressesOnUserRecord()
  Then Action Menus bottom sheet should be displayed                       # StepDefinitions.configurations.users.UserMachineSubscriptionSteps.actionMenusBottomSheetShouldBeDisplayed()
  When User clicks on Machine Subscription option                          # StepDefinitions.configurations.users.UserMachineSubscriptionSteps.userClicksOnMachineSubscriptionOption()
  Then Machine Subscription popup should be displayed                      # StepDefinitions.configurations.users.UserMachineSubscriptionSteps.machineSubscriptionPopupShouldBeDisplayed()
  When User clicks "+" button in Machine Subscription popup                # StepDefinitions.configurations.users.UserMachineSubscriptionSteps.userClicksAddButtonInMachineSubscriptionPopup()
  And User selects one machine from bottom sheet                           # StepDefinitions.configurations.users.UserMachineSubscriptionSteps.userSelectsOneMachineFromBottomSheet()
  And User clicks Submit button in Select Machines bottom sheet            # StepDefinitions.configurations.users.UserMachineSubscriptionSteps.userClicksSubmitButtonInSelectMachinesBottomSheet()
  Then selected machine should be added to Machine Subscription list       # StepDefinitions.configurations.users.UserMachineSubscriptionSteps.selectedMachineShouldBeAddedToList()
  When User clicks Close "X" button in Machine Subscription popup          # StepDefinitions.configurations.users.UserMachineSubscriptionSteps.userClicksCloseMachineSubscriptionPopup(java.lang.String)
  Then "Confirmation Alert" popup should be displayed                      # StepDefinitions.common.CommonFormSteps.popupShouldBeDisplayed(java.lang.String)
  When User clicks on "Yes, Exit" button on the confirmation popup         # StepDefinitions.configurations.users.UserCreationSteps.userClicksOnYesExitButtonOnTheConfirmationPopup()
  Then Machine Subscription popup should be closed without saving          # StepDefinitions.configurations.users.UserMachineSubscriptionSteps.machineSubscriptionPopupShouldBeClosedWithoutSaving()
  When User clicks search close X button                                   # StepDefinitions.common.CommonFormSteps.userClicksSearchCloseXButton()
  Then search field should be closed                                       # StepDefinitions.common.CommonFormSteps.searchFieldShouldBeClosed()
  And module list should be in normal state                                # StepDefinitions.common.CommonFormSteps.moduleListShouldBeInNormalState()
  And User should be navigate into "Users" list                            # StepDefinitions.configurations.users.UserCreationSteps.userShouldBeNavigateIntoList(java.lang.String)
[AppHooks] On list screen (Search button visible)
]]></system-out>
  </testcase>
  <testcase name="Rapid &quot;+&quot; button clicks in Machine Subscription popup opens only one bottom sheet" classname="User Machine Subscription via Action Menu" time="45.248">
    <system-out><![CDATA[
@regression @smoke @machine-subscription @p1 @sanity @p3
Scenario: Rapid "+" button clicks in Machine Subscription popup opens only one bottom sheet # src/test/resources/features/CustomerLogin/Configurations/Users/UserMachineSubscription.feature:399
[CommonNav] Already on list screen — skipping Background navigation
  When User clicks on profile icon                                                          # StepDefinitions.common.CommonNavigationSteps.userClicksOnProfileIcon()
[CommonNav] Already on list screen — skipping Background navigation
  When User clicks on "Configurations" section                                              # StepDefinitions.common.CommonNavigationSteps.userClicksOnSection(java.lang.String)
[CommonNav] Already on list screen — skipping Background navigation
  When User clicks on "Users" feature                                                       # StepDefinitions.common.CommonNavigationSteps.userClicksOnFeature(java.lang.String)
  And User has already created a User                                                       # StepDefinitions.configurations.users.UserCreationSteps.userHasAlreadyCreatedAUser()
  When User clicks on search icon                                                           # StepDefinitions.common.CommonFormSteps.userClicksOnSearchIcon()
  And User taps on search input field                                                       # StepDefinitions.common.CommonFormSteps.userTapsOnSearchInputField()
  And User clears existing text in search field                                             # StepDefinitions.common.CommonFormSteps.userClearsExistingTextInSearchField()
  And User enters newly created User Name                                                   # StepDefinitions.configurations.users.UserUpdateSteps.userEntersNewlyCreatedUserName()
  And User waits for search results to load                                                 # StepDefinitions.common.CommonFormSteps.userWaitsForSearchResultsToLoad()
[INFO] Search results displayed for User query
  Then system should display matching User results                                          # StepDefinitions.configurations.users.UserUpdateSteps.systemShouldDisplayMatchingUserResults()
  And User verifies User appears in list                                                    # StepDefinitions.configurations.users.UserUpdateSteps.userVerifiesUserAppearsInList()
  When User long presses on User record                                                     # StepDefinitions.configurations.users.UserMachineSubscriptionSteps.userLongPressesOnUserRecord()
  Then Action Menus bottom sheet should be displayed                                        # StepDefinitions.configurations.users.UserMachineSubscriptionSteps.actionMenusBottomSheetShouldBeDisplayed()
  When User clicks on Machine Subscription option                                           # StepDefinitions.configurations.users.UserMachineSubscriptionSteps.userClicksOnMachineSubscriptionOption()
  Then Machine Subscription popup should be displayed                                       # StepDefinitions.configurations.users.UserMachineSubscriptionSteps.machineSubscriptionPopupShouldBeDisplayed()
  When User clicks "+" button in Machine Subscription popup multiple times quickly          # StepDefinitions.configurations.users.UserMachineSubscriptionSteps.userClicksAddButtonMultipleTimesQuickly()
  Then only one "Select Machines" bottom sheet should be displayed                          # StepDefinitions.configurations.users.UserMachineSubscriptionSteps.onlyOneBottomSheetShouldBeDisplayed(java.lang.String)
  When User clicks Submit button in Select Machines bottom sheet without selecting          # StepDefinitions.configurations.users.UserMachineSubscriptionSteps.userClicksSubmitInSelectMachinesBottomSheetWithoutSelecting()
  When User clicks Close "X" button in Machine Subscription popup                           # StepDefinitions.configurations.users.UserMachineSubscriptionSteps.userClicksCloseMachineSubscriptionPopup(java.lang.String)
  Then Machine Subscription popup should be closed                                          # StepDefinitions.configurations.users.UserMachineSubscriptionSteps.machineSubscriptionPopupShouldBeClosed()
  When User clicks search close X button                                                    # StepDefinitions.common.CommonFormSteps.userClicksSearchCloseXButton()
  Then search field should be closed                                                        # StepDefinitions.common.CommonFormSteps.searchFieldShouldBeClosed()
  And module list should be in normal state                                                 # StepDefinitions.common.CommonFormSteps.moduleListShouldBeInNormalState()
  And User should be navigate into "Users" list                                             # StepDefinitions.configurations.users.UserCreationSteps.userShouldBeNavigateIntoList(java.lang.String)
[AppHooks] On list screen (Search button visible)
]]></system-out>
  </testcase>
  <testcase name="Rapid Submit clicks in Machine Subscription popup should prevent duplicate save" classname="User Machine Subscription via Action Menu" time="40.999">
    <system-out><![CDATA[
@regression @smoke @machine-subscription @p1 @sanity @p3
Scenario: Rapid Submit clicks in Machine Subscription popup should prevent duplicate save # src/test/resources/features/CustomerLogin/Configurations/Users/UserMachineSubscription.feature:423
[CommonNav] Already on list screen — skipping Background navigation
  When User clicks on profile icon                                                        # StepDefinitions.common.CommonNavigationSteps.userClicksOnProfileIcon()
[CommonNav] Already on list screen — skipping Background navigation
  When User clicks on "Configurations" section                                            # StepDefinitions.common.CommonNavigationSteps.userClicksOnSection(java.lang.String)
[CommonNav] Already on list screen — skipping Background navigation
  When User clicks on "Users" feature                                                     # StepDefinitions.common.CommonNavigationSteps.userClicksOnFeature(java.lang.String)
[...]
[CommonNav] Already on list screen — skipping Background navigation
  When User clicks on "Users" feature                                    # StepDefinitions.common.CommonNavigationSteps.userClicksOnFeature(java.lang.String)
  And User has already created a User                                    # StepDefinitions.configurations.users.UserCreationSteps.userHasAlreadyCreatedAUser()
  When User clicks on search icon                                        # StepDefinitions.common.CommonFormSteps.userClicksOnSearchIcon()
  And User taps on search input field                                    # StepDefinitions.common.CommonFormSteps.userTapsOnSearchInputField()
  And User clears existing text in search field                          # StepDefinitions.common.CommonFormSteps.userClearsExistingTextInSearchField()
  And User enters newly created User Name                                # StepDefinitions.configurations.users.UserUpdateSteps.userEntersNewlyCreatedUserName()
  And User waits for search results to load                              # StepDefinitions.common.CommonFormSteps.userWaitsForSearchResultsToLoad()
[INFO] Search results displayed for User query
  Then system should display matching User results                       # StepDefinitions.configurations.users.UserUpdateSteps.systemShouldDisplayMatchingUserResults()
  And User verifies User appears in list                                 # StepDefinitions.configurations.users.UserUpdateSteps.userVerifiesUserAppearsInList()
  When User long presses on User record                                  # StepDefinitions.configurations.users.UserMachineSubscriptionSteps.userLongPressesOnUserRecord()
  Then Action Menus bottom sheet should be displayed                     # StepDefinitions.configurations.users.UserMachineSubscriptionSteps.actionMenusBottomSheetShouldBeDisplayed()
  When User clicks on Machine Subscription option                        # StepDefinitions.configurations.users.UserMachineSubscriptionSteps.userClicksOnMachineSubscriptionOption()
  Then Machine Subscription popup should be displayed                    # StepDefinitions.configurations.users.UserMachineSubscriptionSteps.machineSubscriptionPopupShouldBeDisplayed()
  And "+" add machine button should be visible                           # StepDefinitions.configurations.users.UserMachineSubscriptionSteps.addMachineButtonShouldBeVisible()
[INFO] Submit button visibility in Machine Subscription popup: false
  And Submit button should be visible in Machine Subscription popup      # StepDefinitions.configurations.users.UserMachineSubscriptionSteps.submitButtonShouldBeVisibleInMachineSubscriptionPopup()
  And Close "X" button should be visible in Machine Subscription popup   # StepDefinitions.configurations.users.UserMachineSubscriptionSteps.closeButtonShouldBeVisibleInMachineSubscriptionPopup(java.lang.String)
[INFO] UI alignment verified — Machine Subscription popup elements present
  And all Machine Subscription popup elements should be aligned properly # StepDefinitions.configurations.users.UserMachineSubscriptionSteps.allMachineSubscriptionPopupElementsShouldBeAlignedProperly()
  When User clicks Close "X" button in Machine Subscription popup        # StepDefinitions.configurations.users.UserMachineSubscriptionSteps.userClicksCloseMachineSubscriptionPopup(java.lang.String)
  Then Machine Subscription popup should be closed                       # StepDefinitions.configurations.users.UserMachineSubscriptionSteps.machineSubscriptionPopupShouldBeClosed()
  When User clicks search close X button                                 # StepDefinitions.common.CommonFormSteps.userClicksSearchCloseXButton()
  Then search field should be closed                                     # StepDefinitions.common.CommonFormSteps.searchFieldShouldBeClosed()
  And module list should be in normal state                              # StepDefinitions.common.CommonFormSteps.moduleListShouldBeInNormalState()
  And User should be navigate into "Users" list                          # StepDefinitions.configurations.users.UserCreationSteps.userShouldBeNavigateIntoList(java.lang.String)
[AppHooks] On list screen (Search button visible)
]]></system-out>
  </testcase>
  <testcase name="Verify Select Machines bottom sheet UI elements" classname="User Machine Subscription via Action Menu" time="15.023">
    <system-out><![CDATA[
@regression @smoke @machine-subscription @p1 @regression @p2
Scenario: Verify Select Machines bottom sheet UI elements                          # src/test/resources/features/CustomerLogin/Configurations/Users/UserMachineSubscription.feature:502
[CommonNav] Already on list screen — skipping Background navigation
  When User clicks on profile icon                                                 # StepDefinitions.common.CommonNavigationSteps.userClicksOnProfileIcon()
[CommonNav] Already on list screen — skipping Background navigation
  When User clicks on "Configurations" section                                     # StepDefinitions.common.CommonNavigationSteps.userClicksOnSection(java.lang.String)
[CommonNav] Already on list screen — skipping Background navigation
  When User clicks on "Users" feature                                              # StepDefinitions.common.CommonNavigationSteps.userClicksOnFeature(java.lang.String)
  And User has already created a User                                              # StepDefinitions.configurations.users.UserCreationSteps.userHasAlreadyCreatedAUser()
  When User clicks on search icon                                                  # StepDefinitions.common.CommonFormSteps.userClicksOnSearchIcon()
  And User taps on search input field                                              # StepDefinitions.common.CommonFormSteps.userTapsOnSearchInputField()
  And User clears existing text in search field                                    # StepDefinitions.common.CommonFormSteps.userClearsExistingTextInSearchField()
  And User enters newly created User Name                                          # StepDefinitions.configurations.users.UserUpdateSteps.userEntersNewlyCreatedUserName()
  And User waits for search results to load                                        # StepDefinitions.common.CommonFormSteps.userWaitsForSearchResultsToLoad()
[INFO] Search results displayed for User query
  Then system should display matching User results                                 # StepDefinitions.configurations.users.UserUpdateSteps.systemShouldDisplayMatchingUserResults()
  And User verifies User appears in list                                           # StepDefinitions.configurations.users.UserUpdateSteps.userVerifiesUserAppearsInList()
  When User long presses on User record                                            # StepDefinitions.configurations.users.UserMachineSubscriptionSteps.userLongPressesOnUserRecord()
  Then Action Menus bottom sheet should be displayed                               # StepDefinitions.configurations.users.UserMachineSubscriptionSteps.actionMenusBottomSheetShouldBeDisplayed()
  When User clicks on Machine Subscription option                                  # StepDefinitions.configurations.users.UserMachineSubscriptionSteps.userClicksOnMachineSubscriptionOption()
  Then Machine Subscription popup should be displayed                              # StepDefinitions.configurations.users.UserMachineSubscriptionSteps.machineSubscriptionPopupShouldBeDisplayed()
  When User clicks "+" button in Machine Subscription popup                        # StepDefinitions.configurations.users.UserMachineSubscriptionSteps.userClicksAddButtonInMachineSubscriptionPopup()
  Then "Select Machines" bottom sheet should be displayed                          # StepDefinitions.configurations.users.UserMachineSubscriptionSteps.selectMachinesBottomSheetShouldBeDisplayed()
  And machines list should be displayed in bottom sheet                            # StepDefinitions.configurations.users.UserMachineSubscriptionSteps.machinesListShouldBeDisplayedInBottomSheet()
[INFO] Multi-selection verified — multiple machines selectable in bottom sheet
  And multi-selection should be enabled in Select Machines bottom sheet            # StepDefinitions.configurations.users.UserMachineSubscriptionSteps.multiSelectionShouldBeEnabledInSelectMachinesBottomSheet()
  And Submit button should be visible in Select Machines bottom sheet              # StepDefinitions.configurations.users.UserMachineSubscriptionSteps.submitButtonShouldBeVisibleInSelectMachinesBottomSheet()
  When User clicks Submit button in Select Machines bottom sheet without selecting # StepDefinitions.configurations.users.UserMachineSubscriptionSteps.userClicksSubmitInSelectMachinesBottomSheetWithoutSelecting()
  When User clicks Close "X" button in Machine Subscription popup                  # StepDefinitions.configurations.users.UserMachineSubscriptionSteps.userClicksCloseMachineSubscriptionPopup(java.lang.String)
  Then Machine Subscription popup should be closed                                 # StepDefinitions.configurations.users.UserMachineSubscriptionSteps.machineSubscriptionPopupShouldBeClosed()
  When User clicks search close X button                                           # StepDefinitions.common.CommonFormSteps.userClicksSearchCloseXButton()
  Then search field should be closed                                               # StepDefinitions.common.CommonFormSteps.searchFieldShouldBeClosed()
  And module list should be in normal state                                        # StepDefinitions.common.CommonFormSteps.moduleListShouldBeInNormalState()
  And User should be navigate into "Users" list                                    # StepDefinitions.configurations.users.UserCreationSteps.userShouldBeNavigateIntoList(java.lang.String)
[AppHooks] On list screen (Search button visible)
]]></system-out>
  </testcase>
  <testcase name="Verify each machine in Machine Subscription list has delete icon" classname="User Machine Subscription via Action Menu" time="27.21">
    <system-out><![CDATA[
@regression @smoke @machine-subscription @p1 @regression @p2
Scenario: Verify each machine in Machine Subscription list has delete icon # src/test/resources/features/CustomerLogin/Configurations/Users/UserMachineSubscription.feature:529
[CommonNav] Already on list screen — skipping Background navigation
  When User clicks on profile icon                                         # StepDefinitions.common.CommonNavigationSteps.userClicksOnProfileIcon()
[CommonNav] Already on list screen — skipping Background navigation
  When User clicks on "Configurations" section                             # StepDefinitions.common.CommonNavigationSteps.userClicksOnSection(java.lang.String)
[CommonNav] Already on list screen — skipping Background navigation
  When User clicks on "Users" feature                                      # StepDefinitions.common.CommonNavigationSteps.userClicksOnFeature(java.lang.String)
  And User has already created a User                                      # StepDefinitions.configurations.users.UserCreationSteps.userHasAlreadyCreatedAUser()
  When User clicks on search icon                                          # StepDefinitions.common.CommonFormSteps.userClicksOnSearchIcon()
  And User taps on search input field                                      # StepDefinitions.common.CommonFormSteps.userTapsOnSearchInputField()
  And User clears existing text in search field                            # StepDefinitions.common.CommonFormSteps.userClearsExistingTextInSearchField()
  And User enters newly created User Name                                  # StepDefinitions.configurations.users.UserUpdateSteps.userEntersNewlyCreatedUserName()
  And User waits for search results to load                                # StepDefinitions.common.CommonFormSteps.userWaitsForSearchResultsToLoad()
[INFO] Search results displayed for User query
  Then system should display matching User results                         # StepDefinitions.configurations.users.UserUpdateSteps.systemShouldDisplayMatchingUserResults()
  And User verifies User appears in list                                   # StepDefinitions.configurations.users.UserUpdateSteps.userVerifiesUserAppearsInList()
  When User long presses on User record                                    # StepDefinitions.configurations.users.UserMachineSubscriptionSteps.userLongPressesOnUserRecord()
  Then Action Menus bottom sheet should be displayed                       # StepDefinitions.configurations.users.UserMachineSubscriptionSteps.actionMenusBottomSheetShouldBeDisplayed()
  When User clicks on Machine Subscription option                          # StepDefinitions.configurations.users.UserMachineSubscriptionSteps.userClicksOnMachineSubscriptionOption()
  Then Machine Subscription popup should be displayed                      # StepDefinitions.configurations.users.UserMachineSubscriptionSteps.machineSubscriptionPopupShouldBeDisplayed()
  When User clicks "+" button in Machine Subscription popup                # StepDefinitions.configurations.users.UserMachineSubscriptionSteps.userClicksAddButtonInMachineSubscriptionPopup()
  And User selects multiple machines from bottom sheet                     # StepDefinitions.configurations.users.UserMachineSubscriptionSteps.userSelectsMultipleMachinesFromBottomSheet()
  And User clicks Submit button in Select Machines bottom sheet            # StepDefinitions.configurations.users.UserMachineSubscriptionSteps.userClicksSubmitButtonInSelectMachinesBottomSheet()
  Then each machine in list should have a delete icon                      # StepDefinitions.configurations.users.UserMachineSubscriptionSteps.eachMachineInListShouldHaveADeleteIcon()
  And all selected machines should be displayed correctly                  # StepDefinitions.configurations.users.UserMachineSubscriptionSteps.allSelectedMachinesShouldBeDisplayedCorrectly()
  When User clicks Close "X" button in Machine Subscription popup          # StepDefinitions.configurations.users.UserMachineSubscriptionSteps.userClicksCloseMachineSubscriptionPopup(java.lang.String)
  Then "Confirmation Alert" popup should be displayed                      # StepDefinitions.common.CommonFormSteps.popupShouldBeDisplayed(java.lang.String)
  When User clicks on "Yes, Exit" button on the confirmation popup         # StepDefinitions.configurations.users.UserCreationSteps.userClicksOnYesExitButtonOnTheConfirmationPopup()
  Then Machine Subscription popup should be closed                         # StepDefinitions.configurations.users.UserMachineSubscriptionSteps.machineSubscriptionPopupShouldBeClosed()
  When User clicks search close X button                                   # StepDefinitions.common.CommonFormSteps.userClicksSearchCloseXButton()
  Then search field should be closed                                       # StepDefinitions.common.CommonFormSteps.searchFieldShouldBeClosed()
  And module list should be in normal state                                # StepDefinitions.common.CommonFormSteps.moduleListShouldBeInNormalState()
  And User should be navigate into "Users" list                            # StepDefinitions.configurations.users.UserCreationSteps.userShouldBeNavigateIntoList(java.lang.String)
[AppHooks] On list screen (Search button visible)
]]></system-out>
  </testcase>
  <testcase name="Verify Action Menus bottom sheet shows both subscription options" classname="User Machine Subscription via Action Menu" time="10.199">
    <system-out><![CDATA[
@regression @smoke @machine-subscription @p1 @regression @p2
Scenario: Verify Action Menus bottom sheet shows both subscription options # src/test/resources/features/CustomerLogin/Configurations/Users/UserMachineSubscription.feature:557
[CommonNav] Already on list screen — skipping Background navigation
  When User clicks on profile icon                                         # StepDefinitions.common.CommonNavigationSteps.userClicksOnProfileIcon()
[CommonNav] Already on list screen — skipping Background navigation
  When User clicks on "Configurations" section                             # StepDefinitions.common.CommonNavigationSteps.userClicksOnSection(java.lang.String)
[CommonNav] Already on list screen — skipping Background navigation
  When User clicks on "Users" feature                                      # StepDefinitions.common.CommonNavigationSteps.userClicksOnFeature(java.lang.String)
  And User has already created a User                                      # StepDefinitions.configurations.users.UserCreationSteps.userHasAlreadyCreatedAUser()
  When User clicks on search icon                                          # StepDefinitions.common.CommonFormSteps.userClicksOnSearchIcon()
  And User taps on search input field                                      # StepDefinitions.common.CommonFormSteps.userTapsOnSearchInputField()
  And User clears existing text in search field                            # StepDefinitions.common.CommonFormSteps.userClearsExistingTextInSearchField()
  And User enters newly created User Name                                  # StepDefinitions.configurations.users.UserUpdateSteps.userEntersNewlyCreatedUserName()
  And User waits for search results to load                                # StepDefinitions.common.CommonFormSteps.userWaitsForSearchResultsToLoad()
[INFO] Search results displayed for User query
  Then system should display matching User results                         # StepDefinitions.configurations.users.UserUpdateSteps.systemShouldDisplayMatchingUserResults()
  And User verifies User appears in list                                   # StepDefinitions.configurations.users.UserUpdateSteps.userVerifiesUserAppearsInList()
  When User long presses on User record                                    # StepDefinitions.configurations.users.UserMachineSubscriptionSteps.userLongPressesOnUserRecord()
  Then Action Menus bottom sheet should be displayed                       # StepDefinitions.configurations.users.UserMachineSubscriptionSteps.actionMenusBottomSheetShouldBeDisplayed()
  And Machine Subscription option should be visible in Action Menus        # StepDefinitions.configurations.users.UserMachineSubscriptionSteps.machineSubscriptionOptionShouldBeVisibleInActionMenus()
  And Unit Subscription option should be visible in Action Menus           # StepDefinitions.configurations.users.UserMachineSubscriptionSteps.unitSubscriptionOptionShouldBeVisibleInActionMenus()
  When User clicks on Machine Subscription option                          # StepDefinitions.configurations.users.UserMachineSubscriptionSteps.userClicksOnMachineSubscriptionOption()
  Then Machine Subscription popup should be displayed                      # StepDefinitions.configurations.users.UserMachineSubscriptionSteps.machineSubscriptionPopupShouldBeDisplayed()
  When User clicks Close "X" button in Machine Subscription popup          # StepDefinitions.configurations.users.UserMachineSubscriptionSteps.userClicksCloseMachineSubscriptionPopup(java.lang.String)
  Then Machine Subscription popup should be closed                         # StepDefinitions.configurations.users.UserMachineSubscriptionSteps.machineSubscriptionPopupShouldBeClosed()
  When User clicks search close X button                                   # StepDefinitions.common.CommonFormSteps.userClicksSearchCloseXButton()
  Then search field should be closed                                       # StepDefinitions.common.CommonFormSteps.searchFieldShouldBeClosed()
  And module list should be in normal state                                # StepDefinitions.common.CommonFormSteps.moduleListShouldBeInNormalState()
  And User should be navigate into "Users" list                            # StepDefinitions.configurations.users.UserCreationSteps.userShouldBeNavigateIntoList(java.lang.String)
[AppHooks] On list screen (Search button visible)
]]></system-out>
  </testcase>
</testsuite>