-------------------------------------------------------------------------------
Test set: testRunner.ActivityGroupsUpdateTestRunner
-------------------------------------------------------------------------------
Tests run: 92, Failures: 1, Errors: 87, Skipped: 0, Time elapsed: 121.0 s <<< FAILURE! -- in testRunner.ActivityGroupsUpdateTestRunner
Create Activity Group via Configuration Module.Create Activity Group with all fields -- Time elapsed: 16.85 s <<< FAILURE!
java.lang.AssertionError: "Add Activity Group" popup is not displayed expected [true] but found [false]
	at org.testng.Assert.fail(Assert.java:111)
	at org.testng.Assert.failNotEquals(Assert.java:1578)
	at org.testng.Assert.assertTrue(Assert.java:57)
	at StepDefinitions.common.CommonFormSteps.popupShouldBeDisplayed(CommonFormSteps.java:127)
	at ✽."Add Activity Group" popup should be displayed(file:///C:/Users/Anil%20Kumar%20M/VSCode%20projects/APMSCustomerApp/src/test/resources/features/CustomerLogin/Configurations/ActivityGroups/ActivityGroupCreation.feature:55)

Create Activity Group via Configuration Module.Create Activity Group with all fields -- Time elapsed: 16.86 s <<< ERROR!
org.openqa.selenium.WebDriverException: 
An unknown server-side error occurred while processing the command. Original error: 'POST /elements' cannot be proxied to UiAutomator2 server because the instrumentation process is not running (probably crashed). Check the server log and/or the logcat output for more details
Build info: version: '4.20.0', revision: '866c76ca80'
System info: os.name: 'Windows 11', os.arch: 'amd64', os.version: '10.0', java.version: '17.0.16'
Driver info: io.appium.java_client.android.AndroidDriver
Command: [162acae6-f1bb-4203-a74f-268c914e1bdb, findElements {value=android.widget.EditText, using=class name}]
Capabilities {appium:adbExecTimeout: 60000, appium:app: C:\Users\Anil Kumar M\ApkFi..., appium:appActivity: com.apms.ai.MainActivity, appium:appPackage: com.apms.ai, appium:automationName: UiAutomator2, appium:databaseEnabled: false, appium:desired: {adbExecTimeout: 60000, app: C:\Users\Anil Kumar M\ApkFi..., appActivity: com.apms.ai.MainActivity, appPackage: com.apms.ai, automationName: UiAutomator2, deviceName: Galaxy A21s, noReset: false, platformName: ANDROID, platformVersion: 12.0}, appium:deviceApiLevel: 31, appium:deviceManufacturer: samsung, appium:deviceModel: SM-A217F, appium:deviceName: RZ8NC0AXMDW, appium:deviceScreenDensity: 280, appium:deviceScreenSize: 720x1600, appium:deviceUDID: RZ8NC0AXMDW, appium:javascriptEnabled: true, appium:locationContextEnabled: false, appium:networkConnectionEnabled: true, appium:noReset: false, appium:pixelRatio: 1.75, appium:platformVersion: 12, appium:statBarHeight: 68, appium:takesScreenshot: true, appium:viewportRect: {height: 1532, left: 0, top: 68, width: 720}, appium:warnings: {}, appium:webStorageEnabled: false, platformName: ANDROID}
Session ID: 162acae6-f1bb-4203-a74f-268c914e1bdb
	at jdk.internal.reflect.GeneratedConstructorAccessor31.newInstance(Unknown Source)
	at java.base/jdk.internal.reflect.DelegatingConstructorAccessorImpl.newInstance(DelegatingConstructorAccessorImpl.java:45)
	at java.base/java.lang.reflect.Constructor.newInstanceWithCaller(Constructor.java:499)
	at java.base/java.lang.reflect.Constructor.newInstance(Constructor.java:480)
	at org.openqa.selenium.remote.ErrorCodec.decode(ErrorCodec.java:167)
	at org.openqa.selenium.remote.codec.w3c.W3CHttpResponseCodec.decode(W3CHttpResponseCodec.java:138)
	at org.openqa.selenium.remote.codec.w3c.W3CHttpResponseCodec.decode(W3CHttpResponseCodec.java:50)
	at org.openqa.selenium.remote.HttpCommandExecutor.execute(HttpCommandExecutor.java:190)
	at io.appium.java_client.remote.AppiumCommandExecutor.execute(AppiumCommandExecutor.java:237)
	at org.openqa.selenium.remote.RemoteWebDriver.execute(RemoteWebDriver.java:518)
	at org.openqa.selenium.remote.ElementLocation$ElementFinder$2.findElements(ElementLocation.java:182)
	at org.openqa.selenium.remote.ElementLocation.findElements(ElementLocation.java:103)
	at org.openqa.selenium.remote.RemoteWebDriver.findElements(RemoteWebDriver.java:368)
	at org.openqa.selenium.remote.RemoteWebDriver.findElements(RemoteWebDriver.java:362)
	at hooks.AppHooks.hasElement(AppHooks.java:195)
	at hooks.AppHooks.isInSearchMode(AppHooks.java:168)
	at hooks.AppHooks.returnToListScreen(AppHooks.java:71)

Create Activity Group via Configuration Module.Create Activity Group with mandatory fields only -- Time elapsed: 1.055 s <<< ERROR!
org.openqa.selenium.WebDriverException: 
An unknown server-side error occurred while processing the command. Original error: 'POST /elements' cannot be proxied to UiAutomator2 server because the instrumentation process is not running (probably crashed). Check the server log and/or the logcat output for more details
Build info: version: '4.20.0', revision: '866c76ca80'
System info: os.name: 'Windows 11', os.arch: 'amd64', os.version: '10.0', java.version: '17.0.16'
Driver info: io.appium.java_client.android.AndroidDriver
Command: [162acae6-f1bb-4203-a74f-268c914e1bdb, findElements {value=Search, using=accessibility id}]
Capabilities {appium:adbExecTimeout: 60000, appium:app: C:\Users\Anil Kumar M\ApkFi..., appium:appActivity: com.apms.ai.MainActivity, appium:appPackage: com.apms.ai, appium:automationName: UiAutomator2, appium:databaseEnabled: false, appium:desired: {adbExecTimeout: 60000, app: C:\Users\Anil Kumar M\ApkFi..., appActivity: com.apms.ai.MainActivity, appPackage: com.apms.ai, automationName: UiAutomator2, deviceName: Galaxy A21s, noReset: false, platformName: ANDROID, platformVersion: 12.0}, appium:deviceApiLevel: 31, appium:deviceManufacturer: samsung, appium:deviceModel: SM-A217F, appium:deviceName: RZ8NC0AXMDW, appium:deviceScreenDensity: 280, appium:deviceScreenSize: 720x1600, appium:deviceUDID: RZ8NC0AXMDW, appium:javascriptEnabled: true, appium:locationContextEnabled: false, appium:networkConnectionEnabled: true, appium:noReset: false, appium:pixelRatio: 1.75, appium:platformVersion: 12, appium:statBarHeight: 68, appium:takesScreenshot: true, appium:viewportRect: {height: 1532, left: 0, top: 68, width: 720}, appium:warnings: {}, appium:webStorageEnabled: false, platformName: ANDROID}
Session ID: 162acae6-f1bb-4203-a74f-268c914e1bdb
	at jdk.internal.reflect.GeneratedConstructorAccessor31.newInstance(Unknown Source)
	at java.base/jdk.internal.reflect.DelegatingConstructorAccessorImpl.newInstance(DelegatingConstructorAccessorImpl.java:45)
	at java.base/java.lang.reflect.Constructor.newInstanceWithCaller(Constructor.java:499)
	at java.base/java.lang.reflect.Constructor.newInstance(Constructor.java:480)
	at org.openqa.selenium.remote.ErrorCodec.decode(ErrorCodec.java:167)
	at org.openqa.selenium.remote.codec.w3c.W3CHttpResponseCodec.decode(W3CHttpResponseCodec.java:138)
	at org.openqa.selenium.remote.codec.w3c.W3CHttpResponseCodec.decode(W3CHttpResponseCodec.java:50)
	at org.openqa.selenium.remote.HttpCommandExecutor.execute(HttpCommandExecutor.java:190)
	at io.appium.java_client.remote.AppiumCommandExecutor.execute(AppiumCommandExecutor.java:237)
	at org.openqa.selenium.remote.RemoteWebDriver.execute(RemoteWebDriver.java:518)
	at org.openqa.selenium.remote.ElementLocation$ElementFinder$2.findElements(ElementLocation.java:182)
	at org.openqa.selenium.remote.ElementLocation.findElements(ElementLocation.java:103)
	at org.openqa.selenium.remote.RemoteWebDriver.findElements(RemoteWebDriver.java:368)
	at org.openqa.selenium.remote.RemoteWebDriver.findElements(RemoteWebDriver.java:362)
	at StepDefinitions.common.CommonNavigationSteps.alreadyOnListScreen(CommonNavigationSteps.java:41)
	at StepDefinitions.common.CommonNavigationSteps.userClicksOnProfileIcon(CommonNavigationSteps.java:56)
	at ✽.User clicks on profile icon(file:///C:/Users/Anil%20Kumar%20M/VSCode%20projects/APMSCustomerApp/src/test/resources/features/CustomerLogin/Configurations/ActivityGroups/ActivityGroupCreation.feature:10)

Create Activity Group via Configuration Module.Create Activity Group with mandatory fields only -- Time elapsed: 1.058 s <<< ERROR!
org.openqa.selenium.WebDriverException: 
An unknown server-side error occurred while processing the command. Original error: 'POST /elements' cannot be proxied to UiAutomator2 server because the instrumentation process is not running (probably crashed). Check the server log and/or the logcat output for more details
Build info: version: '4.20.0', revision: '866c76ca80'
System info: os.name: 'Windows 11', os.arch: 'amd64', os.version: '10.0', java.version: '17.0.16'
Driver info: io.appium.java_client.android.AndroidDriver
Command: [162acae6-f1bb-4203-a74f-268c914e1bdb, findElements {value=android.widget.EditText, using=class name}]
Capabilities {appium:adbExecTimeout: 60000, appium:app: C:\Users\Anil Kumar M\ApkFi..., appium:appActivity: com.apms.ai.MainActivity, appium:appPackage: com.apms.ai, appium:automationName: UiAutomator2, appium:databaseEnabled: false, appium:desired: {adbExecTimeout: 60000, app: C:\Users\Anil Kumar M\ApkFi..., appActivity: com.apms.ai.MainActivity, appPackage: com.apms.ai, automationName: UiAutomator2, deviceName: Galaxy A21s, noReset: false, platformName: ANDROID, platformVersion: 12.0}, appium:deviceApiLevel: 31, appium:deviceManufacturer: samsung, appium:deviceModel: SM-A217F, appium:deviceName: RZ8NC0AXMDW, appium:deviceScreenDensity: 280, appium:deviceScreenSize: 720x1600, appium:deviceUDID: RZ8NC0AXMDW, appium:javascriptEnabled: true, appium:locationContextEnabled: false, appium:networkConnectionEnabled: true, appium:noReset: false, appium:pixelRatio: 1.75, appium:platformVersion: 12, appium:statBarHeight: 68, appium:takesScreenshot: true, appium:viewportRect: {height: 1532, left: 0, top: 68, width: 720}, appium:warnings: {}, appium:webStorageEnabled: false, platformName: ANDROID}
Session ID: 162acae6-f1bb-4203-a74f-268c914e1bdb
	at jdk.internal.reflect.GeneratedConstructorAccessor31.newInstance(Unknown Source)
	at java.base/jdk.internal.reflect.DelegatingConstructorAccessorImpl.newInstance(DelegatingConstructorAccessorImpl.java:45)
	at java.base/java.lang.reflect.Constructor.newInstanceWithCaller(Constructor.java:499)
	at java.base/java.lang.reflect.Constructor.newInstance(Constructor.java:480)
	at org.openqa.selenium.remote.ErrorCodec.decode(ErrorCodec.java:167)
	at org.openqa.selenium.remote.codec.w3c.W3CHttpResponseCodec.decode(W3CHttpResponseCodec.java:138)
	at org.openqa.selenium.remote.codec.w3c.W3CHttpResponseCodec.decode(W3CHttpResponseCodec.java:50)
	at org.openqa.selenium.remote.HttpCommandExecutor.execute(HttpCommandExecutor.java:190)
	at io.appium.java_client.remote.AppiumCommandExecutor.execute(AppiumCommandExecutor.java:237)
	at org.openqa.selenium.remote.RemoteWebDriver.execute(RemoteWebDriver.java:518)
	at org.openqa.selenium.remote.ElementLocation$ElementFinder$2.findElements(ElementLocation.java:182)
	at org.openqa.selenium.remote.ElementLocation.findElements(ElementLocation.java:103)
	at org.openqa.selenium.remote.RemoteWebDriver.findElements(RemoteWebDriver.java:368)
	at org.openqa.selenium.remote.RemoteWebDriver.findElements(RemoteWebDriver.java:362)
	at hooks.AppHooks.hasElement(AppHooks.java:195)
	at hooks.AppHooks.isInSearchMode(AppHooks.java:168)
	at hooks.AppHooks.returnToListScreen(AppHooks.java:71)

Create Activity Group via Configuration Module.Create Activity Group with add, delete and re-add flow -- Time elapsed: 0.997 s <<< ERROR!
org.openqa.selenium.WebDriverException: 
An unknown server-side error occurred while processing the command. Original error: 'POST /elements' cannot be proxied to UiAutomator2 server because the instrumentation process is not running (probably crashed). Check the server log and/or the logcat output for more details
Build info: version: '4.20.0', revision: '866c76ca80'
System info: os.name: 'Windows 11', os.arch: 'amd64', os.version: '10.0', java.version: '17.0.16'
Driver info: io.appium.java_client.android.AndroidDriver
Command: [162acae6-f1bb-4203-a74f-268c914e1bdb, findElements {value=Search, using=accessibility id}]
Capabilities {appium:adbExecTimeout: 60000, appium:app: C:\Users\Anil Kumar M\ApkFi..., appium:appActivity: com.apms.ai.MainActivity, appium:appPackage: com.apms.ai, appium:automationName: UiAutomator2, appium:databaseEnabled: false, appium:desired: {adbExecTimeout: 60000, app: C:\Users\Anil Kumar M\ApkFi..., appActivity: com.apms.ai.MainActivity, appPackage: com.apms.ai, automationName: UiAutomator2, deviceName: Galaxy A21s, noReset: false, platformName: ANDROID, platformVersion: 12.0}, appium:deviceApiLevel: 31, appium:deviceManufacturer: samsung, appium:deviceModel: SM-A217F, appium:deviceName: RZ8NC0AXMDW, appium:deviceScreenDensity: 280, appium:deviceScreenSize: 720x1600, appium:deviceUDID: RZ8NC0AXMDW, appium:javascriptEnabled: true, appium:locationContextEnabled: false, appium:networkConnectionEnabled: true, appium:noReset: false, appium:pixelRatio: 1.75, appium:platformVersion: 12, appium:statBarHeight: 68, appium:takesScreenshot: true, appium:viewportRect: {height: 1532, left: 0, top: 68, width: 720}, appium:warnings: {}, appium:webStorageEnabled: false, platformName: ANDROID}
Session ID: 162acae6-f1bb-4203-a74f-268c914e1bdb
	at jdk.internal.reflect.GeneratedConstructorAccessor31.newInstance(Unknown Source)
	at java.base/jdk.internal.reflect.DelegatingConstructorAccessorImpl.newInstance(DelegatingConstructorAccessorImpl.java:45)
	at java.base/java.lang.reflect.Constructor.newInstanceWithCaller(Constructor.java:499)
	at java.base/java.lang.reflect.Constructor.newInstance(Constructor.java:480)
	at org.openqa.selenium.remote.ErrorCodec.decode(ErrorCodec.java:167)
	at org.openqa.selenium.remote.codec.w3c.W3CHttpResponseCodec.decode(W3CHttpResponseCodec.java:138)
	at org.openqa.selenium.remote.codec.w3c.W3CHttpResponseCodec.decode(W3CHttpResponseCodec.java:50)
	at org.openqa.selenium.remote.HttpCommandExecutor.execute(HttpCommandExecutor.java:190)
	at io.appium.java_client.remote.AppiumCommandExecutor.execute(AppiumCommandExecutor.java:237)
	at org.openqa.selenium.remote.RemoteWebDriver.execute(RemoteWebDriver.java:518)
	at org.openqa.selenium.remote.ElementLocation$ElementFinder$2.findElements(ElementLocation.java:182)
	at org.openqa.selenium.remote.ElementLocation.findElements(ElementLocation.java:103)
	at org.openqa.selenium.remote.RemoteWebDriver.findElements(RemoteWebDriver.java:368)
	at org.openqa.selenium.remote.RemoteWebDriver.findElements(RemoteWebDriver.java:362)
	at StepDefinitions.common.CommonNavigationSteps.alreadyOnListScreen(CommonNavigationSteps.java:41)
	at StepDefinitions.common.CommonNavigationSteps.userClicksOnProfileIcon(CommonNavigationSteps.java:56)
	at ✽.User clicks on profile icon(file:///C:/Users/Anil%20Kumar%20M/VSCode%20projects/APMSCustomerApp/src/test/resources/features/CustomerLogin/Configurations/ActivityGroups/ActivityGroupCreation.feature:10)

Create Activity Group via Configuration Module.Create Activity Group with add, delete and re-add flow -- Time elapsed: 0.998 s <<< ERROR!
org.openqa.selenium.WebDriverException: 
An unknown server-side error occurred while processing the command. Original error: 'POST /elements' cannot be proxied to UiAutomator2 server because the instrumentation process is not running (probably crashed). Check the server log and/or the logcat output for more details
Build info: version: '4.20.0', revision: '866c76ca80'
System info: os.name: 'Windows 11', os.arch: 'amd64', os.version: '10.0', java.version: '17.0.16'
Driver info: io.appium.java_client.android.AndroidDriver
Command: [162acae6-f1bb-4203-a74f-268c914e1bdb, findElements {value=android.widget.EditText, using=class name}]
Capabilities {appium:adbExecTimeout: 60000, appium:app: C:\Users\Anil Kumar M\ApkFi..., appium:appActivity: com.apms.ai.MainActivity, appium:appPackage: com.apms.ai, appium:automationName: UiAutomator2, appium:databaseEnabled: false, appium:desired: {adbExecTimeout: 60000, app: C:\Users\Anil Kumar M\ApkFi..., appActivity: com.apms.ai.MainActivity, appPackage: com.apms.ai, automationName: UiAutomator2, deviceName: Galaxy A21s, noReset: false, platformName: ANDROID, platformVersion: 12.0}, appium:deviceApiLevel: 31, appium:deviceManufacturer: samsung, appium:deviceModel: SM-A217F, appium:deviceName: RZ8NC0AXMDW, appium:deviceScreenDensity: 280, appium:deviceScreenSize: 720x1600, appium:deviceUDID: RZ8NC0AXMDW, appium:javascriptEnabled: true, appium:locationContextEnabled: false, appium:networkConnectionEnabled: true, appium:noReset: false, appium:pixelRatio: 1.75, appium:platformVersion: 12, appium:statBarHeight: 68, appium:takesScreenshot: true, appium:viewportRect: {height: 1532, left: 0, top: 68, width: 720}, appium:warnings: {}, appium:webStorageEnabled: false, platformName: ANDROID}
Session ID: 162acae6-f1bb-4203-a74f-268c914e1bdb
	at jdk.internal.reflect.GeneratedConstructorAccessor31.newInstance(Unknown Source)
	at java.base/jdk.internal.reflect.DelegatingConstructorAccessorImpl.newInstance(DelegatingConstructorAccessorImpl.java:45)
	at java.base/java.lang.reflect.Constructor.newInstanceWithCaller(Constructor.java:499)
	at java.base/java.lang.reflect.Constructor.newInstance(Constructor.java:480)
	at org.openqa.selenium.remote.ErrorCodec.decode(ErrorCodec.java:167)
	at org.openqa.selenium.remote.codec.w3c.W3CHttpResponseCodec.decode(W3CHttpResponseCodec.java:138)
	at org.openqa.selenium.remote.codec.w3c.W3CHttpResponseCodec.decode(W3CHttpResponseCodec.java:50)
	at org.openqa.selenium.remote.HttpCommandExecutor.execute(HttpCommandExecutor.java:190)
	at io.appium.java_client.remote.AppiumCommandExecutor.execute(AppiumCommandExecutor.java:237)
	at org.openqa.selenium.remote.RemoteWebDriver.execute(RemoteWebDriver.java:518)
	at org.openqa.selenium.remote.ElementLocation$ElementFinder$2.findElements(ElementLocation.java:182)
	at org.openqa.selenium.remote.ElementLocation.findElements(ElementLocation.java:103)
	at org.openqa.selenium.remote.RemoteWebDriver.findElements(RemoteWebDriver.java:368)
	at org.openqa.selenium.remote.RemoteWebDriver.findElements(RemoteWebDriver.java:362)
	at hooks.AppHooks.hasElement(AppHooks.java:195)
	at hooks.AppHooks.isInSearchMode(AppHooks.java:168)
	at hooks.AppHooks.returnToListScreen(AppHooks.java:71)

Create Activity Group via Configuration Module.Create Activity Group with trimmed Form Name -- Time elapsed: 0.966 s <<< ERROR!
org.openqa.selenium.WebDriverException: 
An unknown server-side error occurred while processing the command. Original error: 'POST /elements' cannot be proxied to UiAutomator2 server because the instrumentation process is not running (probably crashed). Check the server log and/or the logcat output for more details
Build info: version: '4.20.0', revision: '866c76ca80'
System info: os.name: 'Windows 11', os.arch: 'amd64', os.version: '10.0', java.version: '17.0.16'
Driver info: io.appium.java_client.android.AndroidDriver
Command: [162acae6-f1bb-4203-a74f-268c914e1bdb, findElements {value=Search, using=accessibility id}]
Capabilities {appium:adbExecTimeout: 60000, appium:app: C:\Users\Anil Kumar M\ApkFi..., appium:appActivity: com.apms.ai.MainActivity, appium:appPackage: com.apms.ai, appium:automationName: UiAutomator2, appium:databaseEnabled: false, appium:desired: {adbExecTimeout: 60000, app: C:\Users\Anil Kumar M\ApkFi..., appActivity: com.apms.ai.MainActivity, appPackage: com.apms.ai, automationName: UiAutomator2, deviceName: Galaxy A21s, noReset: false, platformName: ANDROID, platformVersion: 12.0}, appium:deviceApiLevel: 31, appium:deviceManufacturer: samsung, appium:deviceModel: SM-A217F, appium:deviceName: RZ8NC0AXMDW, appium:deviceScreenDensity: 280, appium:deviceScreenSize: 720x1600, appium:deviceUDID: RZ8NC0AXMDW, appium:javascriptEnabled: true, appium:locationContextEnabled: false, appium:networkConnectionEnabled: true, appium:noReset: false, appium:pixelRatio: 1.75, appium:platformVersion: 12, appium:statBarHeight: 68, appium:takesScreenshot: true, appium:viewportRect: {height: 1532, left: 0, top: 68, width: 720}, appium:warnings: {}, appium:webStorageEnabled: false, platformName: ANDROID}
Session ID: 162acae6-f1bb-4203-a74f-268c914e1bdb
	at jdk.internal.reflect.GeneratedConstructorAccessor31.newInstance(Unknown Source)
	at java.base/jdk.internal.reflect.DelegatingConstructorAccessorImpl.newInstance(DelegatingConstructorAccessorImpl.java:45)
	at java.base/java.lang.reflect.Constructor.newInstanceWithCaller(Constructor.java:499)
	at java.base/java.lang.reflect.Constructor.newInstance(Constructor.java:480)
	at org.openqa.selenium.remote.ErrorCodec.decode(ErrorCodec.java:167)
	at org.openqa.selenium.remote.codec.w3c.W3CHttpResponseCodec.decode(W3CHttpResponseCodec.java:138)
	at org.openqa.selenium.remote.codec.w3c.W3CHttpResponseCodec.decode(W3CHttpResponseCodec.java:50)
	at org.openqa.selenium.remote.HttpCommandExecutor.execute(HttpCommandExecutor.java:190)
	at io.appium.java_client.remote.AppiumCommandExecutor.execute(AppiumCommandExecutor.java:237)
	at org.openqa.selenium.remote.RemoteWebDriver.execute(RemoteWebDriver.java:518)
	at org.openqa.selenium.remote.ElementLocation$ElementFinder$2.findElements(ElementLocation.java:182)
	at org.openqa.selenium.remote.ElementLocation.findElements(ElementLocation.java:103)
	at org.openqa.selenium.remote.RemoteWebDriver.findElements(RemoteWebDriver.java:368)
	at org.openqa.selenium.remote.RemoteWebDriver.findElements(RemoteWebDriver.java:362)
	at StepDefinitions.common.CommonNavigationSteps.alreadyOnListScreen(CommonNavigationSteps.java:41)
	at StepDefinitions.common.CommonNavigationSteps.userClicksOnProfileIcon(CommonNavigationSteps.java:56)
	at ✽.User clicks on profile icon(file:///C:/Users/Anil%20Kumar%20M/VSCode%20projects/APMSCustomerApp/src/test/resources/features/CustomerLogin/Configurations/ActivityGroups/ActivityGroupCreation.feature:10)

Create Activity Group via Configuration Module.Create Activity Group with trimmed Form Name -- Time elapsed: 0.968 s <<< ERROR!
org.openqa.selenium.WebDriverException: 
An unknown server-side error occurred while processing the command. Original error: 'POST /elements' cannot be proxied to UiAutomator2 server because the instrumentation process is not running (probably crashed). Check the server log and/or the logcat output for more details
Build info: version: '4.20.0', revision: '866c76ca80'
System info: os.name: 'Windows 11', os.arch: 'amd64', os.version: '10.0', java.version: '17.0.16'
Driver info: io.appium.java_client.android.AndroidDriver
Command: [162acae6-f1bb-4203-a74f-268c914e1bdb, findElements {value=android.widget.EditText, using=class name}]
Capabilities {appium:adbExecTimeout: 60000, appium:app: C:\Users\Anil Kumar M\ApkFi..., appium:appActivity: com.apms.ai.MainActivity, appium:appPackage: com.apms.ai, appium:automationName: UiAutomator2, appium:databaseEnabled: false, appium:desired: {adbExecTimeout: 60000, app: C:\Users\Anil Kumar M\ApkFi..., appActivity: com.apms.ai.MainActivity, appPackage: com.apms.ai, automationName: UiAutomator2, deviceName: Galaxy A21s, noReset: false, platformName: ANDROID, platformVersion: 12.0}, appium:deviceApiLevel: 31, appium:deviceManufacturer: samsung, appium:deviceModel: SM-A217F, appium:deviceName: RZ8NC0AXMDW, appium:deviceScreenDensity: 280, appium:deviceScreenSize: 720x1600, appium:deviceUDID: RZ8NC0AXMDW, appium:javascriptEnabled: true, appium:locationContextEnabled: false, appium:networkConnectionEnabled: true, appium:noReset: false, appium:pixelRatio: 1.75, appium:platformVersion: 12, appium:statBarHeight: 68, appium:takesScreenshot: true, appium:viewportRect: {height: 1532, left: 0, top: 68, width: 720}, appium:warnings: {}, appium:webStorageEnabled: false, platformName: ANDROID}
Session ID: 162acae6-f1bb-4203-a74f-268c914e1bdb
	at jdk.internal.reflect.GeneratedConstructorAccessor31.newInstance(Unknown Source)
	at java.base/jdk.internal.reflect.DelegatingConstructorAccessorImpl.newInstance(DelegatingConstructorAccessorImpl.java:45)
	at java.base/java.lang.reflect.Constructor.newInstanceWithCaller(Constructor.java:499)
	at java.base/java.lang.reflect.Constructor.newInstance(Constructor.java:480)
	at org.openqa.selenium.remote.ErrorCodec.decode(ErrorCodec.java:167)
	at org.openqa.selenium.remote.codec.w3c.W3CHttpResponseCodec.decode(W3CHttpResponseCodec.java:138)
	at org.openqa.selenium.remote.codec.w3c.W3CHttpResponseCodec.decode(W3CHttpResponseCodec.java:50)
	at org.openqa.selenium.remote.HttpCommandExecutor.execute(HttpCommandExecutor.java:190)
	at io.appium.java_client.remote.AppiumCommandExecutor.execute(AppiumCommandExecutor.java:237)
	at org.openqa.selenium.remote.RemoteWebDriver.execute(RemoteWebDriver.java:518)
	at org.openqa.selenium.remote.ElementLocation$ElementFinder$2.findElements(ElementLocation.java:182)
	at org.openqa.selenium.remote.ElementLocation.findElements(ElementLocation.java:103)
	at org.openqa.selenium.remote.RemoteWebDriver.findElements(RemoteWebDriver.java:368)
	at org.openqa.selenium.remote.RemoteWebDriver.findElements(RemoteWebDriver.java:362)
	at hooks.AppHooks.hasElement(AppHooks.java:195)
	at hooks.AppHooks.isInSearchMode(AppHooks.java:168)
	at hooks.AppHooks.returnToListScreen(AppHooks.java:71)

Create Activity Group via Configuration Module.Create Activity Group without Form Name -- Time elapsed: 1.009 s <<< ERROR!
org.openqa.selenium.WebDriverException: 
An unknown server-side error occurred while processing the command. Original error: 'POST /elements' cannot be proxied to UiAutomator2 server because the instrumentation process is not running (probably crashed). Check the server log and/or the logcat output for more details
Build info: version: '4.20.0', revision: '866c76ca80'
System info: os.name: 'Windows 11', os.arch: 'amd64', os.version: '10.0', java.version: '17.0.16'
Driver info: io.appium.java_client.android.AndroidDriver
Command: [162acae6-f1bb-4203-a74f-268c914e1bdb, findElements {value=Search, using=accessibility id}]
Capabilities {appium:adbExecTimeout: 60000, appium:app: C:\Users\Anil Kumar M\ApkFi..., appium:appActivity: com.apms.ai.MainActivity, appium:appPackage: com.apms.ai, appium:automationName: UiAutomator2, appium:databaseEnabled: false, appium:desired: {adbExecTimeout: 60000, app: C:\Users\Anil Kumar M\ApkFi..., appActivity: com.apms.ai.MainActivity, appPackage: com.apms.ai, automationName: UiAutomator2, deviceName: Galaxy A21s, noReset: false, platformName: ANDROID, platformVersion: 12.0}, appium:deviceApiLevel: 31, appium:deviceManufacturer: samsung, appium:deviceModel: SM-A217F, appium:deviceName: RZ8NC0AXMDW, appium:deviceScreenDensity: 280, appium:deviceScreenSize: 720x1600, appium:deviceUDID: RZ8NC0AXMDW, appium:javascriptEnabled: true, appium:locationContextEnabled: false, appium:networkConnectionEnabled: true, appium:noReset: false, appium:pixelRatio: 1.75, appium:platformVersion: 12, appium:statBarHeight: 68, appium:takesScreenshot: true, appium:viewportRect: {height: 1532, left: 0, top: 68, width: 720}, appium:warnings: {}, appium:webStorageEnabled: false, platformName: ANDROID}
Session ID: 162acae6-f1bb-4203-a74f-268c914e1bdb
	at jdk.internal.reflect.GeneratedConstructorAccessor31.newInstance(Unknown Source)
	at java.base/jdk.internal.reflect.DelegatingConstructorAccessorImpl.newInstance(DelegatingConstructorAccessorImpl.java:45)
	at java.base/java.lang.reflect.Constructor.newInstanceWithCaller(Constructor.java:499)
	at java.base/java.lang.reflect.Constructor.newInstance(Constructor.java:480)
	at org.openqa.selenium.remote.ErrorCodec.decode(ErrorCodec.java:167)
	at org.openqa.selenium.remote.codec.w3c.W3CHttpResponseCodec.decode(W3CHttpResponseCodec.java:138)
	at org.openqa.selenium.remote.codec.w3c.W3CHttpResponseCodec.decode(W3CHttpResponseCodec.java:50)
	at org.openqa.selenium.remote.HttpCommandExecutor.execute(HttpCommandExecutor.java:190)
	at io.appium.java_client.remote.AppiumCommandExecutor.execute(AppiumCommandExecutor.java:237)
	at org.openqa.selenium.remote.RemoteWebDriver.execute(RemoteWebDriver.java:518)
	at org.openqa.selenium.remote.ElementLocation$ElementFinder$2.findElements(ElementLocation.java:182)
	at org.openqa.selenium.remote.ElementLocation.findElements(ElementLocation.java:103)
	at org.openqa.selenium.remote.RemoteWebDriver.findElements(RemoteWebDriver.java:368)
	at org.openqa.selenium.remote.RemoteWebDriver.findElements(RemoteWebDriver.java:362)
	at StepDefinitions.common.CommonNavigationSteps.alreadyOnListScreen(CommonNavigationSteps.java:41)
	at StepDefinitions.common.CommonNavigationSteps.userClicksOnProfileIcon(CommonNavigationSteps.java:56)
	at ✽.User clicks on profile icon(file:///C:/Users/Anil%20Kumar%20M/VSCode%20projects/APMSCustomerApp/src/test/resources/features/CustomerLogin/Configurations/ActivityGroups/ActivityGroupCreation.feature:10)

Create Activity Group via Configuration Module.Create Activity Group without Form Name -- Time elapsed: 1.012 s <<< ERROR!
org.openqa.selenium.WebDriverException: 
An unknown server-side error occurred while processing the command. Original error: 'POST /elements' cannot be proxied to UiAutomator2 server because the instrumentation process is not running (probably crashed). Check the server log and/or the logcat output for more details
Build info: version: '4.20.0', revision: '866c76ca80'
System info: os.name: 'Windows 11', os.arch: 'amd64', os.version: '10.0', java.version: '17.0.16'
Driver info: io.appium.java_client.android.AndroidDriver
Command: [162acae6-f1bb-4203-a74f-268c914e1bdb, findElements {value=android.widget.EditText, using=class name}]
Capabilities {appium:adbExecTimeout: 60000, appium:app: C:\Users\Anil Kumar M\ApkFi..., appium:appActivity: com.apms.ai.MainActivity, appium:appPackage: com.apms.ai, appium:automationName: UiAutomator2, appium:databaseEnabled: false, appium:desired: {adbExecTimeout: 60000, app: C:\Users\Anil Kumar M\ApkFi..., appActivity: com.apms.ai.MainActivity, appPackage: com.apms.ai, automationName: UiAutomator2, deviceName: Galaxy A21s, noReset: false, platformName: ANDROID, platformVersion: 12.0}, appium:deviceApiLevel: 31, appium:deviceManufacturer: samsung, appium:deviceModel: SM-A217F, appium:deviceName: RZ8NC0AXMDW, appium:deviceScreenDensity: 280, appium:deviceScreenSize: 720x1600, appium:deviceUDID: RZ8NC0AXMDW, appium:javascriptEnabled: true, appium:locationContextEnabled: false, appium:networkConnectionEnabled: true, appium:noReset: false, appium:pixelRatio: 1.75, appium:platformVersion: 12, appium:statBarHeight: 68, appium:takesScreenshot: true, appium:viewportRect: {height: 1532, left: 0, top: 68, width: 720}, appium:warnings: {}, appium:webStorageEnabled: false, platformName: ANDROID}
Session ID: 162acae6-f1bb-4203-a74f-268c914e1bdb
	at jdk.internal.reflect.GeneratedConstructorAccessor31.newInstance(Unknown Source)
	at java.base/jdk.internal.reflect.DelegatingConstructorAccessorImpl.newInstance(DelegatingConstructorAccessorImpl.java:45)
	at java.base/java.lang.reflect.Constructor.newInstanceWithCaller(Constructor.java:499)
	at java.base/java.lang.reflect.Constructor.newInstance(Constructor.java:480)
	at org.openqa.selenium.remote.ErrorCodec.decode(ErrorCodec.java:167)
	at org.openqa.selenium.remote.codec.w3c.W3CHttpResponseCodec.decode(W3CHttpResponseCodec.java:138)
	at org.openqa.selenium.remote.codec.w3c.W3CHttpResponseCodec.decode(W3CHttpResponseCodec.java:50)
	at org.openqa.selenium.remote.HttpCommandExecutor.execute(HttpCommandExecutor.java:190)
	at io.appium.java_client.remote.AppiumCommandExecutor.execute(AppiumCommandExecutor.java:237)
	at org.openqa.selenium.remote.RemoteWebDriver.execute(RemoteWebDriver.java:518)
	at org.openqa.selenium.remote.ElementLocation$ElementFinder$2.findElements(ElementLocation.java:182)
	at org.openqa.selenium.remote.ElementLocation.findElements(ElementLocation.java:103)
	at org.openqa.selenium.remote.RemoteWebDriver.findElements(RemoteWebDriver.java:368)
	at org.openqa.selenium.remote.RemoteWebDriver.findElements(RemoteWebDriver.java:362)
	at hooks.AppHooks.hasElement(AppHooks.java:195)
	at hooks.AppHooks.isInSearchMode(AppHooks.java:168)
	at hooks.AppHooks.returnToListScreen(AppHooks.java:71)

Create Activity Group via Configuration Module.Create Activity Group without selecting any activities -- Time elapsed: 1.049 s <<< ERROR!
org.openqa.selenium.WebDriverException: 
An unknown server-side error occurred while processing the command. Original error: 'POST /elements' cannot be proxied to UiAutomator2 server because the instrumentation process is not running (probably crashed). Check the server log and/or the logcat output for more details
Build info: version: '4.20.0', revision: '866c76ca80'
System info: os.name: 'Windows 11', os.arch: 'amd64', os.version: '10.0', java.version: '17.0.16'
Driver info: io.appium.java_client.android.AndroidDriver
Command: [162acae6-f1bb-4203-a74f-268c914e1bdb, findElements {value=Search, using=accessibility id}]
Capabilities {appium:adbExecTimeout: 60000, appium:app: C:\Users\Anil Kumar M\ApkFi..., appium:appActivity: com.apms.ai.MainActivity, appium:appPackage: com.apms.ai, appium:automationName: UiAutomator2, appium:databaseEnabled: false, appium:desired: {adbExecTimeout: 60000, app: C:\Users\Anil Kumar M\ApkFi..., appActivity: com.apms.ai.MainActivity, appPackage: com.apms.ai, automationName: UiAutomator2, deviceName: Galaxy A21s, noReset: false, platformName: ANDROID, platformVersion: 12.0}, appium:deviceApiLevel: 31, appium:deviceManufacturer: samsung, appium:deviceModel: SM-A217F, appium:deviceName: RZ8NC0AXMDW, appium:deviceScreenDensity: 280, appium:deviceScreenSize: 720x1600, appium:deviceUDID: RZ8NC0AXMDW, appium:javascriptEnabled: true, appium:locationContextEnabled: false, appium:networkConnectionEnabled: true, appium:noReset: false, appium:pixelRatio: 1.75, appium:platformVersion: 12, appium:statBarHeight: 68, appium:takesScreenshot: true, appium:viewportRect: {height: 1532, left: 0, top: 68, width: 720}, appium:warnings: {}, appium:webStorageEnabled: false, platformName: ANDROID}
Session ID: 162acae6-f1bb-4203-a74f-268c914e1bdb
	at jdk.internal.reflect.GeneratedConstructorAccessor31.newInstance(Unknown Source)
	at java.base/jdk.internal.reflect.DelegatingConstructorAccessorImpl.newInstance(DelegatingConstructorAccessorImpl.java:45)
	at java.base/java.lang.reflect.Constructor.newInstanceWithCaller(Constructor.java:499)
	at java.base/java.lang.reflect.Constructor.newInstance(Constructor.java:480)
	at org.openqa.selenium.remote.ErrorCodec.decode(ErrorCodec.java:167)
	at org.openqa.selenium.remote.codec.w3c.W3CHttpResponseCodec.decode(W3CHttpResponseCodec.java:138)
	at org.openqa.selenium.remote.codec.w3c.W3CHttpResponseCodec.decode(W3CHttpResponseCodec.java:50)
	at org.openqa.selenium.remote.HttpCommandExecutor.execute(HttpCommandExecutor.java:190)
	at io.appium.java_client.remote.AppiumCommandExecutor.execute(AppiumCommandExecutor.java:237)
	at org.openqa.selenium.remote.RemoteWebDriver.execute(RemoteWebDriver.java:518)
	at org.openqa.selenium.remote.ElementLocation$ElementFinder$2.findElements(ElementLocation.java:182)
	at org.openqa.selenium.remote.ElementLocation.findElements(ElementLocation.java:103)
	at org.openqa.selenium.remote.RemoteWebDriver.findElements(RemoteWebDriver.java:368)
	at org.openqa.selenium.remote.RemoteWebDriver.findElements(RemoteWebDriver.java:362)
	at StepDefinitions.common.CommonNavigationSteps.alreadyOnListScreen(CommonNavigationSteps.java:41)
	at StepDefinitions.common.CommonNavigationSteps.userClicksOnProfileIcon(CommonNavigationSteps.java:56)
	at ✽.User clicks on profile icon(file:///C:/Users/Anil%20Kumar%20M/VSCode%20projects/APMSCustomerApp/src/test/resources/features/CustomerLogin/Configurations/ActivityGroups/ActivityGroupCreation.feature:10)

Create Activity Group via Configuration Module.Create Activity Group without selecting any activities -- Time elapsed: 1.050 s <<< ERROR!
org.openqa.selenium.WebDriverException: 
An unknown server-side error occurred while processing the command. Original error: 'POST /elements' cannot be proxied to UiAutomator2 server because the instrumentation process is not running (probably crashed). Check the server log and/or the logcat output for more details
Build info: version: '4.20.0', revision: '866c76ca80'
System info: os.name: 'Windows 11', os.arch: 'amd64', os.version: '10.0', java.version: '17.0.16'
Driver info: io.appium.java_client.android.AndroidDriver
Command: [162acae6-f1bb-4203-a74f-268c914e1bdb, findElements {value=android.widget.EditText, using=class name}]
Capabilities {appium:adbExecTimeout: 60000, appium:app: C:\Users\Anil Kumar M\ApkFi..., appium:appActivity: com.apms.ai.MainActivity, appium:appPackage: com.apms.ai, appium:automationName: UiAutomator2, appium:databaseEnabled: false, appium:desired: {adbExecTimeout: 60000, app: C:\Users\Anil Kumar M\ApkFi..., appActivity: com.apms.ai.MainActivity, appPackage: com.apms.ai, automationName: UiAutomator2, deviceName: Galaxy A21s, noReset: false, platformName: ANDROID, platformVersion: 12.0}, appium:deviceApiLevel: 31, appium:deviceManufacturer: samsung, appium:deviceModel: SM-A217F, appium:deviceName: RZ8NC0AXMDW, appium:deviceScreenDensity: 280, appium:deviceScreenSize: 720x1600, appium:deviceUDID: RZ8NC0AXMDW, appium:javascriptEnabled: true, appium:locationContextEnabled: false, appium:networkConnectionEnabled: true, appium:noReset: false, appium:pixelRatio: 1.75, appium:platformVersion: 12, appium:statBarHeight: 68, appium:takesScreenshot: true, appium:viewportRect: {height: 1532, left: 0, top: 68, width: 720}, appium:warnings: {}, appium:webStorageEnabled: false, platformName: ANDROID}
Session ID: 162acae6-f1bb-4203-a74f-268c914e1bdb
	at jdk.internal.reflect.GeneratedConstructorAccessor31.newInstance(Unknown Source)
	at java.base/jdk.internal.reflect.DelegatingConstructorAccessorImpl.newInstance(DelegatingConstructorAccessorImpl.java:45)
	at java.base/java.lang.reflect.Constructor.newInstanceWithCaller(Constructor.java:499)
	at java.base/java.lang.reflect.Constructor.newInstance(Constructor.java:480)
	at org.openqa.selenium.remote.ErrorCodec.decode(ErrorCodec.java:167)
	at org.openqa.selenium.remote.codec.w3c.W3CHttpResponseCodec.decode(W3CHttpResponseCodec.java:138)
	at org.openqa.selenium.remote.codec.w3c.W3CHttpResponseCodec.decode(W3CHttpResponseCodec.java:50)
	at org.openqa.selenium.remote.HttpCommandExecutor.execute(HttpCommandExecutor.java:190)
	at io.appium.java_client.remote.AppiumCommandExecutor.execute(AppiumCommandExecutor.java:237)
	at org.openqa.selenium.remote.RemoteWebDriver.execute(RemoteWebDriver.java:518)
	at org.openqa.selenium.remote.ElementLocation$ElementFinder$2.findElements(ElementLocation.java:182)
	at org.openqa.selenium.remote.ElementLocation.findElements(ElementLocation.java:103)
	at org.openqa.selenium.remote.RemoteWebDriver.findElements(RemoteWebDriver.java:368)
	at org.openqa.selenium.remote.RemoteWebDriver.findElements(RemoteWebDriver.java:362)
	at hooks.AppHooks.hasElement(AppHooks.java:195)
	at hooks.AppHooks.isInSearchMode(AppHooks.java:168)
	at hooks.AppHooks.returnToListScreen(AppHooks.java:71)

Create Activity Group via Configuration Module.Submit bottom sheet without selecting any activity -- Time elapsed: 1.059 s <<< ERROR!
org.openqa.selenium.WebDriverException: 
An unknown server-side error occurred while processing the command. Original error: 'POST /elements' cannot be proxied to UiAutomator2 server because the instrumentation process is not running (probably crashed). Check the server log and/or the logcat output for more details
Build info: version: '4.20.0', revision: '866c76ca80'
System info: os.name: 'Windows 11', os.arch: 'amd64', os.version: '10.0', java.version: '17.0.16'
Driver info: io.appium.java_client.android.AndroidDriver
Command: [162acae6-f1bb-4203-a74f-268c914e1bdb, findElements {value=Search, using=accessibility id}]
Capabilities {appium:adbExecTimeout: 60000, appium:app: C:\Users\Anil Kumar M\ApkFi..., appium:appActivity: com.apms.ai.MainActivity, appium:appPackage: com.apms.ai, appium:automationName: UiAutomator2, appium:databaseEnabled: false, appium:desired: {adbExecTimeout: 60000, app: C:\Users\Anil Kumar M\ApkFi..., appActivity: com.apms.ai.MainActivity, appPackage: com.apms.ai, automationName: UiAutomator2, deviceName: Galaxy A21s, noReset: false, platformName: ANDROID, platformVersion: 12.0}, appium:deviceApiLevel: 31, appium:deviceManufacturer: samsung, appium:deviceModel: SM-A217F, appium:deviceName: RZ8NC0AXMDW, appium:deviceScreenDensity: 280, appium:deviceScreenSize: 720x1600, appium:deviceUDID: RZ8NC0AXMDW, appium:javascriptEnabled: true, appium:locationContextEnabled: false, appium:networkConnectionEnabled: true, appium:noReset: false, appium:pixelRatio: 1.75, appium:platformVersion: 12, appium:statBarHeight: 68, appium:takesScreenshot: true, appium:viewportRect: {height: 1532, left: 0, top: 68, width: 720}, appium:warnings: {}, appium:webStorageEnabled: false, platformName: ANDROID}
Session ID: 162acae6-f1bb-4203-a74f-268c914e1bdb
	at jdk.internal.reflect.GeneratedConstructorAccessor31.newInstance(Unknown Source)
	at java.base/jdk.internal.reflect.DelegatingConstructorAccessorImpl.newInstance(DelegatingConstructorAccessorImpl.java:45)
	at java.base/java.lang.reflect.Constructor.newInstanceWithCaller(Constructor.java:499)
	at java.base/java.lang.reflect.Constructor.newInstance(Constructor.java:480)
	at org.openqa.selenium.remote.ErrorCodec.decode(ErrorCodec.java:167)
	at org.openqa.selenium.remote.codec.w3c.W3CHttpResponseCodec.decode(W3CHttpResponseCodec.java:138)
	at org.openqa.selenium.remote.codec.w3c.W3CHttpResponseCodec.decode(W3CHttpResponseCodec.java:50)
	at org.openqa.selenium.remote.HttpCommandExecutor.execute(HttpCommandExecutor.java:190)
	at io.appium.java_client.remote.AppiumCommandExecutor.execute(AppiumCommandExecutor.java:237)
	at org.openqa.selenium.remote.RemoteWebDriver.execute(RemoteWebDriver.java:518)
	at org.openqa.selenium.remote.ElementLocation$ElementFinder$2.findElements(ElementLocation.java:182)
	at org.openqa.selenium.remote.ElementLocation.findElements(ElementLocation.java:103)
	at org.openqa.selenium.remote.RemoteWebDriver.findElements(RemoteWebDriver.java:368)
	at org.openqa.selenium.remote.RemoteWebDriver.findElements(RemoteWebDriver.java:362)
	at StepDefinitions.common.CommonNavigationSteps.alreadyOnListScreen(CommonNavigationSteps.java:41)
	at StepDefinitions.common.CommonNavigationSteps.userClicksOnProfileIcon(CommonNavigationSteps.java:56)
	at ✽.User clicks on profile icon(file:///C:/Users/Anil%20Kumar%20M/VSCode%20projects/APMSCustomerApp/src/test/resources/features/CustomerLogin/Configurations/ActivityGroups/ActivityGroupCreation.feature:10)

Create Activity Group via Configuration Module.Submit bottom sheet without selecting any activity -- Time elapsed: 1.061 s <<< ERROR!
org.openqa.selenium.WebDriverException: 
An unknown server-side error occurred while processing the command. Original error: 'POST /elements' cannot be proxied to UiAutomator2 server because the instrumentation process is not running (probably crashed). Check the server log and/or the logcat output for more details
Build info: version: '4.20.0', revision: '866c76ca80'
System info: os.name: 'Windows 11', os.arch: 'amd64', os.version: '10.0', java.version: '17.0.16'
Driver info: io.appium.java_client.android.AndroidDriver
Command: [162acae6-f1bb-4203-a74f-268c914e1bdb, findElements {value=android.widget.EditText, using=class name}]
Capabilities {appium:adbExecTimeout: 60000, appium:app: C:\Users\Anil Kumar M\ApkFi..., appium:appActivity: com.apms.ai.MainActivity, appium:appPackage: com.apms.ai, appium:automationName: UiAutomator2, appium:databaseEnabled: false, appium:desired: {adbExecTimeout: 60000, app: C:\Users\Anil Kumar M\ApkFi..., appActivity: com.apms.ai.MainActivity, appPackage: com.apms.ai, automationName: UiAutomator2, deviceName: Galaxy A21s, noReset: false, platformName: ANDROID, platformVersion: 12.0}, appium:deviceApiLevel: 31, appium:deviceManufacturer: samsung, appium:deviceModel: SM-A217F, appium:deviceName: RZ8NC0AXMDW, appium:deviceScreenDensity: 280, appium:deviceScreenSize: 720x1600, appium:deviceUDID: RZ8NC0AXMDW, appium:javascriptEnabled: true, appium:locationContextEnabled: false, appium:networkConnectionEnabled: true, appium:noReset: false, appium:pixelRatio: 1.75, appium:platformVersion: 12, appium:statBarHeight: 68, appium:takesScreenshot: true, appium:viewportRect: {height: 1532, left: 0, top: 68, width: 720}, appium:warnings: {}, appium:webStorageEnabled: false, platformName: ANDROID}
Session ID: 162acae6-f1bb-4203-a74f-268c914e1bdb
	at jdk.internal.reflect.GeneratedConstructorAccessor31.newInstance(Unknown Source)
	at java.base/jdk.internal.reflect.DelegatingConstructorAccessorImpl.newInstance(DelegatingConstructorAccessorImpl.java:45)
	at java.base/java.lang.reflect.Constructor.newInstanceWithCaller(Constructor.java:499)
	at java.base/java.lang.reflect.Constructor.newInstance(Constructor.java:480)
	at org.openqa.selenium.remote.ErrorCodec.decode(ErrorCodec.java:167)
	at org.openqa.selenium.remote.codec.w3c.W3CHttpResponseCodec.decode(W3CHttpResponseCodec.java:138)
	at org.openqa.selenium.remote.codec.w3c.W3CHttpResponseCodec.decode(W3CHttpResponseCodec.java:50)
	at org.openqa.selenium.remote.HttpCommandExecutor.execute(HttpCommandExecutor.java:190)
	at io.appium.java_client.remote.AppiumCommandExecutor.execute(AppiumCommandExecutor.java:237)
	at org.openqa.selenium.remote.RemoteWebDriver.execute(RemoteWebDriver.java:518)
	at org.openqa.selenium.remote.ElementLocation$ElementFinder$2.findElements(ElementLocation.java:182)
	at org.openqa.selenium.remote.ElementLocation.findElements(ElementLocation.java:103)
	at org.openqa.selenium.remote.RemoteWebDriver.findElements(RemoteWebDriver.java:368)
	at org.openqa.selenium.remote.RemoteWebDriver.findElements(RemoteWebDriver.java:362)
	at hooks.AppHooks.hasElement(AppHooks.java:195)
	at hooks.AppHooks.isInSearchMode(AppHooks.java:168)
	at hooks.AppHooks.returnToListScreen(AppHooks.java:71)

Create Activity Group via Configuration Module.Create Activity Group with only spaces in Form Name -- Time elapsed: 1.004 s <<< ERROR!
org.openqa.selenium.WebDriverException: 
An unknown server-side error occurred while processing the command. Original error: 'POST /elements' cannot be proxied to UiAutomator2 server because the instrumentation process is not running (probably crashed). Check the server log and/or the logcat output for more details
Build info: version: '4.20.0', revision: '866c76ca80'
System info: os.name: 'Windows 11', os.arch: 'amd64', os.version: '10.0', java.version: '17.0.16'
Driver info: io.appium.java_client.android.AndroidDriver
Command: [162acae6-f1bb-4203-a74f-268c914e1bdb, findElements {value=Search, using=accessibility id}]
Capabilities {appium:adbExecTimeout: 60000, appium:app: C:\Users\Anil Kumar M\ApkFi..., appium:appActivity: com.apms.ai.MainActivity, appium:appPackage: com.apms.ai, appium:automationName: UiAutomator2, appium:databaseEnabled: false, appium:desired: {adbExecTimeout: 60000, app: C:\Users\Anil Kumar M\ApkFi..., appActivity: com.apms.ai.MainActivity, appPackage: com.apms.ai, automationName: UiAutomator2, deviceName: Galaxy A21s, noReset: false, platformName: ANDROID, platformVersion: 12.0}, appium:deviceApiLevel: 31, appium:deviceManufacturer: samsung, appium:deviceModel: SM-A217F, appium:deviceName: RZ8NC0AXMDW, appium:deviceScreenDensity: 280, appium:deviceScreenSize: 720x1600, appium:deviceUDID: RZ8NC0AXMDW, appium:javascriptEnabled: true, appium:locationContextEnabled: false, appium:networkConnectionEnabled: true, appium:noReset: false, appium:pixelRatio: 1.75, appium:platformVersion: 12, appium:statBarHeight: 68, appium:takesScreenshot: true, appium:viewportRect: {height: 1532, left: 0, top: 68, width: 720}, appium:warnings: {}, appium:webStorageEnabled: false, platformName: ANDROID}
Session ID: 162acae6-f1bb-4203-a74f-268c914e1bdb
	at jdk.internal.reflect.GeneratedConstructorAccessor31.newInstance(Unknown Source)
	at java.base/jdk.internal.reflect.DelegatingConstructorAccessorImpl.newInstance(DelegatingConstructorAccessorImpl.java:45)
	at java.base/java.lang.reflect.Constructor.newInstanceWithCaller(Constructor.java:499)
	at java.base/java.lang.reflect.Constructor.newInstance(Constructor.java:480)
	at org.openqa.selenium.remote.ErrorCodec.decode(ErrorCodec.java:167)
	at org.openqa.selenium.remote.codec.w3c.W3CHttpResponseCodec.decode(W3CHttpResponseCodec.java:138)
	at org.openqa.selenium.remote.codec.w3c.W3CHttpResponseCodec.decode(W3CHttpResponseCodec.java:50)
	at org.openqa.selenium.remote.HttpCommandExecutor.execute(HttpCommandExecutor.java:190)
	at io.appium.java_client.remote.AppiumCommandExecutor.execute(AppiumCommandExecutor.java:237)
	at org.openqa.selenium.remote.RemoteWebDriver.execute(RemoteWebDriver.java:518)
	at org.openqa.selenium.remote.ElementLocation$ElementFinder$2.findElements(ElementLocation.java:182)
	at org.openqa.selenium.remote.ElementLocation.findElements(ElementLocation.java:103)
	at org.openqa.selenium.remote.RemoteWebDriver.findElements(RemoteWebDriver.java:368)
	at org.openqa.selenium.remote.RemoteWebDriver.findElements(RemoteWebDriver.java:362)
	at StepDefinitions.common.CommonNavigationSteps.alreadyOnListScreen(CommonNavigationSteps.java:41)
	at StepDefinitions.common.CommonNavigationSteps.userClicksOnProfileIcon(CommonNavigationSteps.java:56)
	at ✽.User clicks on profile icon(file:///C:/Users/Anil%20Kumar%20M/VSCode%20projects/APMSCustomerApp/src/test/resources/features/CustomerLogin/Configurations/ActivityGroups/ActivityGroupCreation.feature:10)

Create Activity Group via Configuration Module.Create Activity Group with only spaces in Form Name -- Time elapsed: 1.006 s <<< ERROR!
org.openqa.selenium.WebDriverException: 
An unknown server-side error occurred while processing the command. Original error: 'POST /elements' cannot be proxied to UiAutomator2 server because the instrumentation process is not running (probably crashed). Check the server log and/or the logcat output for more details
Build info: version: '4.20.0', revision: '866c76ca80'
System info: os.name: 'Windows 11', os.arch: 'amd64', os.version: '10.0', java.version: '17.0.16'
Driver info: io.appium.java_client.android.AndroidDriver
Command: [162acae6-f1bb-4203-a74f-268c914e1bdb, findElements {value=android.widget.EditText, using=class name}]
Capabilities {appium:adbExecTimeout: 60000, appium:app: C:\Users\Anil Kumar M\ApkFi..., appium:appActivity: com.apms.ai.MainActivity, appium:appPackage: com.apms.ai, appium:automationName: UiAutomator2, appium:databaseEnabled: false, appium:desired: {adbExecTimeout: 60000, app: C:\Users\Anil Kumar M\ApkFi..., appActivity: com.apms.ai.MainActivity, appPackage: com.apms.ai, automationName: UiAutomator2, deviceName: Galaxy A21s, noReset: false, platformName: ANDROID, platformVersion: 12.0}, appium:deviceApiLevel: 31, appium:deviceManufacturer: samsung, appium:deviceModel: SM-A217F, appium:deviceName: RZ8NC0AXMDW, appium:deviceScreenDensity: 280, appium:deviceScreenSize: 720x1600, appium:deviceUDID: RZ8NC0AXMDW, appium:javascriptEnabled: true, appium:locationContextEnabled: false, appium:networkConnectionEnabled: true, appium:noReset: false, appium:pixelRatio: 1.75, appium:platformVersion: 12, appium:statBarHeight: 68, appium:takesScreenshot: true, appium:viewportRect: {height: 1532, left: 0, top: 68, width: 720}, appium:warnings: {}, appium:webStorageEnabled: false, platformName: ANDROID}
Session ID: 162acae6-f1bb-4203-a74f-268c914e1bdb
	at jdk.internal.reflect.GeneratedConstructorAccessor31.newInstance(Unknown Source)
	at java.base/jdk.internal.reflect.DelegatingConstructorAccessorImpl.newInstance(DelegatingConstructorAccessorImpl.java:45)
	at java.base/java.lang.reflect.Constructor.newInstanceWithCaller(Constructor.java:499)
	at java.base/java.lang.reflect.Constructor.newInstance(Constructor.java:480)
	at org.openqa.selenium.remote.ErrorCodec.decode(ErrorCodec.java:167)
	at org.openqa.selenium.remote.codec.w3c.W3CHttpResponseCodec.decode(W3CHttpResponseCodec.java:138)
	at org.openqa.selenium.remote.codec.w3c.W3CHttpResponseCodec.decode(W3CHttpResponseCodec.java:50)
	at org.openqa.selenium.remote.HttpCommandExecutor.execute(HttpCommandExecutor.java:190)
	at io.appium.java_client.remote.AppiumCommandExecutor.execute(AppiumCommandExecutor.java:237)
	at org.openqa.selenium.remote.RemoteWebDriver.execute(RemoteWebDriver.java:518)
	at org.openqa.selenium.remote.ElementLocation$ElementFinder$2.findElements(ElementLocation.java:182)
	at org.openqa.selenium.remote.ElementLocation.findElements(ElementLocation.java:103)
	at org.openqa.selenium.remote.RemoteWebDriver.findElements(RemoteWebDriver.java:368)
	at org.openqa.selenium.remote.RemoteWebDriver.findElements(RemoteWebDriver.java:362)
	at hooks.AppHooks.hasElement(AppHooks.java:195)
	at hooks.AppHooks.isInSearchMode(AppHooks.java:168)
	at hooks.AppHooks.returnToListScreen(AppHooks.java:71)

Create Activity Group via Configuration Module.Delete all activities from checklist then submit -- Time elapsed: 0.995 s <<< ERROR!
org.openqa.selenium.WebDriverException: 
An unknown server-side error occurred while processing the command. Original error: 'POST /elements' cannot be proxied to UiAutomator2 server because the instrumentation process is not running (probably crashed). Check the server log and/or the logcat output for more details
Build info: version: '4.20.0', revision: '866c76ca80'
System info: os.name: 'Windows 11', os.arch: 'amd64', os.version: '10.0', java.version: '17.0.16'
Driver info: io.appium.java_client.android.AndroidDriver
Command: [162acae6-f1bb-4203-a74f-268c914e1bdb, findElements {value=Search, using=accessibility id}]
Capabilities {appium:adbExecTimeout: 60000, appium:app: C:\Users\Anil Kumar M\ApkFi..., appium:appActivity: com.apms.ai.MainActivity, appium:appPackage: com.apms.ai, appium:automationName: UiAutomator2, appium:databaseEnabled: false, appium:desired: {adbExecTimeout: 60000, app: C:\Users\Anil Kumar M\ApkFi..., appActivity: com.apms.ai.MainActivity, appPackage: com.apms.ai, automationName: UiAutomator2, deviceName: Galaxy A21s, noReset: false, platformName: ANDROID, platformVersion: 12.0}, appium:deviceApiLevel: 31, appium:deviceManufacturer: samsung, appium:deviceModel: SM-A217F, appium:deviceName: RZ8NC0AXMDW, appium:deviceScreenDensity: 280, appium:deviceScreenSize: 720x1600, appium:deviceUDID: RZ8NC0AXMDW, appium:javascriptEnabled: true, appium:locationContextEnabled: false, appium:networkConnectionEnabled: true, appium:noReset: false, appium:pixelRatio: 1.75, appium:platformVersion: 12, appium:statBarHeight: 68, appium:takesScreenshot: true, appium:viewportRect: {height: 1532, left: 0, top: 68, width: 720}, appium:warnings: {}, appium:webStorageEnabled: false, platformName: ANDROID}
Session ID: 162acae6-f1bb-4203-a74f-268c914e1bdb
	at jdk.internal.reflect.GeneratedConstructorAccessor31.newInstance(Unknown Source)
	at java.base/jdk.internal.reflect.DelegatingConstructorAccessorImpl.newInstance(DelegatingConstructorAccessorImpl.java:45)
	at java.base/java.lang.reflect.Constructor.newInstanceWithCaller(Constructor.java:499)
	at java.base/java.lang.reflect.Constructor.newInstance(Constructor.java:480)
	at org.openqa.selenium.remote.ErrorCodec.decode(ErrorCodec.java:167)
	at org.openqa.selenium.remote.codec.w3c.W3CHttpResponseCodec.decode(W3CHttpResponseCodec.java:138)
	at org.openqa.selenium.remote.codec.w3c.W3CHttpResponseCodec.decode(W3CHttpResponseCodec.java:50)
	at org.openqa.selenium.remote.HttpCommandExecutor.execute(HttpCommandExecutor.java:190)
	at io.appium.java_client.remote.AppiumCommandExecutor.execute(AppiumCommandExecutor.java:237)
	at org.openqa.selenium.remote.RemoteWebDriver.execute(RemoteWebDriver.java:518)
	at org.openqa.selenium.remote.ElementLocation$ElementFinder$2.findElements(ElementLocation.java:182)
	at org.openqa.selenium.remote.ElementLocation.findElements(ElementLocation.java:103)
	at org.openqa.selenium.remote.RemoteWebDriver.findElements(RemoteWebDriver.java:368)
	at org.openqa.selenium.remote.RemoteWebDriver.findElements(RemoteWebDriver.java:362)
	at StepDefinitions.common.CommonNavigationSteps.alreadyOnListScreen(CommonNavigationSteps.java:41)
	at StepDefinitions.common.CommonNavigationSteps.userClicksOnProfileIcon(CommonNavigationSteps.java:56)
	at ✽.User clicks on profile icon(file:///C:/Users/Anil%20Kumar%20M/VSCode%20projects/APMSCustomerApp/src/test/resources/features/CustomerLogin/Configurations/ActivityGroups/ActivityGroupCreation.feature:10)

Create Activity Group via Configuration Module.Delete all activities from checklist then submit -- Time elapsed: 0.996 s <<< ERROR!
org.openqa.selenium.WebDriverException: 
An unknown server-side error occurred while processing the command. Original error: 'POST /elements' cannot be proxied to UiAutomator2 server because the instrumentation process is not running (probably crashed). Check the server log and/or the logcat output for more details
Build info: version: '4.20.0', revision: '866c76ca80'
System info: os.name: 'Windows 11', os.arch: 'amd64', os.version: '10.0', java.version: '17.0.16'
Driver info: io.appium.java_client.android.AndroidDriver
Command: [162acae6-f1bb-4203-a74f-268c914e1bdb, findElements {value=android.widget.EditText, using=class name}]
Capabilities {appium:adbExecTimeout: 60000, appium:app: C:\Users\Anil Kumar M\ApkFi..., appium:appActivity: com.apms.ai.MainActivity, appium:appPackage: com.apms.ai, appium:automationName: UiAutomator2, appium:databaseEnabled: false, appium:desired: {adbExecTimeout: 60000, app: C:\Users\Anil Kumar M\ApkFi..., appActivity: com.apms.ai.MainActivity, appPackage: com.apms.ai, automationName: UiAutomator2, deviceName: Galaxy A21s, noReset: false, platformName: ANDROID, platformVersion: 12.0}, appium:deviceApiLevel: 31, appium:deviceManufacturer: samsung, appium:deviceModel: SM-A217F, appium:deviceName: RZ8NC0AXMDW, appium:deviceScreenDensity: 280, appium:deviceScreenSize: 720x1600, appium:deviceUDID: RZ8NC0AXMDW, appium:javascriptEnabled: true, appium:locationContextEnabled: false, appium:networkConnectionEnabled: true, appium:noReset: false, appium:pixelRatio: 1.75, appium:platformVersion: 12, appium:statBarHeight: 68, appium:takesScreenshot: true, appium:viewportRect: {height: 1532, left: 0, top: 68, width: 720}, appium:warnings: {}, appium:webStorageEnabled: false, platformName: ANDROID}
Session ID: 162acae6-f1bb-4203-a74f-268c914e1bdb
	at jdk.internal.reflect.GeneratedConstructorAccessor31.newInstance(Unknown Source)
	at java.base/jdk.internal.reflect.DelegatingConstructorAccessorImpl.newInstance(DelegatingConstructorAccessorImpl.java:45)
	at java.base/java.lang.reflect.Constructor.newInstanceWithCaller(Constructor.java:499)
	at java.base/java.lang.reflect.Constructor.newInstance(Constructor.java:480)
	at org.openqa.selenium.remote.ErrorCodec.decode(ErrorCodec.java:167)
	at org.openqa.selenium.remote.codec.w3c.W3CHttpResponseCodec.decode(W3CHttpResponseCodec.java:138)
	at org.openqa.selenium.remote.codec.w3c.W3CHttpResponseCodec.decode(W3CHttpResponseCodec.java:50)
	at org.openqa.selenium.remote.HttpCommandExecutor.execute(HttpCommandExecutor.java:190)
	at io.appium.java_client.remote.AppiumCommandExecutor.execute(AppiumCommandExecutor.java:237)
	at org.openqa.selenium.remote.RemoteWebDriver.execute(RemoteWebDriver.java:518)
	at org.openqa.selenium.remote.ElementLocation$ElementFinder$2.findElements(ElementLocation.java:182)
	at org.openqa.selenium.remote.ElementLocation.findElements(ElementLocation.java:103)
	at org.openqa.selenium.remote.RemoteWebDriver.findElements(RemoteWebDriver.java:368)
	at org.openqa.selenium.remote.RemoteWebDriver.findElements(RemoteWebDriver.java:362)
	at hooks.AppHooks.hasElement(AppHooks.java:195)
	at hooks.AppHooks.isInSearchMode(AppHooks.java:168)
	at hooks.AppHooks.returnToListScreen(AppHooks.java:71)

Create Activity Group via Configuration Module.Duplicate Form Name -- Time elapsed: 0.940 s <<< ERROR!
org.openqa.selenium.WebDriverException: 
An unknown server-side error occurred while processing the command. Original error: 'POST /elements' cannot be proxied to UiAutomator2 server because the instrumentation process is not running (probably crashed). Check the server log and/or the logcat output for more details
Build info: version: '4.20.0', revision: '866c76ca80'
System info: os.name: 'Windows 11', os.arch: 'amd64', os.version: '10.0', java.version: '17.0.16'
Driver info: io.appium.java_client.android.AndroidDriver
Command: [162acae6-f1bb-4203-a74f-268c914e1bdb, findElements {value=Search, using=accessibility id}]
Capabilities {appium:adbExecTimeout: 60000, appium:app: C:\Users\Anil Kumar M\ApkFi..., appium:appActivity: com.apms.ai.MainActivity, appium:appPackage: com.apms.ai, appium:automationName: UiAutomator2, appium:databaseEnabled: false, appium:desired: {adbExecTimeout: 60000, app: C:\Users\Anil Kumar M\ApkFi..., appActivity: com.apms.ai.MainActivity, appPackage: com.apms.ai, automationName: UiAutomator2, deviceName: Galaxy A21s, noReset: false, platformName: ANDROID, platformVersion: 12.0}, appium:deviceApiLevel: 31, appium:deviceManufacturer: samsung, appium:deviceModel: SM-A217F, appium:deviceName: RZ8NC0AXMDW, appium:deviceScreenDensity: 280, appium:deviceScreenSize: 720x1600, appium:deviceUDID: RZ8NC0AXMDW, appium:javascriptEnabled: true, appium:locationContextEnabled: false, appium:networkConnectionEnabled: true, appium:noReset: false, appium:pixelRatio: 1.75, appium:platformVersion: 12, appium:statBarHeight: 68, appium:takesScreenshot: true, appium:viewportRect: {height: 1532, left: 0, top: 68, width: 720}, appium:warnings: {}, appium:webStorageEnabled: false, platformName: ANDROID}
Session ID: 162acae6-f1bb-4203-a74f-268c914e1bdb
	at jdk.internal.reflect.GeneratedConstructorAccessor31.newInstance(Unknown Source)
	at java.base/jdk.internal.reflect.DelegatingConstructorAccessorImpl.newInstance(DelegatingConstructorAccessorImpl.java:45)
	at java.base/java.lang.reflect.Constructor.newInstanceWithCaller(Constructor.java:499)
	at java.base/java.lang.reflect.Constructor.newInstance(Constructor.java:480)
	at org.openqa.selenium.remote.ErrorCodec.decode(ErrorCodec.java:167)
	at org.openqa.selenium.remote.codec.w3c.W3CHttpResponseCodec.decode(W3CHttpResponseCodec.java:138)
	at org.openqa.selenium.remote.codec.w3c.W3CHttpResponseCodec.decode(W3CHttpResponseCodec.java:50)
	at org.openqa.selenium.remote.HttpCommandExecutor.execute(HttpCommandExecutor.java:190)
	at io.appium.java_client.remote.AppiumCommandExecutor.execute(AppiumCommandExecutor.java:237)
	at org.openqa.selenium.remote.RemoteWebDriver.execute(RemoteWebDriver.java:518)
	at org.openqa.selenium.remote.ElementLocation$ElementFinder$2.findElements(ElementLocation.java:182)
	at org.openqa.selenium.remote.ElementLocation.findElements(ElementLocation.java:103)
	at org.openqa.selenium.remote.RemoteWebDriver.findElements(RemoteWebDriver.java:368)
	at org.openqa.selenium.remote.RemoteWebDriver.findElements(RemoteWebDriver.java:362)
	at StepDefinitions.common.CommonNavigationSteps.alreadyOnListScreen(CommonNavigationSteps.java:41)
	at StepDefinitions.common.CommonNavigationSteps.userClicksOnProfileIcon(CommonNavigationSteps.java:56)
	at ✽.User clicks on profile icon(file:///C:/Users/Anil%20Kumar%20M/VSCode%20projects/APMSCustomerApp/src/test/resources/features/CustomerLogin/Configurations/ActivityGroups/ActivityGroupCreation.feature:10)

Create Activity Group via Configuration Module.Duplicate Form Name -- Time elapsed: 0.941 s <<< ERROR!
org.openqa.selenium.WebDriverException: 
An unknown server-side error occurred while processing the command. Original error: 'POST /elements' cannot be proxied to UiAutomator2 server because the instrumentation process is not running (probably crashed). Check the server log and/or the logcat output for more details
Build info: version: '4.20.0', revision: '866c76ca80'
System info: os.name: 'Windows 11', os.arch: 'amd64', os.version: '10.0', java.version: '17.0.16'
Driver info: io.appium.java_client.android.AndroidDriver
Command: [162acae6-f1bb-4203-a74f-268c914e1bdb, findElements {value=android.widget.EditText, using=class name}]
Capabilities {appium:adbExecTimeout: 60000, appium:app: C:\Users\Anil Kumar M\ApkFi..., appium:appActivity: com.apms.ai.MainActivity, appium:appPackage: com.apms.ai, appium:automationName: UiAutomator2, appium:databaseEnabled: false, appium:desired: {adbExecTimeout: 60000, app: C:\Users\Anil Kumar M\ApkFi..., appActivity: com.apms.ai.MainActivity, appPackage: com.apms.ai, automationName: UiAutomator2, deviceName: Galaxy A21s, noReset: false, platformName: ANDROID, platformVersion: 12.0}, appium:deviceApiLevel: 31, appium:deviceManufacturer: samsung, appium:deviceModel: SM-A217F, appium:deviceName: RZ8NC0AXMDW, appium:deviceScreenDensity: 280, appium:deviceScreenSize: 720x1600, appium:deviceUDID: RZ8NC0AXMDW, appium:javascriptEnabled: true, appium:locationContextEnabled: false, appium:networkConnectionEnabled: true, appium:noReset: false, appium:pixelRatio: 1.75, appium:platformVersion: 12, appium:statBarHeight: 68, appium:takesScreenshot: true, appium:viewportRect: {height: 1532, left: 0, top: 68, width: 720}, appium:warnings: {}, appium:webStorageEnabled: false, platformName: ANDROID}
Session ID: 162acae6-f1bb-4203-a74f-268c914e1bdb
	at jdk.internal.reflect.GeneratedConstructorAccessor31.newInstance(Unknown Source)
	at java.base/jdk.internal.reflect.DelegatingConstructorAccessorImpl.newInstance(DelegatingConstructorAccessorImpl.java:45)
	at java.base/java.lang.reflect.Constructor.newInstanceWithCaller(Constructor.java:499)
	at java.base/java.lang.reflect.Constructor.newInstance(Constructor.java:480)
	at org.openqa.selenium.remote.ErrorCodec.decode(ErrorCodec.java:167)
	at org.openqa.selenium.remote.codec.w3c.W3CHttpResponseCodec.decode(W3CHttpResponseCodec.java:138)
	at org.openqa.selenium.remote.codec.w3c.W3CHttpResponseCodec.decode(W3CHttpResponseCodec.java:50)
	at org.openqa.selenium.remote.HttpCommandExecutor.execute(HttpCommandExecutor.java:190)
	at io.appium.java_client.remote.AppiumCommandExecutor.execute(AppiumCommandExecutor.java:237)
	at org.openqa.selenium.remote.RemoteWebDriver.execute(RemoteWebDriver.java:518)
	at org.openqa.selenium.remote.ElementLocation$ElementFinder$2.findElements(ElementLocation.java:182)
	at org.openqa.selenium.remote.ElementLocation.findElements(ElementLocation.java:103)
	at org.openqa.selenium.remote.RemoteWebDriver.findElements(RemoteWebDriver.java:368)
	at org.openqa.selenium.remote.RemoteWebDriver.findElements(RemoteWebDriver.java:362)
	at hooks.AppHooks.hasElement(AppHooks.java:195)
	at hooks.AppHooks.isInSearchMode(AppHooks.java:168)
	at hooks.AppHooks.returnToListScreen(AppHooks.java:71)

Create Activity Group via Configuration Module.Rapid multiple Submit clicks -- Time elapsed: 0.982 s <<< ERROR!
org.openqa.selenium.WebDriverException: 
An unknown server-side error occurred while processing the command. Original error: 'POST /elements' cannot be proxied to UiAutomator2 server because the instrumentation process is not running (probably crashed). Check the server log and/or the logcat output for more details
Build info: version: '4.20.0', revision: '866c76ca80'
System info: os.name: 'Windows 11', os.arch: 'amd64', os.version: '10.0', java.version: '17.0.16'
Driver info: io.appium.java_client.android.AndroidDriver
Command: [162acae6-f1bb-4203-a74f-268c914e1bdb, findElements {value=Search, using=accessibility id}]
Capabilities {appium:adbExecTimeout: 60000, appium:app: C:\Users\Anil Kumar M\ApkFi..., appium:appActivity: com.apms.ai.MainActivity, appium:appPackage: com.apms.ai, appium:automationName: UiAutomator2, appium:databaseEnabled: false, appium:desired: {adbExecTimeout: 60000, app: C:\Users\Anil Kumar M\ApkFi..., appActivity: com.apms.ai.MainActivity, appPackage: com.apms.ai, automationName: UiAutomator2, deviceName: Galaxy A21s, noReset: false, platformName: ANDROID, platformVersion: 12.0}, appium:deviceApiLevel: 31, appium:deviceManufacturer: samsung, appium:deviceModel: SM-A217F, appium:deviceName: RZ8NC0AXMDW, appium:deviceScreenDensity: 280, appium:deviceScreenSize: 720x1600, appium:deviceUDID: RZ8NC0AXMDW, appium:javascriptEnabled: true, appium:locationContextEnabled: false, appium:networkConnectionEnabled: true, appium:noReset: false, appium:pixelRatio: 1.75, appium:platformVersion: 12, appium:statBarHeight: 68, appium:takesScreenshot: true, appium:viewportRect: {height: 1532, left: 0, top: 68, width: 720}, appium:warnings: {}, appium:webStorageEnabled: false, platformName: ANDROID}
Session ID: 162acae6-f1bb-4203-a74f-268c914e1bdb
	at jdk.internal.reflect.GeneratedConstructorAccessor31.newInstance(Unknown Source)
	at java.base/jdk.internal.reflect.DelegatingConstructorAccessorImpl.newInstance(DelegatingConstructorAccessorImpl.java:45)
	at java.base/java.lang.reflect.Constructor.newInstanceWithCaller(Constructor.java:499)
	at java.base/java.lang.reflect.Constructor.newInstance(Constructor.java:480)
	at org.openqa.selenium.remote.ErrorCodec.decode(ErrorCodec.java:167)
	at org.openqa.selenium.remote.codec.w3c.W3CHttpResponseCodec.decode(W3CHttpResponseCodec.java:138)
	at org.openqa.selenium.remote.codec.w3c.W3CHttpResponseCodec.decode(W3CHttpResponseCodec.java:50)
	at org.openqa.selenium.remote.HttpCommandExecutor.execute(HttpCommandExecutor.java:190)
	at io.appium.java_client.remote.AppiumCommandExecutor.execute(AppiumCommandExecutor.java:237)
	at org.openqa.selenium.remote.RemoteWebDriver.execute(RemoteWebDriver.java:518)
	at org.openqa.selenium.remote.ElementLocation$ElementFinder$2.findElements(ElementLocation.java:182)
	at org.openqa.selenium.remote.ElementLocation.findElements(ElementLocation.java:103)
	at org.openqa.selenium.remote.RemoteWebDriver.findElements(RemoteWebDriver.java:368)
	at org.openqa.selenium.remote.RemoteWebDriver.findElements(RemoteWebDriver.java:362)
	at StepDefinitions.common.CommonNavigationSteps.alreadyOnListScreen(CommonNavigationSteps.java:41)
	at StepDefinitions.common.CommonNavigationSteps.userClicksOnProfileIcon(CommonNavigationSteps.java:56)
	at ✽.User clicks on profile icon(file:///C:/Users/Anil%20Kumar%20M/VSCode%20projects/APMSCustomerApp/src/test/resources/features/CustomerLogin/Configurations/ActivityGroups/ActivityGroupCreation.feature:10)

Create Activity Group via Configuration Module.Rapid multiple Submit clicks -- Time elapsed: 0.984 s <<< ERROR!
org.openqa.selenium.WebDriverException: 
An unknown server-side error occurred while processing the command. Original error: 'POST /elements' cannot be proxied to UiAutomator2 server because the instrumentation process is not running (probably crashed). Check the server log and/or the logcat output for more details
Build info: version: '4.20.0', revision: '866c76ca80'
System info: os.name: 'Windows 11', os.arch: 'amd64', os.version: '10.0', java.version: '17.0.16'
Driver info: io.appium.java_client.android.AndroidDriver
Command: [162acae6-f1bb-4203-a74f-268c914e1bdb, findElements {value=android.widget.EditText, using=class name}]
Capabilities {appium:adbExecTimeout: 60000, appium:app: C:\Users\Anil Kumar M\ApkFi..., appium:appActivity: com.apms.ai.MainActivity, appium:appPackage: com.apms.ai, appium:automationName: UiAutomator2, appium:databaseEnabled: false, appium:desired: {adbExecTimeout: 60000, app: C:\Users\Anil Kumar M\ApkFi..., appActivity: com.apms.ai.MainActivity, appPackage: com.apms.ai, automationName: UiAutomator2, deviceName: Galaxy A21s, noReset: false, platformName: ANDROID, platformVersion: 12.0}, appium:deviceApiLevel: 31, appium:deviceManufacturer: samsung, appium:deviceModel: SM-A217F, appium:deviceName: RZ8NC0AXMDW, appium:deviceScreenDensity: 280, appium:deviceScreenSize: 720x1600, appium:deviceUDID: RZ8NC0AXMDW, appium:javascriptEnabled: true, appium:locationContextEnabled: false, appium:networkConnectionEnabled: true, appium:noReset: false, appium:pixelRatio: 1.75, appium:platformVersion: 12, appium:statBarHeight: 68, appium:takesScreenshot: true, appium:viewportRect: {height: 1532, left: 0, top: 68, width: 720}, appium:warnings: {}, appium:webStorageEnabled: false, platformName: ANDROID}
Session ID: 162acae6-f1bb-4203-a74f-268c914e1bdb
	at jdk.internal.reflect.GeneratedConstructorAccessor31.newInstance(Unknown Source)
	at java.base/jdk.internal.reflect.DelegatingConstructorAccessorImpl.newInstance(DelegatingConstructorAccessorImpl.java:45)
	at java.base/java.lang.reflect.Constructor.newInstanceWithCaller(Constructor.java:499)
	at java.base/java.lang.reflect.Constructor.newInstance(Constructor.java:480)
	at org.openqa.selenium.remote.ErrorCodec.decode(ErrorCodec.java:167)
	at org.openqa.selenium.remote.codec.w3c.W3CHttpResponseCodec.decode(W3CHttpResponseCodec.java:138)
	at org.openqa.selenium.remote.codec.w3c.W3CHttpResponseCodec.decode(W3CHttpResponseCodec.java:50)
	at org.openqa.selenium.remote.HttpCommandExecutor.execute(HttpCommandExecutor.java:190)
	at io.appium.java_client.remote.AppiumCommandExecutor.execute(AppiumCommandExecutor.java:237)
	at org.openqa.selenium.remote.RemoteWebDriver.execute(RemoteWebDriver.java:518)
	at org.openqa.selenium.remote.ElementLocation$ElementFinder$2.findElements(ElementLocation.java:182)
	at org.openqa.selenium.remote.ElementLocation.findElements(ElementLocation.java:103)
	at org.openqa.selenium.remote.RemoteWebDriver.findElements(RemoteWebDriver.java:368)
	at org.openqa.selenium.remote.RemoteWebDriver.findElements(RemoteWebDriver.java:362)
	at hooks.AppHooks.hasElement(AppHooks.java:195)
	at hooks.AppHooks.isInSearchMode(AppHooks.java:168)
	at hooks.AppHooks.returnToListScreen(AppHooks.java:71)

Create Activity Group via Configuration Module.Rapid "+" button clicks in Activity Checklist -- Time elapsed: 0.934 s <<< ERROR!
org.openqa.selenium.WebDriverException: 
An unknown server-side error occurred while processing the command. Original error: 'POST /elements' cannot be proxied to UiAutomator2 server because the instrumentation process is not running (probably crashed). Check the server log and/or the logcat output for more details
Build info: version: '4.20.0', revision: '866c76ca80'
System info: os.name: 'Windows 11', os.arch: 'amd64', os.version: '10.0', java.version: '17.0.16'
Driver info: io.appium.java_client.android.AndroidDriver
Command: [162acae6-f1bb-4203-a74f-268c914e1bdb, findElements {value=Search, using=accessibility id}]
Capabilities {appium:adbExecTimeout: 60000, appium:app: C:\Users\Anil Kumar M\ApkFi..., appium:appActivity: com.apms.ai.MainActivity, appium:appPackage: com.apms.ai, appium:automationName: UiAutomator2, appium:databaseEnabled: false, appium:desired: {adbExecTimeout: 60000, app: C:\Users\Anil Kumar M\ApkFi..., appActivity: com.apms.ai.MainActivity, appPackage: com.apms.ai, automationName: UiAutomator2, deviceName: Galaxy A21s, noReset: false, platformName: ANDROID, platformVersion: 12.0}, appium:deviceApiLevel: 31, appium:deviceManufacturer: samsung, appium:deviceModel: SM-A217F, appium:deviceName: RZ8NC0AXMDW, appium:deviceScreenDensity: 280, appium:deviceScreenSize: 720x1600, appium:deviceUDID: RZ8NC0AXMDW, appium:javascriptEnabled: true, appium:locationContextEnabled: false, appium:networkConnectionEnabled: true, appium:noReset: false, appium:pixelRatio: 1.75, appium:platformVersion: 12, appium:statBarHeight: 68, appium:takesScreenshot: true, appium:viewportRect: {height: 1532, left: 0, top: 68, width: 720}, appium:warnings: {}, appium:webStorageEnabled: false, platformName: ANDROID}
Session ID: 162acae6-f1bb-4203-a74f-268c914e1bdb
	at jdk.internal.reflect.GeneratedConstructorAccessor31.newInstance(Unknown Source)
	at java.base/jdk.internal.reflect.DelegatingConstructorAccessorImpl.newInstance(DelegatingConstructorAccessorImpl.java:45)
	at java.base/java.lang.reflect.Constructor.newInstanceWithCaller(Constructor.java:499)
	at java.base/java.lang.reflect.Constructor.newInstance(Constructor.java:480)
	at org.openqa.selenium.remote.ErrorCodec.decode(ErrorCodec.java:167)
	at org.openqa.selenium.remote.codec.w3c.W3CHttpResponseCodec.decode(W3CHttpResponseCodec.java:138)
	at org.openqa.selenium.remote.codec.w3c.W3CHttpResponseCodec.decode(W3CHttpResponseCodec.java:50)
	at org.openqa.selenium.remote.HttpCommandExecutor.execute(HttpCommandExecutor.java:190)
	at io.appium.java_client.remote.AppiumCommandExecutor.execute(AppiumCommandExecutor.java:237)
	at org.openqa.selenium.remote.RemoteWebDriver.execute(RemoteWebDriver.java:518)
	at org.openqa.selenium.remote.ElementLocation$ElementFinder$2.findElements(ElementLocation.java:182)
	at org.openqa.selenium.remote.ElementLocation.findElements(ElementLocation.java:103)
	at org.openqa.selenium.remote.RemoteWebDriver.findElements(RemoteWebDriver.java:368)
	at org.openqa.selenium.remote.RemoteWebDriver.findElements(RemoteWebDriver.java:362)
	at StepDefinitions.common.CommonNavigationSteps.alreadyOnListScreen(CommonNavigationSteps.java:41)
	at StepDefinitions.common.CommonNavigationSteps.userClicksOnProfileIcon(CommonNavigationSteps.java:56)
	at ✽.User clicks on profile icon(file:///C:/Users/Anil%20Kumar%20M/VSCode%20projects/APMSCustomerApp/src/test/resources/features/CustomerLogin/Configurations/ActivityGroups/ActivityGroupCreation.feature:10)

Create Activity Group via Configuration Module.Rapid "+" button clicks in Activity Checklist -- Time elapsed: 0.936 s <<< ERROR!
org.openqa.selenium.WebDriverException: 
An unknown server-side error occurred while processing the command. Original error: 'POST /elements' cannot be proxied to UiAutomator2 server because the instrumentation process is not running (probably crashed). Check the server log and/or the logcat output for more details
Build info: version: '4.20.0', revision: '866c76ca80'
System info: os.name: 'Windows 11', os.arch: 'amd64', os.version: '10.0', java.version: '17.0.16'
Driver info: io.appium.java_client.android.AndroidDriver
Command: [162acae6-f1bb-4203-a74f-268c914e1bdb, findElements {value=android.widget.EditText, using=class name}]
Capabilities {appium:adbExecTimeout: 60000, appium:app: C:\Users\Anil Kumar M\ApkFi..., appium:appActivity: com.apms.ai.MainActivity, appium:appPackage: com.apms.ai, appium:automationName: UiAutomator2, appium:databaseEnabled: false, appium:desired: {adbExecTimeout: 60000, app: C:\Users\Anil Kumar M\ApkFi..., appActivity: com.apms.ai.MainActivity, appPackage: com.apms.ai, automationName: UiAutomator2, deviceName: Galaxy A21s, noReset: false, platformName: ANDROID, platformVersion: 12.0}, appium:deviceApiLevel: 31, appium:deviceManufacturer: samsung, appium:deviceModel: SM-A217F, appium:deviceName: RZ8NC0AXMDW, appium:deviceScreenDensity: 280, appium:deviceScreenSize: 720x1600, appium:deviceUDID: RZ8NC0AXMDW, appium:javascriptEnabled: true, appium:locationContextEnabled: false, appium:networkConnectionEnabled: true, appium:noReset: false, appium:pixelRatio: 1.75, appium:platformVersion: 12, appium:statBarHeight: 68, appium:takesScreenshot: true, appium:viewportRect: {height: 1532, left: 0, top: 68, width: 720}, appium:warnings: {}, appium:webStorageEnabled: false, platformName: ANDROID}
Session ID: 162acae6-f1bb-4203-a74f-268c914e1bdb
	at jdk.internal.reflect.GeneratedConstructorAccessor31.newInstance(Unknown Source)
	at java.base/jdk.internal.reflect.DelegatingConstructorAccessorImpl.newInstance(DelegatingConstructorAccessorImpl.java:45)
	at java.base/java.lang.reflect.Constructor.newInstanceWithCaller(Constructor.java:499)
	at java.base/java.lang.reflect.Constructor.newInstance(Constructor.java:480)
	at org.openqa.selenium.remote.ErrorCodec.decode(ErrorCodec.java:167)
	at org.openqa.selenium.remote.codec.w3c.W3CHttpResponseCodec.decode(W3CHttpResponseCodec.java:138)
	at org.openqa.selenium.remote.codec.w3c.W3CHttpResponseCodec.decode(W3CHttpResponseCodec.java:50)
	at org.openqa.selenium.remote.HttpCommandExecutor.execute(HttpCommandExecutor.java:190)
[...]
Session ID: 162acae6-f1bb-4203-a74f-268c914e1bdb
	at jdk.internal.reflect.GeneratedConstructorAccessor31.newInstance(Unknown Source)
	at java.base/jdk.internal.reflect.DelegatingConstructorAccessorImpl.newInstance(DelegatingConstructorAccessorImpl.java:45)
	at java.base/java.lang.reflect.Constructor.newInstanceWithCaller(Constructor.java:499)
	at java.base/java.lang.reflect.Constructor.newInstance(Constructor.java:480)
	at org.openqa.selenium.remote.ErrorCodec.decode(ErrorCodec.java:167)
	at org.openqa.selenium.remote.codec.w3c.W3CHttpResponseCodec.decode(W3CHttpResponseCodec.java:138)
	at org.openqa.selenium.remote.codec.w3c.W3CHttpResponseCodec.decode(W3CHttpResponseCodec.java:50)
	at org.openqa.selenium.remote.HttpCommandExecutor.execute(HttpCommandExecutor.java:190)
	at io.appium.java_client.remote.AppiumCommandExecutor.execute(AppiumCommandExecutor.java:237)
	at org.openqa.selenium.remote.RemoteWebDriver.execute(RemoteWebDriver.java:518)
	at org.openqa.selenium.remote.ElementLocation$ElementFinder$2.findElements(ElementLocation.java:182)
	at org.openqa.selenium.remote.ElementLocation.findElements(ElementLocation.java:103)
	at org.openqa.selenium.remote.RemoteWebDriver.findElements(RemoteWebDriver.java:368)
	at org.openqa.selenium.remote.RemoteWebDriver.findElements(RemoteWebDriver.java:362)
	at StepDefinitions.common.CommonNavigationSteps.alreadyOnListScreen(CommonNavigationSteps.java:41)
	at StepDefinitions.common.CommonNavigationSteps.userClicksOnProfileIcon(CommonNavigationSteps.java:56)
	at ✽.User clicks on profile icon(file:///C:/Users/Anil%20Kumar%20M/VSCode%20projects/APMSCustomerApp/src/test/resources/features/CustomerLogin/Configurations/ActivityGroups/ActivityGroupUpdate.feature:5)

Update Activity Group via Swipe Action with Checklist and Status Management.Verify Edit popup UI -- Time elapsed: 0.951 s <<< ERROR!
org.openqa.selenium.WebDriverException: 
An unknown server-side error occurred while processing the command. Original error: 'POST /elements' cannot be proxied to UiAutomator2 server because the instrumentation process is not running (probably crashed). Check the server log and/or the logcat output for more details
Build info: version: '4.20.0', revision: '866c76ca80'
System info: os.name: 'Windows 11', os.arch: 'amd64', os.version: '10.0', java.version: '17.0.16'
Driver info: io.appium.java_client.android.AndroidDriver
Command: [162acae6-f1bb-4203-a74f-268c914e1bdb, findElements {value=android.widget.EditText, using=class name}]
Capabilities {appium:adbExecTimeout: 60000, appium:app: C:\Users\Anil Kumar M\ApkFi..., appium:appActivity: com.apms.ai.MainActivity, appium:appPackage: com.apms.ai, appium:automationName: UiAutomator2, appium:databaseEnabled: false, appium:desired: {adbExecTimeout: 60000, app: C:\Users\Anil Kumar M\ApkFi..., appActivity: com.apms.ai.MainActivity, appPackage: com.apms.ai, automationName: UiAutomator2, deviceName: Galaxy A21s, noReset: false, platformName: ANDROID, platformVersion: 12.0}, appium:deviceApiLevel: 31, appium:deviceManufacturer: samsung, appium:deviceModel: SM-A217F, appium:deviceName: RZ8NC0AXMDW, appium:deviceScreenDensity: 280, appium:deviceScreenSize: 720x1600, appium:deviceUDID: RZ8NC0AXMDW, appium:javascriptEnabled: true, appium:locationContextEnabled: false, appium:networkConnectionEnabled: true, appium:noReset: false, appium:pixelRatio: 1.75, appium:platformVersion: 12, appium:statBarHeight: 68, appium:takesScreenshot: true, appium:viewportRect: {height: 1532, left: 0, top: 68, width: 720}, appium:warnings: {}, appium:webStorageEnabled: false, platformName: ANDROID}
Session ID: 162acae6-f1bb-4203-a74f-268c914e1bdb
	at jdk.internal.reflect.GeneratedConstructorAccessor31.newInstance(Unknown Source)
	at java.base/jdk.internal.reflect.DelegatingConstructorAccessorImpl.newInstance(DelegatingConstructorAccessorImpl.java:45)
	at java.base/java.lang.reflect.Constructor.newInstanceWithCaller(Constructor.java:499)
	at java.base/java.lang.reflect.Constructor.newInstance(Constructor.java:480)
	at org.openqa.selenium.remote.ErrorCodec.decode(ErrorCodec.java:167)
	at org.openqa.selenium.remote.codec.w3c.W3CHttpResponseCodec.decode(W3CHttpResponseCodec.java:138)
	at org.openqa.selenium.remote.codec.w3c.W3CHttpResponseCodec.decode(W3CHttpResponseCodec.java:50)
	at org.openqa.selenium.remote.HttpCommandExecutor.execute(HttpCommandExecutor.java:190)
	at io.appium.java_client.remote.AppiumCommandExecutor.execute(AppiumCommandExecutor.java:237)
	at org.openqa.selenium.remote.RemoteWebDriver.execute(RemoteWebDriver.java:518)
	at org.openqa.selenium.remote.ElementLocation$ElementFinder$2.findElements(ElementLocation.java:182)
	at org.openqa.selenium.remote.ElementLocation.findElements(ElementLocation.java:103)
	at org.openqa.selenium.remote.RemoteWebDriver.findElements(RemoteWebDriver.java:368)
	at org.openqa.selenium.remote.RemoteWebDriver.findElements(RemoteWebDriver.java:362)
	at hooks.AppHooks.hasElement(AppHooks.java:195)
	at hooks.AppHooks.isInSearchMode(AppHooks.java:168)
	at hooks.AppHooks.returnToListScreen(AppHooks.java:71)

Update Activity Group via Swipe Action with Checklist and Status Management.Verify bottom sheet UI -- Time elapsed: 0.973 s <<< ERROR!
org.openqa.selenium.WebDriverException: 
An unknown server-side error occurred while processing the command. Original error: 'POST /elements' cannot be proxied to UiAutomator2 server because the instrumentation process is not running (probably crashed). Check the server log and/or the logcat output for more details
Build info: version: '4.20.0', revision: '866c76ca80'
System info: os.name: 'Windows 11', os.arch: 'amd64', os.version: '10.0', java.version: '17.0.16'
Driver info: io.appium.java_client.android.AndroidDriver
Command: [162acae6-f1bb-4203-a74f-268c914e1bdb, findElements {value=Search, using=accessibility id}]
Capabilities {appium:adbExecTimeout: 60000, appium:app: C:\Users\Anil Kumar M\ApkFi..., appium:appActivity: com.apms.ai.MainActivity, appium:appPackage: com.apms.ai, appium:automationName: UiAutomator2, appium:databaseEnabled: false, appium:desired: {adbExecTimeout: 60000, app: C:\Users\Anil Kumar M\ApkFi..., appActivity: com.apms.ai.MainActivity, appPackage: com.apms.ai, automationName: UiAutomator2, deviceName: Galaxy A21s, noReset: false, platformName: ANDROID, platformVersion: 12.0}, appium:deviceApiLevel: 31, appium:deviceManufacturer: samsung, appium:deviceModel: SM-A217F, appium:deviceName: RZ8NC0AXMDW, appium:deviceScreenDensity: 280, appium:deviceScreenSize: 720x1600, appium:deviceUDID: RZ8NC0AXMDW, appium:javascriptEnabled: true, appium:locationContextEnabled: false, appium:networkConnectionEnabled: true, appium:noReset: false, appium:pixelRatio: 1.75, appium:platformVersion: 12, appium:statBarHeight: 68, appium:takesScreenshot: true, appium:viewportRect: {height: 1532, left: 0, top: 68, width: 720}, appium:warnings: {}, appium:webStorageEnabled: false, platformName: ANDROID}
Session ID: 162acae6-f1bb-4203-a74f-268c914e1bdb
	at jdk.internal.reflect.GeneratedConstructorAccessor31.newInstance(Unknown Source)
	at java.base/jdk.internal.reflect.DelegatingConstructorAccessorImpl.newInstance(DelegatingConstructorAccessorImpl.java:45)
	at java.base/java.lang.reflect.Constructor.newInstanceWithCaller(Constructor.java:499)
	at java.base/java.lang.reflect.Constructor.newInstance(Constructor.java:480)
	at org.openqa.selenium.remote.ErrorCodec.decode(ErrorCodec.java:167)
	at org.openqa.selenium.remote.codec.w3c.W3CHttpResponseCodec.decode(W3CHttpResponseCodec.java:138)
	at org.openqa.selenium.remote.codec.w3c.W3CHttpResponseCodec.decode(W3CHttpResponseCodec.java:50)
	at org.openqa.selenium.remote.HttpCommandExecutor.execute(HttpCommandExecutor.java:190)
	at io.appium.java_client.remote.AppiumCommandExecutor.execute(AppiumCommandExecutor.java:237)
	at org.openqa.selenium.remote.RemoteWebDriver.execute(RemoteWebDriver.java:518)
	at org.openqa.selenium.remote.ElementLocation$ElementFinder$2.findElements(ElementLocation.java:182)
	at org.openqa.selenium.remote.ElementLocation.findElements(ElementLocation.java:103)
	at org.openqa.selenium.remote.RemoteWebDriver.findElements(RemoteWebDriver.java:368)
	at org.openqa.selenium.remote.RemoteWebDriver.findElements(RemoteWebDriver.java:362)
	at StepDefinitions.common.CommonNavigationSteps.alreadyOnListScreen(CommonNavigationSteps.java:41)
	at StepDefinitions.common.CommonNavigationSteps.userClicksOnProfileIcon(CommonNavigationSteps.java:56)
	at ✽.User clicks on profile icon(file:///C:/Users/Anil%20Kumar%20M/VSCode%20projects/APMSCustomerApp/src/test/resources/features/CustomerLogin/Configurations/ActivityGroups/ActivityGroupUpdate.feature:5)

Update Activity Group via Swipe Action with Checklist and Status Management.Verify bottom sheet UI -- Time elapsed: 0.975 s <<< ERROR!
org.openqa.selenium.WebDriverException: 
An unknown server-side error occurred while processing the command. Original error: 'POST /elements' cannot be proxied to UiAutomator2 server because the instrumentation process is not running (probably crashed). Check the server log and/or the logcat output for more details
Build info: version: '4.20.0', revision: '866c76ca80'
System info: os.name: 'Windows 11', os.arch: 'amd64', os.version: '10.0', java.version: '17.0.16'
Driver info: io.appium.java_client.android.AndroidDriver
Command: [162acae6-f1bb-4203-a74f-268c914e1bdb, findElements {value=android.widget.EditText, using=class name}]
Capabilities {appium:adbExecTimeout: 60000, appium:app: C:\Users\Anil Kumar M\ApkFi..., appium:appActivity: com.apms.ai.MainActivity, appium:appPackage: com.apms.ai, appium:automationName: UiAutomator2, appium:databaseEnabled: false, appium:desired: {adbExecTimeout: 60000, app: C:\Users\Anil Kumar M\ApkFi..., appActivity: com.apms.ai.MainActivity, appPackage: com.apms.ai, automationName: UiAutomator2, deviceName: Galaxy A21s, noReset: false, platformName: ANDROID, platformVersion: 12.0}, appium:deviceApiLevel: 31, appium:deviceManufacturer: samsung, appium:deviceModel: SM-A217F, appium:deviceName: RZ8NC0AXMDW, appium:deviceScreenDensity: 280, appium:deviceScreenSize: 720x1600, appium:deviceUDID: RZ8NC0AXMDW, appium:javascriptEnabled: true, appium:locationContextEnabled: false, appium:networkConnectionEnabled: true, appium:noReset: false, appium:pixelRatio: 1.75, appium:platformVersion: 12, appium:statBarHeight: 68, appium:takesScreenshot: true, appium:viewportRect: {height: 1532, left: 0, top: 68, width: 720}, appium:warnings: {}, appium:webStorageEnabled: false, platformName: ANDROID}
Session ID: 162acae6-f1bb-4203-a74f-268c914e1bdb
	at jdk.internal.reflect.GeneratedConstructorAccessor31.newInstance(Unknown Source)
	at java.base/jdk.internal.reflect.DelegatingConstructorAccessorImpl.newInstance(DelegatingConstructorAccessorImpl.java:45)
	at java.base/java.lang.reflect.Constructor.newInstanceWithCaller(Constructor.java:499)
	at java.base/java.lang.reflect.Constructor.newInstance(Constructor.java:480)
	at org.openqa.selenium.remote.ErrorCodec.decode(ErrorCodec.java:167)
	at org.openqa.selenium.remote.codec.w3c.W3CHttpResponseCodec.decode(W3CHttpResponseCodec.java:138)
	at org.openqa.selenium.remote.codec.w3c.W3CHttpResponseCodec.decode(W3CHttpResponseCodec.java:50)
	at org.openqa.selenium.remote.HttpCommandExecutor.execute(HttpCommandExecutor.java:190)
	at io.appium.java_client.remote.AppiumCommandExecutor.execute(AppiumCommandExecutor.java:237)
	at org.openqa.selenium.remote.RemoteWebDriver.execute(RemoteWebDriver.java:518)
	at org.openqa.selenium.remote.ElementLocation$ElementFinder$2.findElements(ElementLocation.java:182)
	at org.openqa.selenium.remote.ElementLocation.findElements(ElementLocation.java:103)
	at org.openqa.selenium.remote.RemoteWebDriver.findElements(RemoteWebDriver.java:368)
	at org.openqa.selenium.remote.RemoteWebDriver.findElements(RemoteWebDriver.java:362)
	at hooks.AppHooks.hasElement(AppHooks.java:195)
	at hooks.AppHooks.isInSearchMode(AppHooks.java:168)
	at hooks.AppHooks.returnToListScreen(AppHooks.java:71)

Update Activity Group via Swipe Action with Checklist and Status Management.Verify Close (X) button -- Time elapsed: 0.925 s <<< ERROR!
org.openqa.selenium.WebDriverException: 
An unknown server-side error occurred while processing the command. Original error: 'POST /elements' cannot be proxied to UiAutomator2 server because the instrumentation process is not running (probably crashed). Check the server log and/or the logcat output for more details
Build info: version: '4.20.0', revision: '866c76ca80'
System info: os.name: 'Windows 11', os.arch: 'amd64', os.version: '10.0', java.version: '17.0.16'
Driver info: io.appium.java_client.android.AndroidDriver
Command: [162acae6-f1bb-4203-a74f-268c914e1bdb, findElements {value=Search, using=accessibility id}]
Capabilities {appium:adbExecTimeout: 60000, appium:app: C:\Users\Anil Kumar M\ApkFi..., appium:appActivity: com.apms.ai.MainActivity, appium:appPackage: com.apms.ai, appium:automationName: UiAutomator2, appium:databaseEnabled: false, appium:desired: {adbExecTimeout: 60000, app: C:\Users\Anil Kumar M\ApkFi..., appActivity: com.apms.ai.MainActivity, appPackage: com.apms.ai, automationName: UiAutomator2, deviceName: Galaxy A21s, noReset: false, platformName: ANDROID, platformVersion: 12.0}, appium:deviceApiLevel: 31, appium:deviceManufacturer: samsung, appium:deviceModel: SM-A217F, appium:deviceName: RZ8NC0AXMDW, appium:deviceScreenDensity: 280, appium:deviceScreenSize: 720x1600, appium:deviceUDID: RZ8NC0AXMDW, appium:javascriptEnabled: true, appium:locationContextEnabled: false, appium:networkConnectionEnabled: true, appium:noReset: false, appium:pixelRatio: 1.75, appium:platformVersion: 12, appium:statBarHeight: 68, appium:takesScreenshot: true, appium:viewportRect: {height: 1532, left: 0, top: 68, width: 720}, appium:warnings: {}, appium:webStorageEnabled: false, platformName: ANDROID}
Session ID: 162acae6-f1bb-4203-a74f-268c914e1bdb
	at jdk.internal.reflect.GeneratedConstructorAccessor31.newInstance(Unknown Source)
	at java.base/jdk.internal.reflect.DelegatingConstructorAccessorImpl.newInstance(DelegatingConstructorAccessorImpl.java:45)
	at java.base/java.lang.reflect.Constructor.newInstanceWithCaller(Constructor.java:499)
	at java.base/java.lang.reflect.Constructor.newInstance(Constructor.java:480)
	at org.openqa.selenium.remote.ErrorCodec.decode(ErrorCodec.java:167)
	at org.openqa.selenium.remote.codec.w3c.W3CHttpResponseCodec.decode(W3CHttpResponseCodec.java:138)
	at org.openqa.selenium.remote.codec.w3c.W3CHttpResponseCodec.decode(W3CHttpResponseCodec.java:50)
	at org.openqa.selenium.remote.HttpCommandExecutor.execute(HttpCommandExecutor.java:190)
	at io.appium.java_client.remote.AppiumCommandExecutor.execute(AppiumCommandExecutor.java:237)
	at org.openqa.selenium.remote.RemoteWebDriver.execute(RemoteWebDriver.java:518)
	at org.openqa.selenium.remote.ElementLocation$ElementFinder$2.findElements(ElementLocation.java:182)
	at org.openqa.selenium.remote.ElementLocation.findElements(ElementLocation.java:103)
	at org.openqa.selenium.remote.RemoteWebDriver.findElements(RemoteWebDriver.java:368)
	at org.openqa.selenium.remote.RemoteWebDriver.findElements(RemoteWebDriver.java:362)
	at StepDefinitions.common.CommonNavigationSteps.alreadyOnListScreen(CommonNavigationSteps.java:41)
	at StepDefinitions.common.CommonNavigationSteps.userClicksOnProfileIcon(CommonNavigationSteps.java:56)
	at ✽.User clicks on profile icon(file:///C:/Users/Anil%20Kumar%20M/VSCode%20projects/APMSCustomerApp/src/test/resources/features/CustomerLogin/Configurations/ActivityGroups/ActivityGroupUpdate.feature:5)

Update Activity Group via Swipe Action with Checklist and Status Management.Verify Close (X) button -- Time elapsed: 0.926 s <<< ERROR!
org.openqa.selenium.WebDriverException: 
An unknown server-side error occurred while processing the command. Original error: 'POST /elements' cannot be proxied to UiAutomator2 server because the instrumentation process is not running (probably crashed). Check the server log and/or the logcat output for more details
Build info: version: '4.20.0', revision: '866c76ca80'
System info: os.name: 'Windows 11', os.arch: 'amd64', os.version: '10.0', java.version: '17.0.16'
Driver info: io.appium.java_client.android.AndroidDriver
Command: [162acae6-f1bb-4203-a74f-268c914e1bdb, findElements {value=android.widget.EditText, using=class name}]
Capabilities {appium:adbExecTimeout: 60000, appium:app: C:\Users\Anil Kumar M\ApkFi..., appium:appActivity: com.apms.ai.MainActivity, appium:appPackage: com.apms.ai, appium:automationName: UiAutomator2, appium:databaseEnabled: false, appium:desired: {adbExecTimeout: 60000, app: C:\Users\Anil Kumar M\ApkFi..., appActivity: com.apms.ai.MainActivity, appPackage: com.apms.ai, automationName: UiAutomator2, deviceName: Galaxy A21s, noReset: false, platformName: ANDROID, platformVersion: 12.0}, appium:deviceApiLevel: 31, appium:deviceManufacturer: samsung, appium:deviceModel: SM-A217F, appium:deviceName: RZ8NC0AXMDW, appium:deviceScreenDensity: 280, appium:deviceScreenSize: 720x1600, appium:deviceUDID: RZ8NC0AXMDW, appium:javascriptEnabled: true, appium:locationContextEnabled: false, appium:networkConnectionEnabled: true, appium:noReset: false, appium:pixelRatio: 1.75, appium:platformVersion: 12, appium:statBarHeight: 68, appium:takesScreenshot: true, appium:viewportRect: {height: 1532, left: 0, top: 68, width: 720}, appium:warnings: {}, appium:webStorageEnabled: false, platformName: ANDROID}
Session ID: 162acae6-f1bb-4203-a74f-268c914e1bdb
	at jdk.internal.reflect.GeneratedConstructorAccessor31.newInstance(Unknown Source)
	at java.base/jdk.internal.reflect.DelegatingConstructorAccessorImpl.newInstance(DelegatingConstructorAccessorImpl.java:45)
	at java.base/java.lang.reflect.Constructor.newInstanceWithCaller(Constructor.java:499)
	at java.base/java.lang.reflect.Constructor.newInstance(Constructor.java:480)
	at org.openqa.selenium.remote.ErrorCodec.decode(ErrorCodec.java:167)
	at org.openqa.selenium.remote.codec.w3c.W3CHttpResponseCodec.decode(W3CHttpResponseCodec.java:138)
	at org.openqa.selenium.remote.codec.w3c.W3CHttpResponseCodec.decode(W3CHttpResponseCodec.java:50)
	at org.openqa.selenium.remote.HttpCommandExecutor.execute(HttpCommandExecutor.java:190)
	at io.appium.java_client.remote.AppiumCommandExecutor.execute(AppiumCommandExecutor.java:237)
	at org.openqa.selenium.remote.RemoteWebDriver.execute(RemoteWebDriver.java:518)
	at org.openqa.selenium.remote.ElementLocation$ElementFinder$2.findElements(ElementLocation.java:182)
	at org.openqa.selenium.remote.ElementLocation.findElements(ElementLocation.java:103)
	at org.openqa.selenium.remote.RemoteWebDriver.findElements(RemoteWebDriver.java:368)
	at org.openqa.selenium.remote.RemoteWebDriver.findElements(RemoteWebDriver.java:362)
	at hooks.AppHooks.hasElement(AppHooks.java:195)
	at hooks.AppHooks.isInSearchMode(AppHooks.java:168)
	at hooks.AppHooks.returnToListScreen(AppHooks.java:71)

