-------------------------------------------------------------------------------
Test set: testRunner.MachineGroupsTestRunner
-------------------------------------------------------------------------------
Tests run: 121, Failures: 0, Errors: 120, Skipped: 0, Time elapsed: 2441 s <<< FAILURE! -- in testRunner.MachineGroupsTestRunner
Login Functionality.Verify user is able to login successfully -- Time elapsed: 7.763 s <<< ERROR!
org.openqa.selenium.TimeoutException: 
Expected condition failed: waiting for utilities.ActionHelper$$Lambda$792/0x000001eecf4c57d8@73d742cd (tried for 5 second(s) with 300 milliseconds interval)
Build info: version: '4.20.0', revision: '866c76ca80'
System info: os.name: 'Windows 11', os.arch: 'amd64', os.version: '10.0', java.version: '17.0.16'
Driver info: io.appium.java_client.android.AndroidDriver
Capabilities {appium:adbExecTimeout: 60000, appium:app: C:\Users\Anil Kumar M\ApkFi..., appium:appActivity: com.apms.ai.MainActivity, appium:appPackage: com.apms.ai, appium:automationName: UiAutomator2, appium:databaseEnabled: false, appium:desired: {adbExecTimeout: 60000, app: C:\Users\Anil Kumar M\ApkFi..., appActivity: com.apms.ai.MainActivity, appPackage: com.apms.ai, automationName: UiAutomator2, deviceName: Galaxy A21s, noReset: false, platformName: ANDROID, platformVersion: 12.0}, appium:deviceApiLevel: 31, appium:deviceManufacturer: samsung, appium:deviceModel: SM-A217F, appium:deviceName: RZ8NC0AXMDW, appium:deviceScreenDensity: 280, appium:deviceScreenSize: 720x1600, appium:deviceUDID: RZ8NC0AXMDW, appium:javascriptEnabled: true, appium:locationContextEnabled: false, appium:networkConnectionEnabled: true, appium:noReset: false, appium:pixelRatio: 1.75, appium:platformVersion: 12, appium:statBarHeight: 68, appium:takesScreenshot: true, appium:viewportRect: {height: 1532, left: 0, top: 68, width: 720}, appium:warnings: {}, appium:webStorageEnabled: false, platformName: ANDROID}
Session ID: 233ddfff-ffcf-4972-8fad-6ad0c9306a99
	at org.openqa.selenium.support.ui.WebDriverWait.timeoutException(WebDriverWait.java:84)
	at org.openqa.selenium.support.ui.FluentWait.until(FluentWait.java:228)
	at utilities.ActionHelper.clearAndType(ActionHelper.java:39)
	at pageObject.BasePage.clearAndType(BasePage.java:72)
	at pageObject.configurations.LoginPage.enterEmail(LoginPage.java:209)
	at StepDefinitions.configurations.login.LoginSteps.the_user_enters_email(LoginSteps.java:129)
	at ✽.the user enters email "anilkumar.m@apms.ai"(file:///C:/Users/Anil%20Kumar%20M/VSCode%20projects/APMSCustomerApp/src/test/resources/features/CustomerLogin/01_Login.feature:71)

Login Functionality.Verify user is able to login successfully -- Time elapsed: 7.765 s <<< ERROR!
org.openqa.selenium.WebDriverException: 
An unknown server-side error occurred while processing the command. Original error: 'POST /elements' cannot be proxied to UiAutomator2 server because the instrumentation process is not running (probably crashed). Check the server log and/or the logcat output for more details
Build info: version: '4.20.0', revision: '866c76ca80'
System info: os.name: 'Windows 11', os.arch: 'amd64', os.version: '10.0', java.version: '17.0.16'
Driver info: io.appium.java_client.android.AndroidDriver
Command: [233ddfff-ffcf-4972-8fad-6ad0c9306a99, findElements {using=accessibility id, value=Search}]
Capabilities {appium:adbExecTimeout: 60000, appium:app: C:\Users\Anil Kumar M\ApkFi..., appium:appActivity: com.apms.ai.MainActivity, appium:appPackage: com.apms.ai, appium:automationName: UiAutomator2, appium:databaseEnabled: false, appium:desired: {adbExecTimeout: 60000, app: C:\Users\Anil Kumar M\ApkFi..., appActivity: com.apms.ai.MainActivity, appPackage: com.apms.ai, automationName: UiAutomator2, deviceName: Galaxy A21s, noReset: false, platformName: ANDROID, platformVersion: 12.0}, appium:deviceApiLevel: 31, appium:deviceManufacturer: samsung, appium:deviceModel: SM-A217F, appium:deviceName: RZ8NC0AXMDW, appium:deviceScreenDensity: 280, appium:deviceScreenSize: 720x1600, appium:deviceUDID: RZ8NC0AXMDW, appium:javascriptEnabled: true, appium:locationContextEnabled: false, appium:networkConnectionEnabled: true, appium:noReset: false, appium:pixelRatio: 1.75, appium:platformVersion: 12, appium:statBarHeight: 68, appium:takesScreenshot: true, appium:viewportRect: {height: 1532, left: 0, top: 68, width: 720}, appium:warnings: {}, appium:webStorageEnabled: false, platformName: ANDROID}
Session ID: 233ddfff-ffcf-4972-8fad-6ad0c9306a99
	at jdk.internal.reflect.GeneratedConstructorAccessor32.newInstance(Unknown Source)
	at java.base/jdk.internal.reflect.DelegatingConstructorAccessorImpl.newInstance(DelegatingConstructorAccessorImpl.java:45)
	at java.base/java.lang.reflect.Constructor.newInstanceWithCaller(Constructor.java:499)
	at java.base/java.lang.reflect.Constructor.newInstance(Constructor.java:480)
	at org.openqa.selenium.remote.ErrorCodec.decode(ErrorCodec.java:167)
	at org.openqa.selenium.remote.codec.w3c.W3CHttpResponseCodec.decode(W3CHttpResponseCodec.java:138)
	at org.openqa.selenium.remote.codec.w3c.W3CHttpResponseCodec.decode(W3CHttpResponseCodec.java:50)
	at org.openqa.selenium.remote.HttpCommandExecutor.execute(HttpCommandExecutor.java:190)
	at io.appium.java_client.remote.AppiumCommandExecutor.execute(AppiumCommandExecutor.java:237)
	at org.openqa.selenium.remote.RemoteWebDriver.execute(RemoteWebDriver.java:518)
	at org.openqa.selenium.remote.ElementLocation$ElementFinder$2.findElements(ElementLocation.java:182)
	at org.openqa.selenium.remote.ElementLocation.findElements(ElementLocation.java:103)
	at org.openqa.selenium.remote.RemoteWebDriver.findElements(RemoteWebDriver.java:368)
	at org.openqa.selenium.remote.RemoteWebDriver.findElements(RemoteWebDriver.java:362)
	at hooks.AppHooks.hasElement(AppHooks.java:135)
	at hooks.AppHooks.isOnListScreen(AppHooks.java:89)
	at hooks.AppHooks.returnToListScreen(AppHooks.java:56)

Create Machine Group via Configuration Module.Navigate to Add Machine Group popup -- Time elapsed: 40.51 s <<< ERROR!
org.openqa.selenium.TimeoutException: 
Expected condition failed: waiting for pageObject.UsersPage$$Lambda$851/0x000001eecf50c000@4ab0ebf0 (tried for 20 second(s) with 500 milliseconds interval)
Build info: version: '4.20.0', revision: '866c76ca80'
System info: os.name: 'Windows 11', os.arch: 'amd64', os.version: '10.0', java.version: '17.0.16'
Driver info: io.appium.java_client.android.AndroidDriver
Capabilities {appium:adbExecTimeout: 60000, appium:app: C:\Users\Anil Kumar M\ApkFi..., appium:appActivity: com.apms.ai.MainActivity, appium:appPackage: com.apms.ai, appium:automationName: UiAutomator2, appium:databaseEnabled: false, appium:desired: {adbExecTimeout: 60000, app: C:\Users\Anil Kumar M\ApkFi..., appActivity: com.apms.ai.MainActivity, appPackage: com.apms.ai, automationName: UiAutomator2, deviceName: Galaxy A21s, noReset: false, platformName: ANDROID, platformVersion: 12.0}, appium:deviceApiLevel: 31, appium:deviceManufacturer: samsung, appium:deviceModel: SM-A217F, appium:deviceName: RZ8NC0AXMDW, appium:deviceScreenDensity: 280, appium:deviceScreenSize: 720x1600, appium:deviceUDID: RZ8NC0AXMDW, appium:javascriptEnabled: true, appium:locationContextEnabled: false, appium:networkConnectionEnabled: true, appium:noReset: false, appium:pixelRatio: 1.75, appium:platformVersion: 12, appium:statBarHeight: 68, appium:takesScreenshot: true, appium:viewportRect: {height: 1532, left: 0, top: 68, width: 720}, appium:warnings: {}, appium:webStorageEnabled: false, platformName: ANDROID}
Session ID: 233ddfff-ffcf-4972-8fad-6ad0c9306a99
	at org.openqa.selenium.support.ui.WebDriverWait.timeoutException(WebDriverWait.java:84)
	at org.openqa.selenium.support.ui.FluentWait.until(FluentWait.java:228)
	at pageObject.UsersPage.clickOnProfileIcon(UsersPage.java:170)
	at StepDefinitions.common.CommonNavigationSteps.userClicksOnProfileIcon(CommonNavigationSteps.java:56)
	at ✽.User clicks on profile icon(file:///C:/Users/Anil%20Kumar%20M/VSCode%20projects/APMSCustomerApp/src/test/resources/features/CustomerLogin/Configurations/MachineGroups/MachineGroupCreation.feature:5)

Create Machine Group via Configuration Module.Navigate to Add Machine Group popup -- Time elapsed: 40.51 s <<< ERROR!
org.openqa.selenium.WebDriverException: 
An unknown server-side error occurred while processing the command. Original error: 'POST /elements' cannot be proxied to UiAutomator2 server because the instrumentation process is not running (probably crashed). Check the server log and/or the logcat output for more details
Build info: version: '4.20.0', revision: '866c76ca80'
System info: os.name: 'Windows 11', os.arch: 'amd64', os.version: '10.0', java.version: '17.0.16'
Driver info: io.appium.java_client.android.AndroidDriver
Command: [233ddfff-ffcf-4972-8fad-6ad0c9306a99, findElements {using=accessibility id, value=Search}]
Capabilities {appium:adbExecTimeout: 60000, appium:app: C:\Users\Anil Kumar M\ApkFi..., appium:appActivity: com.apms.ai.MainActivity, appium:appPackage: com.apms.ai, appium:automationName: UiAutomator2, appium:databaseEnabled: false, appium:desired: {adbExecTimeout: 60000, app: C:\Users\Anil Kumar M\ApkFi..., appActivity: com.apms.ai.MainActivity, appPackage: com.apms.ai, automationName: UiAutomator2, deviceName: Galaxy A21s, noReset: false, platformName: ANDROID, platformVersion: 12.0}, appium:deviceApiLevel: 31, appium:deviceManufacturer: samsung, appium:deviceModel: SM-A217F, appium:deviceName: RZ8NC0AXMDW, appium:deviceScreenDensity: 280, appium:deviceScreenSize: 720x1600, appium:deviceUDID: RZ8NC0AXMDW, appium:javascriptEnabled: true, appium:locationContextEnabled: false, appium:networkConnectionEnabled: true, appium:noReset: false, appium:pixelRatio: 1.75, appium:platformVersion: 12, appium:statBarHeight: 68, appium:takesScreenshot: true, appium:viewportRect: {height: 1532, left: 0, top: 68, width: 720}, appium:warnings: {}, appium:webStorageEnabled: false, platformName: ANDROID}
Session ID: 233ddfff-ffcf-4972-8fad-6ad0c9306a99
	at jdk.internal.reflect.GeneratedConstructorAccessor32.newInstance(Unknown Source)
	at java.base/jdk.internal.reflect.DelegatingConstructorAccessorImpl.newInstance(DelegatingConstructorAccessorImpl.java:45)
	at java.base/java.lang.reflect.Constructor.newInstanceWithCaller(Constructor.java:499)
	at java.base/java.lang.reflect.Constructor.newInstance(Constructor.java:480)
	at org.openqa.selenium.remote.ErrorCodec.decode(ErrorCodec.java:167)
	at org.openqa.selenium.remote.codec.w3c.W3CHttpResponseCodec.decode(W3CHttpResponseCodec.java:138)
	at org.openqa.selenium.remote.codec.w3c.W3CHttpResponseCodec.decode(W3CHttpResponseCodec.java:50)
	at org.openqa.selenium.remote.HttpCommandExecutor.execute(HttpCommandExecutor.java:190)
	at io.appium.java_client.remote.AppiumCommandExecutor.execute(AppiumCommandExecutor.java:237)
	at org.openqa.selenium.remote.RemoteWebDriver.execute(RemoteWebDriver.java:518)
	at org.openqa.selenium.remote.ElementLocation$ElementFinder$2.findElements(ElementLocation.java:182)
	at org.openqa.selenium.remote.ElementLocation.findElements(ElementLocation.java:103)
	at org.openqa.selenium.remote.RemoteWebDriver.findElements(RemoteWebDriver.java:368)
	at org.openqa.selenium.remote.RemoteWebDriver.findElements(RemoteWebDriver.java:362)
	at hooks.AppHooks.hasElement(AppHooks.java:135)
	at hooks.AppHooks.isOnListScreen(AppHooks.java:89)
	at hooks.AppHooks.returnToListScreen(AppHooks.java:56)

Create Machine Group via Configuration Module.Create Machine Group with valid data and multiple machines -- Time elapsed: 40.52 s <<< ERROR!
org.openqa.selenium.TimeoutException: 
Expected condition failed: waiting for pageObject.UsersPage$$Lambda$851/0x000001eecf50c000@4ab0ebf0 (tried for 20 second(s) with 500 milliseconds interval)
Build info: version: '4.20.0', revision: '866c76ca80'
System info: os.name: 'Windows 11', os.arch: 'amd64', os.version: '10.0', java.version: '17.0.16'
Driver info: io.appium.java_client.android.AndroidDriver
Capabilities {appium:adbExecTimeout: 60000, appium:app: C:\Users\Anil Kumar M\ApkFi..., appium:appActivity: com.apms.ai.MainActivity, appium:appPackage: com.apms.ai, appium:automationName: UiAutomator2, appium:databaseEnabled: false, appium:desired: {adbExecTimeout: 60000, app: C:\Users\Anil Kumar M\ApkFi..., appActivity: com.apms.ai.MainActivity, appPackage: com.apms.ai, automationName: UiAutomator2, deviceName: Galaxy A21s, noReset: false, platformName: ANDROID, platformVersion: 12.0}, appium:deviceApiLevel: 31, appium:deviceManufacturer: samsung, appium:deviceModel: SM-A217F, appium:deviceName: RZ8NC0AXMDW, appium:deviceScreenDensity: 280, appium:deviceScreenSize: 720x1600, appium:deviceUDID: RZ8NC0AXMDW, appium:javascriptEnabled: true, appium:locationContextEnabled: false, appium:networkConnectionEnabled: true, appium:noReset: false, appium:pixelRatio: 1.75, appium:platformVersion: 12, appium:statBarHeight: 68, appium:takesScreenshot: true, appium:viewportRect: {height: 1532, left: 0, top: 68, width: 720}, appium:warnings: {}, appium:webStorageEnabled: false, platformName: ANDROID}
Session ID: 233ddfff-ffcf-4972-8fad-6ad0c9306a99
	at org.openqa.selenium.support.ui.WebDriverWait.timeoutException(WebDriverWait.java:84)
	at org.openqa.selenium.support.ui.FluentWait.until(FluentWait.java:228)
	at pageObject.UsersPage.clickOnProfileIcon(UsersPage.java:170)
	at StepDefinitions.common.CommonNavigationSteps.userClicksOnProfileIcon(CommonNavigationSteps.java:56)
	at ✽.User clicks on profile icon(file:///C:/Users/Anil%20Kumar%20M/VSCode%20projects/APMSCustomerApp/src/test/resources/features/CustomerLogin/Configurations/MachineGroups/MachineGroupCreation.feature:5)

Create Machine Group via Configuration Module.Create Machine Group with valid data and multiple machines -- Time elapsed: 40.52 s <<< ERROR!
org.openqa.selenium.WebDriverException: 
An unknown server-side error occurred while processing the command. Original error: 'POST /elements' cannot be proxied to UiAutomator2 server because the instrumentation process is not running (probably crashed). Check the server log and/or the logcat output for more details
Build info: version: '4.20.0', revision: '866c76ca80'
System info: os.name: 'Windows 11', os.arch: 'amd64', os.version: '10.0', java.version: '17.0.16'
Driver info: io.appium.java_client.android.AndroidDriver
Command: [233ddfff-ffcf-4972-8fad-6ad0c9306a99, findElements {using=accessibility id, value=Search}]
Capabilities {appium:adbExecTimeout: 60000, appium:app: C:\Users\Anil Kumar M\ApkFi..., appium:appActivity: com.apms.ai.MainActivity, appium:appPackage: com.apms.ai, appium:automationName: UiAutomator2, appium:databaseEnabled: false, appium:desired: {adbExecTimeout: 60000, app: C:\Users\Anil Kumar M\ApkFi..., appActivity: com.apms.ai.MainActivity, appPackage: com.apms.ai, automationName: UiAutomator2, deviceName: Galaxy A21s, noReset: false, platformName: ANDROID, platformVersion: 12.0}, appium:deviceApiLevel: 31, appium:deviceManufacturer: samsung, appium:deviceModel: SM-A217F, appium:deviceName: RZ8NC0AXMDW, appium:deviceScreenDensity: 280, appium:deviceScreenSize: 720x1600, appium:deviceUDID: RZ8NC0AXMDW, appium:javascriptEnabled: true, appium:locationContextEnabled: false, appium:networkConnectionEnabled: true, appium:noReset: false, appium:pixelRatio: 1.75, appium:platformVersion: 12, appium:statBarHeight: 68, appium:takesScreenshot: true, appium:viewportRect: {height: 1532, left: 0, top: 68, width: 720}, appium:warnings: {}, appium:webStorageEnabled: false, platformName: ANDROID}
Session ID: 233ddfff-ffcf-4972-8fad-6ad0c9306a99
	at jdk.internal.reflect.GeneratedConstructorAccessor32.newInstance(Unknown Source)
	at java.base/jdk.internal.reflect.DelegatingConstructorAccessorImpl.newInstance(DelegatingConstructorAccessorImpl.java:45)
	at java.base/java.lang.reflect.Constructor.newInstanceWithCaller(Constructor.java:499)
	at java.base/java.lang.reflect.Constructor.newInstance(Constructor.java:480)
	at org.openqa.selenium.remote.ErrorCodec.decode(ErrorCodec.java:167)
	at org.openqa.selenium.remote.codec.w3c.W3CHttpResponseCodec.decode(W3CHttpResponseCodec.java:138)
	at org.openqa.selenium.remote.codec.w3c.W3CHttpResponseCodec.decode(W3CHttpResponseCodec.java:50)
	at org.openqa.selenium.remote.HttpCommandExecutor.execute(HttpCommandExecutor.java:190)
	at io.appium.java_client.remote.AppiumCommandExecutor.execute(AppiumCommandExecutor.java:237)
	at org.openqa.selenium.remote.RemoteWebDriver.execute(RemoteWebDriver.java:518)
	at org.openqa.selenium.remote.ElementLocation$ElementFinder$2.findElements(ElementLocation.java:182)
	at org.openqa.selenium.remote.ElementLocation.findElements(ElementLocation.java:103)
	at org.openqa.selenium.remote.RemoteWebDriver.findElements(RemoteWebDriver.java:368)
	at org.openqa.selenium.remote.RemoteWebDriver.findElements(RemoteWebDriver.java:362)
	at hooks.AppHooks.hasElement(AppHooks.java:135)
	at hooks.AppHooks.isOnListScreen(AppHooks.java:89)
	at hooks.AppHooks.returnToListScreen(AppHooks.java:56)

Create Machine Group via Configuration Module.Create Machine Group with mandatory fields only -- Time elapsed: 40.48 s <<< ERROR!
org.openqa.selenium.TimeoutException: 
Expected condition failed: waiting for pageObject.UsersPage$$Lambda$851/0x000001eecf50c000@4ab0ebf0 (tried for 20 second(s) with 500 milliseconds interval)
Build info: version: '4.20.0', revision: '866c76ca80'
System info: os.name: 'Windows 11', os.arch: 'amd64', os.version: '10.0', java.version: '17.0.16'
Driver info: io.appium.java_client.android.AndroidDriver
Capabilities {appium:adbExecTimeout: 60000, appium:app: C:\Users\Anil Kumar M\ApkFi..., appium:appActivity: com.apms.ai.MainActivity, appium:appPackage: com.apms.ai, appium:automationName: UiAutomator2, appium:databaseEnabled: false, appium:desired: {adbExecTimeout: 60000, app: C:\Users\Anil Kumar M\ApkFi..., appActivity: com.apms.ai.MainActivity, appPackage: com.apms.ai, automationName: UiAutomator2, deviceName: Galaxy A21s, noReset: false, platformName: ANDROID, platformVersion: 12.0}, appium:deviceApiLevel: 31, appium:deviceManufacturer: samsung, appium:deviceModel: SM-A217F, appium:deviceName: RZ8NC0AXMDW, appium:deviceScreenDensity: 280, appium:deviceScreenSize: 720x1600, appium:deviceUDID: RZ8NC0AXMDW, appium:javascriptEnabled: true, appium:locationContextEnabled: false, appium:networkConnectionEnabled: true, appium:noReset: false, appium:pixelRatio: 1.75, appium:platformVersion: 12, appium:statBarHeight: 68, appium:takesScreenshot: true, appium:viewportRect: {height: 1532, left: 0, top: 68, width: 720}, appium:warnings: {}, appium:webStorageEnabled: false, platformName: ANDROID}
Session ID: 233ddfff-ffcf-4972-8fad-6ad0c9306a99
	at org.openqa.selenium.support.ui.WebDriverWait.timeoutException(WebDriverWait.java:84)
	at org.openqa.selenium.support.ui.FluentWait.until(FluentWait.java:228)
	at pageObject.UsersPage.clickOnProfileIcon(UsersPage.java:170)
	at StepDefinitions.common.CommonNavigationSteps.userClicksOnProfileIcon(CommonNavigationSteps.java:56)
	at ✽.User clicks on profile icon(file:///C:/Users/Anil%20Kumar%20M/VSCode%20projects/APMSCustomerApp/src/test/resources/features/CustomerLogin/Configurations/MachineGroups/MachineGroupCreation.feature:5)

Create Machine Group via Configuration Module.Create Machine Group with mandatory fields only -- Time elapsed: 40.48 s <<< ERROR!
org.openqa.selenium.WebDriverException: 
An unknown server-side error occurred while processing the command. Original error: 'POST /elements' cannot be proxied to UiAutomator2 server because the instrumentation process is not running (probably crashed). Check the server log and/or the logcat output for more details
Build info: version: '4.20.0', revision: '866c76ca80'
System info: os.name: 'Windows 11', os.arch: 'amd64', os.version: '10.0', java.version: '17.0.16'
Driver info: io.appium.java_client.android.AndroidDriver
Command: [233ddfff-ffcf-4972-8fad-6ad0c9306a99, findElements {using=accessibility id, value=Search}]
Capabilities {appium:adbExecTimeout: 60000, appium:app: C:\Users\Anil Kumar M\ApkFi..., appium:appActivity: com.apms.ai.MainActivity, appium:appPackage: com.apms.ai, appium:automationName: UiAutomator2, appium:databaseEnabled: false, appium:desired: {adbExecTimeout: 60000, app: C:\Users\Anil Kumar M\ApkFi..., appActivity: com.apms.ai.MainActivity, appPackage: com.apms.ai, automationName: UiAutomator2, deviceName: Galaxy A21s, noReset: false, platformName: ANDROID, platformVersion: 12.0}, appium:deviceApiLevel: 31, appium:deviceManufacturer: samsung, appium:deviceModel: SM-A217F, appium:deviceName: RZ8NC0AXMDW, appium:deviceScreenDensity: 280, appium:deviceScreenSize: 720x1600, appium:deviceUDID: RZ8NC0AXMDW, appium:javascriptEnabled: true, appium:locationContextEnabled: false, appium:networkConnectionEnabled: true, appium:noReset: false, appium:pixelRatio: 1.75, appium:platformVersion: 12, appium:statBarHeight: 68, appium:takesScreenshot: true, appium:viewportRect: {height: 1532, left: 0, top: 68, width: 720}, appium:warnings: {}, appium:webStorageEnabled: false, platformName: ANDROID}
Session ID: 233ddfff-ffcf-4972-8fad-6ad0c9306a99
	at jdk.internal.reflect.GeneratedConstructorAccessor32.newInstance(Unknown Source)
	at java.base/jdk.internal.reflect.DelegatingConstructorAccessorImpl.newInstance(DelegatingConstructorAccessorImpl.java:45)
	at java.base/java.lang.reflect.Constructor.newInstanceWithCaller(Constructor.java:499)
	at java.base/java.lang.reflect.Constructor.newInstance(Constructor.java:480)
	at org.openqa.selenium.remote.ErrorCodec.decode(ErrorCodec.java:167)
	at org.openqa.selenium.remote.codec.w3c.W3CHttpResponseCodec.decode(W3CHttpResponseCodec.java:138)
	at org.openqa.selenium.remote.codec.w3c.W3CHttpResponseCodec.decode(W3CHttpResponseCodec.java:50)
	at org.openqa.selenium.remote.HttpCommandExecutor.execute(HttpCommandExecutor.java:190)
	at io.appium.java_client.remote.AppiumCommandExecutor.execute(AppiumCommandExecutor.java:237)
	at org.openqa.selenium.remote.RemoteWebDriver.execute(RemoteWebDriver.java:518)
	at org.openqa.selenium.remote.ElementLocation$ElementFinder$2.findElements(ElementLocation.java:182)
	at org.openqa.selenium.remote.ElementLocation.findElements(ElementLocation.java:103)
	at org.openqa.selenium.remote.RemoteWebDriver.findElements(RemoteWebDriver.java:368)
	at org.openqa.selenium.remote.RemoteWebDriver.findElements(RemoteWebDriver.java:362)
	at hooks.AppHooks.hasElement(AppHooks.java:135)
	at hooks.AppHooks.isOnListScreen(AppHooks.java:89)
	at hooks.AppHooks.returnToListScreen(AppHooks.java:56)

Create Machine Group via Configuration Module.Create Machine Group with maximum allowed machine selection -- Time elapsed: 40.56 s <<< ERROR!
org.openqa.selenium.TimeoutException: 
Expected condition failed: waiting for pageObject.UsersPage$$Lambda$851/0x000001eecf50c000@4ab0ebf0 (tried for 20 second(s) with 500 milliseconds interval)
Build info: version: '4.20.0', revision: '866c76ca80'
System info: os.name: 'Windows 11', os.arch: 'amd64', os.version: '10.0', java.version: '17.0.16'
Driver info: io.appium.java_client.android.AndroidDriver
Capabilities {appium:adbExecTimeout: 60000, appium:app: C:\Users\Anil Kumar M\ApkFi..., appium:appActivity: com.apms.ai.MainActivity, appium:appPackage: com.apms.ai, appium:automationName: UiAutomator2, appium:databaseEnabled: false, appium:desired: {adbExecTimeout: 60000, app: C:\Users\Anil Kumar M\ApkFi..., appActivity: com.apms.ai.MainActivity, appPackage: com.apms.ai, automationName: UiAutomator2, deviceName: Galaxy A21s, noReset: false, platformName: ANDROID, platformVersion: 12.0}, appium:deviceApiLevel: 31, appium:deviceManufacturer: samsung, appium:deviceModel: SM-A217F, appium:deviceName: RZ8NC0AXMDW, appium:deviceScreenDensity: 280, appium:deviceScreenSize: 720x1600, appium:deviceUDID: RZ8NC0AXMDW, appium:javascriptEnabled: true, appium:locationContextEnabled: false, appium:networkConnectionEnabled: true, appium:noReset: false, appium:pixelRatio: 1.75, appium:platformVersion: 12, appium:statBarHeight: 68, appium:takesScreenshot: true, appium:viewportRect: {height: 1532, left: 0, top: 68, width: 720}, appium:warnings: {}, appium:webStorageEnabled: false, platformName: ANDROID}
Session ID: 233ddfff-ffcf-4972-8fad-6ad0c9306a99
	at org.openqa.selenium.support.ui.WebDriverWait.timeoutException(WebDriverWait.java:84)
	at org.openqa.selenium.support.ui.FluentWait.until(FluentWait.java:228)
	at pageObject.UsersPage.clickOnProfileIcon(UsersPage.java:170)
	at StepDefinitions.common.CommonNavigationSteps.userClicksOnProfileIcon(CommonNavigationSteps.java:56)
	at ✽.User clicks on profile icon(file:///C:/Users/Anil%20Kumar%20M/VSCode%20projects/APMSCustomerApp/src/test/resources/features/CustomerLogin/Configurations/MachineGroups/MachineGroupCreation.feature:5)

Create Machine Group via Configuration Module.Create Machine Group with maximum allowed machine selection -- Time elapsed: 40.56 s <<< ERROR!
org.openqa.selenium.WebDriverException: 
An unknown server-side error occurred while processing the command. Original error: 'POST /elements' cannot be proxied to UiAutomator2 server because the instrumentation process is not running (probably crashed). Check the server log and/or the logcat output for more details
Build info: version: '4.20.0', revision: '866c76ca80'
System info: os.name: 'Windows 11', os.arch: 'amd64', os.version: '10.0', java.version: '17.0.16'
Driver info: io.appium.java_client.android.AndroidDriver
Command: [233ddfff-ffcf-4972-8fad-6ad0c9306a99, findElements {using=accessibility id, value=Search}]
Capabilities {appium:adbExecTimeout: 60000, appium:app: C:\Users\Anil Kumar M\ApkFi..., appium:appActivity: com.apms.ai.MainActivity, appium:appPackage: com.apms.ai, appium:automationName: UiAutomator2, appium:databaseEnabled: false, appium:desired: {adbExecTimeout: 60000, app: C:\Users\Anil Kumar M\ApkFi..., appActivity: com.apms.ai.MainActivity, appPackage: com.apms.ai, automationName: UiAutomator2, deviceName: Galaxy A21s, noReset: false, platformName: ANDROID, platformVersion: 12.0}, appium:deviceApiLevel: 31, appium:deviceManufacturer: samsung, appium:deviceModel: SM-A217F, appium:deviceName: RZ8NC0AXMDW, appium:deviceScreenDensity: 280, appium:deviceScreenSize: 720x1600, appium:deviceUDID: RZ8NC0AXMDW, appium:javascriptEnabled: true, appium:locationContextEnabled: false, appium:networkConnectionEnabled: true, appium:noReset: false, appium:pixelRatio: 1.75, appium:platformVersion: 12, appium:statBarHeight: 68, appium:takesScreenshot: true, appium:viewportRect: {height: 1532, left: 0, top: 68, width: 720}, appium:warnings: {}, appium:webStorageEnabled: false, platformName: ANDROID}
Session ID: 233ddfff-ffcf-4972-8fad-6ad0c9306a99
	at jdk.internal.reflect.GeneratedConstructorAccessor32.newInstance(Unknown Source)
	at java.base/jdk.internal.reflect.DelegatingConstructorAccessorImpl.newInstance(DelegatingConstructorAccessorImpl.java:45)
	at java.base/java.lang.reflect.Constructor.newInstanceWithCaller(Constructor.java:499)
	at java.base/java.lang.reflect.Constructor.newInstance(Constructor.java:480)
	at org.openqa.selenium.remote.ErrorCodec.decode(ErrorCodec.java:167)
	at org.openqa.selenium.remote.codec.w3c.W3CHttpResponseCodec.decode(W3CHttpResponseCodec.java:138)
	at org.openqa.selenium.remote.codec.w3c.W3CHttpResponseCodec.decode(W3CHttpResponseCodec.java:50)
	at org.openqa.selenium.remote.HttpCommandExecutor.execute(HttpCommandExecutor.java:190)
	at io.appium.java_client.remote.AppiumCommandExecutor.execute(AppiumCommandExecutor.java:237)
	at org.openqa.selenium.remote.RemoteWebDriver.execute(RemoteWebDriver.java:518)
	at org.openqa.selenium.remote.ElementLocation$ElementFinder$2.findElements(ElementLocation.java:182)
	at org.openqa.selenium.remote.ElementLocation.findElements(ElementLocation.java:103)
	at org.openqa.selenium.remote.RemoteWebDriver.findElements(RemoteWebDriver.java:368)
	at org.openqa.selenium.remote.RemoteWebDriver.findElements(RemoteWebDriver.java:362)
	at hooks.AppHooks.hasElement(AppHooks.java:135)
	at hooks.AppHooks.isOnListScreen(AppHooks.java:89)
	at hooks.AppHooks.returnToListScreen(AppHooks.java:56)

Create Machine Group via Configuration Module.Create Machine Group after selecting and revalidating machine list -- Time elapsed: 40.63 s <<< ERROR!
org.openqa.selenium.TimeoutException: 
Expected condition failed: waiting for pageObject.UsersPage$$Lambda$851/0x000001eecf50c000@4ab0ebf0 (tried for 20 second(s) with 500 milliseconds interval)
Build info: version: '4.20.0', revision: '866c76ca80'
System info: os.name: 'Windows 11', os.arch: 'amd64', os.version: '10.0', java.version: '17.0.16'
Driver info: io.appium.java_client.android.AndroidDriver
Capabilities {appium:adbExecTimeout: 60000, appium:app: C:\Users\Anil Kumar M\ApkFi..., appium:appActivity: com.apms.ai.MainActivity, appium:appPackage: com.apms.ai, appium:automationName: UiAutomator2, appium:databaseEnabled: false, appium:desired: {adbExecTimeout: 60000, app: C:\Users\Anil Kumar M\ApkFi..., appActivity: com.apms.ai.MainActivity, appPackage: com.apms.ai, automationName: UiAutomator2, deviceName: Galaxy A21s, noReset: false, platformName: ANDROID, platformVersion: 12.0}, appium:deviceApiLevel: 31, appium:deviceManufacturer: samsung, appium:deviceModel: SM-A217F, appium:deviceName: RZ8NC0AXMDW, appium:deviceScreenDensity: 280, appium:deviceScreenSize: 720x1600, appium:deviceUDID: RZ8NC0AXMDW, appium:javascriptEnabled: true, appium:locationContextEnabled: false, appium:networkConnectionEnabled: true, appium:noReset: false, appium:pixelRatio: 1.75, appium:platformVersion: 12, appium:statBarHeight: 68, appium:takesScreenshot: true, appium:viewportRect: {height: 1532, left: 0, top: 68, width: 720}, appium:warnings: {}, appium:webStorageEnabled: false, platformName: ANDROID}
Session ID: 233ddfff-ffcf-4972-8fad-6ad0c9306a99
	at org.openqa.selenium.support.ui.WebDriverWait.timeoutException(WebDriverWait.java:84)
	at org.openqa.selenium.support.ui.FluentWait.until(FluentWait.java:228)
	at pageObject.UsersPage.clickOnProfileIcon(UsersPage.java:170)
	at StepDefinitions.common.CommonNavigationSteps.userClicksOnProfileIcon(CommonNavigationSteps.java:56)
	at ✽.User clicks on profile icon(file:///C:/Users/Anil%20Kumar%20M/VSCode%20projects/APMSCustomerApp/src/test/resources/features/CustomerLogin/Configurations/MachineGroups/MachineGroupCreation.feature:5)

Create Machine Group via Configuration Module.Create Machine Group after selecting and revalidating machine list -- Time elapsed: 40.63 s <<< ERROR!
org.openqa.selenium.WebDriverException: 
An unknown server-side error occurred while processing the command. Original error: 'POST /elements' cannot be proxied to UiAutomator2 server because the instrumentation process is not running (probably crashed). Check the server log and/or the logcat output for more details
Build info: version: '4.20.0', revision: '866c76ca80'
System info: os.name: 'Windows 11', os.arch: 'amd64', os.version: '10.0', java.version: '17.0.16'
Driver info: io.appium.java_client.android.AndroidDriver
Command: [233ddfff-ffcf-4972-8fad-6ad0c9306a99, findElements {using=accessibility id, value=Search}]
Capabilities {appium:adbExecTimeout: 60000, appium:app: C:\Users\Anil Kumar M\ApkFi..., appium:appActivity: com.apms.ai.MainActivity, appium:appPackage: com.apms.ai, appium:automationName: UiAutomator2, appium:databaseEnabled: false, appium:desired: {adbExecTimeout: 60000, app: C:\Users\Anil Kumar M\ApkFi..., appActivity: com.apms.ai.MainActivity, appPackage: com.apms.ai, automationName: UiAutomator2, deviceName: Galaxy A21s, noReset: false, platformName: ANDROID, platformVersion: 12.0}, appium:deviceApiLevel: 31, appium:deviceManufacturer: samsung, appium:deviceModel: SM-A217F, appium:deviceName: RZ8NC0AXMDW, appium:deviceScreenDensity: 280, appium:deviceScreenSize: 720x1600, appium:deviceUDID: RZ8NC0AXMDW, appium:javascriptEnabled: true, appium:locationContextEnabled: false, appium:networkConnectionEnabled: true, appium:noReset: false, appium:pixelRatio: 1.75, appium:platformVersion: 12, appium:statBarHeight: 68, appium:takesScreenshot: true, appium:viewportRect: {height: 1532, left: 0, top: 68, width: 720}, appium:warnings: {}, appium:webStorageEnabled: false, platformName: ANDROID}
Session ID: 233ddfff-ffcf-4972-8fad-6ad0c9306a99
	at jdk.internal.reflect.GeneratedConstructorAccessor32.newInstance(Unknown Source)
	at java.base/jdk.internal.reflect.DelegatingConstructorAccessorImpl.newInstance(DelegatingConstructorAccessorImpl.java:45)
	at java.base/java.lang.reflect.Constructor.newInstanceWithCaller(Constructor.java:499)
	at java.base/java.lang.reflect.Constructor.newInstance(Constructor.java:480)
	at org.openqa.selenium.remote.ErrorCodec.decode(ErrorCodec.java:167)
	at org.openqa.selenium.remote.codec.w3c.W3CHttpResponseCodec.decode(W3CHttpResponseCodec.java:138)
	at org.openqa.selenium.remote.codec.w3c.W3CHttpResponseCodec.decode(W3CHttpResponseCodec.java:50)
	at org.openqa.selenium.remote.HttpCommandExecutor.execute(HttpCommandExecutor.java:190)
	at io.appium.java_client.remote.AppiumCommandExecutor.execute(AppiumCommandExecutor.java:237)
	at org.openqa.selenium.remote.RemoteWebDriver.execute(RemoteWebDriver.java:518)
	at org.openqa.selenium.remote.ElementLocation$ElementFinder$2.findElements(ElementLocation.java:182)
	at org.openqa.selenium.remote.ElementLocation.findElements(ElementLocation.java:103)
	at org.openqa.selenium.remote.RemoteWebDriver.findElements(RemoteWebDriver.java:368)
	at org.openqa.selenium.remote.RemoteWebDriver.findElements(RemoteWebDriver.java:362)
	at hooks.AppHooks.hasElement(AppHooks.java:135)
	at hooks.AppHooks.isOnListScreen(AppHooks.java:89)
	at hooks.AppHooks.returnToListScreen(AppHooks.java:56)

Create Machine Group via Configuration Module.Create Machine Group without Group Name -- Time elapsed: 40.53 s <<< ERROR!
org.openqa.selenium.TimeoutException: 
Expected condition failed: waiting for pageObject.UsersPage$$Lambda$851/0x000001eecf50c000@4ab0ebf0 (tried for 20 second(s) with 500 milliseconds interval)
Build info: version: '4.20.0', revision: '866c76ca80'
System info: os.name: 'Windows 11', os.arch: 'amd64', os.version: '10.0', java.version: '17.0.16'
Driver info: io.appium.java_client.android.AndroidDriver
Capabilities {appium:adbExecTimeout: 60000, appium:app: C:\Users\Anil Kumar M\ApkFi..., appium:appActivity: com.apms.ai.MainActivity, appium:appPackage: com.apms.ai, appium:automationName: UiAutomator2, appium:databaseEnabled: false, appium:desired: {adbExecTimeout: 60000, app: C:\Users\Anil Kumar M\ApkFi..., appActivity: com.apms.ai.MainActivity, appPackage: com.apms.ai, automationName: UiAutomator2, deviceName: Galaxy A21s, noReset: false, platformName: ANDROID, platformVersion: 12.0}, appium:deviceApiLevel: 31, appium:deviceManufacturer: samsung, appium:deviceModel: SM-A217F, appium:deviceName: RZ8NC0AXMDW, appium:deviceScreenDensity: 280, appium:deviceScreenSize: 720x1600, appium:deviceUDID: RZ8NC0AXMDW, appium:javascriptEnabled: true, appium:locationContextEnabled: false, appium:networkConnectionEnabled: true, appium:noReset: false, appium:pixelRatio: 1.75, appium:platformVersion: 12, appium:statBarHeight: 68, appium:takesScreenshot: true, appium:viewportRect: {height: 1532, left: 0, top: 68, width: 720}, appium:warnings: {}, appium:webStorageEnabled: false, platformName: ANDROID}
Session ID: 233ddfff-ffcf-4972-8fad-6ad0c9306a99
	at org.openqa.selenium.support.ui.WebDriverWait.timeoutException(WebDriverWait.java:84)
	at org.openqa.selenium.support.ui.FluentWait.until(FluentWait.java:228)
	at pageObject.UsersPage.clickOnProfileIcon(UsersPage.java:170)
	at StepDefinitions.common.CommonNavigationSteps.userClicksOnProfileIcon(CommonNavigationSteps.java:56)
	at ✽.User clicks on profile icon(file:///C:/Users/Anil%20Kumar%20M/VSCode%20projects/APMSCustomerApp/src/test/resources/features/CustomerLogin/Configurations/MachineGroups/MachineGroupCreation.feature:5)

Create Machine Group via Configuration Module.Create Machine Group without Group Name -- Time elapsed: 40.53 s <<< ERROR!
org.openqa.selenium.WebDriverException: 
An unknown server-side error occurred while processing the command. Original error: 'POST /elements' cannot be proxied to UiAutomator2 server because the instrumentation process is not running (probably crashed). Check the server log and/or the logcat output for more details
Build info: version: '4.20.0', revision: '866c76ca80'
System info: os.name: 'Windows 11', os.arch: 'amd64', os.version: '10.0', java.version: '17.0.16'
Driver info: io.appium.java_client.android.AndroidDriver
Command: [233ddfff-ffcf-4972-8fad-6ad0c9306a99, findElements {using=accessibility id, value=Search}]
Capabilities {appium:adbExecTimeout: 60000, appium:app: C:\Users\Anil Kumar M\ApkFi..., appium:appActivity: com.apms.ai.MainActivity, appium:appPackage: com.apms.ai, appium:automationName: UiAutomator2, appium:databaseEnabled: false, appium:desired: {adbExecTimeout: 60000, app: C:\Users\Anil Kumar M\ApkFi..., appActivity: com.apms.ai.MainActivity, appPackage: com.apms.ai, automationName: UiAutomator2, deviceName: Galaxy A21s, noReset: false, platformName: ANDROID, platformVersion: 12.0}, appium:deviceApiLevel: 31, appium:deviceManufacturer: samsung, appium:deviceModel: SM-A217F, appium:deviceName: RZ8NC0AXMDW, appium:deviceScreenDensity: 280, appium:deviceScreenSize: 720x1600, appium:deviceUDID: RZ8NC0AXMDW, appium:javascriptEnabled: true, appium:locationContextEnabled: false, appium:networkConnectionEnabled: true, appium:noReset: false, appium:pixelRatio: 1.75, appium:platformVersion: 12, appium:statBarHeight: 68, appium:takesScreenshot: true, appium:viewportRect: {height: 1532, left: 0, top: 68, width: 720}, appium:warnings: {}, appium:webStorageEnabled: false, platformName: ANDROID}
Session ID: 233ddfff-ffcf-4972-8fad-6ad0c9306a99
	at jdk.internal.reflect.GeneratedConstructorAccessor32.newInstance(Unknown Source)
	at java.base/jdk.internal.reflect.DelegatingConstructorAccessorImpl.newInstance(DelegatingConstructorAccessorImpl.java:45)
	at java.base/java.lang.reflect.Constructor.newInstanceWithCaller(Constructor.java:499)
	at java.base/java.lang.reflect.Constructor.newInstance(Constructor.java:480)
	at org.openqa.selenium.remote.ErrorCodec.decode(ErrorCodec.java:167)
	at org.openqa.selenium.remote.codec.w3c.W3CHttpResponseCodec.decode(W3CHttpResponseCodec.java:138)
	at org.openqa.selenium.remote.codec.w3c.W3CHttpResponseCodec.decode(W3CHttpResponseCodec.java:50)
	at org.openqa.selenium.remote.HttpCommandExecutor.execute(HttpCommandExecutor.java:190)
	at io.appium.java_client.remote.AppiumCommandExecutor.execute(AppiumCommandExecutor.java:237)
	at org.openqa.selenium.remote.RemoteWebDriver.execute(RemoteWebDriver.java:518)
	at org.openqa.selenium.remote.ElementLocation$ElementFinder$2.findElements(ElementLocation.java:182)
	at org.openqa.selenium.remote.ElementLocation.findElements(ElementLocation.java:103)
	at org.openqa.selenium.remote.RemoteWebDriver.findElements(RemoteWebDriver.java:368)
	at org.openqa.selenium.remote.RemoteWebDriver.findElements(RemoteWebDriver.java:362)
	at hooks.AppHooks.hasElement(AppHooks.java:135)
	at hooks.AppHooks.isOnListScreen(AppHooks.java:89)
	at hooks.AppHooks.returnToListScreen(AppHooks.java:56)

Create Machine Group via Configuration Module.Create Machine Group without selecting machines -- Time elapsed: 40.52 s <<< ERROR!
org.openqa.selenium.TimeoutException: 
Expected condition failed: waiting for pageObject.UsersPage$$Lambda$851/0x000001eecf50c000@4ab0ebf0 (tried for 20 second(s) with 500 milliseconds interval)
Build info: version: '4.20.0', revision: '866c76ca80'
System info: os.name: 'Windows 11', os.arch: 'amd64', os.version: '10.0', java.version: '17.0.16'
Driver info: io.appium.java_client.android.AndroidDriver
Capabilities {appium:adbExecTimeout: 60000, appium:app: C:\Users\Anil Kumar M\ApkFi..., appium:appActivity: com.apms.ai.MainActivity, appium:appPackage: com.apms.ai, appium:automationName: UiAutomator2, appium:databaseEnabled: false, appium:desired: {adbExecTimeout: 60000, app: C:\Users\Anil Kumar M\ApkFi..., appActivity: com.apms.ai.MainActivity, appPackage: com.apms.ai, automationName: UiAutomator2, deviceName: Galaxy A21s, noReset: false, platformName: ANDROID, platformVersion: 12.0}, appium:deviceApiLevel: 31, appium:deviceManufacturer: samsung, appium:deviceModel: SM-A217F, appium:deviceName: RZ8NC0AXMDW, appium:deviceScreenDensity: 280, appium:deviceScreenSize: 720x1600, appium:deviceUDID: RZ8NC0AXMDW, appium:javascriptEnabled: true, appium:locationContextEnabled: false, appium:networkConnectionEnabled: true, appium:noReset: false, appium:pixelRatio: 1.75, appium:platformVersion: 12, appium:statBarHeight: 68, appium:takesScreenshot: true, appium:viewportRect: {height: 1532, left: 0, top: 68, width: 720}, appium:warnings: {}, appium:webStorageEnabled: false, platformName: ANDROID}
Session ID: 233ddfff-ffcf-4972-8fad-6ad0c9306a99
	at org.openqa.selenium.support.ui.WebDriverWait.timeoutException(WebDriverWait.java:84)
	at org.openqa.selenium.support.ui.FluentWait.until(FluentWait.java:228)
	at pageObject.UsersPage.clickOnProfileIcon(UsersPage.java:170)
	at StepDefinitions.common.CommonNavigationSteps.userClicksOnProfileIcon(CommonNavigationSteps.java:56)
	at ✽.User clicks on profile icon(file:///C:/Users/Anil%20Kumar%20M/VSCode%20projects/APMSCustomerApp/src/test/resources/features/CustomerLogin/Configurations/MachineGroups/MachineGroupCreation.feature:5)

Create Machine Group via Configuration Module.Create Machine Group without selecting machines -- Time elapsed: 40.52 s <<< ERROR!
org.openqa.selenium.WebDriverException: 
An unknown server-side error occurred while processing the command. Original error: 'POST /elements' cannot be proxied to UiAutomator2 server because the instrumentation process is not running (probably crashed). Check the server log and/or the logcat output for more details
Build info: version: '4.20.0', revision: '866c76ca80'
System info: os.name: 'Windows 11', os.arch: 'amd64', os.version: '10.0', java.version: '17.0.16'
Driver info: io.appium.java_client.android.AndroidDriver
Command: [233ddfff-ffcf-4972-8fad-6ad0c9306a99, findElements {using=accessibility id, value=Search}]
Capabilities {appium:adbExecTimeout: 60000, appium:app: C:\Users\Anil Kumar M\ApkFi..., appium:appActivity: com.apms.ai.MainActivity, appium:appPackage: com.apms.ai, appium:automationName: UiAutomator2, appium:databaseEnabled: false, appium:desired: {adbExecTimeout: 60000, app: C:\Users\Anil Kumar M\ApkFi..., appActivity: com.apms.ai.MainActivity, appPackage: com.apms.ai, automationName: UiAutomator2, deviceName: Galaxy A21s, noReset: false, platformName: ANDROID, platformVersion: 12.0}, appium:deviceApiLevel: 31, appium:deviceManufacturer: samsung, appium:deviceModel: SM-A217F, appium:deviceName: RZ8NC0AXMDW, appium:deviceScreenDensity: 280, appium:deviceScreenSize: 720x1600, appium:deviceUDID: RZ8NC0AXMDW, appium:javascriptEnabled: true, appium:locationContextEnabled: false, appium:networkConnectionEnabled: true, appium:noReset: false, appium:pixelRatio: 1.75, appium:platformVersion: 12, appium:statBarHeight: 68, appium:takesScreenshot: true, appium:viewportRect: {height: 1532, left: 0, top: 68, width: 720}, appium:warnings: {}, appium:webStorageEnabled: false, platformName: ANDROID}
Session ID: 233ddfff-ffcf-4972-8fad-6ad0c9306a99
	at jdk.internal.reflect.GeneratedConstructorAccessor32.newInstance(Unknown Source)
	at java.base/jdk.internal.reflect.DelegatingConstructorAccessorImpl.newInstance(DelegatingConstructorAccessorImpl.java:45)
	at java.base/java.lang.reflect.Constructor.newInstanceWithCaller(Constructor.java:499)
	at java.base/java.lang.reflect.Constructor.newInstance(Constructor.java:480)
	at org.openqa.selenium.remote.ErrorCodec.decode(ErrorCodec.java:167)
	at org.openqa.selenium.remote.codec.w3c.W3CHttpResponseCodec.decode(W3CHttpResponseCodec.java:138)
	at org.openqa.selenium.remote.codec.w3c.W3CHttpResponseCodec.decode(W3CHttpResponseCodec.java:50)
	at org.openqa.selenium.remote.HttpCommandExecutor.execute(HttpCommandExecutor.java:190)
	at io.appium.java_client.remote.AppiumCommandExecutor.execute(AppiumCommandExecutor.java:237)
	at org.openqa.selenium.remote.RemoteWebDriver.execute(RemoteWebDriver.java:518)
	at org.openqa.selenium.remote.ElementLocation$ElementFinder$2.findElements(ElementLocation.java:182)
	at org.openqa.selenium.remote.ElementLocation.findElements(ElementLocation.java:103)
	at org.openqa.selenium.remote.RemoteWebDriver.findElements(RemoteWebDriver.java:368)
	at org.openqa.selenium.remote.RemoteWebDriver.findElements(RemoteWebDriver.java:362)
	at hooks.AppHooks.hasElement(AppHooks.java:135)
	at hooks.AppHooks.isOnListScreen(AppHooks.java:89)
	at hooks.AppHooks.returnToListScreen(AppHooks.java:56)

Create Machine Group via Configuration Module.Submit popup without adding machines via Add Machine icon -- Time elapsed: 40.61 s <<< ERROR!
org.openqa.selenium.TimeoutException: 
Expected condition failed: waiting for pageObject.UsersPage$$Lambda$851/0x000001eecf50c000@4ab0ebf0 (tried for 20 second(s) with 500 milliseconds interval)
Build info: version: '4.20.0', revision: '866c76ca80'
System info: os.name: 'Windows 11', os.arch: 'amd64', os.version: '10.0', java.version: '17.0.16'
Driver info: io.appium.java_client.android.AndroidDriver
Capabilities {appium:adbExecTimeout: 60000, appium:app: C:\Users\Anil Kumar M\ApkFi..., appium:appActivity: com.apms.ai.MainActivity, appium:appPackage: com.apms.ai, appium:automationName: UiAutomator2, appium:databaseEnabled: false, appium:desired: {adbExecTimeout: 60000, app: C:\Users\Anil Kumar M\ApkFi..., appActivity: com.apms.ai.MainActivity, appPackage: com.apms.ai, automationName: UiAutomator2, deviceName: Galaxy A21s, noReset: false, platformName: ANDROID, platformVersion: 12.0}, appium:deviceApiLevel: 31, appium:deviceManufacturer: samsung, appium:deviceModel: SM-A217F, appium:deviceName: RZ8NC0AXMDW, appium:deviceScreenDensity: 280, appium:deviceScreenSize: 720x1600, appium:deviceUDID: RZ8NC0AXMDW, appium:javascriptEnabled: true, appium:locationContextEnabled: false, appium:networkConnectionEnabled: true, appium:noReset: false, appium:pixelRatio: 1.75, appium:platformVersion: 12, appium:statBarHeight: 68, appium:takesScreenshot: true, appium:viewportRect: {height: 1532, left: 0, top: 68, width: 720}, appium:warnings: {}, appium:webStorageEnabled: false, platformName: ANDROID}
Session ID: 233ddfff-ffcf-4972-8fad-6ad0c9306a99
	at org.openqa.selenium.support.ui.WebDriverWait.timeoutException(WebDriverWait.java:84)
	at org.openqa.selenium.support.ui.FluentWait.until(FluentWait.java:228)
	at pageObject.UsersPage.clickOnProfileIcon(UsersPage.java:170)
	at StepDefinitions.common.CommonNavigationSteps.userClicksOnProfileIcon(CommonNavigationSteps.java:56)
	at ✽.User clicks on profile icon(file:///C:/Users/Anil%20Kumar%20M/VSCode%20projects/APMSCustomerApp/src/test/resources/features/CustomerLogin/Configurations/MachineGroups/MachineGroupCreation.feature:5)

Create Machine Group via Configuration Module.Submit popup without adding machines via Add Machine icon -- Time elapsed: 40.61 s <<< ERROR!
org.openqa.selenium.WebDriverException: 
An unknown server-side error occurred while processing the command. Original error: 'POST /elements' cannot be proxied to UiAutomator2 server because the instrumentation process is not running (probably crashed). Check the server log and/or the logcat output for more details
Build info: version: '4.20.0', revision: '866c76ca80'
System info: os.name: 'Windows 11', os.arch: 'amd64', os.version: '10.0', java.version: '17.0.16'
Driver info: io.appium.java_client.android.AndroidDriver
Command: [233ddfff-ffcf-4972-8fad-6ad0c9306a99, findElements {using=accessibility id, value=Search}]
Capabilities {appium:adbExecTimeout: 60000, appium:app: C:\Users\Anil Kumar M\ApkFi..., appium:appActivity: com.apms.ai.MainActivity, appium:appPackage: com.apms.ai, appium:automationName: UiAutomator2, appium:databaseEnabled: false, appium:desired: {adbExecTimeout: 60000, app: C:\Users\Anil Kumar M\ApkFi..., appActivity: com.apms.ai.MainActivity, appPackage: com.apms.ai, automationName: UiAutomator2, deviceName: Galaxy A21s, noReset: false, platformName: ANDROID, platformVersion: 12.0}, appium:deviceApiLevel: 31, appium:deviceManufacturer: samsung, appium:deviceModel: SM-A217F, appium:deviceName: RZ8NC0AXMDW, appium:deviceScreenDensity: 280, appium:deviceScreenSize: 720x1600, appium:deviceUDID: RZ8NC0AXMDW, appium:javascriptEnabled: true, appium:locationContextEnabled: false, appium:networkConnectionEnabled: true, appium:noReset: false, appium:pixelRatio: 1.75, appium:platformVersion: 12, appium:statBarHeight: 68, appium:takesScreenshot: true, appium:viewportRect: {height: 1532, left: 0, top: 68, width: 720}, appium:warnings: {}, appium:webStorageEnabled: false, platformName: ANDROID}
Session ID: 233ddfff-ffcf-4972-8fad-6ad0c9306a99
	at jdk.internal.reflect.GeneratedConstructorAccessor32.newInstance(Unknown Source)
	at java.base/jdk.internal.reflect.DelegatingConstructorAccessorImpl.newInstance(DelegatingConstructorAccessorImpl.java:45)
	at java.base/java.lang.reflect.Constructor.newInstanceWithCaller(Constructor.java:499)
	at java.base/java.lang.reflect.Constructor.newInstance(Constructor.java:480)
	at org.openqa.selenium.remote.ErrorCodec.decode(ErrorCodec.java:167)
	at org.openqa.selenium.remote.codec.w3c.W3CHttpResponseCodec.decode(W3CHttpResponseCodec.java:138)
	at org.openqa.selenium.remote.codec.w3c.W3CHttpResponseCodec.decode(W3CHttpResponseCodec.java:50)
	at org.openqa.selenium.remote.HttpCommandExecutor.execute(HttpCommandExecutor.java:190)
	at io.appium.java_client.remote.AppiumCommandExecutor.execute(AppiumCommandExecutor.java:237)
	at org.openqa.selenium.remote.RemoteWebDriver.execute(RemoteWebDriver.java:518)
	at org.openqa.selenium.remote.ElementLocation$ElementFinder$2.findElements(ElementLocation.java:182)
	at org.openqa.selenium.remote.ElementLocation.findElements(ElementLocation.java:103)
	at org.openqa.selenium.remote.RemoteWebDriver.findElements(RemoteWebDriver.java:368)
	at org.openqa.selenium.remote.RemoteWebDriver.findElements(RemoteWebDriver.java:362)
	at hooks.AppHooks.hasElement(AppHooks.java:135)
	at hooks.AppHooks.isOnListScreen(AppHooks.java:89)
	at hooks.AppHooks.returnToListScreen(AppHooks.java:56)

Create Machine Group via Configuration Module.Duplicate Machine Group Name -- Time elapsed: 40.72 s <<< ERROR!
org.openqa.selenium.TimeoutException: 
Expected condition failed: waiting for pageObject.UsersPage$$Lambda$851/0x000001eecf50c000@4ab0ebf0 (tried for 20 second(s) with 500 milliseconds interval)
Build info: version: '4.20.0', revision: '866c76ca80'
System info: os.name: 'Windows 11', os.arch: 'amd64', os.version: '10.0', java.version: '17.0.16'
Driver info: io.appium.java_client.android.AndroidDriver
Capabilities {appium:adbExecTimeout: 60000, appium:app: C:\Users\Anil Kumar M\ApkFi..., appium:appActivity: com.apms.ai.MainActivity, appium:appPackage: com.apms.ai, appium:automationName: UiAutomator2, appium:databaseEnabled: false, appium:desired: {adbExecTimeout: 60000, app: C:\Users\Anil Kumar M\ApkFi..., appActivity: com.apms.ai.MainActivity, appPackage: com.apms.ai, automationName: UiAutomator2, deviceName: Galaxy A21s, noReset: false, platformName: ANDROID, platformVersion: 12.0}, appium:deviceApiLevel: 31, appium:deviceManufacturer: samsung, appium:deviceModel: SM-A217F, appium:deviceName: RZ8NC0AXMDW, appium:deviceScreenDensity: 280, appium:deviceScreenSize: 720x1600, appium:deviceUDID: RZ8NC0AXMDW, appium:javascriptEnabled: true, appium:locationContextEnabled: false, appium:networkConnectionEnabled: true, appium:noReset: false, appium:pixelRatio: 1.75, appium:platformVersion: 12, appium:statBarHeight: 68, appium:takesScreenshot: true, appium:viewportRect: {height: 1532, left: 0, top: 68, width: 720}, appium:warnings: {}, appium:webStorageEnabled: false, platformName: ANDROID}
Session ID: 233ddfff-ffcf-4972-8fad-6ad0c9306a99
	at org.openqa.selenium.support.ui.WebDriverWait.timeoutException(WebDriverWait.java:84)
	at org.openqa.selenium.support.ui.FluentWait.until(FluentWait.java:228)
	at pageObject.UsersPage.clickOnProfileIcon(UsersPage.java:170)
	at StepDefinitions.common.CommonNavigationSteps.userClicksOnProfileIcon(CommonNavigationSteps.java:56)
	at ✽.User clicks on profile icon(file:///C:/Users/Anil%20Kumar%20M/VSCode%20projects/APMSCustomerApp/src/test/resources/features/CustomerLogin/Configurations/MachineGroups/MachineGroupCreation.feature:5)

Create Machine Group via Configuration Module.Duplicate Machine Group Name -- Time elapsed: 40.72 s <<< ERROR!
org.openqa.selenium.WebDriverException: 
An unknown server-side error occurred while processing the command. Original error: 'POST /elements' cannot be proxied to UiAutomator2 server because the instrumentation process is not running (probably crashed). Check the server log and/or the logcat output for more details
Build info: version: '4.20.0', revision: '866c76ca80'
System info: os.name: 'Windows 11', os.arch: 'amd64', os.version: '10.0', java.version: '17.0.16'
Driver info: io.appium.java_client.android.AndroidDriver
Command: [233ddfff-ffcf-4972-8fad-6ad0c9306a99, findElements {using=accessibility id, value=Search}]
Capabilities {appium:adbExecTimeout: 60000, appium:app: C:\Users\Anil Kumar M\ApkFi..., appium:appActivity: com.apms.ai.MainActivity, appium:appPackage: com.apms.ai, appium:automationName: UiAutomator2, appium:databaseEnabled: false, appium:desired: {adbExecTimeout: 60000, app: C:\Users\Anil Kumar M\ApkFi..., appActivity: com.apms.ai.MainActivity, appPackage: com.apms.ai, automationName: UiAutomator2, deviceName: Galaxy A21s, noReset: false, platformName: ANDROID, platformVersion: 12.0}, appium:deviceApiLevel: 31, appium:deviceManufacturer: samsung, appium:deviceModel: SM-A217F, appium:deviceName: RZ8NC0AXMDW, appium:deviceScreenDensity: 280, appium:deviceScreenSize: 720x1600, appium:deviceUDID: RZ8NC0AXMDW, appium:javascriptEnabled: true, appium:locationContextEnabled: false, appium:networkConnectionEnabled: true, appium:noReset: false, appium:pixelRatio: 1.75, appium:platformVersion: 12, appium:statBarHeight: 68, appium:takesScreenshot: true, appium:viewportRect: {height: 1532, left: 0, top: 68, width: 720}, appium:warnings: {}, appium:webStorageEnabled: false, platformName: ANDROID}
Session ID: 233ddfff-ffcf-4972-8fad-6ad0c9306a99
	at jdk.internal.reflect.GeneratedConstructorAccessor32.newInstance(Unknown Source)
	at java.base/jdk.internal.reflect.DelegatingConstructorAccessorImpl.newInstance(DelegatingConstructorAccessorImpl.java:45)
	at java.base/java.lang.reflect.Constructor.newInstanceWithCaller(Constructor.java:499)
	at java.base/java.lang.reflect.Constructor.newInstance(Constructor.java:480)
	at org.openqa.selenium.remote.ErrorCodec.decode(ErrorCodec.java:167)
	at org.openqa.selenium.remote.codec.w3c.W3CHttpResponseCodec.decode(W3CHttpResponseCodec.java:138)
	at org.openqa.selenium.remote.codec.w3c.W3CHttpResponseCodec.decode(W3CHttpResponseCodec.java:50)
	at org.openqa.selenium.remote.HttpCommandExecutor.execute(HttpCommandExecutor.java:190)
	at io.appium.java_client.remote.AppiumCommandExecutor.execute(AppiumCommandExecutor.java:237)
	at org.openqa.selenium.remote.RemoteWebDriver.execute(RemoteWebDriver.java:518)
	at org.openqa.selenium.remote.ElementLocation$ElementFinder$2.findElements(ElementLocation.java:182)
	at org.openqa.selenium.remote.ElementLocation.findElements(ElementLocation.java:103)
	at org.openqa.selenium.remote.RemoteWebDriver.findElements(RemoteWebDriver.java:368)
	at org.openqa.selenium.remote.RemoteWebDriver.findElements(RemoteWebDriver.java:362)
	at hooks.AppHooks.hasElement(AppHooks.java:135)
	at hooks.AppHooks.isOnListScreen(AppHooks.java:89)
	at hooks.AppHooks.returnToListScreen(AppHooks.java:56)

Create Machine Group via Configuration Module.Create Machine Group with only spaces in Group Name -- Time elapsed: 40.56 s <<< ERROR!
org.openqa.selenium.TimeoutException: 
Expected condition failed: waiting for pageObject.UsersPage$$Lambda$851/0x000001eecf50c000@4ab0ebf0 (tried for 20 second(s) with 500 milliseconds interval)
Build info: version: '4.20.0', revision: '866c76ca80'
System info: os.name: 'Windows 11', os.arch: 'amd64', os.version: '10.0', java.version: '17.0.16'
Driver info: io.appium.java_client.android.AndroidDriver
Capabilities {appium:adbExecTimeout: 60000, appium:app: C:\Users\Anil Kumar M\ApkFi..., appium:appActivity: com.apms.ai.MainActivity, appium:appPackage: com.apms.ai, appium:automationName: UiAutomator2, appium:databaseEnabled: false, appium:desired: {adbExecTimeout: 60000, app: C:\Users\Anil Kumar M\ApkFi..., appActivity: com.apms.ai.MainActivity, appPackage: com.apms.ai, automationName: UiAutomator2, deviceName: Galaxy A21s, noReset: false, platformName: ANDROID, platformVersion: 12.0}, appium:deviceApiLevel: 31, appium:deviceManufacturer: samsung, appium:deviceModel: SM-A217F, appium:deviceName: RZ8NC0AXMDW, appium:deviceScreenDensity: 280, appium:deviceScreenSize: 720x1600, appium:deviceUDID: RZ8NC0AXMDW, appium:javascriptEnabled: true, appium:locationContextEnabled: false, appium:networkConnectionEnabled: true, appium:noReset: false, appium:pixelRatio: 1.75, appium:platformVersion: 12, appium:statBarHeight: 68, appium:takesScreenshot: true, appium:viewportRect: {height: 1532, left: 0, top: 68, width: 720}, appium:warnings: {}, appium:webStorageEnabled: false, platformName: ANDROID}
Session ID: 233ddfff-ffcf-4972-8fad-6ad0c9306a99
	at org.openqa.selenium.support.ui.WebDriverWait.timeoutException(WebDriverWait.java:84)
	at org.openqa.selenium.support.ui.FluentWait.until(FluentWait.java:228)
	at pageObject.UsersPage.clickOnProfileIcon(UsersPage.java:170)
	at StepDefinitions.common.CommonNavigationSteps.userClicksOnProfileIcon(CommonNavigationSteps.java:56)
	at ✽.User clicks on profile icon(file:///C:/Users/Anil%20Kumar%20M/VSCode%20projects/APMSCustomerApp/src/test/resources/features/CustomerLogin/Configurations/MachineGroups/MachineGroupCreation.feature:5)

Create Machine Group via Configuration Module.Create Machine Group with only spaces in Group Name -- Time elapsed: 40.56 s <<< ERROR!
org.openqa.selenium.WebDriverException: 
An unknown server-side error occurred while processing the command. Original error: 'POST /elements' cannot be proxied to UiAutomator2 server because the instrumentation process is not running (probably crashed). Check the server log and/or the logcat output for more details
Build info: version: '4.20.0', revision: '866c76ca80'
System info: os.name: 'Windows 11', os.arch: 'amd64', os.version: '10.0', java.version: '17.0.16'
Driver info: io.appium.java_client.android.AndroidDriver
Command: [233ddfff-ffcf-4972-8fad-6ad0c9306a99, findElements {using=accessibility id, value=Search}]
Capabilities {appium:adbExecTimeout: 60000, appium:app: C:\Users\Anil Kumar M\ApkFi..., appium:appActivity: com.apms.ai.MainActivity, appium:appPackage: com.apms.ai, appium:automationName: UiAutomator2, appium:databaseEnabled: false, appium:desired: {adbExecTimeout: 60000, app: C:\Users\Anil Kumar M\ApkFi..., appActivity: com.apms.ai.MainActivity, appPackage: com.apms.ai, automationName: UiAutomator2, deviceName: Galaxy A21s, noReset: false, platformName: ANDROID, platformVersion: 12.0}, appium:deviceApiLevel: 31, appium:deviceManufacturer: samsung, appium:deviceModel: SM-A217F, appium:deviceName: RZ8NC0AXMDW, appium:deviceScreenDensity: 280, appium:deviceScreenSize: 720x1600, appium:deviceUDID: RZ8NC0AXMDW, appium:javascriptEnabled: true, appium:locationContextEnabled: false, appium:networkConnectionEnabled: true, appium:noReset: false, appium:pixelRatio: 1.75, appium:platformVersion: 12, appium:statBarHeight: 68, appium:takesScreenshot: true, appium:viewportRect: {height: 1532, left: 0, top: 68, width: 720}, appium:warnings: {}, appium:webStorageEnabled: false, platformName: ANDROID}
Session ID: 233ddfff-ffcf-4972-8fad-6ad0c9306a99
	at jdk.internal.reflect.GeneratedConstructorAccessor32.newInstance(Unknown Source)
	at java.base/jdk.internal.reflect.DelegatingConstructorAccessorImpl.newInstance(DelegatingConstructorAccessorImpl.java:45)
	at java.base/java.lang.reflect.Constructor.newInstanceWithCaller(Constructor.java:499)
	at java.base/java.lang.reflect.Constructor.newInstance(Constructor.java:480)
	at org.openqa.selenium.remote.ErrorCodec.decode(ErrorCodec.java:167)
	at org.openqa.selenium.remote.codec.w3c.W3CHttpResponseCodec.decode(W3CHttpResponseCodec.java:138)
	at org.openqa.selenium.remote.codec.w3c.W3CHttpResponseCodec.decode(W3CHttpResponseCodec.java:50)
	at org.openqa.selenium.remote.HttpCommandExecutor.execute(HttpCommandExecutor.java:190)
	at io.appium.java_client.remote.AppiumCommandExecutor.execute(AppiumCommandExecutor.java:237)
	at org.openqa.selenium.remote.RemoteWebDriver.execute(RemoteWebDriver.java:518)
	at org.openqa.selenium.remote.ElementLocation$ElementFinder$2.findElements(ElementLocation.java:182)
	at org.openqa.selenium.remote.ElementLocation.findElements(ElementLocation.java:103)
	at org.openqa.selenium.remote.RemoteWebDriver.findElements(RemoteWebDriver.java:368)
	at org.openqa.selenium.remote.RemoteWebDriver.findElements(RemoteWebDriver.java:362)
	at hooks.AppHooks.hasElement(AppHooks.java:135)
	at hooks.AppHooks.isOnListScreen(AppHooks.java:89)
	at hooks.AppHooks.returnToListScreen(AppHooks.java:56)

Create Machine Group via Configuration Module.Create Machine Group with invalid special characters only in Group Name -- Time elapsed: 40.53 s <<< ERROR!
org.openqa.selenium.TimeoutException: 
Expected condition failed: waiting for pageObject.UsersPage$$Lambda$851/0x000001eecf50c000@4ab0ebf0 (tried for 20 second(s) with 500 milliseconds interval)
Build info: version: '4.20.0', revision: '866c76ca80'
System info: os.name: 'Windows 11', os.arch: 'amd64', os.version: '10.0', java.version: '17.0.16'
Driver info: io.appium.java_client.android.AndroidDriver
Capabilities {appium:adbExecTimeout: 60000, appium:app: C:\Users\Anil Kumar M\ApkFi..., appium:appActivity: com.apms.ai.MainActivity, appium:appPackage: com.apms.ai, appium:automationName: UiAutomator2, appium:databaseEnabled: false, appium:desired: {adbExecTimeout: 60000, app: C:\Users\Anil Kumar M\ApkFi..., appActivity: com.apms.ai.MainActivity, appPackage: com.apms.ai, automationName: UiAutomator2, deviceName: Galaxy A21s, noReset: false, platformName: ANDROID, platformVersion: 12.0}, appium:deviceApiLevel: 31, appium:deviceManufacturer: samsung, appium:deviceModel: SM-A217F, appium:deviceName: RZ8NC0AXMDW, appium:deviceScreenDensity: 280, appium:deviceScreenSize: 720x1600, appium:deviceUDID: RZ8NC0AXMDW, appium:javascriptEnabled: true, appium:locationContextEnabled: false, appium:networkConnectionEnabled: true, appium:noReset: false, appium:pixelRatio: 1.75, appium:platformVersion: 12, appium:statBarHeight: 68, appium:takesScreenshot: true, appium:viewportRect: {height: 1532, left: 0, top: 68, width: 720}, appium:warnings: {}, appium:webStorageEnabled: false, platformName: ANDROID}
Session ID: 233ddfff-ffcf-4972-8fad-6ad0c9306a99
	at org.openqa.selenium.support.ui.WebDriverWait.timeoutException(WebDriverWait.java:84)
	at org.openqa.selenium.support.ui.FluentWait.until(FluentWait.java:228)
	at pageObject.UsersPage.clickOnProfileIcon(UsersPage.java:170)
	at StepDefinitions.common.CommonNavigationSteps.userClicksOnProfileIcon(CommonNavigationSteps.java:56)
	at ✽.User clicks on profile icon(file:///C:/Users/Anil%20Kumar%20M/VSCode%20projects/APMSCustomerApp/src/test/resources/features/CustomerLogin/Configurations/MachineGroups/MachineGroupCreation.feature:5)

Create Machine Group via Configuration Module.Create Machine Group with invalid special characters only in Group Name -- Time elapsed: 40.53 s <<< ERROR!
org.openqa.selenium.WebDriverException: 
An unknown server-side error occurred while processing the command. Original error: 'POST /elements' cannot be proxied to UiAutomator2 server because the instrumentation process is not running (probably crashed). Check the server log and/or the logcat output for more details
Build info: version: '4.20.0', revision: '866c76ca80'
System info: os.name: 'Windows 11', os.arch: 'amd64', os.version: '10.0', java.version: '17.0.16'
Driver info: io.appium.java_client.android.AndroidDriver
Command: [233ddfff-ffcf-4972-8fad-6ad0c9306a99, findElements {using=accessibility id, value=Search}]
Capabilities {appium:adbExecTimeout: 60000, appium:app: C:\Users\Anil Kumar M\ApkFi..., appium:appActivity: com.apms.ai.MainActivity, appium:appPackage: com.apms.ai, appium:automationName: UiAutomator2, appium:databaseEnabled: false, appium:desired: {adbExecTimeout: 60000, app: C:\Users\Anil Kumar M\ApkFi..., appActivity: com.apms.ai.MainActivity, appPackage: com.apms.ai, automationName: UiAutomator2, deviceName: Galaxy A21s, noReset: false, platformName: ANDROID, platformVersion: 12.0}, appium:deviceApiLevel: 31, appium:deviceManufacturer: samsung, appium:deviceModel: SM-A217F, appium:deviceName: RZ8NC0AXMDW, appium:deviceScreenDensity: 280, appium:deviceScreenSize: 720x1600, appium:deviceUDID: RZ8NC0AXMDW, appium:javascriptEnabled: true, appium:locationContextEnabled: false, appium:networkConnectionEnabled: true, appium:noReset: false, appium:pixelRatio: 1.75, appium:platformVersion: 12, appium:statBarHeight: 68, appium:takesScreenshot: true, appium:viewportRect: {height: 1532, left: 0, top: 68, width: 720}, appium:warnings: {}, appium:webStorageEnabled: false, platformName: ANDROID}
Session ID: 233ddfff-ffcf-4972-8fad-6ad0c9306a99
	at jdk.internal.reflect.GeneratedConstructorAccessor32.newInstance(Unknown Source)
	at java.base/jdk.internal.reflect.DelegatingConstructorAccessorImpl.newInstance(DelegatingConstructorAccessorImpl.java:45)
	at java.base/java.lang.reflect.Constructor.newInstanceWithCaller(Constructor.java:499)
	at java.base/java.lang.reflect.Constructor.newInstance(Constructor.java:480)
	at org.openqa.selenium.remote.ErrorCodec.decode(ErrorCodec.java:167)
	at org.openqa.selenium.remote.codec.w3c.W3CHttpResponseCodec.decode(W3CHttpResponseCodec.java:138)
	at org.openqa.selenium.remote.codec.w3c.W3CHttpResponseCodec.decode(W3CHttpResponseCodec.java:50)
	at org.openqa.selenium.remote.HttpCommandExecutor.execute(HttpCommandExecutor.java:190)
	at io.appium.java_client.remote.AppiumCommandExecutor.execute(AppiumCommandExecutor.java:237)
	at org.openqa.selenium.remote.RemoteWebDriver.execute(RemoteWebDriver.java:518)
	at org.openqa.selenium.remote.ElementLocation$ElementFinder$2.findElements(ElementLocation.java:182)
	at org.openqa.selenium.remote.ElementLocation.findElements(ElementLocation.java:103)
	at org.openqa.selenium.remote.RemoteWebDriver.findElements(RemoteWebDriver.java:368)
	at org.openqa.selenium.remote.RemoteWebDriver.findElements(RemoteWebDriver.java:362)
	at hooks.AppHooks.hasElement(AppHooks.java:135)
	at hooks.AppHooks.isOnListScreen(AppHooks.java:89)
	at hooks.AppHooks.returnToListScreen(AppHooks.java:56)

Create Machine Group via Configuration Module.Rapid clicks on Add Machine icon -- Time elapsed: 40.54 s <<< ERROR!
org.openqa.selenium.TimeoutException: 
Expected condition failed: waiting for pageObject.UsersPage$$Lambda$851/0x000001eecf50c000@4ab0ebf0 (tried for 20 second(s) with 500 milliseconds interval)
Build info: version: '4.20.0', revision: '866c76ca80'
System info: os.name: 'Windows 11', os.arch: 'amd64', os.version: '10.0', java.version: '17.0.16'
Driver info: io.appium.java_client.android.AndroidDriver
Capabilities {appium:adbExecTimeout: 60000, appium:app: C:\Users\Anil Kumar M\ApkFi..., appium:appActivity: com.apms.ai.MainActivity, appium:appPackage: com.apms.ai, appium:automationName: UiAutomator2, appium:databaseEnabled: false, appium:desired: {adbExecTimeout: 60000, app: C:\Users\Anil Kumar M\ApkFi..., appActivity: com.apms.ai.MainActivity, appPackage: com.apms.ai, automationName: UiAutomator2, deviceName: Galaxy A21s, noReset: false, platformName: ANDROID, platformVersion: 12.0}, appium:deviceApiLevel: 31, appium:deviceManufacturer: samsung, appium:deviceModel: SM-A217F, appium:deviceName: RZ8NC0AXMDW, appium:deviceScreenDensity: 280, appium:deviceScreenSize: 720x1600, appium:deviceUDID: RZ8NC0AXMDW, appium:javascriptEnabled: true, appium:locationContextEnabled: false, appium:networkConnectionEnabled: true, appium:noReset: false, appium:pixelRatio: 1.75, appium:platformVersion: 12, appium:statBarHeight: 68, appium:takesScreenshot: true, appium:viewportRect: {height: 1532, left: 0, top: 68, width: 720}, appium:warnings: {}, appium:webStorageEnabled: false, platformName: ANDROID}
Session ID: 233ddfff-ffcf-4972-8fad-6ad0c9306a99
	at org.openqa.selenium.support.ui.WebDriverWait.timeoutException(WebDriverWait.java:84)
	at org.openqa.selenium.support.ui.FluentWait.until(FluentWait.java:228)
	at pageObject.UsersPage.clickOnProfileIcon(UsersPage.java:170)
	at StepDefinitions.common.CommonNavigationSteps.userClicksOnProfileIcon(CommonNavigationSteps.java:56)
	at ✽.User clicks on profile icon(file:///C:/Users/Anil%20Kumar%20M/VSCode%20projects/APMSCustomerApp/src/test/resources/features/CustomerLogin/Configurations/MachineGroups/MachineGroupCreation.feature:5)

Create Machine Group via Configuration Module.Rapid clicks on Add Machine icon -- Time elapsed: 40.54 s <<< ERROR!
org.openqa.selenium.WebDriverException: 
An unknown server-side error occurred while processing the command. Original error: 'POST /elements' cannot be proxied to UiAutomator2 server because the instrumentation process is not running (probably crashed). Check the server log and/or the logcat output for more details
Build info: version: '4.20.0', revision: '866c76ca80'
System info: os.name: 'Windows 11', os.arch: 'amd64', os.version: '10.0', java.version: '17.0.16'
Driver info: io.appium.java_client.android.AndroidDriver
Command: [233ddfff-ffcf-4972-8fad-6ad0c9306a99, findElements {using=accessibility id, value=Search}]
Capabilities {appium:adbExecTimeout: 60000, appium:app: C:\Users\Anil Kumar M\ApkFi..., appium:appActivity: com.apms.ai.MainActivity, appium:appPackage: com.apms.ai, appium:automationName: UiAutomator2, appium:databaseEnabled: false, appium:desired: {adbExecTimeout: 60000, app: C:\Users\Anil Kumar M\ApkFi..., appActivity: com.apms.ai.MainActivity, appPackage: com.apms.ai, automationName: UiAutomator2, deviceName: Galaxy A21s, noReset: false, platformName: ANDROID, platformVersion: 12.0}, appium:deviceApiLevel: 31, appium:deviceManufacturer: samsung, appium:deviceModel: SM-A217F, appium:deviceName: RZ8NC0AXMDW, appium:deviceScreenDensity: 280, appium:deviceScreenSize: 720x1600, appium:deviceUDID: RZ8NC0AXMDW, appium:javascriptEnabled: true, appium:locationContextEnabled: false, appium:networkConnectionEnabled: true, appium:noReset: false, appium:pixelRatio: 1.75, appium:platformVersion: 12, appium:statBarHeight: 68, appium:takesScreenshot: true, appium:viewportRect: {height: 1532, left: 0, top: 68, width: 720}, appium:warnings: {}, appium:webStorageEnabled: false, platformName: ANDROID}
Session ID: 233ddfff-ffcf-4972-8fad-6ad0c9306a99
	at jdk.internal.reflect.GeneratedConstructorAccessor32.newInstance(Unknown Source)
	at java.base/jdk.internal.reflect.DelegatingConstructorAccessorImpl.newInstance(DelegatingConstructorAccessorImpl.java:45)
	at java.base/java.lang.reflect.Constructor.newInstanceWithCaller(Constructor.java:499)
	at java.base/java.lang.reflect.Constructor.newInstance(Constructor.java:480)
	at org.openqa.selenium.remote.ErrorCodec.decode(ErrorCodec.java:167)
	at org.openqa.selenium.remote.codec.w3c.W3CHttpResponseCodec.decode(W3CHttpResponseCodec.java:138)
	at org.openqa.selenium.remote.codec.w3c.W3CHttpResponseCodec.decode(W3CHttpResponseCodec.java:50)
	at org.openqa.selenium.remote.HttpCommandExecutor.execute(HttpCommandExecutor.java:190)
	at io.appium.java_client.remote.AppiumCommandExecutor.execute(AppiumCommandExecutor.java:237)
	at org.openqa.selenium.remote.RemoteWebDriver.execute(RemoteWebDriver.java:518)
	at org.openqa.selenium.remote.ElementLocation$ElementFinder$2.findElements(ElementLocation.java:182)
	at org.openqa.selenium.remote.ElementLocation.findElements(ElementLocation.java:103)
	at org.openqa.selenium.remote.RemoteWebDriver.findElements(RemoteWebDriver.java:368)
	at org.openqa.selenium.remote.RemoteWebDriver.findElements(RemoteWebDriver.java:362)
	at hooks.AppHooks.hasElement(AppHooks.java:135)
	at hooks.AppHooks.isOnListScreen(AppHooks.java:89)
	at hooks.AppHooks.returnToListScreen(AppHooks.java:56)

Create Machine Group via Configuration Module.Select and deselect machines in bottom sheet -- Time elapsed: 40.55 s <<< ERROR!
org.openqa.selenium.TimeoutException: 
Expected condition failed: waiting for pageObject.UsersPage$$Lambda$851/0x000001eecf50c000@4ab0ebf0 (tried for 20 second(s) with 500 milliseconds interval)
Build info: version: '4.20.0', revision: '866c76ca80'
System info: os.name: 'Windows 11', os.arch: 'amd64', os.version: '10.0', java.version: '17.0.16'
Driver info: io.appium.java_client.android.AndroidDriver
Capabilities {appium:adbExecTimeout: 60000, appium:app: C:\Users\Anil Kumar M\ApkFi..., appium:appActivity: com.apms.ai.MainActivity, appium:appPackage: com.apms.ai, appium:automationName: UiAutomator2, appium:databaseEnabled: false, appium:desired: {adbExecTimeout: 60000, app: C:\Users\Anil Kumar M\ApkFi..., appActivity: com.apms.ai.MainActivity, appPackage: com.apms.ai, automationName: UiAutomator2, deviceName: Galaxy A21s, noReset: false, platformName: ANDROID, platformVersion: 12.0}, appium:deviceApiLevel: 31, appium:deviceManufacturer: samsung, appium:deviceModel: SM-A217F, appium:deviceName: RZ8NC0AXMDW, appium:deviceScreenDensity: 280, appium:deviceScreenSize: 720x1600, appium:deviceUDID: RZ8NC0AXMDW, appium:javascriptEnabled: true, appium:locationContextEnabled: false, appium:networkConnectionEnabled: true, appium:noReset: false, appium:pixelRatio: 1.75, appium:platformVersion: 12, appium:statBarHeight: 68, appium:takesScreenshot: true, appium:viewportRect: {height: 1532, left: 0, top: 68, width: 720}, appium:warnings: {}, appium:webStorageEnabled: false, platformName: ANDROID}
Session ID: 233ddfff-ffcf-4972-8fad-6ad0c9306a99
	at org.openqa.selenium.support.ui.WebDriverWait.timeoutException(WebDriverWait.java:84)
	at org.openqa.selenium.support.ui.FluentWait.until(FluentWait.java:228)
	at pageObject.UsersPage.clickOnProfileIcon(UsersPage.java:170)
	at StepDefinitions.common.CommonNavigationSteps.userClicksOnProfileIcon(CommonNavigationSteps.java:56)
	at ✽.User clicks on profile icon(file:///C:/Users/Anil%20Kumar%20M/VSCode%20projects/APMSCustomerApp/src/test/resources/features/CustomerLogin/Configurations/MachineGroups/MachineGroupCreation.feature:5)

Create Machine Group via Configuration Module.Select and deselect machines in bottom sheet -- Time elapsed: 40.55 s <<< ERROR!
org.openqa.selenium.WebDriverException: 
An unknown server-side error occurred while processing the command. Original error: 'POST /elements' cannot be proxied to UiAutomator2 server because the instrumentation process is not running (probably crashed). Check the server log and/or the logcat output for more details
Build info: version: '4.20.0', revision: '866c76ca80'
System info: os.name: 'Windows 11', os.arch: 'amd64', os.version: '10.0', java.version: '17.0.16'
Driver info: io.appium.java_client.android.AndroidDriver
Command: [233ddfff-ffcf-4972-8fad-6ad0c9306a99, findElements {using=accessibility id, value=Search}]
Capabilities {appium:adbExecTimeout: 60000, appium:app: C:\Users\Anil Kumar M\ApkFi..., appium:appActivity: com.apms.ai.MainActivity, appium:appPackage: com.apms.ai, appium:automationName: UiAutomator2, appium:databaseEnabled: false, appium:desired: {adbExecTimeout: 60000, app: C:\Users\Anil Kumar M\ApkFi..., appActivity: com.apms.ai.MainActivity, appPackage: com.apms.ai, automationName: UiAutomator2, deviceName: Galaxy A21s, noReset: false, platformName: ANDROID, platformVersion: 12.0}, appium:deviceApiLevel: 31, appium:deviceManufacturer: samsung, appium:deviceModel: SM-A217F, appium:deviceName: RZ8NC0AXMDW, appium:deviceScreenDensity: 280, appium:deviceScreenSize: 720x1600, appium:deviceUDID: RZ8NC0AXMDW, appium:javascriptEnabled: true, appium:locationContextEnabled: false, appium:networkConnectionEnabled: true, appium:noReset: false, appium:pixelRatio: 1.75, appium:platformVersion: 12, appium:statBarHeight: 68, appium:takesScreenshot: true, appium:viewportRect: {height: 1532, left: 0, top: 68, width: 720}, appium:warnings: {}, appium:webStorageEnabled: false, platformName: ANDROID}
Session ID: 233ddfff-ffcf-4972-8fad-6ad0c9306a99
	at jdk.internal.reflect.GeneratedConstructorAccessor32.newInstance(Unknown Source)
	at java.base/jdk.internal.reflect.DelegatingConstructorAccessorImpl.newInstance(DelegatingConstructorAccessorImpl.java:45)
	at java.base/java.lang.reflect.Constructor.newInstanceWithCaller(Constructor.java:499)
	at java.base/java.lang.reflect.Constructor.newInstance(Constructor.java:480)
	at org.openqa.selenium.remote.ErrorCodec.decode(ErrorCodec.java:167)
	at org.openqa.selenium.remote.codec.w3c.W3CHttpResponseCodec.decode(W3CHttpResponseCodec.java:138)
	at org.openqa.selenium.remote.codec.w3c.W3CHttpResponseCodec.decode(W3CHttpResponseCodec.java:50)
	at org.openqa.selenium.remote.HttpCommandExecutor.execute(HttpCommandExecutor.java:190)
	at io.appium.java_client.remote.AppiumCommandExecutor.execute(AppiumCommandExecutor.java:237)
	at org.openqa.selenium.remote.RemoteWebDriver.execute(RemoteWebDriver.java:518)
	at org.openqa.selenium.remote.ElementLocation$ElementFinder$2.findElements(ElementLocation.java:182)
	at org.openqa.selenium.remote.ElementLocation.findElements(ElementLocation.java:103)
	at org.openqa.selenium.remote.RemoteWebDriver.findElements(RemoteWebDriver.java:368)
	at org.openqa.selenium.remote.RemoteWebDriver.findElements(RemoteWebDriver.java:362)
	at hooks.AppHooks.hasElement(AppHooks.java:135)
	at hooks.AppHooks.isOnListScreen(AppHooks.java:89)
	at hooks.AppHooks.returnToListScreen(AppHooks.java:56)

Create Machine Group via Configuration Module.Large machine list handling in bottom sheet -- Time elapsed: 40.62 s <<< ERROR!
org.openqa.selenium.TimeoutException: 
Expected condition failed: waiting for pageObject.UsersPage$$Lambda$851/0x000001eecf50c000@4ab0ebf0 (tried for 20 second(s) with 500 milliseconds interval)
Build info: version: '4.20.0', revision: '866c76ca80'
System info: os.name: 'Windows 11', os.arch: 'amd64', os.version: '10.0', java.version: '17.0.16'
Driver info: io.appium.java_client.android.AndroidDriver
Capabilities {appium:adbExecTimeout: 60000, appium:app: C:\Users\Anil Kumar M\ApkFi..., appium:appActivity: com.apms.ai.MainActivity, appium:appPackage: com.apms.ai, appium:automationName: UiAutomator2, appium:databaseEnabled: false, appium:desired: {adbExecTimeout: 60000, app: C:\Users\Anil Kumar M\ApkFi..., appActivity: com.apms.ai.MainActivity, appPackage: com.apms.ai, automationName: UiAutomator2, deviceName: Galaxy A21s, noReset: false, platformName: ANDROID, platformVersion: 12.0}, appium:deviceApiLevel: 31, appium:deviceManufacturer: samsung, appium:deviceModel: SM-A217F, appium:deviceName: RZ8NC0AXMDW, appium:deviceScreenDensity: 280, appium:deviceScreenSize: 720x1600, appium:deviceUDID: RZ8NC0AXMDW, appium:javascriptEnabled: true, appium:locationContextEnabled: false, appium:networkConnectionEnabled: true, appium:noReset: false, appium:pixelRatio: 1.75, appium:platformVersion: 12, appium:statBarHeight: 68, appium:takesScreenshot: true, appium:viewportRect: {height: 1532, left: 0, top: 68, width: 720}, appium:warnings: {}, appium:webStorageEnabled: false, platformName: ANDROID}
Session ID: 233ddfff-ffcf-4972-8fad-6ad0c9306a99
	at org.openqa.selenium.support.ui.WebDriverWait.timeoutException(WebDriverWait.java:84)
[...]
org.openqa.selenium.WebDriverException: 
An unknown server-side error occurred while processing the command. Original error: 'POST /elements' cannot be proxied to UiAutomator2 server because the instrumentation process is not running (probably crashed). Check the server log and/or the logcat output for more details
Build info: version: '4.20.0', revision: '866c76ca80'
System info: os.name: 'Windows 11', os.arch: 'amd64', os.version: '10.0', java.version: '17.0.16'
Driver info: io.appium.java_client.android.AndroidDriver
Command: [233ddfff-ffcf-4972-8fad-6ad0c9306a99, findElements {using=accessibility id, value=Search}]
Capabilities {appium:adbExecTimeout: 60000, appium:app: C:\Users\Anil Kumar M\ApkFi..., appium:appActivity: com.apms.ai.MainActivity, appium:appPackage: com.apms.ai, appium:automationName: UiAutomator2, appium:databaseEnabled: false, appium:desired: {adbExecTimeout: 60000, app: C:\Users\Anil Kumar M\ApkFi..., appActivity: com.apms.ai.MainActivity, appPackage: com.apms.ai, automationName: UiAutomator2, deviceName: Galaxy A21s, noReset: false, platformName: ANDROID, platformVersion: 12.0}, appium:deviceApiLevel: 31, appium:deviceManufacturer: samsung, appium:deviceModel: SM-A217F, appium:deviceName: RZ8NC0AXMDW, appium:deviceScreenDensity: 280, appium:deviceScreenSize: 720x1600, appium:deviceUDID: RZ8NC0AXMDW, appium:javascriptEnabled: true, appium:locationContextEnabled: false, appium:networkConnectionEnabled: true, appium:noReset: false, appium:pixelRatio: 1.75, appium:platformVersion: 12, appium:statBarHeight: 68, appium:takesScreenshot: true, appium:viewportRect: {height: 1532, left: 0, top: 68, width: 720}, appium:warnings: {}, appium:webStorageEnabled: false, platformName: ANDROID}
Session ID: 233ddfff-ffcf-4972-8fad-6ad0c9306a99
	at jdk.internal.reflect.GeneratedConstructorAccessor32.newInstance(Unknown Source)
	at java.base/jdk.internal.reflect.DelegatingConstructorAccessorImpl.newInstance(DelegatingConstructorAccessorImpl.java:45)
	at java.base/java.lang.reflect.Constructor.newInstanceWithCaller(Constructor.java:499)
	at java.base/java.lang.reflect.Constructor.newInstance(Constructor.java:480)
	at org.openqa.selenium.remote.ErrorCodec.decode(ErrorCodec.java:167)
	at org.openqa.selenium.remote.codec.w3c.W3CHttpResponseCodec.decode(W3CHttpResponseCodec.java:138)
	at org.openqa.selenium.remote.codec.w3c.W3CHttpResponseCodec.decode(W3CHttpResponseCodec.java:50)
	at org.openqa.selenium.remote.HttpCommandExecutor.execute(HttpCommandExecutor.java:190)
	at io.appium.java_client.remote.AppiumCommandExecutor.execute(AppiumCommandExecutor.java:237)
	at org.openqa.selenium.remote.RemoteWebDriver.execute(RemoteWebDriver.java:518)
	at org.openqa.selenium.remote.ElementLocation$ElementFinder$2.findElements(ElementLocation.java:182)
	at org.openqa.selenium.remote.ElementLocation.findElements(ElementLocation.java:103)
	at org.openqa.selenium.remote.RemoteWebDriver.findElements(RemoteWebDriver.java:368)
	at org.openqa.selenium.remote.RemoteWebDriver.findElements(RemoteWebDriver.java:362)
	at hooks.AppHooks.hasElement(AppHooks.java:135)
	at hooks.AppHooks.isOnListScreen(AppHooks.java:89)
	at hooks.AppHooks.returnToListScreen(AppHooks.java:56)

Update Machine Group via Swipe Action from Machine Group List.Validate machine selection update behavior #2 -- Time elapsed: 40.60 s <<< ERROR!
org.openqa.selenium.TimeoutException: 
Expected condition failed: waiting for pageObject.UsersPage$$Lambda$851/0x000001eecf50c000@4ab0ebf0 (tried for 20 second(s) with 500 milliseconds interval)
Build info: version: '4.20.0', revision: '866c76ca80'
System info: os.name: 'Windows 11', os.arch: 'amd64', os.version: '10.0', java.version: '17.0.16'
Driver info: io.appium.java_client.android.AndroidDriver
Capabilities {appium:adbExecTimeout: 60000, appium:app: C:\Users\Anil Kumar M\ApkFi..., appium:appActivity: com.apms.ai.MainActivity, appium:appPackage: com.apms.ai, appium:automationName: UiAutomator2, appium:databaseEnabled: false, appium:desired: {adbExecTimeout: 60000, app: C:\Users\Anil Kumar M\ApkFi..., appActivity: com.apms.ai.MainActivity, appPackage: com.apms.ai, automationName: UiAutomator2, deviceName: Galaxy A21s, noReset: false, platformName: ANDROID, platformVersion: 12.0}, appium:deviceApiLevel: 31, appium:deviceManufacturer: samsung, appium:deviceModel: SM-A217F, appium:deviceName: RZ8NC0AXMDW, appium:deviceScreenDensity: 280, appium:deviceScreenSize: 720x1600, appium:deviceUDID: RZ8NC0AXMDW, appium:javascriptEnabled: true, appium:locationContextEnabled: false, appium:networkConnectionEnabled: true, appium:noReset: false, appium:pixelRatio: 1.75, appium:platformVersion: 12, appium:statBarHeight: 68, appium:takesScreenshot: true, appium:viewportRect: {height: 1532, left: 0, top: 68, width: 720}, appium:warnings: {}, appium:webStorageEnabled: false, platformName: ANDROID}
Session ID: 233ddfff-ffcf-4972-8fad-6ad0c9306a99
	at org.openqa.selenium.support.ui.WebDriverWait.timeoutException(WebDriverWait.java:84)
	at org.openqa.selenium.support.ui.FluentWait.until(FluentWait.java:228)
	at pageObject.UsersPage.clickOnProfileIcon(UsersPage.java:170)
	at StepDefinitions.common.CommonNavigationSteps.userClicksOnProfileIcon(CommonNavigationSteps.java:56)
	at ✽.User clicks on profile icon(file:///C:/Users/Anil%20Kumar%20M/VSCode%20projects/APMSCustomerApp/src/test/resources/features/CustomerLogin/Configurations/MachineGroups/MachineGroupUpdate.feature:5)

Update Machine Group via Swipe Action from Machine Group List.Validate machine selection update behavior #2 -- Time elapsed: 40.60 s <<< ERROR!
org.openqa.selenium.WebDriverException: 
An unknown server-side error occurred while processing the command. Original error: 'POST /elements' cannot be proxied to UiAutomator2 server because the instrumentation process is not running (probably crashed). Check the server log and/or the logcat output for more details
Build info: version: '4.20.0', revision: '866c76ca80'
System info: os.name: 'Windows 11', os.arch: 'amd64', os.version: '10.0', java.version: '17.0.16'
Driver info: io.appium.java_client.android.AndroidDriver
Command: [233ddfff-ffcf-4972-8fad-6ad0c9306a99, findElements {using=accessibility id, value=Search}]
Capabilities {appium:adbExecTimeout: 60000, appium:app: C:\Users\Anil Kumar M\ApkFi..., appium:appActivity: com.apms.ai.MainActivity, appium:appPackage: com.apms.ai, appium:automationName: UiAutomator2, appium:databaseEnabled: false, appium:desired: {adbExecTimeout: 60000, app: C:\Users\Anil Kumar M\ApkFi..., appActivity: com.apms.ai.MainActivity, appPackage: com.apms.ai, automationName: UiAutomator2, deviceName: Galaxy A21s, noReset: false, platformName: ANDROID, platformVersion: 12.0}, appium:deviceApiLevel: 31, appium:deviceManufacturer: samsung, appium:deviceModel: SM-A217F, appium:deviceName: RZ8NC0AXMDW, appium:deviceScreenDensity: 280, appium:deviceScreenSize: 720x1600, appium:deviceUDID: RZ8NC0AXMDW, appium:javascriptEnabled: true, appium:locationContextEnabled: false, appium:networkConnectionEnabled: true, appium:noReset: false, appium:pixelRatio: 1.75, appium:platformVersion: 12, appium:statBarHeight: 68, appium:takesScreenshot: true, appium:viewportRect: {height: 1532, left: 0, top: 68, width: 720}, appium:warnings: {}, appium:webStorageEnabled: false, platformName: ANDROID}
Session ID: 233ddfff-ffcf-4972-8fad-6ad0c9306a99
	at jdk.internal.reflect.GeneratedConstructorAccessor32.newInstance(Unknown Source)
	at java.base/jdk.internal.reflect.DelegatingConstructorAccessorImpl.newInstance(DelegatingConstructorAccessorImpl.java:45)
	at java.base/java.lang.reflect.Constructor.newInstanceWithCaller(Constructor.java:499)
	at java.base/java.lang.reflect.Constructor.newInstance(Constructor.java:480)
	at org.openqa.selenium.remote.ErrorCodec.decode(ErrorCodec.java:167)
	at org.openqa.selenium.remote.codec.w3c.W3CHttpResponseCodec.decode(W3CHttpResponseCodec.java:138)
	at org.openqa.selenium.remote.codec.w3c.W3CHttpResponseCodec.decode(W3CHttpResponseCodec.java:50)
	at org.openqa.selenium.remote.HttpCommandExecutor.execute(HttpCommandExecutor.java:190)
	at io.appium.java_client.remote.AppiumCommandExecutor.execute(AppiumCommandExecutor.java:237)
	at org.openqa.selenium.remote.RemoteWebDriver.execute(RemoteWebDriver.java:518)
	at org.openqa.selenium.remote.ElementLocation$ElementFinder$2.findElements(ElementLocation.java:182)
	at org.openqa.selenium.remote.ElementLocation.findElements(ElementLocation.java:103)
	at org.openqa.selenium.remote.RemoteWebDriver.findElements(RemoteWebDriver.java:368)
	at org.openqa.selenium.remote.RemoteWebDriver.findElements(RemoteWebDriver.java:362)
	at hooks.AppHooks.hasElement(AppHooks.java:135)
	at hooks.AppHooks.isOnListScreen(AppHooks.java:89)
	at hooks.AppHooks.returnToListScreen(AppHooks.java:56)

Update Machine Group via Swipe Action from Machine Group List.Validate machine selection update behavior #3 -- Time elapsed: 40.62 s <<< ERROR!
org.openqa.selenium.TimeoutException: 
Expected condition failed: waiting for pageObject.UsersPage$$Lambda$851/0x000001eecf50c000@4ab0ebf0 (tried for 20 second(s) with 500 milliseconds interval)
Build info: version: '4.20.0', revision: '866c76ca80'
System info: os.name: 'Windows 11', os.arch: 'amd64', os.version: '10.0', java.version: '17.0.16'
Driver info: io.appium.java_client.android.AndroidDriver
Capabilities {appium:adbExecTimeout: 60000, appium:app: C:\Users\Anil Kumar M\ApkFi..., appium:appActivity: com.apms.ai.MainActivity, appium:appPackage: com.apms.ai, appium:automationName: UiAutomator2, appium:databaseEnabled: false, appium:desired: {adbExecTimeout: 60000, app: C:\Users\Anil Kumar M\ApkFi..., appActivity: com.apms.ai.MainActivity, appPackage: com.apms.ai, automationName: UiAutomator2, deviceName: Galaxy A21s, noReset: false, platformName: ANDROID, platformVersion: 12.0}, appium:deviceApiLevel: 31, appium:deviceManufacturer: samsung, appium:deviceModel: SM-A217F, appium:deviceName: RZ8NC0AXMDW, appium:deviceScreenDensity: 280, appium:deviceScreenSize: 720x1600, appium:deviceUDID: RZ8NC0AXMDW, appium:javascriptEnabled: true, appium:locationContextEnabled: false, appium:networkConnectionEnabled: true, appium:noReset: false, appium:pixelRatio: 1.75, appium:platformVersion: 12, appium:statBarHeight: 68, appium:takesScreenshot: true, appium:viewportRect: {height: 1532, left: 0, top: 68, width: 720}, appium:warnings: {}, appium:webStorageEnabled: false, platformName: ANDROID}
Session ID: 233ddfff-ffcf-4972-8fad-6ad0c9306a99
	at org.openqa.selenium.support.ui.WebDriverWait.timeoutException(WebDriverWait.java:84)
	at org.openqa.selenium.support.ui.FluentWait.until(FluentWait.java:228)
	at pageObject.UsersPage.clickOnProfileIcon(UsersPage.java:170)
	at StepDefinitions.common.CommonNavigationSteps.userClicksOnProfileIcon(CommonNavigationSteps.java:56)
	at ✽.User clicks on profile icon(file:///C:/Users/Anil%20Kumar%20M/VSCode%20projects/APMSCustomerApp/src/test/resources/features/CustomerLogin/Configurations/MachineGroups/MachineGroupUpdate.feature:5)

Update Machine Group via Swipe Action from Machine Group List.Validate machine selection update behavior #3 -- Time elapsed: 40.62 s <<< ERROR!
org.openqa.selenium.WebDriverException: 
An unknown server-side error occurred while processing the command. Original error: 'POST /elements' cannot be proxied to UiAutomator2 server because the instrumentation process is not running (probably crashed). Check the server log and/or the logcat output for more details
Build info: version: '4.20.0', revision: '866c76ca80'
System info: os.name: 'Windows 11', os.arch: 'amd64', os.version: '10.0', java.version: '17.0.16'
Driver info: io.appium.java_client.android.AndroidDriver
Command: [233ddfff-ffcf-4972-8fad-6ad0c9306a99, findElements {using=accessibility id, value=Search}]
Capabilities {appium:adbExecTimeout: 60000, appium:app: C:\Users\Anil Kumar M\ApkFi..., appium:appActivity: com.apms.ai.MainActivity, appium:appPackage: com.apms.ai, appium:automationName: UiAutomator2, appium:databaseEnabled: false, appium:desired: {adbExecTimeout: 60000, app: C:\Users\Anil Kumar M\ApkFi..., appActivity: com.apms.ai.MainActivity, appPackage: com.apms.ai, automationName: UiAutomator2, deviceName: Galaxy A21s, noReset: false, platformName: ANDROID, platformVersion: 12.0}, appium:deviceApiLevel: 31, appium:deviceManufacturer: samsung, appium:deviceModel: SM-A217F, appium:deviceName: RZ8NC0AXMDW, appium:deviceScreenDensity: 280, appium:deviceScreenSize: 720x1600, appium:deviceUDID: RZ8NC0AXMDW, appium:javascriptEnabled: true, appium:locationContextEnabled: false, appium:networkConnectionEnabled: true, appium:noReset: false, appium:pixelRatio: 1.75, appium:platformVersion: 12, appium:statBarHeight: 68, appium:takesScreenshot: true, appium:viewportRect: {height: 1532, left: 0, top: 68, width: 720}, appium:warnings: {}, appium:webStorageEnabled: false, platformName: ANDROID}
Session ID: 233ddfff-ffcf-4972-8fad-6ad0c9306a99
	at jdk.internal.reflect.GeneratedConstructorAccessor32.newInstance(Unknown Source)
	at java.base/jdk.internal.reflect.DelegatingConstructorAccessorImpl.newInstance(DelegatingConstructorAccessorImpl.java:45)
	at java.base/java.lang.reflect.Constructor.newInstanceWithCaller(Constructor.java:499)
	at java.base/java.lang.reflect.Constructor.newInstance(Constructor.java:480)
	at org.openqa.selenium.remote.ErrorCodec.decode(ErrorCodec.java:167)
	at org.openqa.selenium.remote.codec.w3c.W3CHttpResponseCodec.decode(W3CHttpResponseCodec.java:138)
	at org.openqa.selenium.remote.codec.w3c.W3CHttpResponseCodec.decode(W3CHttpResponseCodec.java:50)
	at org.openqa.selenium.remote.HttpCommandExecutor.execute(HttpCommandExecutor.java:190)
	at io.appium.java_client.remote.AppiumCommandExecutor.execute(AppiumCommandExecutor.java:237)
	at org.openqa.selenium.remote.RemoteWebDriver.execute(RemoteWebDriver.java:518)
	at org.openqa.selenium.remote.ElementLocation$ElementFinder$2.findElements(ElementLocation.java:182)
	at org.openqa.selenium.remote.ElementLocation.findElements(ElementLocation.java:103)
	at org.openqa.selenium.remote.RemoteWebDriver.findElements(RemoteWebDriver.java:368)
	at org.openqa.selenium.remote.RemoteWebDriver.findElements(RemoteWebDriver.java:362)
	at hooks.AppHooks.hasElement(AppHooks.java:135)
	at hooks.AppHooks.isOnListScreen(AppHooks.java:89)
	at hooks.AppHooks.returnToListScreen(AppHooks.java:56)

Update Machine Group via Swipe Action from Machine Group List.Validate machine selection update behavior #4 -- Time elapsed: 40.65 s <<< ERROR!
org.openqa.selenium.TimeoutException: 
Expected condition failed: waiting for pageObject.UsersPage$$Lambda$851/0x000001eecf50c000@4ab0ebf0 (tried for 20 second(s) with 500 milliseconds interval)
Build info: version: '4.20.0', revision: '866c76ca80'
System info: os.name: 'Windows 11', os.arch: 'amd64', os.version: '10.0', java.version: '17.0.16'
Driver info: io.appium.java_client.android.AndroidDriver
Capabilities {appium:adbExecTimeout: 60000, appium:app: C:\Users\Anil Kumar M\ApkFi..., appium:appActivity: com.apms.ai.MainActivity, appium:appPackage: com.apms.ai, appium:automationName: UiAutomator2, appium:databaseEnabled: false, appium:desired: {adbExecTimeout: 60000, app: C:\Users\Anil Kumar M\ApkFi..., appActivity: com.apms.ai.MainActivity, appPackage: com.apms.ai, automationName: UiAutomator2, deviceName: Galaxy A21s, noReset: false, platformName: ANDROID, platformVersion: 12.0}, appium:deviceApiLevel: 31, appium:deviceManufacturer: samsung, appium:deviceModel: SM-A217F, appium:deviceName: RZ8NC0AXMDW, appium:deviceScreenDensity: 280, appium:deviceScreenSize: 720x1600, appium:deviceUDID: RZ8NC0AXMDW, appium:javascriptEnabled: true, appium:locationContextEnabled: false, appium:networkConnectionEnabled: true, appium:noReset: false, appium:pixelRatio: 1.75, appium:platformVersion: 12, appium:statBarHeight: 68, appium:takesScreenshot: true, appium:viewportRect: {height: 1532, left: 0, top: 68, width: 720}, appium:warnings: {}, appium:webStorageEnabled: false, platformName: ANDROID}
Session ID: 233ddfff-ffcf-4972-8fad-6ad0c9306a99
	at org.openqa.selenium.support.ui.WebDriverWait.timeoutException(WebDriverWait.java:84)
	at org.openqa.selenium.support.ui.FluentWait.until(FluentWait.java:228)
	at pageObject.UsersPage.clickOnProfileIcon(UsersPage.java:170)
	at StepDefinitions.common.CommonNavigationSteps.userClicksOnProfileIcon(CommonNavigationSteps.java:56)
	at ✽.User clicks on profile icon(file:///C:/Users/Anil%20Kumar%20M/VSCode%20projects/APMSCustomerApp/src/test/resources/features/CustomerLogin/Configurations/MachineGroups/MachineGroupUpdate.feature:5)

Update Machine Group via Swipe Action from Machine Group List.Validate machine selection update behavior #4 -- Time elapsed: 40.65 s <<< ERROR!
org.openqa.selenium.WebDriverException: 
An unknown server-side error occurred while processing the command. Original error: 'POST /elements' cannot be proxied to UiAutomator2 server because the instrumentation process is not running (probably crashed). Check the server log and/or the logcat output for more details
Build info: version: '4.20.0', revision: '866c76ca80'
System info: os.name: 'Windows 11', os.arch: 'amd64', os.version: '10.0', java.version: '17.0.16'
Driver info: io.appium.java_client.android.AndroidDriver
Command: [233ddfff-ffcf-4972-8fad-6ad0c9306a99, findElements {using=accessibility id, value=Search}]
Capabilities {appium:adbExecTimeout: 60000, appium:app: C:\Users\Anil Kumar M\ApkFi..., appium:appActivity: com.apms.ai.MainActivity, appium:appPackage: com.apms.ai, appium:automationName: UiAutomator2, appium:databaseEnabled: false, appium:desired: {adbExecTimeout: 60000, app: C:\Users\Anil Kumar M\ApkFi..., appActivity: com.apms.ai.MainActivity, appPackage: com.apms.ai, automationName: UiAutomator2, deviceName: Galaxy A21s, noReset: false, platformName: ANDROID, platformVersion: 12.0}, appium:deviceApiLevel: 31, appium:deviceManufacturer: samsung, appium:deviceModel: SM-A217F, appium:deviceName: RZ8NC0AXMDW, appium:deviceScreenDensity: 280, appium:deviceScreenSize: 720x1600, appium:deviceUDID: RZ8NC0AXMDW, appium:javascriptEnabled: true, appium:locationContextEnabled: false, appium:networkConnectionEnabled: true, appium:noReset: false, appium:pixelRatio: 1.75, appium:platformVersion: 12, appium:statBarHeight: 68, appium:takesScreenshot: true, appium:viewportRect: {height: 1532, left: 0, top: 68, width: 720}, appium:warnings: {}, appium:webStorageEnabled: false, platformName: ANDROID}
Session ID: 233ddfff-ffcf-4972-8fad-6ad0c9306a99
	at jdk.internal.reflect.GeneratedConstructorAccessor32.newInstance(Unknown Source)
	at java.base/jdk.internal.reflect.DelegatingConstructorAccessorImpl.newInstance(DelegatingConstructorAccessorImpl.java:45)
	at java.base/java.lang.reflect.Constructor.newInstanceWithCaller(Constructor.java:499)
	at java.base/java.lang.reflect.Constructor.newInstance(Constructor.java:480)
	at org.openqa.selenium.remote.ErrorCodec.decode(ErrorCodec.java:167)
	at org.openqa.selenium.remote.codec.w3c.W3CHttpResponseCodec.decode(W3CHttpResponseCodec.java:138)
	at org.openqa.selenium.remote.codec.w3c.W3CHttpResponseCodec.decode(W3CHttpResponseCodec.java:50)
	at org.openqa.selenium.remote.HttpCommandExecutor.execute(HttpCommandExecutor.java:190)
	at io.appium.java_client.remote.AppiumCommandExecutor.execute(AppiumCommandExecutor.java:237)
	at org.openqa.selenium.remote.RemoteWebDriver.execute(RemoteWebDriver.java:518)
	at org.openqa.selenium.remote.ElementLocation$ElementFinder$2.findElements(ElementLocation.java:182)
	at org.openqa.selenium.remote.ElementLocation.findElements(ElementLocation.java:103)
	at org.openqa.selenium.remote.RemoteWebDriver.findElements(RemoteWebDriver.java:368)
	at org.openqa.selenium.remote.RemoteWebDriver.findElements(RemoteWebDriver.java:362)
	at hooks.AppHooks.hasElement(AppHooks.java:135)
	at hooks.AppHooks.isOnListScreen(AppHooks.java:89)
	at hooks.AppHooks.returnToListScreen(AppHooks.java:56)

